Start auto log messages stack - Iteration 6.	[MsgId: MMSG-10545]
UC6_DeleteFlight.c(141): web_submit_form("itinerary.pl") started  	[MsgId: MMSG-26355]
UC6_DeleteFlight.c(141): Submitting form to "http://127.0.0.1:1080/cgi-bin/itinerary.pl", Target Frame=""  	[MsgId: MMSG-27978]
UC6_DeleteFlight.c(141): Resource "http://127.0.0.1:1080/WebTours/images/cancelreservation.gif" is in the cache already and will not be downloaded again  	[MsgId: MMSG-26655]
UC6_DeleteFlight.c(141): Resource "http://127.0.0.1:1080/WebTours/images/cancelallreservations.gif" is in the cache already and will not be downloaded again  	[MsgId: MMSG-26655]
UC6_DeleteFlight.c(141): web_submit_form("itinerary.pl") was successful, 381875 body bytes, 256 header bytes, 723 chunking overhead bytes  	[MsgId: MMSG-26385]
UC6_DeleteFlight.c(154): Error: Itinerary not deleted	[MsgId: MERR-17999]
End auto log messages stack.	[MsgId: MMSG-10544]


Start auto log messages stack - Iteration 9.	[MsgId: MMSG-10545]
UC6_DeleteFlight.c(141): web_submit_form("itinerary.pl") started  	[MsgId: MMSG-26355]
UC6_DeleteFlight.c(141): Submitting form to "http://127.0.0.1:1080/cgi-bin/itinerary.pl", Target Frame=""  	[MsgId: MMSG-27978]
UC6_DeleteFlight.c(141): Resource "http://127.0.0.1:1080/WebTours/images/cancelreservation.gif" is in the cache already and will not be downloaded again  	[MsgId: MMSG-26655]
UC6_DeleteFlight.c(141): Resource "http://127.0.0.1:1080/WebTours/images/cancelallreservations.gif" is in the cache already and will not be downloaded again  	[MsgId: MMSG-26655]
UC6_DeleteFlight.c(141): web_submit_form("itinerary.pl") was successful, 356455 body bytes, 256 header bytes, 674 chunking overhead bytes  	[MsgId: MMSG-26385]
UC6_DeleteFlight.c(154): Error: Itinerary not deleted	[MsgId: MERR-17999]
End auto log messages stack.	[MsgId: MMSG-10544]


Start auto log messages stack - Iteration 1.	[MsgId: MMSG-10545]
UC6_DeleteFlight.c(125): Registering web_reg_save_param was successful  	[MsgId: MMSG-26390]
UC6_DeleteFlight.c(130): web_reg_save_param_regexp started  	[MsgId: MMSG-26355]
UC6_DeleteFlight.c(130): Registering web_reg_save_param_regexp was successful  	[MsgId: MMSG-26390]
UC6_DeleteFlight.c(141): web_submit_form("itinerary.pl") started  	[MsgId: MMSG-26355]
UC6_DeleteFlight.c(141): Submitting form to "http://127.0.0.1:1080/cgi-bin/itinerary.pl", Target Frame=""  	[MsgId: MMSG-27978]
UC6_DeleteFlight.c(141): Warning -35049: No match found for the requested parameter "ticket_id_after". Check whether the requested regular expression exists in the response data  	[MsgId: MWAR-35049]
UC6_DeleteFlight.c(141): Error -26377: No match found for the requested parameter "flights_numbers". Either the specified boundaries were not found in the response or the matched text is longer than current max html parameter size of 256 bytes. The total length of the response is 932 bytes. You can use "web_set_max_html_param_len" to increase the max parameter size.  	[MsgId: MERR-26377]
End auto log messages stack.	[MsgId: MMSG-10544]


Start auto log messages stack - Iteration 7.	[MsgId: MMSG-10545]
UC6_DeleteFlight.c(125): Registering web_reg_save_param was successful  	[MsgId: MMSG-26390]
UC6_DeleteFlight.c(130): web_reg_save_param_regexp started  	[MsgId: MMSG-26355]
UC6_DeleteFlight.c(130): Registering web_reg_save_param_regexp was successful  	[MsgId: MMSG-26390]
UC6_DeleteFlight.c(141): web_submit_form("itinerary.pl") started  	[MsgId: MMSG-26355]
UC6_DeleteFlight.c(141): Submitting form to "http://127.0.0.1:1080/cgi-bin/itinerary.pl", Target Frame=""  	[MsgId: MMSG-27978]
UC6_DeleteFlight.c(141): Warning -35049: No match found for the requested parameter "ticket_id_after". Check whether the requested regular expression exists in the response data  	[MsgId: MWAR-35049]
UC6_DeleteFlight.c(141): Error -26377: No match found for the requested parameter "flights_numbers". Either the specified boundaries were not found in the response or the matched text is longer than current max html parameter size of 256 bytes. The total length of the response is 932 bytes. You can use "web_set_max_html_param_len" to increase the max parameter size.  	[MsgId: MERR-26377]
End auto log messages stack.	[MsgId: MMSG-10544]


Start auto log messages stack - Iteration 10.	[MsgId: MMSG-10545]
UC6_DeleteFlight.c(141): web_submit_form("itinerary.pl") started  	[MsgId: MMSG-26355]
UC6_DeleteFlight.c(141): Submitting form to "http://127.0.0.1:1080/cgi-bin/itinerary.pl", Target Frame=""  	[MsgId: MMSG-27978]
UC6_DeleteFlight.c(141): Resource "http://127.0.0.1:1080/WebTours/images/cancelreservation.gif" is in the cache already and will not be downloaded again  	[MsgId: MMSG-26655]
UC6_DeleteFlight.c(141): Resource "http://127.0.0.1:1080/WebTours/images/cancelallreservations.gif" is in the cache already and will not be downloaded again  	[MsgId: MMSG-26655]
UC6_DeleteFlight.c(141): web_submit_form("itinerary.pl") was successful, 376047 body bytes, 256 header bytes, 715 chunking overhead bytes  	[MsgId: MMSG-26385]
UC6_DeleteFlight.c(154): Error: Itinerary not deleted	[MsgId: MERR-17999]
End auto log messages stack.	[MsgId: MMSG-10544]


Start auto log messages stack - Iteration 15.	[MsgId: MMSG-10545]
UC6_DeleteFlight.c(125): Registering web_reg_save_param was successful  	[MsgId: MMSG-26390]
UC6_DeleteFlight.c(130): web_reg_save_param_regexp started  	[MsgId: MMSG-26355]
UC6_DeleteFlight.c(130): Registering web_reg_save_param_regexp was successful  	[MsgId: MMSG-26390]
UC6_DeleteFlight.c(141): web_submit_form("itinerary.pl") started  	[MsgId: MMSG-26355]
UC6_DeleteFlight.c(141): Submitting form to "http://127.0.0.1:1080/cgi-bin/itinerary.pl", Target Frame=""  	[MsgId: MMSG-27978]
UC6_DeleteFlight.c(141): Warning -35049: No match found for the requested parameter "ticket_id_after". Check whether the requested regular expression exists in the response data  	[MsgId: MWAR-35049]
UC6_DeleteFlight.c(141): Error -26377: No match found for the requested parameter "flights_numbers". Either the specified boundaries were not found in the response or the matched text is longer than current max html parameter size of 256 bytes. The total length of the response is 932 bytes. You can use "web_set_max_html_param_len" to increase the max parameter size.  	[MsgId: MERR-26377]
End auto log messages stack.	[MsgId: MMSG-10544]


Start auto log messages stack - Iteration 46.	[MsgId: MMSG-10545]
UC6_DeleteFlight.c(125): Registering web_reg_save_param was successful  	[MsgId: MMSG-26390]
UC6_DeleteFlight.c(130): web_reg_save_param_regexp started  	[MsgId: MMSG-26355]
UC6_DeleteFlight.c(130): Registering web_reg_save_param_regexp was successful  	[MsgId: MMSG-26390]
UC6_DeleteFlight.c(141): web_submit_form("itinerary.pl") started  	[MsgId: MMSG-26355]
UC6_DeleteFlight.c(141): Submitting form to "http://127.0.0.1:1080/cgi-bin/itinerary.pl", Target Frame=""  	[MsgId: MMSG-27978]
UC6_DeleteFlight.c(141): Warning -35049: No match found for the requested parameter "ticket_id_after". Check whether the requested regular expression exists in the response data  	[MsgId: MWAR-35049]
UC6_DeleteFlight.c(141): Error -26377: No match found for the requested parameter "flights_numbers". Either the specified boundaries were not found in the response or the matched text is longer than current max html parameter size of 256 bytes. The total length of the response is 932 bytes. You can use "web_set_max_html_param_len" to increase the max parameter size.  	[MsgId: MERR-26377]
End auto log messages stack.	[MsgId: MMSG-10544]


Start auto log messages stack - Iteration 24.	[MsgId: MMSG-10545]
UC6_DeleteFlight.c(141): web_submit_form("itinerary.pl") started  	[MsgId: MMSG-26355]
UC6_DeleteFlight.c(141): Submitting form to "http://127.0.0.1:1080/cgi-bin/itinerary.pl", Target Frame=""  	[MsgId: MMSG-27978]
UC6_DeleteFlight.c(141): Resource "http://127.0.0.1:1080/WebTours/images/cancelreservation.gif" is in the cache already and will not be downloaded again  	[MsgId: MMSG-26655]
UC6_DeleteFlight.c(141): Resource "http://127.0.0.1:1080/WebTours/images/cancelallreservations.gif" is in the cache already and will not be downloaded again  	[MsgId: MMSG-26655]
UC6_DeleteFlight.c(141): web_submit_form("itinerary.pl") was successful, 511148 body bytes, 256 header bytes, 971 chunking overhead bytes  	[MsgId: MMSG-26385]
UC6_DeleteFlight.c(154): Error: Itinerary not deleted	[MsgId: MERR-17999]
End auto log messages stack.	[MsgId: MMSG-10544]


Start auto log messages stack - Iteration 54.	[MsgId: MMSG-10545]
UC6_DeleteFlight.c(125): Registering web_reg_save_param was successful  	[MsgId: MMSG-26390]
UC6_DeleteFlight.c(130): web_reg_save_param_regexp started  	[MsgId: MMSG-26355]
UC6_DeleteFlight.c(130): Registering web_reg_save_param_regexp was successful  	[MsgId: MMSG-26390]
UC6_DeleteFlight.c(141): web_submit_form("itinerary.pl") started  	[MsgId: MMSG-26355]
UC6_DeleteFlight.c(141): Submitting form to "http://127.0.0.1:1080/cgi-bin/itinerary.pl", Target Frame=""  	[MsgId: MMSG-27978]
UC6_DeleteFlight.c(141): Warning -35049: No match found for the requested parameter "ticket_id_after". Check whether the requested regular expression exists in the response data  	[MsgId: MWAR-35049]
UC6_DeleteFlight.c(141): Error -26377: No match found for the requested parameter "flights_numbers". Either the specified boundaries were not found in the response or the matched text is longer than current max html parameter size of 256 bytes. The total length of the response is 932 bytes. You can use "web_set_max_html_param_len" to increase the max parameter size.  	[MsgId: MERR-26377]
End auto log messages stack.	[MsgId: MMSG-10544]


