Start auto log messages stack - Iteration 1.	[MsgId: MMSG-10545]
UC6_DeleteFlight.c(117): Submitting form to "http://127.0.0.1:1080/cgi-bin/itinerary.pl", Target Frame=""  	[MsgId: MMSG-27978]
UC6_DeleteFlight.c(117): Downloading resource "http://localhost:1080/cgi-bin/itinerary.pl" (specified by argument number 13)  	[MsgId: MMSG-26577]
UC6_DeleteFlight.c(117): Resource "http://127.0.0.1:1080/WebTours/images/cancelreservation.gif" is in the cache already and will not be downloaded again  	[MsgId: MMSG-26655]
UC6_DeleteFlight.c(117): Resource "http://127.0.0.1:1080/WebTours/images/cancelallreservations.gif" is in the cache already and will not be downloaded again  	[MsgId: MMSG-26655]
UC6_DeleteFlight.c(117): web_submit_form("web_submit_form") was successful, 49337 body bytes, 512 header bytes, 111 chunking overhead bytes  	[MsgId: MMSG-26385]
UC6_DeleteFlight.c(160): Error: Itinerary not deleted	[MsgId: MERR-17999]
End auto log messages stack.	[MsgId: MMSG-10544]


Start auto log messages stack - Iteration 5.	[MsgId: MMSG-10545]
UC6_DeleteFlight.c(129): Submitting form to "http://127.0.0.1:1080/cgi-bin/itinerary.pl", Target Frame=""  	[MsgId: MMSG-27978]
UC6_DeleteFlight.c(129): Downloading resource "http://localhost:1080/cgi-bin/itinerary.pl" (specified by argument number 16)  	[MsgId: MMSG-26577]
UC6_DeleteFlight.c(129): Resource "http://127.0.0.1:1080/WebTours/images/cancelreservation.gif" is in the cache already and will not be downloaded again  	[MsgId: MMSG-26655]
UC6_DeleteFlight.c(129): Resource "http://127.0.0.1:1080/WebTours/images/cancelallreservations.gif" is in the cache already and will not be downloaded again  	[MsgId: MMSG-26655]
UC6_DeleteFlight.c(129): web_submit_form("web_submit_form") was successful, 26371 body bytes, 512 header bytes, 71 chunking overhead bytes  	[MsgId: MMSG-26385]
UC6_DeleteFlight.c(160): Error: Itinerary not deleted	[MsgId: MERR-17999]
End auto log messages stack.	[MsgId: MMSG-10544]


Start auto log messages stack - Iteration 7.	[MsgId: MMSG-10545]
UC6_DeleteFlight.c(104): web_reg_save_param started  	[MsgId: MMSG-26355]
UC6_DeleteFlight.c(104): Registering web_reg_save_param was successful  	[MsgId: MMSG-26390]
UC6_DeleteFlight.c(109): web_reg_save_param started  	[MsgId: MMSG-26355]
UC6_DeleteFlight.c(109): Registering web_reg_save_param was successful  	[MsgId: MMSG-26390]
UC6_DeleteFlight.c(117): web_submit_form("web_submit_form") started  	[MsgId: MMSG-26355]
UC6_DeleteFlight.c(117): Submitting form to "http://127.0.0.1:1080/cgi-bin/itinerary.pl", Target Frame=""  	[MsgId: MMSG-27978]
UC6_DeleteFlight.c(117): Downloading resource "http://localhost:1080/cgi-bin/itinerary.pl" (specified by argument number 13)  	[MsgId: MMSG-26577]
UC6_DeleteFlight.c(117): Error -26377: No match found for the requested parameter "flights_numbers". Either the specified boundaries were not found in the response or the matched text is longer than current max html parameter size of 256 bytes. The total length of the response is 1819 bytes. You can use "web_set_max_html_param_len" to increase the max parameter size.  	[MsgId: MERR-26377]
UC6_DeleteFlight.c(117): Error -26377: No match found for the requested parameter "flight_id_after". Either the specified boundaries were not found in the response or the matched text is longer than current max html parameter size of 256 bytes. The total length of the response is 1819 bytes. You can use "web_set_max_html_param_len" to increase the max parameter size.  	[MsgId: MERR-26377]
End auto log messages stack.	[MsgId: MMSG-10544]


Start auto log messages stack - Iteration 29.	[MsgId: MMSG-10545]
UC6_DeleteFlight.c(117): Submitting form to "http://127.0.0.1:1080/cgi-bin/itinerary.pl", Target Frame=""  	[MsgId: MMSG-27978]
UC6_DeleteFlight.c(117): Downloading resource "http://localhost:1080/cgi-bin/itinerary.pl" (specified by argument number 13)  	[MsgId: MMSG-26577]
UC6_DeleteFlight.c(117): Resource "http://127.0.0.1:1080/WebTours/images/cancelreservation.gif" is in the cache already and will not be downloaded again  	[MsgId: MMSG-26655]
UC6_DeleteFlight.c(117): Resource "http://127.0.0.1:1080/WebTours/images/cancelallreservations.gif" is in the cache already and will not be downloaded again  	[MsgId: MMSG-26655]
UC6_DeleteFlight.c(117): web_submit_form("web_submit_form") was successful, 20673 body bytes, 512 header bytes, 55 chunking overhead bytes  	[MsgId: MMSG-26385]
UC6_DeleteFlight.c(160): Error: Itinerary not deleted	[MsgId: MERR-17999]
End auto log messages stack.	[MsgId: MMSG-10544]


Start auto log messages stack - Iteration 1.	[MsgId: MMSG-10545]
UC6_DeleteFlight.c(104): web_reg_save_param started  	[MsgId: MMSG-26355]
UC6_DeleteFlight.c(104): Registering web_reg_save_param was successful  	[MsgId: MMSG-26390]
UC6_DeleteFlight.c(109): web_reg_save_param started  	[MsgId: MMSG-26355]
UC6_DeleteFlight.c(109): Registering web_reg_save_param was successful  	[MsgId: MMSG-26390]
UC6_DeleteFlight.c(142): web_submit_form("web_submit_form") started  	[MsgId: MMSG-26355]
UC6_DeleteFlight.c(142): Submitting form to "http://127.0.0.1:1080/cgi-bin/itinerary.pl", Target Frame=""  	[MsgId: MMSG-27978]
UC6_DeleteFlight.c(142): Downloading resource "http://localhost:1080/cgi-bin/itinerary.pl" (specified by argument number 19)  	[MsgId: MMSG-26577]
UC6_DeleteFlight.c(142): Error -26377: No match found for the requested parameter "flights_numbers". Either the specified boundaries were not found in the response or the matched text is longer than current max html parameter size of 256 bytes. The total length of the response is 1819 bytes. You can use "web_set_max_html_param_len" to increase the max parameter size.  	[MsgId: MERR-26377]
UC6_DeleteFlight.c(142): Error -26377: No match found for the requested parameter "flight_id_after". Either the specified boundaries were not found in the response or the matched text is longer than current max html parameter size of 256 bytes. The total length of the response is 1819 bytes. You can use "web_set_max_html_param_len" to increase the max parameter size.  	[MsgId: MERR-26377]
End auto log messages stack.	[MsgId: MMSG-10544]


Start auto log messages stack - Iteration 7.	[MsgId: MMSG-10545]
UC6_DeleteFlight.c(104): web_reg_save_param started  	[MsgId: MMSG-26355]
UC6_DeleteFlight.c(104): Registering web_reg_save_param was successful  	[MsgId: MMSG-26390]
UC6_DeleteFlight.c(109): web_reg_save_param started  	[MsgId: MMSG-26355]
UC6_DeleteFlight.c(109): Registering web_reg_save_param was successful  	[MsgId: MMSG-26390]
UC6_DeleteFlight.c(117): web_submit_form("web_submit_form") started  	[MsgId: MMSG-26355]
UC6_DeleteFlight.c(117): Submitting form to "http://127.0.0.1:1080/cgi-bin/itinerary.pl", Target Frame=""  	[MsgId: MMSG-27978]
UC6_DeleteFlight.c(117): Downloading resource "http://localhost:1080/cgi-bin/itinerary.pl" (specified by argument number 13)  	[MsgId: MMSG-26577]
UC6_DeleteFlight.c(117): Error -26377: No match found for the requested parameter "flights_numbers". Either the specified boundaries were not found in the response or the matched text is longer than current max html parameter size of 256 bytes. The total length of the response is 1819 bytes. You can use "web_set_max_html_param_len" to increase the max parameter size.  	[MsgId: MERR-26377]
UC6_DeleteFlight.c(117): Error -26377: No match found for the requested parameter "flight_id_after". Either the specified boundaries were not found in the response or the matched text is longer than current max html parameter size of 256 bytes. The total length of the response is 1819 bytes. You can use "web_set_max_html_param_len" to increase the max parameter size.  	[MsgId: MERR-26377]
End auto log messages stack.	[MsgId: MMSG-10544]


Start auto log messages stack - Iteration 37.	[MsgId: MMSG-10545]
UC6_DeleteFlight.c(117): Submitting form to "http://127.0.0.1:1080/cgi-bin/itinerary.pl", Target Frame=""  	[MsgId: MMSG-27978]
UC6_DeleteFlight.c(117): Downloading resource "http://localhost:1080/cgi-bin/itinerary.pl" (specified by argument number 13)  	[MsgId: MMSG-26577]
UC6_DeleteFlight.c(117): Resource "http://127.0.0.1:1080/WebTours/images/cancelreservation.gif" is in the cache already and will not be downloaded again  	[MsgId: MMSG-26655]
UC6_DeleteFlight.c(117): Resource "http://127.0.0.1:1080/WebTours/images/cancelallreservations.gif" is in the cache already and will not be downloaded again  	[MsgId: MMSG-26655]
UC6_DeleteFlight.c(117): web_submit_form("web_submit_form") was successful, 32981 body bytes, 512 header bytes, 79 chunking overhead bytes  	[MsgId: MMSG-26385]
UC6_DeleteFlight.c(160): Error: Itinerary not deleted	[MsgId: MERR-17999]
End auto log messages stack.	[MsgId: MMSG-10544]


