Start auto log messages stack - Iteration 1.	[MsgId: MMSG-10545]
UC6_DeleteFlight.c(125): Registering web_reg_save_param was successful  	[MsgId: MMSG-26390]
UC6_DeleteFlight.c(130): web_reg_save_param_regexp started  	[MsgId: MMSG-26355]
UC6_DeleteFlight.c(130): Registering web_reg_save_param_regexp was successful  	[MsgId: MMSG-26390]
UC6_DeleteFlight.c(141): web_submit_form("itinerary.pl") started  	[MsgId: MMSG-26355]
UC6_DeleteFlight.c(141): Submitting form to "http://127.0.0.1:1080/cgi-bin/itinerary.pl", Target Frame=""  	[MsgId: MMSG-27978]
UC6_DeleteFlight.c(141): Warning -35049: No match found for the requested parameter "ticket_id_after". Check whether the requested regular expression exists in the response data  	[MsgId: MWAR-35049]
UC6_DeleteFlight.c(141): Error -26377: No match found for the requested parameter "flights_numbers". Either the specified boundaries were not found in the response or the matched text is longer than current max html parameter size of 256 bytes. The total length of the response is 932 bytes. You can use "web_set_max_html_param_len" to increase the max parameter size.  	[MsgId: MERR-26377]
End auto log messages stack.	[MsgId: MMSG-10544]


Start auto log messages stack - Iteration 7.	[MsgId: MMSG-10545]
UC6_DeleteFlight.c(125): Registering web_reg_save_param was successful  	[MsgId: MMSG-26390]
UC6_DeleteFlight.c(130): web_reg_save_param_regexp started  	[MsgId: MMSG-26355]
UC6_DeleteFlight.c(130): Registering web_reg_save_param_regexp was successful  	[MsgId: MMSG-26390]
UC6_DeleteFlight.c(141): web_submit_form("itinerary.pl") started  	[MsgId: MMSG-26355]
UC6_DeleteFlight.c(141): Submitting form to "http://127.0.0.1:1080/cgi-bin/itinerary.pl", Target Frame=""  	[MsgId: MMSG-27978]
UC6_DeleteFlight.c(141): Warning -35049: No match found for the requested parameter "ticket_id_after". Check whether the requested regular expression exists in the response data  	[MsgId: MWAR-35049]
UC6_DeleteFlight.c(141): Error -26377: No match found for the requested parameter "flights_numbers". Either the specified boundaries were not found in the response or the matched text is longer than current max html parameter size of 256 bytes. The total length of the response is 932 bytes. You can use "web_set_max_html_param_len" to increase the max parameter size.  	[MsgId: MERR-26377]
End auto log messages stack.	[MsgId: MMSG-10544]


Start auto log messages stack - Iteration 15.	[MsgId: MMSG-10545]
UC6_DeleteFlight.c(125): Registering web_reg_save_param was successful  	[MsgId: MMSG-26390]
UC6_DeleteFlight.c(130): web_reg_save_param_regexp started  	[MsgId: MMSG-26355]
UC6_DeleteFlight.c(130): Registering web_reg_save_param_regexp was successful  	[MsgId: MMSG-26390]
UC6_DeleteFlight.c(141): web_submit_form("itinerary.pl") started  	[MsgId: MMSG-26355]
UC6_DeleteFlight.c(141): Submitting form to "http://127.0.0.1:1080/cgi-bin/itinerary.pl", Target Frame=""  	[MsgId: MMSG-27978]
UC6_DeleteFlight.c(141): Warning -35049: No match found for the requested parameter "ticket_id_after". Check whether the requested regular expression exists in the response data  	[MsgId: MWAR-35049]
UC6_DeleteFlight.c(141): Error -26377: No match found for the requested parameter "flights_numbers". Either the specified boundaries were not found in the response or the matched text is longer than current max html parameter size of 256 bytes. The total length of the response is 932 bytes. You can use "web_set_max_html_param_len" to increase the max parameter size.  	[MsgId: MERR-26377]
End auto log messages stack.	[MsgId: MMSG-10544]


Start auto log messages stack - Iteration 46.	[MsgId: MMSG-10545]
UC6_DeleteFlight.c(125): Registering web_reg_save_param was successful  	[MsgId: MMSG-26390]
UC6_DeleteFlight.c(130): web_reg_save_param_regexp started  	[MsgId: MMSG-26355]
UC6_DeleteFlight.c(130): Registering web_reg_save_param_regexp was successful  	[MsgId: MMSG-26390]
UC6_DeleteFlight.c(141): web_submit_form("itinerary.pl") started  	[MsgId: MMSG-26355]
UC6_DeleteFlight.c(141): Submitting form to "http://127.0.0.1:1080/cgi-bin/itinerary.pl", Target Frame=""  	[MsgId: MMSG-27978]
UC6_DeleteFlight.c(141): Warning -35049: No match found for the requested parameter "ticket_id_after". Check whether the requested regular expression exists in the response data  	[MsgId: MWAR-35049]
UC6_DeleteFlight.c(141): Error -26377: No match found for the requested parameter "flights_numbers". Either the specified boundaries were not found in the response or the matched text is longer than current max html parameter size of 256 bytes. The total length of the response is 932 bytes. You can use "web_set_max_html_param_len" to increase the max parameter size.  	[MsgId: MERR-26377]
End auto log messages stack.	[MsgId: MMSG-10544]


Start auto log messages stack - Iteration 54.	[MsgId: MMSG-10545]
UC6_DeleteFlight.c(125): Registering web_reg_save_param was successful  	[MsgId: MMSG-26390]
UC6_DeleteFlight.c(130): web_reg_save_param_regexp started  	[MsgId: MMSG-26355]
UC6_DeleteFlight.c(130): Registering web_reg_save_param_regexp was successful  	[MsgId: MMSG-26390]
UC6_DeleteFlight.c(141): web_submit_form("itinerary.pl") started  	[MsgId: MMSG-26355]
UC6_DeleteFlight.c(141): Submitting form to "http://127.0.0.1:1080/cgi-bin/itinerary.pl", Target Frame=""  	[MsgId: MMSG-27978]
UC6_DeleteFlight.c(141): Warning -35049: No match found for the requested parameter "ticket_id_after". Check whether the requested regular expression exists in the response data  	[MsgId: MWAR-35049]
UC6_DeleteFlight.c(141): Error -26377: No match found for the requested parameter "flights_numbers". Either the specified boundaries were not found in the response or the matched text is longer than current max html parameter size of 256 bytes. The total length of the response is 932 bytes. You can use "web_set_max_html_param_len" to increase the max parameter size.  	[MsgId: MERR-26377]
End auto log messages stack.	[MsgId: MMSG-10544]


Start auto log messages stack - Iteration 1.	[MsgId: MMSG-10545]
UC6_DeleteFlight.c(125): Registering web_reg_save_param was successful  	[MsgId: MMSG-26390]
UC6_DeleteFlight.c(130): web_reg_save_param_regexp started  	[MsgId: MMSG-26355]
UC6_DeleteFlight.c(130): Registering web_reg_save_param_regexp was successful  	[MsgId: MMSG-26390]
UC6_DeleteFlight.c(141): web_submit_form("itinerary.pl") started  	[MsgId: MMSG-26355]
UC6_DeleteFlight.c(141): Submitting form to "http://127.0.0.1:1080/cgi-bin/itinerary.pl", Target Frame=""  	[MsgId: MMSG-27978]
UC6_DeleteFlight.c(141): Warning -35049: No match found for the requested parameter "ticket_id_after". Check whether the requested regular expression exists in the response data  	[MsgId: MWAR-35049]
UC6_DeleteFlight.c(141): Error -26377: No match found for the requested parameter "flights_numbers". Either the specified boundaries were not found in the response or the matched text is longer than current max html parameter size of 256 bytes. The total length of the response is 932 bytes. You can use "web_set_max_html_param_len" to increase the max parameter size.  	[MsgId: MERR-26377]
End auto log messages stack.	[MsgId: MMSG-10544]


Start auto log messages stack - Iteration 60.	[MsgId: MMSG-10545]
UC6_DeleteFlight.c(125): Registering web_reg_save_param was successful  	[MsgId: MMSG-26390]
UC6_DeleteFlight.c(130): web_reg_save_param_regexp started  	[MsgId: MMSG-26355]
UC6_DeleteFlight.c(130): Registering web_reg_save_param_regexp was successful  	[MsgId: MMSG-26390]
UC6_DeleteFlight.c(141): web_submit_form("itinerary.pl") started  	[MsgId: MMSG-26355]
UC6_DeleteFlight.c(141): Submitting form to "http://127.0.0.1:1080/cgi-bin/itinerary.pl", Target Frame=""  	[MsgId: MMSG-27978]
UC6_DeleteFlight.c(141): Warning -35049: No match found for the requested parameter "ticket_id_after". Check whether the requested regular expression exists in the response data  	[MsgId: MWAR-35049]
UC6_DeleteFlight.c(141): Error -26377: No match found for the requested parameter "flights_numbers". Either the specified boundaries were not found in the response or the matched text is longer than current max html parameter size of 256 bytes. The total length of the response is 932 bytes. You can use "web_set_max_html_param_len" to increase the max parameter size.  	[MsgId: MERR-26377]
End auto log messages stack.	[MsgId: MMSG-10544]


Start auto log messages stack - Iteration 7.	[MsgId: MMSG-10545]
UC6_DeleteFlight.c(125): Registering web_reg_save_param was successful  	[MsgId: MMSG-26390]
UC6_DeleteFlight.c(130): web_reg_save_param_regexp started  	[MsgId: MMSG-26355]
UC6_DeleteFlight.c(130): Registering web_reg_save_param_regexp was successful  	[MsgId: MMSG-26390]
UC6_DeleteFlight.c(141): web_submit_form("itinerary.pl") started  	[MsgId: MMSG-26355]
UC6_DeleteFlight.c(141): Submitting form to "http://127.0.0.1:1080/cgi-bin/itinerary.pl", Target Frame=""  	[MsgId: MMSG-27978]
UC6_DeleteFlight.c(141): Warning -35049: No match found for the requested parameter "ticket_id_after". Check whether the requested regular expression exists in the response data  	[MsgId: MWAR-35049]
UC6_DeleteFlight.c(141): Error -26377: No match found for the requested parameter "flights_numbers". Either the specified boundaries were not found in the response or the matched text is longer than current max html parameter size of 256 bytes. The total length of the response is 932 bytes. You can use "web_set_max_html_param_len" to increase the max parameter size.  	[MsgId: MERR-26377]
End auto log messages stack.	[MsgId: MMSG-10544]


Start auto log messages stack - Iteration 15.	[MsgId: MMSG-10545]
UC6_DeleteFlight.c(125): Registering web_reg_save_param was successful  	[MsgId: MMSG-26390]
UC6_DeleteFlight.c(130): web_reg_save_param_regexp started  	[MsgId: MMSG-26355]
UC6_DeleteFlight.c(130): Registering web_reg_save_param_regexp was successful  	[MsgId: MMSG-26390]
UC6_DeleteFlight.c(141): web_submit_form("itinerary.pl") started  	[MsgId: MMSG-26355]
UC6_DeleteFlight.c(141): Submitting form to "http://127.0.0.1:1080/cgi-bin/itinerary.pl", Target Frame=""  	[MsgId: MMSG-27978]
UC6_DeleteFlight.c(141): Warning -35049: No match found for the requested parameter "ticket_id_after". Check whether the requested regular expression exists in the response data  	[MsgId: MWAR-35049]
UC6_DeleteFlight.c(141): Error -26377: No match found for the requested parameter "flights_numbers". Either the specified boundaries were not found in the response or the matched text is longer than current max html parameter size of 256 bytes. The total length of the response is 932 bytes. You can use "web_set_max_html_param_len" to increase the max parameter size.  	[MsgId: MERR-26377]
End auto log messages stack.	[MsgId: MMSG-10544]


Start auto log messages stack - Iteration 46.	[MsgId: MMSG-10545]
UC6_DeleteFlight.c(125): Registering web_reg_save_param was successful  	[MsgId: MMSG-26390]
UC6_DeleteFlight.c(130): web_reg_save_param_regexp started  	[MsgId: MMSG-26355]
UC6_DeleteFlight.c(130): Registering web_reg_save_param_regexp was successful  	[MsgId: MMSG-26390]
UC6_DeleteFlight.c(141): web_submit_form("itinerary.pl") started  	[MsgId: MMSG-26355]
UC6_DeleteFlight.c(141): Submitting form to "http://127.0.0.1:1080/cgi-bin/itinerary.pl", Target Frame=""  	[MsgId: MMSG-27978]
UC6_DeleteFlight.c(141): Warning -35049: No match found for the requested parameter "ticket_id_after". Check whether the requested regular expression exists in the response data  	[MsgId: MWAR-35049]
UC6_DeleteFlight.c(141): Error -26377: No match found for the requested parameter "flights_numbers". Either the specified boundaries were not found in the response or the matched text is longer than current max html parameter size of 256 bytes. The total length of the response is 932 bytes. You can use "web_set_max_html_param_len" to increase the max parameter size.  	[MsgId: MERR-26377]
End auto log messages stack.	[MsgId: MMSG-10544]


Start auto log messages stack - Iteration 21.	[MsgId: MMSG-10545]
UC6_DeleteFlight.c(125): Registering web_reg_save_param was successful  	[MsgId: MMSG-26390]
UC6_DeleteFlight.c(130): web_reg_save_param_regexp started  	[MsgId: MMSG-26355]
UC6_DeleteFlight.c(130): Registering web_reg_save_param_regexp was successful  	[MsgId: MMSG-26390]
UC6_DeleteFlight.c(141): web_submit_form("itinerary.pl") started  	[MsgId: MMSG-26355]
UC6_DeleteFlight.c(141): Submitting form to "http://127.0.0.1:1080/cgi-bin/itinerary.pl", Target Frame=""  	[MsgId: MMSG-27978]
UC6_DeleteFlight.c(141): Warning -35049: No match found for the requested parameter "ticket_id_after". Check whether the requested regular expression exists in the response data  	[MsgId: MWAR-35049]
UC6_DeleteFlight.c(141): Error -26377: No match found for the requested parameter "flights_numbers". Either the specified boundaries were not found in the response or the matched text is longer than current max html parameter size of 256 bytes. The total length of the response is 932 bytes. You can use "web_set_max_html_param_len" to increase the max parameter size.  	[MsgId: MERR-26377]
End auto log messages stack.	[MsgId: MMSG-10544]


Start auto log messages stack - Iteration 1.	[MsgId: MMSG-10545]
UC6_DeleteFlight.c(125): Registering web_reg_save_param was successful  	[MsgId: MMSG-26390]
UC6_DeleteFlight.c(130): web_reg_save_param_regexp started  	[MsgId: MMSG-26355]
UC6_DeleteFlight.c(130): Registering web_reg_save_param_regexp was successful  	[MsgId: MMSG-26390]
UC6_DeleteFlight.c(141): web_submit_form("itinerary.pl") started  	[MsgId: MMSG-26355]
UC6_DeleteFlight.c(141): Submitting form to "http://127.0.0.1:1080/cgi-bin/itinerary.pl", Target Frame=""  	[MsgId: MMSG-27978]
UC6_DeleteFlight.c(141): Warning -35049: No match found for the requested parameter "ticket_id_after". Check whether the requested regular expression exists in the response data  	[MsgId: MWAR-35049]
UC6_DeleteFlight.c(141): Error -26377: No match found for the requested parameter "flights_numbers". Either the specified boundaries were not found in the response or the matched text is longer than current max html parameter size of 256 bytes. The total length of the response is 932 bytes. You can use "web_set_max_html_param_len" to increase the max parameter size.  	[MsgId: MERR-26377]
End auto log messages stack.	[MsgId: MMSG-10544]


Start auto log messages stack - Iteration 7.	[MsgId: MMSG-10545]
UC6_DeleteFlight.c(125): Registering web_reg_save_param was successful  	[MsgId: MMSG-26390]
UC6_DeleteFlight.c(130): web_reg_save_param_regexp started  	[MsgId: MMSG-26355]
UC6_DeleteFlight.c(130): Registering web_reg_save_param_regexp was successful  	[MsgId: MMSG-26390]
UC6_DeleteFlight.c(141): web_submit_form("itinerary.pl") started  	[MsgId: MMSG-26355]
UC6_DeleteFlight.c(141): Submitting form to "http://127.0.0.1:1080/cgi-bin/itinerary.pl", Target Frame=""  	[MsgId: MMSG-27978]
UC6_DeleteFlight.c(141): Warning -35049: No match found for the requested parameter "ticket_id_after". Check whether the requested regular expression exists in the response data  	[MsgId: MWAR-35049]
UC6_DeleteFlight.c(141): Error -26377: No match found for the requested parameter "flights_numbers". Either the specified boundaries were not found in the response or the matched text is longer than current max html parameter size of 256 bytes. The total length of the response is 932 bytes. You can use "web_set_max_html_param_len" to increase the max parameter size.  	[MsgId: MERR-26377]
End auto log messages stack.	[MsgId: MMSG-10544]


Start auto log messages stack - Iteration 67.	[MsgId: MMSG-10545]
UC6_DeleteFlight.c(125): Registering web_reg_save_param was successful  	[MsgId: MMSG-26390]
UC6_DeleteFlight.c(130): web_reg_save_param_regexp started  	[MsgId: MMSG-26355]
UC6_DeleteFlight.c(130): Registering web_reg_save_param_regexp was successful  	[MsgId: MMSG-26390]
UC6_DeleteFlight.c(141): web_submit_form("itinerary.pl") started  	[MsgId: MMSG-26355]
UC6_DeleteFlight.c(141): Submitting form to "http://127.0.0.1:1080/cgi-bin/itinerary.pl", Target Frame=""  	[MsgId: MMSG-27978]
UC6_DeleteFlight.c(141): Warning -35049: No match found for the requested parameter "ticket_id_after". Check whether the requested regular expression exists in the response data  	[MsgId: MWAR-35049]
UC6_DeleteFlight.c(141): Error -26377: No match found for the requested parameter "flights_numbers". Either the specified boundaries were not found in the response or the matched text is longer than current max html parameter size of 256 bytes. The total length of the response is 932 bytes. You can use "web_set_max_html_param_len" to increase the max parameter size.  	[MsgId: MERR-26377]
End auto log messages stack.	[MsgId: MMSG-10544]


Start auto log messages stack - Iteration 46.	[MsgId: MMSG-10545]
UC6_DeleteFlight.c(125): Registering web_reg_save_param was successful  	[MsgId: MMSG-26390]
UC6_DeleteFlight.c(130): web_reg_save_param_regexp started  	[MsgId: MMSG-26355]
UC6_DeleteFlight.c(130): Registering web_reg_save_param_regexp was successful  	[MsgId: MMSG-26390]
UC6_DeleteFlight.c(141): web_submit_form("itinerary.pl") started  	[MsgId: MMSG-26355]
UC6_DeleteFlight.c(141): Submitting form to "http://127.0.0.1:1080/cgi-bin/itinerary.pl", Target Frame=""  	[MsgId: MMSG-27978]
UC6_DeleteFlight.c(141): Warning -35049: No match found for the requested parameter "ticket_id_after". Check whether the requested regular expression exists in the response data  	[MsgId: MWAR-35049]
UC6_DeleteFlight.c(141): Error -26377: No match found for the requested parameter "flights_numbers". Either the specified boundaries were not found in the response or the matched text is longer than current max html parameter size of 256 bytes. The total length of the response is 932 bytes. You can use "web_set_max_html_param_len" to increase the max parameter size.  	[MsgId: MERR-26377]
End auto log messages stack.	[MsgId: MMSG-10544]


Start auto log messages stack - Iteration 106.	[MsgId: MMSG-10545]
UC6_DeleteFlight.c(125): Registering web_reg_save_param was successful  	[MsgId: MMSG-26390]
UC6_DeleteFlight.c(130): web_reg_save_param_regexp started  	[MsgId: MMSG-26355]
UC6_DeleteFlight.c(130): Registering web_reg_save_param_regexp was successful  	[MsgId: MMSG-26390]
UC6_DeleteFlight.c(141): web_submit_form("itinerary.pl") started  	[MsgId: MMSG-26355]
UC6_DeleteFlight.c(141): Submitting form to "http://127.0.0.1:1080/cgi-bin/itinerary.pl", Target Frame=""  	[MsgId: MMSG-27978]
UC6_DeleteFlight.c(141): Warning -35049: No match found for the requested parameter "ticket_id_after". Check whether the requested regular expression exists in the response data  	[MsgId: MWAR-35049]
UC6_DeleteFlight.c(141): Error -26377: No match found for the requested parameter "flights_numbers". Either the specified boundaries were not found in the response or the matched text is longer than current max html parameter size of 256 bytes. The total length of the response is 932 bytes. You can use "web_set_max_html_param_len" to increase the max parameter size.  	[MsgId: MERR-26377]
End auto log messages stack.	[MsgId: MMSG-10544]


Start auto log messages stack - Iteration 21.	[MsgId: MMSG-10545]
UC6_DeleteFlight.c(125): Registering web_reg_save_param was successful  	[MsgId: MMSG-26390]
UC6_DeleteFlight.c(130): web_reg_save_param_regexp started  	[MsgId: MMSG-26355]
UC6_DeleteFlight.c(130): Registering web_reg_save_param_regexp was successful  	[MsgId: MMSG-26390]
UC6_DeleteFlight.c(141): web_submit_form("itinerary.pl") started  	[MsgId: MMSG-26355]
UC6_DeleteFlight.c(141): Submitting form to "http://127.0.0.1:1080/cgi-bin/itinerary.pl", Target Frame=""  	[MsgId: MMSG-27978]
UC6_DeleteFlight.c(141): Warning -35049: No match found for the requested parameter "ticket_id_after". Check whether the requested regular expression exists in the response data  	[MsgId: MWAR-35049]
UC6_DeleteFlight.c(141): Error -26377: No match found for the requested parameter "flights_numbers". Either the specified boundaries were not found in the response or the matched text is longer than current max html parameter size of 256 bytes. The total length of the response is 932 bytes. You can use "web_set_max_html_param_len" to increase the max parameter size.  	[MsgId: MERR-26377]
End auto log messages stack.	[MsgId: MMSG-10544]


Start auto log messages stack - Iteration 81.	[MsgId: MMSG-10545]
UC6_DeleteFlight.c(125): Registering web_reg_save_param was successful  	[MsgId: MMSG-26390]
UC6_DeleteFlight.c(130): web_reg_save_param_regexp started  	[MsgId: MMSG-26355]
UC6_DeleteFlight.c(130): Registering web_reg_save_param_regexp was successful  	[MsgId: MMSG-26390]
UC6_DeleteFlight.c(141): web_submit_form("itinerary.pl") started  	[MsgId: MMSG-26355]
UC6_DeleteFlight.c(141): Submitting form to "http://127.0.0.1:1080/cgi-bin/itinerary.pl", Target Frame=""  	[MsgId: MMSG-27978]
UC6_DeleteFlight.c(141): Warning -35049: No match found for the requested parameter "ticket_id_after". Check whether the requested regular expression exists in the response data  	[MsgId: MWAR-35049]
UC6_DeleteFlight.c(141): Error -26377: No match found for the requested parameter "flights_numbers". Either the specified boundaries were not found in the response or the matched text is longer than current max html parameter size of 256 bytes. The total length of the response is 932 bytes. You can use "web_set_max_html_param_len" to increase the max parameter size.  	[MsgId: MERR-26377]
End auto log messages stack.	[MsgId: MMSG-10544]


Start auto log messages stack - Iteration 112.	[MsgId: MMSG-10545]
UC6_DeleteFlight.c(125): Registering web_reg_save_param was successful  	[MsgId: MMSG-26390]
UC6_DeleteFlight.c(130): web_reg_save_param_regexp started  	[MsgId: MMSG-26355]
UC6_DeleteFlight.c(130): Registering web_reg_save_param_regexp was successful  	[MsgId: MMSG-26390]
UC6_DeleteFlight.c(141): web_submit_form("itinerary.pl") started  	[MsgId: MMSG-26355]
UC6_DeleteFlight.c(141): Submitting form to "http://127.0.0.1:1080/cgi-bin/itinerary.pl", Target Frame=""  	[MsgId: MMSG-27978]
UC6_DeleteFlight.c(141): Warning -35049: No match found for the requested parameter "ticket_id_after". Check whether the requested regular expression exists in the response data  	[MsgId: MWAR-35049]
UC6_DeleteFlight.c(141): Error -26377: No match found for the requested parameter "flights_numbers". Either the specified boundaries were not found in the response or the matched text is longer than current max html parameter size of 256 bytes. The total length of the response is 932 bytes. You can use "web_set_max_html_param_len" to increase the max parameter size.  	[MsgId: MERR-26377]
End auto log messages stack.	[MsgId: MMSG-10544]


Start auto log messages stack - Iteration 87.	[MsgId: MMSG-10545]
UC6_DeleteFlight.c(125): Registering web_reg_save_param was successful  	[MsgId: MMSG-26390]
UC6_DeleteFlight.c(130): web_reg_save_param_regexp started  	[MsgId: MMSG-26355]
UC6_DeleteFlight.c(130): Registering web_reg_save_param_regexp was successful  	[MsgId: MMSG-26390]
UC6_DeleteFlight.c(141): web_submit_form("itinerary.pl") started  	[MsgId: MMSG-26355]
UC6_DeleteFlight.c(141): Submitting form to "http://127.0.0.1:1080/cgi-bin/itinerary.pl", Target Frame=""  	[MsgId: MMSG-27978]
UC6_DeleteFlight.c(141): Warning -35049: No match found for the requested parameter "ticket_id_after". Check whether the requested regular expression exists in the response data  	[MsgId: MWAR-35049]
UC6_DeleteFlight.c(141): Error -26377: No match found for the requested parameter "flights_numbers". Either the specified boundaries were not found in the response or the matched text is longer than current max html parameter size of 256 bytes. The total length of the response is 932 bytes. You can use "web_set_max_html_param_len" to increase the max parameter size.  	[MsgId: MERR-26377]
End auto log messages stack.	[MsgId: MMSG-10544]


Start auto log messages stack - Iteration 1.	[MsgId: MMSG-10545]
UC6_DeleteFlight.c(125): Registering web_reg_save_param was successful  	[MsgId: MMSG-26390]
UC6_DeleteFlight.c(130): web_reg_save_param_regexp started  	[MsgId: MMSG-26355]
UC6_DeleteFlight.c(130): Registering web_reg_save_param_regexp was successful  	[MsgId: MMSG-26390]
UC6_DeleteFlight.c(141): web_submit_form("itinerary.pl") started  	[MsgId: MMSG-26355]
UC6_DeleteFlight.c(141): Submitting form to "http://127.0.0.1:1080/cgi-bin/itinerary.pl", Target Frame=""  	[MsgId: MMSG-27978]
UC6_DeleteFlight.c(141): Warning -35049: No match found for the requested parameter "ticket_id_after". Check whether the requested regular expression exists in the response data  	[MsgId: MWAR-35049]
UC6_DeleteFlight.c(141): Error -26377: No match found for the requested parameter "flights_numbers". Either the specified boundaries were not found in the response or the matched text is longer than current max html parameter size of 256 bytes. The total length of the response is 932 bytes. You can use "web_set_max_html_param_len" to increase the max parameter size.  	[MsgId: MERR-26377]
End auto log messages stack.	[MsgId: MMSG-10544]


Start auto log messages stack - Iteration 60.	[MsgId: MMSG-10545]
UC6_DeleteFlight.c(125): Registering web_reg_save_param was successful  	[MsgId: MMSG-26390]
UC6_DeleteFlight.c(130): web_reg_save_param_regexp started  	[MsgId: MMSG-26355]
UC6_DeleteFlight.c(130): Registering web_reg_save_param_regexp was successful  	[MsgId: MMSG-26390]
UC6_DeleteFlight.c(141): web_submit_form("itinerary.pl") started  	[MsgId: MMSG-26355]
UC6_DeleteFlight.c(141): Submitting form to "http://127.0.0.1:1080/cgi-bin/itinerary.pl", Target Frame=""  	[MsgId: MMSG-27978]
UC6_DeleteFlight.c(141): Warning -35049: No match found for the requested parameter "ticket_id_after". Check whether the requested regular expression exists in the response data  	[MsgId: MWAR-35049]
UC6_DeleteFlight.c(141): Error -26377: No match found for the requested parameter "flights_numbers". Either the specified boundaries were not found in the response or the matched text is longer than current max html parameter size of 256 bytes. The total length of the response is 932 bytes. You can use "web_set_max_html_param_len" to increase the max parameter size.  	[MsgId: MERR-26377]
End auto log messages stack.	[MsgId: MMSG-10544]


Start auto log messages stack - Iteration 92.	[MsgId: MMSG-10545]
UC6_DeleteFlight.c(125): Registering web_reg_save_param was successful  	[MsgId: MMSG-26390]
UC6_DeleteFlight.c(130): web_reg_save_param_regexp started  	[MsgId: MMSG-26355]
UC6_DeleteFlight.c(130): Registering web_reg_save_param_regexp was successful  	[MsgId: MMSG-26390]
UC6_DeleteFlight.c(141): web_submit_form("itinerary.pl") started  	[MsgId: MMSG-26355]
UC6_DeleteFlight.c(141): Submitting form to "http://127.0.0.1:1080/cgi-bin/itinerary.pl", Target Frame=""  	[MsgId: MMSG-27978]
UC6_DeleteFlight.c(141): Warning -35049: No match found for the requested parameter "ticket_id_after". Check whether the requested regular expression exists in the response data  	[MsgId: MWAR-35049]
UC6_DeleteFlight.c(141): Error -26377: No match found for the requested parameter "flights_numbers". Either the specified boundaries were not found in the response or the matched text is longer than current max html parameter size of 256 bytes. The total length of the response is 932 bytes. You can use "web_set_max_html_param_len" to increase the max parameter size.  	[MsgId: MERR-26377]
End auto log messages stack.	[MsgId: MMSG-10544]


Start auto log messages stack - Iteration 38.	[MsgId: MMSG-10545]
UC6_DeleteFlight.c(125): Registering web_reg_save_param was successful  	[MsgId: MMSG-26390]
UC6_DeleteFlight.c(130): web_reg_save_param_regexp started  	[MsgId: MMSG-26355]
UC6_DeleteFlight.c(130): Registering web_reg_save_param_regexp was successful  	[MsgId: MMSG-26390]
UC6_DeleteFlight.c(141): web_submit_form("itinerary.pl") started  	[MsgId: MMSG-26355]
UC6_DeleteFlight.c(141): Submitting form to "http://127.0.0.1:1080/cgi-bin/itinerary.pl", Target Frame=""  	[MsgId: MMSG-27978]
UC6_DeleteFlight.c(141): Warning -35049: No match found for the requested parameter "ticket_id_after". Check whether the requested regular expression exists in the response data  	[MsgId: MWAR-35049]
UC6_DeleteFlight.c(141): Error -26377: No match found for the requested parameter "flights_numbers". Either the specified boundaries were not found in the response or the matched text is longer than current max html parameter size of 256 bytes. The total length of the response is 932 bytes. You can use "web_set_max_html_param_len" to increase the max parameter size.  	[MsgId: MERR-26377]
End auto log messages stack.	[MsgId: MMSG-10544]


Start auto log messages stack - Iteration 39.	[MsgId: MMSG-10545]
UC6_DeleteFlight.c(125): Registering web_reg_save_param was successful  	[MsgId: MMSG-26390]
UC6_DeleteFlight.c(130): web_reg_save_param_regexp started  	[MsgId: MMSG-26355]
UC6_DeleteFlight.c(130): Registering web_reg_save_param_regexp was successful  	[MsgId: MMSG-26390]
UC6_DeleteFlight.c(141): web_submit_form("itinerary.pl") started  	[MsgId: MMSG-26355]
UC6_DeleteFlight.c(141): Submitting form to "http://127.0.0.1:1080/cgi-bin/itinerary.pl", Target Frame=""  	[MsgId: MMSG-27978]
UC6_DeleteFlight.c(141): Warning -35049: No match found for the requested parameter "ticket_id_after". Check whether the requested regular expression exists in the response data  	[MsgId: MWAR-35049]
UC6_DeleteFlight.c(141): Error -26377: No match found for the requested parameter "flights_numbers". Either the specified boundaries were not found in the response or the matched text is longer than current max html parameter size of 256 bytes. The total length of the response is 932 bytes. You can use "web_set_max_html_param_len" to increase the max parameter size.  	[MsgId: MERR-26377]
End auto log messages stack.	[MsgId: MMSG-10544]


Start auto log messages stack - Iteration 11.	[MsgId: MMSG-10545]
UC6_DeleteFlight.c(125): Registering web_reg_save_param was successful  	[MsgId: MMSG-26390]
UC6_DeleteFlight.c(130): web_reg_save_param_regexp started  	[MsgId: MMSG-26355]
UC6_DeleteFlight.c(130): Registering web_reg_save_param_regexp was successful  	[MsgId: MMSG-26390]
UC6_DeleteFlight.c(141): web_submit_form("itinerary.pl") started  	[MsgId: MMSG-26355]
UC6_DeleteFlight.c(141): Submitting form to "http://127.0.0.1:1080/cgi-bin/itinerary.pl", Target Frame=""  	[MsgId: MMSG-27978]
UC6_DeleteFlight.c(141): Warning -35049: No match found for the requested parameter "ticket_id_after". Check whether the requested regular expression exists in the response data  	[MsgId: MWAR-35049]
UC6_DeleteFlight.c(141): Error -26377: No match found for the requested parameter "flights_numbers". Either the specified boundaries were not found in the response or the matched text is longer than current max html parameter size of 256 bytes. The total length of the response is 932 bytes. You can use "web_set_max_html_param_len" to increase the max parameter size.  	[MsgId: MERR-26377]
End auto log messages stack.	[MsgId: MMSG-10544]


Start auto log messages stack - Iteration 13.	[MsgId: MMSG-10545]
UC6_DeleteFlight.c(125): Registering web_reg_save_param was successful  	[MsgId: MMSG-26390]
UC6_DeleteFlight.c(130): web_reg_save_param_regexp started  	[MsgId: MMSG-26355]
UC6_DeleteFlight.c(130): Registering web_reg_save_param_regexp was successful  	[MsgId: MMSG-26390]
UC6_DeleteFlight.c(141): web_submit_form("itinerary.pl") started  	[MsgId: MMSG-26355]
UC6_DeleteFlight.c(141): Submitting form to "http://127.0.0.1:1080/cgi-bin/itinerary.pl", Target Frame=""  	[MsgId: MMSG-27978]
UC6_DeleteFlight.c(141): Warning -35049: No match found for the requested parameter "ticket_id_after". Check whether the requested regular expression exists in the response data  	[MsgId: MWAR-35049]
UC6_DeleteFlight.c(141): Error -26377: No match found for the requested parameter "flights_numbers". Either the specified boundaries were not found in the response or the matched text is longer than current max html parameter size of 256 bytes. The total length of the response is 932 bytes. You can use "web_set_max_html_param_len" to increase the max parameter size.  	[MsgId: MERR-26377]
End auto log messages stack.	[MsgId: MMSG-10544]


Start auto log messages stack - Iteration 131.	[MsgId: MMSG-10545]
UC6_DeleteFlight.c(125): Registering web_reg_save_param was successful  	[MsgId: MMSG-26390]
UC6_DeleteFlight.c(130): web_reg_save_param_regexp started  	[MsgId: MMSG-26355]
UC6_DeleteFlight.c(130): Registering web_reg_save_param_regexp was successful  	[MsgId: MMSG-26390]
UC6_DeleteFlight.c(141): web_submit_form("itinerary.pl") started  	[MsgId: MMSG-26355]
UC6_DeleteFlight.c(141): Submitting form to "http://127.0.0.1:1080/cgi-bin/itinerary.pl", Target Frame=""  	[MsgId: MMSG-27978]
UC6_DeleteFlight.c(141): Warning -35049: No match found for the requested parameter "ticket_id_after". Check whether the requested regular expression exists in the response data  	[MsgId: MWAR-35049]
UC6_DeleteFlight.c(141): Error -26377: No match found for the requested parameter "flights_numbers". Either the specified boundaries were not found in the response or the matched text is longer than current max html parameter size of 256 bytes. The total length of the response is 932 bytes. You can use "web_set_max_html_param_len" to increase the max parameter size.  	[MsgId: MERR-26377]
End auto log messages stack.	[MsgId: MMSG-10544]


Start auto log messages stack - Iteration 133.	[MsgId: MMSG-10545]
UC6_DeleteFlight.c(125): Registering web_reg_save_param was successful  	[MsgId: MMSG-26390]
UC6_DeleteFlight.c(130): web_reg_save_param_regexp started  	[MsgId: MMSG-26355]
UC6_DeleteFlight.c(130): Registering web_reg_save_param_regexp was successful  	[MsgId: MMSG-26390]
UC6_DeleteFlight.c(141): web_submit_form("itinerary.pl") started  	[MsgId: MMSG-26355]
UC6_DeleteFlight.c(141): Submitting form to "http://127.0.0.1:1080/cgi-bin/itinerary.pl", Target Frame=""  	[MsgId: MMSG-27978]
UC6_DeleteFlight.c(141): Warning -35049: No match found for the requested parameter "ticket_id_after". Check whether the requested regular expression exists in the response data  	[MsgId: MWAR-35049]
UC6_DeleteFlight.c(141): Error -26377: No match found for the requested parameter "flights_numbers". Either the specified boundaries were not found in the response or the matched text is longer than current max html parameter size of 256 bytes. The total length of the response is 932 bytes. You can use "web_set_max_html_param_len" to increase the max parameter size.  	[MsgId: MERR-26377]
End auto log messages stack.	[MsgId: MMSG-10544]


Start auto log messages stack - Iteration 134.	[MsgId: MMSG-10545]
UC6_DeleteFlight.c(125): Registering web_reg_save_param was successful  	[MsgId: MMSG-26390]
UC6_DeleteFlight.c(130): web_reg_save_param_regexp started  	[MsgId: MMSG-26355]
UC6_DeleteFlight.c(130): Registering web_reg_save_param_regexp was successful  	[MsgId: MMSG-26390]
UC6_DeleteFlight.c(141): web_submit_form("itinerary.pl") started  	[MsgId: MMSG-26355]
UC6_DeleteFlight.c(141): Submitting form to "http://127.0.0.1:1080/cgi-bin/itinerary.pl", Target Frame=""  	[MsgId: MMSG-27978]
UC6_DeleteFlight.c(141): Warning -35049: No match found for the requested parameter "ticket_id_after". Check whether the requested regular expression exists in the response data  	[MsgId: MWAR-35049]
UC6_DeleteFlight.c(141): Error -26377: No match found for the requested parameter "flights_numbers". Either the specified boundaries were not found in the response or the matched text is longer than current max html parameter size of 256 bytes. The total length of the response is 932 bytes. You can use "web_set_max_html_param_len" to increase the max parameter size.  	[MsgId: MERR-26377]
End auto log messages stack.	[MsgId: MMSG-10544]


Start auto log messages stack - Iteration 135.	[MsgId: MMSG-10545]
UC6_DeleteFlight.c(125): Registering web_reg_save_param was successful  	[MsgId: MMSG-26390]
UC6_DeleteFlight.c(130): web_reg_save_param_regexp started  	[MsgId: MMSG-26355]
UC6_DeleteFlight.c(130): Registering web_reg_save_param_regexp was successful  	[MsgId: MMSG-26390]
UC6_DeleteFlight.c(141): web_submit_form("itinerary.pl") started  	[MsgId: MMSG-26355]
UC6_DeleteFlight.c(141): Submitting form to "http://127.0.0.1:1080/cgi-bin/itinerary.pl", Target Frame=""  	[MsgId: MMSG-27978]
UC6_DeleteFlight.c(141): Warning -35049: No match found for the requested parameter "ticket_id_after". Check whether the requested regular expression exists in the response data  	[MsgId: MWAR-35049]
UC6_DeleteFlight.c(141): Error -26377: No match found for the requested parameter "flights_numbers". Either the specified boundaries were not found in the response or the matched text is longer than current max html parameter size of 256 bytes. The total length of the response is 932 bytes. You can use "web_set_max_html_param_len" to increase the max parameter size.  	[MsgId: MERR-26377]
End auto log messages stack.	[MsgId: MMSG-10544]


Start auto log messages stack - Iteration 136.	[MsgId: MMSG-10545]
UC6_DeleteFlight.c(125): Registering web_reg_save_param was successful  	[MsgId: MMSG-26390]
UC6_DeleteFlight.c(130): web_reg_save_param_regexp started  	[MsgId: MMSG-26355]
UC6_DeleteFlight.c(130): Registering web_reg_save_param_regexp was successful  	[MsgId: MMSG-26390]
UC6_DeleteFlight.c(141): web_submit_form("itinerary.pl") started  	[MsgId: MMSG-26355]
UC6_DeleteFlight.c(141): Submitting form to "http://127.0.0.1:1080/cgi-bin/itinerary.pl", Target Frame=""  	[MsgId: MMSG-27978]
UC6_DeleteFlight.c(141): Warning -35049: No match found for the requested parameter "ticket_id_after". Check whether the requested regular expression exists in the response data  	[MsgId: MWAR-35049]
UC6_DeleteFlight.c(141): Error -26377: No match found for the requested parameter "flights_numbers". Either the specified boundaries were not found in the response or the matched text is longer than current max html parameter size of 256 bytes. The total length of the response is 932 bytes. You can use "web_set_max_html_param_len" to increase the max parameter size.  	[MsgId: MERR-26377]
End auto log messages stack.	[MsgId: MMSG-10544]


Start auto log messages stack - Iteration 49.	[MsgId: MMSG-10545]
UC6_DeleteFlight.c(125): Registering web_reg_save_param was successful  	[MsgId: MMSG-26390]
UC6_DeleteFlight.c(130): web_reg_save_param_regexp started  	[MsgId: MMSG-26355]
UC6_DeleteFlight.c(130): Registering web_reg_save_param_regexp was successful  	[MsgId: MMSG-26390]
UC6_DeleteFlight.c(141): web_submit_form("itinerary.pl") started  	[MsgId: MMSG-26355]
UC6_DeleteFlight.c(141): Submitting form to "http://127.0.0.1:1080/cgi-bin/itinerary.pl", Target Frame=""  	[MsgId: MMSG-27978]
UC6_DeleteFlight.c(141): Warning -35049: No match found for the requested parameter "ticket_id_after". Check whether the requested regular expression exists in the response data  	[MsgId: MWAR-35049]
UC6_DeleteFlight.c(141): Error -26377: No match found for the requested parameter "flights_numbers". Either the specified boundaries were not found in the response or the matched text is longer than current max html parameter size of 256 bytes. The total length of the response is 932 bytes. You can use "web_set_max_html_param_len" to increase the max parameter size.  	[MsgId: MERR-26377]
End auto log messages stack.	[MsgId: MMSG-10544]


Start auto log messages stack - Iteration 138.	[MsgId: MMSG-10545]
UC6_DeleteFlight.c(125): Registering web_reg_save_param was successful  	[MsgId: MMSG-26390]
UC6_DeleteFlight.c(130): web_reg_save_param_regexp started  	[MsgId: MMSG-26355]
UC6_DeleteFlight.c(130): Registering web_reg_save_param_regexp was successful  	[MsgId: MMSG-26390]
UC6_DeleteFlight.c(141): web_submit_form("itinerary.pl") started  	[MsgId: MMSG-26355]
UC6_DeleteFlight.c(141): Submitting form to "http://127.0.0.1:1080/cgi-bin/itinerary.pl", Target Frame=""  	[MsgId: MMSG-27978]
UC6_DeleteFlight.c(141): Warning -35049: No match found for the requested parameter "ticket_id_after". Check whether the requested regular expression exists in the response data  	[MsgId: MWAR-35049]
UC6_DeleteFlight.c(141): Error -26377: No match found for the requested parameter "flights_numbers". Either the specified boundaries were not found in the response or the matched text is longer than current max html parameter size of 256 bytes. The total length of the response is 932 bytes. You can use "web_set_max_html_param_len" to increase the max parameter size.  	[MsgId: MERR-26377]
End auto log messages stack.	[MsgId: MMSG-10544]


