Start auto log messages stack - Iteration 7.	[MsgId: MMSG-10545]
UC6_DeleteFlight.c(122): web_reg_save_param started  	[MsgId: MMSG-26355]
UC6_DeleteFlight.c(122): Registering web_reg_save_param was successful  	[MsgId: MMSG-26390]
UC6_DeleteFlight.c(129): web_reg_save_param started  	[MsgId: MMSG-26355]
UC6_DeleteFlight.c(129): Registering web_reg_save_param was successful  	[MsgId: MMSG-26390]
UC6_DeleteFlight.c(137): web_submit_form("web_submit_form") started  	[MsgId: MMSG-26355]
UC6_DeleteFlight.c(137): Submitting form to "http://127.0.0.1:1080/cgi-bin/itinerary.pl", Target Frame=""  	[MsgId: MMSG-27978]
UC6_DeleteFlight.c(137): Downloading resource "http://localhost:1080/cgi-bin/itinerary.pl" (specified by argument number 13)  	[MsgId: MMSG-26577]
UC6_DeleteFlight.c(137): Error -26377: No match found for the requested parameter "flights_numbers". Either the specified boundaries were not found in the response or the matched text is longer than current max html parameter size of 256 bytes. The total length of the response is 1819 bytes. You can use "web_set_max_html_param_len" to increase the max parameter size.  	[MsgId: MERR-26377]
UC6_DeleteFlight.c(137): Error -26377: No match found for the requested parameter "flight_id_after". Either the specified boundaries were not found in the response or the matched text is longer than current max html parameter size of 256 bytes. The total length of the response is 1819 bytes. You can use "web_set_max_html_param_len" to increase the max parameter size.  	[MsgId: MERR-26377]
End auto log messages stack.	[MsgId: MMSG-10544]


Start auto log messages stack - Iteration 30.	[MsgId: MMSG-10545]
UC6_DeleteFlight.c(46): Notify: Transaction "StartPage" ended with a "Pass" status (Duration: 0,1104 Wasted Time: 0,0000).	[MsgId: MMSG-16871]
UC6_DeleteFlight.c(48): lr_think_time: 5,00 seconds.	[MsgId: MMSG-15948]
UC6_DeleteFlight.c(50): Notify: Transaction "Login" started.	[MsgId: MMSG-16999]
UC6_DeleteFlight.c(52): web_reg_find started  	[MsgId: MMSG-26355]
UC6_DeleteFlight.c(52): Registering web_reg_find was successful  	[MsgId: MMSG-26390]
UC6_DeleteFlight.c(54): web_submit_data("login.pl") started  	[MsgId: MMSG-26355]
UC6_DeleteFlight.c(54): Detected non-resource "http://127.0.0.1:1080/cgi-bin/nav.pl?page=menu&in=home" in "http://127.0.0.1:1080/cgi-bin/login.pl"  	[MsgId: MMSG-26574]
UC6_DeleteFlight.c(54): Detected non-resource "http://127.0.0.1:1080/cgi-bin/login.pl?intro=true" in "http://127.0.0.1:1080/cgi-bin/login.pl"  	[MsgId: MMSG-26574]
UC6_DeleteFlight.c(54): Error -26612: HTTP Status-Code=500 (Internal Server Error) for "http://127.0.0.1:1080/cgi-bin/login.pl?intro=true"  	[MsgId: MERR-26612]
End auto log messages stack.	[MsgId: MMSG-10544]


Start auto log messages stack - Iteration 1.	[MsgId: MMSG-10545]
UC6_DeleteFlight.c(122): web_reg_save_param started  	[MsgId: MMSG-26355]
UC6_DeleteFlight.c(122): Registering web_reg_save_param was successful  	[MsgId: MMSG-26390]
UC6_DeleteFlight.c(129): web_reg_save_param started  	[MsgId: MMSG-26355]
UC6_DeleteFlight.c(129): Registering web_reg_save_param was successful  	[MsgId: MMSG-26390]
UC6_DeleteFlight.c(137): web_submit_form("web_submit_form") started  	[MsgId: MMSG-26355]
UC6_DeleteFlight.c(137): Submitting form to "http://127.0.0.1:1080/cgi-bin/itinerary.pl", Target Frame=""  	[MsgId: MMSG-27978]
UC6_DeleteFlight.c(137): Downloading resource "http://localhost:1080/cgi-bin/itinerary.pl" (specified by argument number 13)  	[MsgId: MMSG-26577]
UC6_DeleteFlight.c(137): Error -26377: No match found for the requested parameter "flights_numbers". Either the specified boundaries were not found in the response or the matched text is longer than current max html parameter size of 256 bytes. The total length of the response is 1819 bytes. You can use "web_set_max_html_param_len" to increase the max parameter size.  	[MsgId: MERR-26377]
UC6_DeleteFlight.c(137): Error -26377: No match found for the requested parameter "flight_id_after". Either the specified boundaries were not found in the response or the matched text is longer than current max html parameter size of 256 bytes. The total length of the response is 1819 bytes. You can use "web_set_max_html_param_len" to increase the max parameter size.  	[MsgId: MERR-26377]
End auto log messages stack.	[MsgId: MMSG-10544]


Start auto log messages stack - Iteration 7.	[MsgId: MMSG-10545]
UC6_DeleteFlight.c(122): web_reg_save_param started  	[MsgId: MMSG-26355]
UC6_DeleteFlight.c(122): Registering web_reg_save_param was successful  	[MsgId: MMSG-26390]
UC6_DeleteFlight.c(129): web_reg_save_param started  	[MsgId: MMSG-26355]
UC6_DeleteFlight.c(129): Registering web_reg_save_param was successful  	[MsgId: MMSG-26390]
UC6_DeleteFlight.c(137): web_submit_form("web_submit_form") started  	[MsgId: MMSG-26355]
UC6_DeleteFlight.c(137): Submitting form to "http://127.0.0.1:1080/cgi-bin/itinerary.pl", Target Frame=""  	[MsgId: MMSG-27978]
UC6_DeleteFlight.c(137): Downloading resource "http://localhost:1080/cgi-bin/itinerary.pl" (specified by argument number 13)  	[MsgId: MMSG-26577]
UC6_DeleteFlight.c(137): Error -26377: No match found for the requested parameter "flights_numbers". Either the specified boundaries were not found in the response or the matched text is longer than current max html parameter size of 256 bytes. The total length of the response is 1819 bytes. You can use "web_set_max_html_param_len" to increase the max parameter size.  	[MsgId: MERR-26377]
UC6_DeleteFlight.c(137): Error -26377: No match found for the requested parameter "flight_id_after". Either the specified boundaries were not found in the response or the matched text is longer than current max html parameter size of 256 bytes. The total length of the response is 1819 bytes. You can use "web_set_max_html_param_len" to increase the max parameter size.  	[MsgId: MERR-26377]
End auto log messages stack.	[MsgId: MMSG-10544]


Start auto log messages stack - Iteration 15.	[MsgId: MMSG-10545]
UC6_DeleteFlight.c(122): web_reg_save_param started  	[MsgId: MMSG-26355]
UC6_DeleteFlight.c(122): Registering web_reg_save_param was successful  	[MsgId: MMSG-26390]
UC6_DeleteFlight.c(129): web_reg_save_param started  	[MsgId: MMSG-26355]
UC6_DeleteFlight.c(129): Registering web_reg_save_param was successful  	[MsgId: MMSG-26390]
UC6_DeleteFlight.c(149): web_submit_form("web_submit_form") started  	[MsgId: MMSG-26355]
UC6_DeleteFlight.c(149): Submitting form to "http://127.0.0.1:1080/cgi-bin/itinerary.pl", Target Frame=""  	[MsgId: MMSG-27978]
UC6_DeleteFlight.c(149): Downloading resource "http://localhost:1080/cgi-bin/itinerary.pl" (specified by argument number 16)  	[MsgId: MMSG-26577]
UC6_DeleteFlight.c(149): Error -26377: No match found for the requested parameter "flights_numbers". Either the specified boundaries were not found in the response or the matched text is longer than current max html parameter size of 256 bytes. The total length of the response is 1819 bytes. You can use "web_set_max_html_param_len" to increase the max parameter size.  	[MsgId: MERR-26377]
UC6_DeleteFlight.c(149): Error -26377: No match found for the requested parameter "flight_id_after". Either the specified boundaries were not found in the response or the matched text is longer than current max html parameter size of 256 bytes. The total length of the response is 1819 bytes. You can use "web_set_max_html_param_len" to increase the max parameter size.  	[MsgId: MERR-26377]
End auto log messages stack.	[MsgId: MMSG-10544]


Start auto log messages stack - Iteration 45.	[MsgId: MMSG-10545]
UC6_DeleteFlight.c(137): Submitting form to "http://127.0.0.1:1080/cgi-bin/itinerary.pl", Target Frame=""  	[MsgId: MMSG-27978]
UC6_DeleteFlight.c(137): Downloading resource "http://localhost:1080/cgi-bin/itinerary.pl" (specified by argument number 13)  	[MsgId: MMSG-26577]
UC6_DeleteFlight.c(137): Resource "http://127.0.0.1:1080/WebTours/images/cancelreservation.gif" is in the cache already and will not be downloaded again  	[MsgId: MMSG-26655]
UC6_DeleteFlight.c(137): Resource "http://127.0.0.1:1080/WebTours/images/cancelallreservations.gif" is in the cache already and will not be downloaded again  	[MsgId: MMSG-26655]
UC6_DeleteFlight.c(137): web_submit_form("web_submit_form") was successful, 129479 body bytes, 512 header bytes, 256 chunking overhead bytes  	[MsgId: MMSG-26385]
UC6_DeleteFlight.c(181): Error: Itinerary not deleted	[MsgId: MERR-17999]
End auto log messages stack.	[MsgId: MMSG-10544]


Start auto log messages stack - Iteration 46.	[MsgId: MMSG-10545]
UC6_DeleteFlight.c(122): web_reg_save_param started  	[MsgId: MMSG-26355]
UC6_DeleteFlight.c(122): Registering web_reg_save_param was successful  	[MsgId: MMSG-26390]
UC6_DeleteFlight.c(129): web_reg_save_param started  	[MsgId: MMSG-26355]
UC6_DeleteFlight.c(129): Registering web_reg_save_param was successful  	[MsgId: MMSG-26390]
UC6_DeleteFlight.c(137): web_submit_form("web_submit_form") started  	[MsgId: MMSG-26355]
UC6_DeleteFlight.c(137): Submitting form to "http://127.0.0.1:1080/cgi-bin/itinerary.pl", Target Frame=""  	[MsgId: MMSG-27978]
UC6_DeleteFlight.c(137): Downloading resource "http://localhost:1080/cgi-bin/itinerary.pl" (specified by argument number 13)  	[MsgId: MMSG-26577]
UC6_DeleteFlight.c(137): Error -26377: No match found for the requested parameter "flights_numbers". Either the specified boundaries were not found in the response or the matched text is longer than current max html parameter size of 256 bytes. The total length of the response is 1819 bytes. You can use "web_set_max_html_param_len" to increase the max parameter size.  	[MsgId: MERR-26377]
UC6_DeleteFlight.c(137): Error -26377: No match found for the requested parameter "flight_id_after". Either the specified boundaries were not found in the response or the matched text is longer than current max html parameter size of 256 bytes. The total length of the response is 1819 bytes. You can use "web_set_max_html_param_len" to increase the max parameter size.  	[MsgId: MERR-26377]
End auto log messages stack.	[MsgId: MMSG-10544]


Start auto log messages stack - Iteration 17.	[MsgId: MMSG-10545]
UC6_DeleteFlight.c(149): Submitting form to "http://127.0.0.1:1080/cgi-bin/itinerary.pl", Target Frame=""  	[MsgId: MMSG-27978]
UC6_DeleteFlight.c(149): Downloading resource "http://localhost:1080/cgi-bin/itinerary.pl" (specified by argument number 16)  	[MsgId: MMSG-26577]
UC6_DeleteFlight.c(149): Resource "http://127.0.0.1:1080/WebTours/images/cancelreservation.gif" is in the cache already and will not be downloaded again  	[MsgId: MMSG-26655]
UC6_DeleteFlight.c(149): Resource "http://127.0.0.1:1080/WebTours/images/cancelallreservations.gif" is in the cache already and will not be downloaded again  	[MsgId: MMSG-26655]
UC6_DeleteFlight.c(149): web_submit_form("web_submit_form") was successful, 96127 body bytes, 512 header bytes, 200 chunking overhead bytes  	[MsgId: MMSG-26385]
UC6_DeleteFlight.c(181): Error: Itinerary not deleted	[MsgId: MERR-17999]
End auto log messages stack.	[MsgId: MMSG-10544]


Start auto log messages stack - Iteration 21.	[MsgId: MMSG-10545]
UC6_DeleteFlight.c(122): web_reg_save_param started  	[MsgId: MMSG-26355]
UC6_DeleteFlight.c(122): Registering web_reg_save_param was successful  	[MsgId: MMSG-26390]
UC6_DeleteFlight.c(129): web_reg_save_param started  	[MsgId: MMSG-26355]
UC6_DeleteFlight.c(129): Registering web_reg_save_param was successful  	[MsgId: MMSG-26390]
UC6_DeleteFlight.c(149): web_submit_form("web_submit_form") started  	[MsgId: MMSG-26355]
UC6_DeleteFlight.c(149): Submitting form to "http://127.0.0.1:1080/cgi-bin/itinerary.pl", Target Frame=""  	[MsgId: MMSG-27978]
UC6_DeleteFlight.c(149): Downloading resource "http://localhost:1080/cgi-bin/itinerary.pl" (specified by argument number 16)  	[MsgId: MMSG-26577]
UC6_DeleteFlight.c(149): Error -26377: No match found for the requested parameter "flights_numbers". Either the specified boundaries were not found in the response or the matched text is longer than current max html parameter size of 256 bytes. The total length of the response is 1819 bytes. You can use "web_set_max_html_param_len" to increase the max parameter size.  	[MsgId: MERR-26377]
UC6_DeleteFlight.c(149): Error -26377: No match found for the requested parameter "flight_id_after". Either the specified boundaries were not found in the response or the matched text is longer than current max html parameter size of 256 bytes. The total length of the response is 1819 bytes. You can use "web_set_max_html_param_len" to increase the max parameter size.  	[MsgId: MERR-26377]
End auto log messages stack.	[MsgId: MMSG-10544]


Start auto log messages stack - Iteration 52.	[MsgId: MMSG-10545]
UC6_DeleteFlight.c(162): Submitting form to "http://127.0.0.1:1080/cgi-bin/itinerary.pl", Target Frame=""  	[MsgId: MMSG-27978]
UC6_DeleteFlight.c(162): Downloading resource "http://localhost:1080/cgi-bin/itinerary.pl" (specified by argument number 19)  	[MsgId: MMSG-26577]
UC6_DeleteFlight.c(162): Resource "http://127.0.0.1:1080/WebTours/images/cancelreservation.gif" is in the cache already and will not be downloaded again  	[MsgId: MMSG-26655]
UC6_DeleteFlight.c(162): Resource "http://127.0.0.1:1080/WebTours/images/cancelallreservations.gif" is in the cache already and will not be downloaded again  	[MsgId: MMSG-26655]
UC6_DeleteFlight.c(162): web_submit_form("web_submit_form") was successful, 67528 body bytes, 512 header bytes, 151 chunking overhead bytes  	[MsgId: MMSG-26385]
UC6_DeleteFlight.c(181): Error: Itinerary not deleted	[MsgId: MERR-17999]
End auto log messages stack.	[MsgId: MMSG-10544]


Start auto log messages stack - Iteration 1.	[MsgId: MMSG-10545]
UC6_DeleteFlight.c(122): web_reg_save_param started  	[MsgId: MMSG-26355]
UC6_DeleteFlight.c(122): Registering web_reg_save_param was successful  	[MsgId: MMSG-26390]
UC6_DeleteFlight.c(129): web_reg_save_param started  	[MsgId: MMSG-26355]
UC6_DeleteFlight.c(129): Registering web_reg_save_param was successful  	[MsgId: MMSG-26390]
UC6_DeleteFlight.c(149): web_submit_form("web_submit_form") started  	[MsgId: MMSG-26355]
UC6_DeleteFlight.c(149): Submitting form to "http://127.0.0.1:1080/cgi-bin/itinerary.pl", Target Frame=""  	[MsgId: MMSG-27978]
UC6_DeleteFlight.c(149): Downloading resource "http://localhost:1080/cgi-bin/itinerary.pl" (specified by argument number 16)  	[MsgId: MMSG-26577]
UC6_DeleteFlight.c(149): Error -26377: No match found for the requested parameter "flights_numbers". Either the specified boundaries were not found in the response or the matched text is longer than current max html parameter size of 256 bytes. The total length of the response is 1819 bytes. You can use "web_set_max_html_param_len" to increase the max parameter size.  	[MsgId: MERR-26377]
UC6_DeleteFlight.c(149): Error -26377: No match found for the requested parameter "flight_id_after". Either the specified boundaries were not found in the response or the matched text is longer than current max html parameter size of 256 bytes. The total length of the response is 1819 bytes. You can use "web_set_max_html_param_len" to increase the max parameter size.  	[MsgId: MERR-26377]
End auto log messages stack.	[MsgId: MMSG-10544]


Start auto log messages stack - Iteration 60.	[MsgId: MMSG-10545]
UC6_DeleteFlight.c(122): web_reg_save_param started  	[MsgId: MMSG-26355]
UC6_DeleteFlight.c(122): Registering web_reg_save_param was successful  	[MsgId: MMSG-26390]
UC6_DeleteFlight.c(129): web_reg_save_param started  	[MsgId: MMSG-26355]
UC6_DeleteFlight.c(129): Registering web_reg_save_param was successful  	[MsgId: MMSG-26390]
UC6_DeleteFlight.c(149): web_submit_form("web_submit_form") started  	[MsgId: MMSG-26355]
UC6_DeleteFlight.c(149): Submitting form to "http://127.0.0.1:1080/cgi-bin/itinerary.pl", Target Frame=""  	[MsgId: MMSG-27978]
UC6_DeleteFlight.c(149): Downloading resource "http://localhost:1080/cgi-bin/itinerary.pl" (specified by argument number 16)  	[MsgId: MMSG-26577]
UC6_DeleteFlight.c(149): Error -26377: No match found for the requested parameter "flights_numbers". Either the specified boundaries were not found in the response or the matched text is longer than current max html parameter size of 256 bytes. The total length of the response is 1819 bytes. You can use "web_set_max_html_param_len" to increase the max parameter size.  	[MsgId: MERR-26377]
UC6_DeleteFlight.c(149): Error -26377: No match found for the requested parameter "flight_id_after". Either the specified boundaries were not found in the response or the matched text is longer than current max html parameter size of 256 bytes. The total length of the response is 1819 bytes. You can use "web_set_max_html_param_len" to increase the max parameter size.  	[MsgId: MERR-26377]
End auto log messages stack.	[MsgId: MMSG-10544]


Start auto log messages stack - Iteration 64.	[MsgId: MMSG-10545]
UC6_DeleteFlight.c(149): Submitting form to "http://127.0.0.1:1080/cgi-bin/itinerary.pl", Target Frame=""  	[MsgId: MMSG-27978]
UC6_DeleteFlight.c(149): Downloading resource "http://localhost:1080/cgi-bin/itinerary.pl" (specified by argument number 16)  	[MsgId: MMSG-26577]
UC6_DeleteFlight.c(149): Resource "http://127.0.0.1:1080/WebTours/images/cancelreservation.gif" is in the cache already and will not be downloaded again  	[MsgId: MMSG-26655]
UC6_DeleteFlight.c(149): Resource "http://127.0.0.1:1080/WebTours/images/cancelallreservations.gif" is in the cache already and will not be downloaded again  	[MsgId: MMSG-26655]
UC6_DeleteFlight.c(149): web_submit_form("web_submit_form") was successful, 98383 body bytes, 512 header bytes, 207 chunking overhead bytes  	[MsgId: MMSG-26385]
UC6_DeleteFlight.c(181): Error: Itinerary not deleted	[MsgId: MERR-17999]
End auto log messages stack.	[MsgId: MMSG-10544]


Start auto log messages stack - Iteration 65.	[MsgId: MMSG-10545]
UC6_DeleteFlight.c(149): Submitting form to "http://127.0.0.1:1080/cgi-bin/itinerary.pl", Target Frame=""  	[MsgId: MMSG-27978]
UC6_DeleteFlight.c(149): Downloading resource "http://localhost:1080/cgi-bin/itinerary.pl" (specified by argument number 16)  	[MsgId: MMSG-26577]
UC6_DeleteFlight.c(149): Resource "http://127.0.0.1:1080/WebTours/images/cancelreservation.gif" is in the cache already and will not be downloaded again  	[MsgId: MMSG-26655]
UC6_DeleteFlight.c(149): Resource "http://127.0.0.1:1080/WebTours/images/cancelallreservations.gif" is in the cache already and will not be downloaded again  	[MsgId: MMSG-26655]
UC6_DeleteFlight.c(149): web_submit_form("web_submit_form") was successful, 98150 body bytes, 512 header bytes, 207 chunking overhead bytes  	[MsgId: MMSG-26385]
UC6_DeleteFlight.c(181): Error: Itinerary not deleted	[MsgId: MERR-17999]
End auto log messages stack.	[MsgId: MMSG-10544]


Start auto log messages stack - Iteration 7.	[MsgId: MMSG-10545]
UC6_DeleteFlight.c(122): web_reg_save_param started  	[MsgId: MMSG-26355]
UC6_DeleteFlight.c(122): Registering web_reg_save_param was successful  	[MsgId: MMSG-26390]
UC6_DeleteFlight.c(129): web_reg_save_param started  	[MsgId: MMSG-26355]
UC6_DeleteFlight.c(129): Registering web_reg_save_param was successful  	[MsgId: MMSG-26390]
UC6_DeleteFlight.c(149): web_submit_form("web_submit_form") started  	[MsgId: MMSG-26355]
UC6_DeleteFlight.c(149): Submitting form to "http://127.0.0.1:1080/cgi-bin/itinerary.pl", Target Frame=""  	[MsgId: MMSG-27978]
UC6_DeleteFlight.c(149): Downloading resource "http://localhost:1080/cgi-bin/itinerary.pl" (specified by argument number 16)  	[MsgId: MMSG-26577]
UC6_DeleteFlight.c(149): Error -26377: No match found for the requested parameter "flights_numbers". Either the specified boundaries were not found in the response or the matched text is longer than current max html parameter size of 256 bytes. The total length of the response is 1819 bytes. You can use "web_set_max_html_param_len" to increase the max parameter size.  	[MsgId: MERR-26377]
UC6_DeleteFlight.c(149): Error -26377: No match found for the requested parameter "flight_id_after". Either the specified boundaries were not found in the response or the matched text is longer than current max html parameter size of 256 bytes. The total length of the response is 1819 bytes. You can use "web_set_max_html_param_len" to increase the max parameter size.  	[MsgId: MERR-26377]
End auto log messages stack.	[MsgId: MMSG-10544]


Start auto log messages stack - Iteration 15.	[MsgId: MMSG-10545]
UC6_DeleteFlight.c(122): web_reg_save_param started  	[MsgId: MMSG-26355]
UC6_DeleteFlight.c(122): Registering web_reg_save_param was successful  	[MsgId: MMSG-26390]
UC6_DeleteFlight.c(129): web_reg_save_param started  	[MsgId: MMSG-26355]
UC6_DeleteFlight.c(129): Registering web_reg_save_param was successful  	[MsgId: MMSG-26390]
UC6_DeleteFlight.c(162): web_submit_form("web_submit_form") started  	[MsgId: MMSG-26355]
UC6_DeleteFlight.c(162): Submitting form to "http://127.0.0.1:1080/cgi-bin/itinerary.pl", Target Frame=""  	[MsgId: MMSG-27978]
UC6_DeleteFlight.c(162): Downloading resource "http://localhost:1080/cgi-bin/itinerary.pl" (specified by argument number 19)  	[MsgId: MMSG-26577]
UC6_DeleteFlight.c(162): Error -26377: No match found for the requested parameter "flights_numbers". Either the specified boundaries were not found in the response or the matched text is longer than current max html parameter size of 256 bytes. The total length of the response is 1819 bytes. You can use "web_set_max_html_param_len" to increase the max parameter size.  	[MsgId: MERR-26377]
UC6_DeleteFlight.c(162): Error -26377: No match found for the requested parameter "flight_id_after". Either the specified boundaries were not found in the response or the matched text is longer than current max html parameter size of 256 bytes. The total length of the response is 1819 bytes. You can use "web_set_max_html_param_len" to increase the max parameter size.  	[MsgId: MERR-26377]
End auto log messages stack.	[MsgId: MMSG-10544]


Start auto log messages stack - Iteration 46.	[MsgId: MMSG-10545]
UC6_DeleteFlight.c(122): web_reg_save_param started  	[MsgId: MMSG-26355]
UC6_DeleteFlight.c(122): Registering web_reg_save_param was successful  	[MsgId: MMSG-26390]
UC6_DeleteFlight.c(129): web_reg_save_param started  	[MsgId: MMSG-26355]
UC6_DeleteFlight.c(129): Registering web_reg_save_param was successful  	[MsgId: MMSG-26390]
UC6_DeleteFlight.c(162): web_submit_form("web_submit_form") started  	[MsgId: MMSG-26355]
UC6_DeleteFlight.c(162): Submitting form to "http://127.0.0.1:1080/cgi-bin/itinerary.pl", Target Frame=""  	[MsgId: MMSG-27978]
UC6_DeleteFlight.c(162): Downloading resource "http://localhost:1080/cgi-bin/itinerary.pl" (specified by argument number 19)  	[MsgId: MMSG-26577]
UC6_DeleteFlight.c(162): Error -26377: No match found for the requested parameter "flights_numbers". Either the specified boundaries were not found in the response or the matched text is longer than current max html parameter size of 256 bytes. The total length of the response is 1819 bytes. You can use "web_set_max_html_param_len" to increase the max parameter size.  	[MsgId: MERR-26377]
UC6_DeleteFlight.c(162): Error -26377: No match found for the requested parameter "flight_id_after". Either the specified boundaries were not found in the response or the matched text is longer than current max html parameter size of 256 bytes. The total length of the response is 1819 bytes. You can use "web_set_max_html_param_len" to increase the max parameter size.  	[MsgId: MERR-26377]
End auto log messages stack.	[MsgId: MMSG-10544]


Start auto log messages stack - Iteration 17.	[MsgId: MMSG-10545]
UC6_DeleteFlight.c(162): Submitting form to "http://127.0.0.1:1080/cgi-bin/itinerary.pl", Target Frame=""  	[MsgId: MMSG-27978]
UC6_DeleteFlight.c(162): Downloading resource "http://localhost:1080/cgi-bin/itinerary.pl" (specified by argument number 19)  	[MsgId: MMSG-26577]
UC6_DeleteFlight.c(162): Resource "http://127.0.0.1:1080/WebTours/images/cancelreservation.gif" is in the cache already and will not be downloaded again  	[MsgId: MMSG-26655]
UC6_DeleteFlight.c(162): Resource "http://127.0.0.1:1080/WebTours/images/cancelallreservations.gif" is in the cache already and will not be downloaded again  	[MsgId: MMSG-26655]
UC6_DeleteFlight.c(162): web_submit_form("web_submit_form") was successful, 97268 body bytes, 512 header bytes, 207 chunking overhead bytes  	[MsgId: MMSG-26385]
UC6_DeleteFlight.c(181): Error: Itinerary not deleted	[MsgId: MERR-17999]
End auto log messages stack.	[MsgId: MMSG-10544]


Start auto log messages stack - Iteration 21.	[MsgId: MMSG-10545]
UC6_DeleteFlight.c(122): web_reg_save_param started  	[MsgId: MMSG-26355]
UC6_DeleteFlight.c(122): Registering web_reg_save_param was successful  	[MsgId: MMSG-26390]
UC6_DeleteFlight.c(129): web_reg_save_param started  	[MsgId: MMSG-26355]
UC6_DeleteFlight.c(129): Registering web_reg_save_param was successful  	[MsgId: MMSG-26390]
UC6_DeleteFlight.c(137): web_submit_form("web_submit_form") started  	[MsgId: MMSG-26355]
UC6_DeleteFlight.c(137): Submitting form to "http://127.0.0.1:1080/cgi-bin/itinerary.pl", Target Frame=""  	[MsgId: MMSG-27978]
UC6_DeleteFlight.c(137): Downloading resource "http://localhost:1080/cgi-bin/itinerary.pl" (specified by argument number 13)  	[MsgId: MMSG-26577]
UC6_DeleteFlight.c(137): Error -26377: No match found for the requested parameter "flights_numbers". Either the specified boundaries were not found in the response or the matched text is longer than current max html parameter size of 256 bytes. The total length of the response is 1819 bytes. You can use "web_set_max_html_param_len" to increase the max parameter size.  	[MsgId: MERR-26377]
UC6_DeleteFlight.c(137): Error -26377: No match found for the requested parameter "flight_id_after". Either the specified boundaries were not found in the response or the matched text is longer than current max html parameter size of 256 bytes. The total length of the response is 1819 bytes. You can use "web_set_max_html_param_len" to increase the max parameter size.  	[MsgId: MERR-26377]
End auto log messages stack.	[MsgId: MMSG-10544]


Start auto log messages stack - Iteration 80.	[MsgId: MMSG-10545]
UC6_DeleteFlight.c(149): Submitting form to "http://127.0.0.1:1080/cgi-bin/itinerary.pl", Target Frame=""  	[MsgId: MMSG-27978]
UC6_DeleteFlight.c(149): Downloading resource "http://localhost:1080/cgi-bin/itinerary.pl" (specified by argument number 16)  	[MsgId: MMSG-26577]
UC6_DeleteFlight.c(149): Resource "http://127.0.0.1:1080/WebTours/images/cancelreservation.gif" is in the cache already and will not be downloaded again  	[MsgId: MMSG-26655]
UC6_DeleteFlight.c(149): Resource "http://127.0.0.1:1080/WebTours/images/cancelallreservations.gif" is in the cache already and will not be downloaded again  	[MsgId: MMSG-26655]
UC6_DeleteFlight.c(149): web_submit_form("web_submit_form") was successful, 92452 body bytes, 512 header bytes, 199 chunking overhead bytes  	[MsgId: MMSG-26385]
UC6_DeleteFlight.c(181): Error: Itinerary not deleted	[MsgId: MERR-17999]
End auto log messages stack.	[MsgId: MMSG-10544]


Start auto log messages stack - Iteration 23.	[MsgId: MMSG-10545]
UC6_DeleteFlight.c(92): Registering web_reg_find was successful  	[MsgId: MMSG-26390]
UC6_DeleteFlight.c(94): web_reg_save_param started  	[MsgId: MMSG-26355]
UC6_DeleteFlight.c(94): Registering web_reg_save_param was successful  	[MsgId: MMSG-26390]
UC6_DeleteFlight.c(100): web_url("Itinerary Button") started  	[MsgId: MMSG-26355]
UC6_DeleteFlight.c(100): Detected non-resource "http://127.0.0.1:1080/cgi-bin/nav.pl?page=menu&in=itinerary" in "http://127.0.0.1:1080/cgi-bin/welcome.pl?page=itinerary"  	[MsgId: MMSG-26574]
UC6_DeleteFlight.c(100): Detected non-resource "http://127.0.0.1:1080/cgi-bin/itinerary.pl" in "http://127.0.0.1:1080/cgi-bin/welcome.pl?page=itinerary"  	[MsgId: MMSG-26574]
UC6_DeleteFlight.c(100): Error -26612: HTTP Status-Code=500 (Internal Server Error) for "http://127.0.0.1:1080/cgi-bin/nav.pl?page=menu&in=itinerary"  	[MsgId: MERR-26612]
End auto log messages stack.	[MsgId: MMSG-10544]


Start auto log messages stack - Iteration 86.	[MsgId: MMSG-10545]
UC6_DeleteFlight.c(149): Submitting form to "http://127.0.0.1:1080/cgi-bin/itinerary.pl", Target Frame=""  	[MsgId: MMSG-27978]
UC6_DeleteFlight.c(149): Downloading resource "http://localhost:1080/cgi-bin/itinerary.pl" (specified by argument number 16)  	[MsgId: MMSG-26577]
UC6_DeleteFlight.c(149): Resource "http://127.0.0.1:1080/WebTours/images/cancelreservation.gif" is in the cache already and will not be downloaded again  	[MsgId: MMSG-26655]
UC6_DeleteFlight.c(149): Resource "http://127.0.0.1:1080/WebTours/images/cancelallreservations.gif" is in the cache already and will not be downloaded again  	[MsgId: MMSG-26655]
UC6_DeleteFlight.c(149): web_submit_form("web_submit_form") was successful, 106380 body bytes, 512 header bytes, 216 chunking overhead bytes  	[MsgId: MMSG-26385]
UC6_DeleteFlight.c(181): Error: Itinerary not deleted	[MsgId: MERR-17999]
End auto log messages stack.	[MsgId: MMSG-10544]


Start auto log messages stack - Iteration 1.	[MsgId: MMSG-10545]
UC6_DeleteFlight.c(122): web_reg_save_param started  	[MsgId: MMSG-26355]
UC6_DeleteFlight.c(122): Registering web_reg_save_param was successful  	[MsgId: MMSG-26390]
UC6_DeleteFlight.c(129): web_reg_save_param started  	[MsgId: MMSG-26355]
UC6_DeleteFlight.c(129): Registering web_reg_save_param was successful  	[MsgId: MMSG-26390]
UC6_DeleteFlight.c(149): web_submit_form("web_submit_form") started  	[MsgId: MMSG-26355]
UC6_DeleteFlight.c(149): Submitting form to "http://127.0.0.1:1080/cgi-bin/itinerary.pl", Target Frame=""  	[MsgId: MMSG-27978]
UC6_DeleteFlight.c(149): Downloading resource "http://localhost:1080/cgi-bin/itinerary.pl" (specified by argument number 16)  	[MsgId: MMSG-26577]
UC6_DeleteFlight.c(149): Error -26377: No match found for the requested parameter "flights_numbers". Either the specified boundaries were not found in the response or the matched text is longer than current max html parameter size of 256 bytes. The total length of the response is 1819 bytes. You can use "web_set_max_html_param_len" to increase the max parameter size.  	[MsgId: MERR-26377]
UC6_DeleteFlight.c(149): Error -26377: No match found for the requested parameter "flight_id_after". Either the specified boundaries were not found in the response or the matched text is longer than current max html parameter size of 256 bytes. The total length of the response is 1819 bytes. You can use "web_set_max_html_param_len" to increase the max parameter size.  	[MsgId: MERR-26377]
End auto log messages stack.	[MsgId: MMSG-10544]


Start auto log messages stack - Iteration 60.	[MsgId: MMSG-10545]
UC6_DeleteFlight.c(122): web_reg_save_param started  	[MsgId: MMSG-26355]
UC6_DeleteFlight.c(122): Registering web_reg_save_param was successful  	[MsgId: MMSG-26390]
UC6_DeleteFlight.c(129): web_reg_save_param started  	[MsgId: MMSG-26355]
UC6_DeleteFlight.c(129): Registering web_reg_save_param was successful  	[MsgId: MMSG-26390]
UC6_DeleteFlight.c(162): web_submit_form("web_submit_form") started  	[MsgId: MMSG-26355]
UC6_DeleteFlight.c(162): Submitting form to "http://127.0.0.1:1080/cgi-bin/itinerary.pl", Target Frame=""  	[MsgId: MMSG-27978]
UC6_DeleteFlight.c(162): Downloading resource "http://localhost:1080/cgi-bin/itinerary.pl" (specified by argument number 19)  	[MsgId: MMSG-26577]
UC6_DeleteFlight.c(162): Error -26377: No match found for the requested parameter "flights_numbers". Either the specified boundaries were not found in the response or the matched text is longer than current max html parameter size of 256 bytes. The total length of the response is 1819 bytes. You can use "web_set_max_html_param_len" to increase the max parameter size.  	[MsgId: MERR-26377]
UC6_DeleteFlight.c(162): Error -26377: No match found for the requested parameter "flight_id_after". Either the specified boundaries were not found in the response or the matched text is longer than current max html parameter size of 256 bytes. The total length of the response is 1819 bytes. You can use "web_set_max_html_param_len" to increase the max parameter size.  	[MsgId: MERR-26377]
End auto log messages stack.	[MsgId: MMSG-10544]


Start auto log messages stack - Iteration 5.	[MsgId: MMSG-10545]
UC6_DeleteFlight.c(149): Submitting form to "http://127.0.0.1:1080/cgi-bin/itinerary.pl", Target Frame=""  	[MsgId: MMSG-27978]
UC6_DeleteFlight.c(149): Downloading resource "http://localhost:1080/cgi-bin/itinerary.pl" (specified by argument number 16)  	[MsgId: MMSG-26577]
UC6_DeleteFlight.c(149): Resource "http://127.0.0.1:1080/WebTours/images/cancelreservation.gif" is in the cache already and will not be downloaded again  	[MsgId: MMSG-26655]
UC6_DeleteFlight.c(149): Resource "http://127.0.0.1:1080/WebTours/images/cancelallreservations.gif" is in the cache already and will not be downloaded again  	[MsgId: MMSG-26655]
UC6_DeleteFlight.c(149): web_submit_form("web_submit_form") was successful, 115601 body bytes, 512 header bytes, 238 chunking overhead bytes  	[MsgId: MMSG-26385]
UC6_DeleteFlight.c(181): Error: Itinerary not deleted	[MsgId: MERR-17999]
End auto log messages stack.	[MsgId: MMSG-10544]


Start auto log messages stack - Iteration 64.	[MsgId: MMSG-10545]
UC6_DeleteFlight.c(149): Submitting form to "http://127.0.0.1:1080/cgi-bin/itinerary.pl", Target Frame=""  	[MsgId: MMSG-27978]
UC6_DeleteFlight.c(149): Downloading resource "http://localhost:1080/cgi-bin/itinerary.pl" (specified by argument number 16)  	[MsgId: MMSG-26577]
UC6_DeleteFlight.c(149): Resource "http://127.0.0.1:1080/WebTours/images/cancelreservation.gif" is in the cache already and will not be downloaded again  	[MsgId: MMSG-26655]
UC6_DeleteFlight.c(149): Resource "http://127.0.0.1:1080/WebTours/images/cancelallreservations.gif" is in the cache already and will not be downloaded again  	[MsgId: MMSG-26655]
UC6_DeleteFlight.c(149): web_submit_form("web_submit_form") was successful, 106380 body bytes, 512 header bytes, 223 chunking overhead bytes  	[MsgId: MMSG-26385]
UC6_DeleteFlight.c(181): Error: Itinerary not deleted	[MsgId: MERR-17999]
End auto log messages stack.	[MsgId: MMSG-10544]


Start auto log messages stack - Iteration 7.	[MsgId: MMSG-10545]
UC6_DeleteFlight.c(122): web_reg_save_param started  	[MsgId: MMSG-26355]
UC6_DeleteFlight.c(122): Registering web_reg_save_param was successful  	[MsgId: MMSG-26390]
UC6_DeleteFlight.c(129): web_reg_save_param started  	[MsgId: MMSG-26355]
UC6_DeleteFlight.c(129): Registering web_reg_save_param was successful  	[MsgId: MMSG-26390]
UC6_DeleteFlight.c(137): web_submit_form("web_submit_form") started  	[MsgId: MMSG-26355]
UC6_DeleteFlight.c(137): Submitting form to "http://127.0.0.1:1080/cgi-bin/itinerary.pl", Target Frame=""  	[MsgId: MMSG-27978]
UC6_DeleteFlight.c(137): Downloading resource "http://localhost:1080/cgi-bin/itinerary.pl" (specified by argument number 13)  	[MsgId: MMSG-26577]
UC6_DeleteFlight.c(137): Error -26377: No match found for the requested parameter "flights_numbers". Either the specified boundaries were not found in the response or the matched text is longer than current max html parameter size of 256 bytes. The total length of the response is 1819 bytes. You can use "web_set_max_html_param_len" to increase the max parameter size.  	[MsgId: MERR-26377]
UC6_DeleteFlight.c(137): Error -26377: No match found for the requested parameter "flight_id_after". Either the specified boundaries were not found in the response or the matched text is longer than current max html parameter size of 256 bytes. The total length of the response is 1819 bytes. You can use "web_set_max_html_param_len" to increase the max parameter size.  	[MsgId: MERR-26377]
End auto log messages stack.	[MsgId: MMSG-10544]


Start auto log messages stack - Iteration 95.	[MsgId: MMSG-10545]
UC6_DeleteFlight.c(137): Submitting form to "http://127.0.0.1:1080/cgi-bin/itinerary.pl", Target Frame=""  	[MsgId: MMSG-27978]
UC6_DeleteFlight.c(137): Downloading resource "http://localhost:1080/cgi-bin/itinerary.pl" (specified by argument number 13)  	[MsgId: MMSG-26577]
UC6_DeleteFlight.c(137): Resource "http://127.0.0.1:1080/WebTours/images/cancelreservation.gif" is in the cache already and will not be downloaded again  	[MsgId: MMSG-26655]
UC6_DeleteFlight.c(137): Resource "http://127.0.0.1:1080/WebTours/images/cancelallreservations.gif" is in the cache already and will not be downloaded again  	[MsgId: MMSG-26655]
UC6_DeleteFlight.c(137): web_submit_form("web_submit_form") was successful, 138583 body bytes, 512 header bytes, 287 chunking overhead bytes  	[MsgId: MMSG-26385]
UC6_DeleteFlight.c(181): Error: Itinerary not deleted	[MsgId: MERR-17999]
End auto log messages stack.	[MsgId: MMSG-10544]


Start auto log messages stack - Iteration 67.	[MsgId: MMSG-10545]
UC6_DeleteFlight.c(162): Submitting form to "http://127.0.0.1:1080/cgi-bin/itinerary.pl", Target Frame=""  	[MsgId: MMSG-27978]
UC6_DeleteFlight.c(162): Downloading resource "http://localhost:1080/cgi-bin/itinerary.pl" (specified by argument number 19)  	[MsgId: MMSG-26577]
UC6_DeleteFlight.c(162): Resource "http://127.0.0.1:1080/WebTours/images/cancelreservation.gif" is in the cache already and will not be downloaded again  	[MsgId: MMSG-26655]
UC6_DeleteFlight.c(162): Resource "http://127.0.0.1:1080/WebTours/images/cancelallreservations.gif" is in the cache already and will not be downloaded again  	[MsgId: MMSG-26655]
UC6_DeleteFlight.c(162): web_submit_form("web_submit_form") was successful, 140922 body bytes, 512 header bytes, 287 chunking overhead bytes  	[MsgId: MMSG-26385]
UC6_DeleteFlight.c(181): Error: Itinerary not deleted	[MsgId: MERR-17999]
End auto log messages stack.	[MsgId: MMSG-10544]


Start auto log messages stack - Iteration 97.	[MsgId: MMSG-10545]
UC6_DeleteFlight.c(149): Submitting form to "http://127.0.0.1:1080/cgi-bin/itinerary.pl", Target Frame=""  	[MsgId: MMSG-27978]
UC6_DeleteFlight.c(149): Downloading resource "http://localhost:1080/cgi-bin/itinerary.pl" (specified by argument number 16)  	[MsgId: MMSG-26577]
UC6_DeleteFlight.c(149): Resource "http://127.0.0.1:1080/WebTours/images/cancelreservation.gif" is in the cache already and will not be downloaded again  	[MsgId: MMSG-26655]
UC6_DeleteFlight.c(149): Resource "http://127.0.0.1:1080/WebTours/images/cancelallreservations.gif" is in the cache already and will not be downloaded again  	[MsgId: MMSG-26655]
UC6_DeleteFlight.c(149): web_submit_form("web_submit_form") was successful, 107520 body bytes, 512 header bytes, 216 chunking overhead bytes  	[MsgId: MMSG-26385]
UC6_DeleteFlight.c(181): Error: Itinerary not deleted	[MsgId: MERR-17999]
End auto log messages stack.	[MsgId: MMSG-10544]


Start auto log messages stack - Iteration 99.	[MsgId: MMSG-10545]
UC6_DeleteFlight.c(122): web_reg_save_param started  	[MsgId: MMSG-26355]
UC6_DeleteFlight.c(122): Registering web_reg_save_param was successful  	[MsgId: MMSG-26390]
UC6_DeleteFlight.c(129): web_reg_save_param started  	[MsgId: MMSG-26355]
UC6_DeleteFlight.c(129): Registering web_reg_save_param was successful  	[MsgId: MMSG-26390]
UC6_DeleteFlight.c(149): web_submit_form("web_submit_form") started  	[MsgId: MMSG-26355]
UC6_DeleteFlight.c(149): Submitting form to "http://127.0.0.1:1080/cgi-bin/itinerary.pl", Target Frame=""  	[MsgId: MMSG-27978]
UC6_DeleteFlight.c(149): Downloading resource "http://localhost:1080/cgi-bin/itinerary.pl" (specified by argument number 16)  	[MsgId: MMSG-26577]
UC6_DeleteFlight.c(149): Error -26377: No match found for the requested parameter "flights_numbers". Either the specified boundaries were not found in the response or the matched text is longer than current max html parameter size of 256 bytes. The total length of the response is 1819 bytes. You can use "web_set_max_html_param_len" to increase the max parameter size.  	[MsgId: MERR-26377]
UC6_DeleteFlight.c(149): Error -26377: No match found for the requested parameter "flight_id_after". Either the specified boundaries were not found in the response or the matched text is longer than current max html parameter size of 256 bytes. The total length of the response is 1819 bytes. You can use "web_set_max_html_param_len" to increase the max parameter size.  	[MsgId: MERR-26377]
End auto log messages stack.	[MsgId: MMSG-10544]


Start auto log messages stack - Iteration 15.	[MsgId: MMSG-10545]
UC6_DeleteFlight.c(122): web_reg_save_param started  	[MsgId: MMSG-26355]
UC6_DeleteFlight.c(122): Registering web_reg_save_param was successful  	[MsgId: MMSG-26390]
UC6_DeleteFlight.c(129): web_reg_save_param started  	[MsgId: MMSG-26355]
UC6_DeleteFlight.c(129): Registering web_reg_save_param was successful  	[MsgId: MMSG-26390]
UC6_DeleteFlight.c(137): web_submit_form("web_submit_form") started  	[MsgId: MMSG-26355]
UC6_DeleteFlight.c(137): Submitting form to "http://127.0.0.1:1080/cgi-bin/itinerary.pl", Target Frame=""  	[MsgId: MMSG-27978]
UC6_DeleteFlight.c(137): Downloading resource "http://localhost:1080/cgi-bin/itinerary.pl" (specified by argument number 13)  	[MsgId: MMSG-26577]
UC6_DeleteFlight.c(137): Error -26377: No match found for the requested parameter "flights_numbers". Either the specified boundaries were not found in the response or the matched text is longer than current max html parameter size of 256 bytes. The total length of the response is 1819 bytes. You can use "web_set_max_html_param_len" to increase the max parameter size.  	[MsgId: MERR-26377]
UC6_DeleteFlight.c(137): Error -26377: No match found for the requested parameter "flight_id_after". Either the specified boundaries were not found in the response or the matched text is longer than current max html parameter size of 256 bytes. The total length of the response is 1819 bytes. You can use "web_set_max_html_param_len" to increase the max parameter size.  	[MsgId: MERR-26377]
End auto log messages stack.	[MsgId: MMSG-10544]


Start auto log messages stack - Iteration 76.	[MsgId: MMSG-10545]
UC6_DeleteFlight.c(149): Submitting form to "http://127.0.0.1:1080/cgi-bin/itinerary.pl", Target Frame=""  	[MsgId: MMSG-27978]
UC6_DeleteFlight.c(149): Downloading resource "http://localhost:1080/cgi-bin/itinerary.pl" (specified by argument number 16)  	[MsgId: MMSG-26577]
UC6_DeleteFlight.c(149): Resource "http://127.0.0.1:1080/WebTours/images/cancelreservation.gif" is in the cache already and will not be downloaded again  	[MsgId: MMSG-26655]
UC6_DeleteFlight.c(149): Resource "http://127.0.0.1:1080/WebTours/images/cancelallreservations.gif" is in the cache already and will not be downloaded again  	[MsgId: MMSG-26655]
UC6_DeleteFlight.c(149): web_submit_form("web_submit_form") was successful, 107378 body bytes, 512 header bytes, 222 chunking overhead bytes  	[MsgId: MMSG-26385]
UC6_DeleteFlight.c(181): Error: Itinerary not deleted	[MsgId: MERR-17999]
End auto log messages stack.	[MsgId: MMSG-10544]


Start auto log messages stack - Iteration 106.	[MsgId: MMSG-10545]
UC6_DeleteFlight.c(122): web_reg_save_param started  	[MsgId: MMSG-26355]
UC6_DeleteFlight.c(122): Registering web_reg_save_param was successful  	[MsgId: MMSG-26390]
UC6_DeleteFlight.c(129): web_reg_save_param started  	[MsgId: MMSG-26355]
UC6_DeleteFlight.c(129): Registering web_reg_save_param was successful  	[MsgId: MMSG-26390]
UC6_DeleteFlight.c(162): web_submit_form("web_submit_form") started  	[MsgId: MMSG-26355]
UC6_DeleteFlight.c(162): Submitting form to "http://127.0.0.1:1080/cgi-bin/itinerary.pl", Target Frame=""  	[MsgId: MMSG-27978]
UC6_DeleteFlight.c(162): Downloading resource "http://localhost:1080/cgi-bin/itinerary.pl" (specified by argument number 19)  	[MsgId: MMSG-26577]
UC6_DeleteFlight.c(162): Error -26377: No match found for the requested parameter "flights_numbers". Either the specified boundaries were not found in the response or the matched text is longer than current max html parameter size of 256 bytes. The total length of the response is 1819 bytes. You can use "web_set_max_html_param_len" to increase the max parameter size.  	[MsgId: MERR-26377]
UC6_DeleteFlight.c(162): Error -26377: No match found for the requested parameter "flight_id_after". Either the specified boundaries were not found in the response or the matched text is longer than current max html parameter size of 256 bytes. The total length of the response is 1819 bytes. You can use "web_set_max_html_param_len" to increase the max parameter size.  	[MsgId: MERR-26377]
End auto log messages stack.	[MsgId: MMSG-10544]


Start auto log messages stack - Iteration 49.	[MsgId: MMSG-10545]
UC6_DeleteFlight.c(149): Submitting form to "http://127.0.0.1:1080/cgi-bin/itinerary.pl", Target Frame=""  	[MsgId: MMSG-27978]
UC6_DeleteFlight.c(149): Downloading resource "http://localhost:1080/cgi-bin/itinerary.pl" (specified by argument number 16)  	[MsgId: MMSG-26577]
UC6_DeleteFlight.c(149): Resource "http://127.0.0.1:1080/WebTours/images/cancelreservation.gif" is in the cache already and will not be downloaded again  	[MsgId: MMSG-26655]
UC6_DeleteFlight.c(149): Resource "http://127.0.0.1:1080/WebTours/images/cancelallreservations.gif" is in the cache already and will not be downloaded again  	[MsgId: MMSG-26655]
UC6_DeleteFlight.c(149): web_submit_form("web_submit_form") was successful, 116739 body bytes, 512 header bytes, 247 chunking overhead bytes  	[MsgId: MMSG-26385]
UC6_DeleteFlight.c(181): Error: Itinerary not deleted	[MsgId: MERR-17999]
End auto log messages stack.	[MsgId: MMSG-10544]


Start auto log messages stack - Iteration 21.	[MsgId: MMSG-10545]
UC6_DeleteFlight.c(122): web_reg_save_param started  	[MsgId: MMSG-26355]
UC6_DeleteFlight.c(122): Registering web_reg_save_param was successful  	[MsgId: MMSG-26390]
UC6_DeleteFlight.c(129): web_reg_save_param started  	[MsgId: MMSG-26355]
UC6_DeleteFlight.c(129): Registering web_reg_save_param was successful  	[MsgId: MMSG-26390]
UC6_DeleteFlight.c(137): web_submit_form("web_submit_form") started  	[MsgId: MMSG-26355]
UC6_DeleteFlight.c(137): Submitting form to "http://127.0.0.1:1080/cgi-bin/itinerary.pl", Target Frame=""  	[MsgId: MMSG-27978]
UC6_DeleteFlight.c(137): Downloading resource "http://localhost:1080/cgi-bin/itinerary.pl" (specified by argument number 13)  	[MsgId: MMSG-26577]
UC6_DeleteFlight.c(137): Error -26377: No match found for the requested parameter "flights_numbers". Either the specified boundaries were not found in the response or the matched text is longer than current max html parameter size of 256 bytes. The total length of the response is 1819 bytes. You can use "web_set_max_html_param_len" to increase the max parameter size.  	[MsgId: MERR-26377]
UC6_DeleteFlight.c(137): Error -26377: No match found for the requested parameter "flight_id_after". Either the specified boundaries were not found in the response or the matched text is longer than current max html parameter size of 256 bytes. The total length of the response is 1819 bytes. You can use "web_set_max_html_param_len" to increase the max parameter size.  	[MsgId: MERR-26377]
End auto log messages stack.	[MsgId: MMSG-10544]


Start auto log messages stack - Iteration 51.	[MsgId: MMSG-10545]
UC6_DeleteFlight.c(46): Notify: Transaction "StartPage" ended with a "Pass" status (Duration: 0,1115 Wasted Time: 0,0000).	[MsgId: MMSG-16871]
UC6_DeleteFlight.c(48): lr_think_time: 5,00 seconds.	[MsgId: MMSG-15948]
UC6_DeleteFlight.c(50): Notify: Transaction "Login" started.	[MsgId: MMSG-16999]
UC6_DeleteFlight.c(52): web_reg_find started  	[MsgId: MMSG-26355]
UC6_DeleteFlight.c(52): Registering web_reg_find was successful  	[MsgId: MMSG-26390]
UC6_DeleteFlight.c(54): web_submit_data("login.pl") started  	[MsgId: MMSG-26355]
UC6_DeleteFlight.c(54): Detected non-resource "http://127.0.0.1:1080/cgi-bin/nav.pl?page=menu&in=home" in "http://127.0.0.1:1080/cgi-bin/login.pl"  	[MsgId: MMSG-26574]
UC6_DeleteFlight.c(54): Detected non-resource "http://127.0.0.1:1080/cgi-bin/login.pl?intro=true" in "http://127.0.0.1:1080/cgi-bin/login.pl"  	[MsgId: MMSG-26574]
UC6_DeleteFlight.c(54): Error -26612: HTTP Status-Code=500 (Internal Server Error) for "http://127.0.0.1:1080/cgi-bin/nav.pl?page=menu&in=home"  	[MsgId: MERR-26612]
End auto log messages stack.	[MsgId: MMSG-10544]


Start auto log messages stack - Iteration 81.	[MsgId: MMSG-10545]
UC6_DeleteFlight.c(122): web_reg_save_param started  	[MsgId: MMSG-26355]
UC6_DeleteFlight.c(122): Registering web_reg_save_param was successful  	[MsgId: MMSG-26390]
UC6_DeleteFlight.c(129): web_reg_save_param started  	[MsgId: MMSG-26355]
UC6_DeleteFlight.c(129): Registering web_reg_save_param was successful  	[MsgId: MMSG-26390]
UC6_DeleteFlight.c(149): web_submit_form("web_submit_form") started  	[MsgId: MMSG-26355]
UC6_DeleteFlight.c(149): Submitting form to "http://127.0.0.1:1080/cgi-bin/itinerary.pl", Target Frame=""  	[MsgId: MMSG-27978]
UC6_DeleteFlight.c(149): Downloading resource "http://localhost:1080/cgi-bin/itinerary.pl" (specified by argument number 16)  	[MsgId: MMSG-26577]
UC6_DeleteFlight.c(149): Error -26377: No match found for the requested parameter "flights_numbers". Either the specified boundaries were not found in the response or the matched text is longer than current max html parameter size of 256 bytes. The total length of the response is 1819 bytes. You can use "web_set_max_html_param_len" to increase the max parameter size.  	[MsgId: MERR-26377]
UC6_DeleteFlight.c(149): Error -26377: No match found for the requested parameter "flight_id_after". Either the specified boundaries were not found in the response or the matched text is longer than current max html parameter size of 256 bytes. The total length of the response is 1819 bytes. You can use "web_set_max_html_param_len" to increase the max parameter size.  	[MsgId: MERR-26377]
End auto log messages stack.	[MsgId: MMSG-10544]


Start auto log messages stack - Iteration 23.	[MsgId: MMSG-10545]
UC6_DeleteFlight.c(149): Submitting form to "http://127.0.0.1:1080/cgi-bin/itinerary.pl", Target Frame=""  	[MsgId: MMSG-27978]
UC6_DeleteFlight.c(149): Downloading resource "http://localhost:1080/cgi-bin/itinerary.pl" (specified by argument number 16)  	[MsgId: MMSG-26577]
UC6_DeleteFlight.c(149): Resource "http://127.0.0.1:1080/WebTours/images/cancelreservation.gif" is in the cache already and will not be downloaded again  	[MsgId: MMSG-26655]
UC6_DeleteFlight.c(149): Resource "http://127.0.0.1:1080/WebTours/images/cancelallreservations.gif" is in the cache already and will not be downloaded again  	[MsgId: MMSG-26655]
UC6_DeleteFlight.c(149): web_submit_form("web_submit_form") was successful, 140942 body bytes, 512 header bytes, 287 chunking overhead bytes  	[MsgId: MMSG-26385]
UC6_DeleteFlight.c(181): Error: Itinerary not deleted	[MsgId: MERR-17999]
End auto log messages stack.	[MsgId: MMSG-10544]


Start auto log messages stack - Iteration 112.	[MsgId: MMSG-10545]
UC6_DeleteFlight.c(122): web_reg_save_param started  	[MsgId: MMSG-26355]
UC6_DeleteFlight.c(122): Registering web_reg_save_param was successful  	[MsgId: MMSG-26390]
UC6_DeleteFlight.c(129): web_reg_save_param started  	[MsgId: MMSG-26355]
UC6_DeleteFlight.c(129): Registering web_reg_save_param was successful  	[MsgId: MMSG-26390]
UC6_DeleteFlight.c(137): web_submit_form("web_submit_form") started  	[MsgId: MMSG-26355]
UC6_DeleteFlight.c(137): Submitting form to "http://127.0.0.1:1080/cgi-bin/itinerary.pl", Target Frame=""  	[MsgId: MMSG-27978]
UC6_DeleteFlight.c(137): Downloading resource "http://localhost:1080/cgi-bin/itinerary.pl" (specified by argument number 13)  	[MsgId: MMSG-26577]
UC6_DeleteFlight.c(137): Error -26377: No match found for the requested parameter "flights_numbers". Either the specified boundaries were not found in the response or the matched text is longer than current max html parameter size of 256 bytes. The total length of the response is 1819 bytes. You can use "web_set_max_html_param_len" to increase the max parameter size.  	[MsgId: MERR-26377]
UC6_DeleteFlight.c(137): Error -26377: No match found for the requested parameter "flight_id_after". Either the specified boundaries were not found in the response or the matched text is longer than current max html parameter size of 256 bytes. The total length of the response is 1819 bytes. You can use "web_set_max_html_param_len" to increase the max parameter size.  	[MsgId: MERR-26377]
End auto log messages stack.	[MsgId: MMSG-10544]


Start auto log messages stack - Iteration 26.	[MsgId: MMSG-10545]
UC6_DeleteFlight.c(137): Submitting form to "http://127.0.0.1:1080/cgi-bin/itinerary.pl", Target Frame=""  	[MsgId: MMSG-27978]
UC6_DeleteFlight.c(137): Downloading resource "http://localhost:1080/cgi-bin/itinerary.pl" (specified by argument number 13)  	[MsgId: MMSG-26577]
UC6_DeleteFlight.c(137): Resource "http://127.0.0.1:1080/WebTours/images/cancelreservation.gif" is in the cache already and will not be downloaded again  	[MsgId: MMSG-26655]
UC6_DeleteFlight.c(137): Resource "http://127.0.0.1:1080/WebTours/images/cancelallreservations.gif" is in the cache already and will not be downloaded again  	[MsgId: MMSG-26655]
UC6_DeleteFlight.c(137): web_submit_form("web_submit_form") was successful, 145479 body bytes, 512 header bytes, 295 chunking overhead bytes  	[MsgId: MMSG-26385]
UC6_DeleteFlight.c(181): Error: Itinerary not deleted	[MsgId: MERR-17999]
End auto log messages stack.	[MsgId: MMSG-10544]


Start auto log messages stack - Iteration 56.	[MsgId: MMSG-10545]
UC6_DeleteFlight.c(149): Submitting form to "http://127.0.0.1:1080/cgi-bin/itinerary.pl", Target Frame=""  	[MsgId: MMSG-27978]
UC6_DeleteFlight.c(149): Downloading resource "http://localhost:1080/cgi-bin/itinerary.pl" (specified by argument number 16)  	[MsgId: MMSG-26577]
UC6_DeleteFlight.c(149): Resource "http://127.0.0.1:1080/WebTours/images/cancelreservation.gif" is in the cache already and will not be downloaded again  	[MsgId: MMSG-26655]
UC6_DeleteFlight.c(149): Resource "http://127.0.0.1:1080/WebTours/images/cancelallreservations.gif" is in the cache already and will not be downloaded again  	[MsgId: MMSG-26655]
UC6_DeleteFlight.c(149): web_submit_form("web_submit_form") was successful, 143226 body bytes, 512 header bytes, 295 chunking overhead bytes  	[MsgId: MMSG-26385]
UC6_DeleteFlight.c(181): Error: Itinerary not deleted	[MsgId: MERR-17999]
End auto log messages stack.	[MsgId: MMSG-10544]


Start auto log messages stack - Iteration 87.	[MsgId: MMSG-10545]
UC6_DeleteFlight.c(122): web_reg_save_param started  	[MsgId: MMSG-26355]
UC6_DeleteFlight.c(122): Registering web_reg_save_param was successful  	[MsgId: MMSG-26390]
UC6_DeleteFlight.c(129): web_reg_save_param started  	[MsgId: MMSG-26355]
UC6_DeleteFlight.c(129): Registering web_reg_save_param was successful  	[MsgId: MMSG-26390]
UC6_DeleteFlight.c(137): web_submit_form("web_submit_form") started  	[MsgId: MMSG-26355]
UC6_DeleteFlight.c(137): Submitting form to "http://127.0.0.1:1080/cgi-bin/itinerary.pl", Target Frame=""  	[MsgId: MMSG-27978]
UC6_DeleteFlight.c(137): Downloading resource "http://localhost:1080/cgi-bin/itinerary.pl" (specified by argument number 13)  	[MsgId: MMSG-26577]
UC6_DeleteFlight.c(137): Error -26377: No match found for the requested parameter "flights_numbers". Either the specified boundaries were not found in the response or the matched text is longer than current max html parameter size of 256 bytes. The total length of the response is 1819 bytes. You can use "web_set_max_html_param_len" to increase the max parameter size.  	[MsgId: MERR-26377]
UC6_DeleteFlight.c(137): Error -26377: No match found for the requested parameter "flight_id_after". Either the specified boundaries were not found in the response or the matched text is longer than current max html parameter size of 256 bytes. The total length of the response is 1819 bytes. You can use "web_set_max_html_param_len" to increase the max parameter size.  	[MsgId: MERR-26377]
End auto log messages stack.	[MsgId: MMSG-10544]


Start auto log messages stack - Iteration 60.	[MsgId: MMSG-10545]
UC6_DeleteFlight.c(122): web_reg_save_param started  	[MsgId: MMSG-26355]
UC6_DeleteFlight.c(122): Registering web_reg_save_param was successful  	[MsgId: MMSG-26390]
UC6_DeleteFlight.c(129): web_reg_save_param started  	[MsgId: MMSG-26355]
UC6_DeleteFlight.c(129): Registering web_reg_save_param was successful  	[MsgId: MMSG-26390]
UC6_DeleteFlight.c(162): web_submit_form("web_submit_form") started  	[MsgId: MMSG-26355]
UC6_DeleteFlight.c(162): Submitting form to "http://127.0.0.1:1080/cgi-bin/itinerary.pl", Target Frame=""  	[MsgId: MMSG-27978]
UC6_DeleteFlight.c(162): Downloading resource "http://localhost:1080/cgi-bin/itinerary.pl" (specified by argument number 19)  	[MsgId: MMSG-26577]
UC6_DeleteFlight.c(162): Error -26377: No match found for the requested parameter "flights_numbers". Either the specified boundaries were not found in the response or the matched text is longer than current max html parameter size of 256 bytes. The total length of the response is 1819 bytes. You can use "web_set_max_html_param_len" to increase the max parameter size.  	[MsgId: MERR-26377]
UC6_DeleteFlight.c(162): Error -26377: No match found for the requested parameter "flight_id_after". Either the specified boundaries were not found in the response or the matched text is longer than current max html parameter size of 256 bytes. The total length of the response is 1819 bytes. You can use "web_set_max_html_param_len" to increase the max parameter size.  	[MsgId: MERR-26377]
End auto log messages stack.	[MsgId: MMSG-10544]


Start auto log messages stack - Iteration 3.	[MsgId: MMSG-10545]
UC6_DeleteFlight.c(100): Resource "http://127.0.0.1:1080/WebTours/images/flights.gif" is in the cache already and will not be downloaded again  	[MsgId: MMSG-26655]
UC6_DeleteFlight.c(100): Found resource "http://127.0.0.1:1080/WebTours/images/in_itinerary.gif" in HTML "http://127.0.0.1:1080/cgi-bin/nav.pl?page=menu&in=itinerary"  	[MsgId: MMSG-26659]
UC6_DeleteFlight.c(100): Found resource "http://127.0.0.1:1080/WebTours/images/home.gif" in HTML "http://127.0.0.1:1080/cgi-bin/nav.pl?page=menu&in=itinerary"  	[MsgId: MMSG-26659]
UC6_DeleteFlight.c(100): Resource "http://127.0.0.1:1080/WebTours/images/signoff.gif" is in the cache already and will not be downloaded again  	[MsgId: MMSG-26655]
UC6_DeleteFlight.c(100): Error -26612: HTTP Status-Code=500 (Internal Server Error) for "http://127.0.0.1:1080/cgi-bin/itinerary.pl"  	[MsgId: MERR-26612]
End auto log messages stack.	[MsgId: MMSG-10544]


Start auto log messages stack - Iteration 3.	[MsgId: MMSG-10545]
UC6_DeleteFlight.c(100): Registered web_reg_find successful for "Text=Invoice sent to:"  	[MsgId: MMSG-26362]
UC6_DeleteFlight.c(100): Registered web_reg_find successful for "Text=User wants the intineraries" (count=1)  	[MsgId: MMSG-26364]
UC6_DeleteFlight.c(100): Error -26377: No match found for the requested parameter "flight_id". Either the specified boundaries were not found in the response or the matched text is longer than current max html parameter size of 256 bytes. The total length of the response is 4029 bytes. You can use "web_set_max_html_param_len" to increase the max parameter size.  	[MsgId: MERR-26377]
End auto log messages stack.	[MsgId: MMSG-10544]


Start auto log messages stack - Iteration 63.	[MsgId: MMSG-10545]
UC6_DeleteFlight.c(122): web_reg_save_param started  	[MsgId: MMSG-26355]
UC6_DeleteFlight.c(122): Registering web_reg_save_param was successful  	[MsgId: MMSG-26390]
UC6_DeleteFlight.c(129): web_reg_save_param started  	[MsgId: MMSG-26355]
UC6_DeleteFlight.c(129): Registering web_reg_save_param was successful  	[MsgId: MMSG-26390]
UC6_DeleteFlight.c(162): web_submit_form("web_submit_form") started  	[MsgId: MMSG-26355]
UC6_DeleteFlight.c(162): Submitting form to "http://127.0.0.1:1080/cgi-bin/itinerary.pl", Target Frame=""  	[MsgId: MMSG-27978]
UC6_DeleteFlight.c(162): Downloading resource "http://localhost:1080/cgi-bin/itinerary.pl" (specified by argument number 19)  	[MsgId: MMSG-26577]
UC6_DeleteFlight.c(162): Error -26377: No match found for the requested parameter "flights_numbers". Either the specified boundaries were not found in the response or the matched text is longer than current max html parameter size of 256 bytes. The total length of the response is 1819 bytes. You can use "web_set_max_html_param_len" to increase the max parameter size.  	[MsgId: MERR-26377]
UC6_DeleteFlight.c(162): Error -26377: No match found for the requested parameter "flight_id_after". Either the specified boundaries were not found in the response or the matched text is longer than current max html parameter size of 256 bytes. The total length of the response is 1819 bytes. You can use "web_set_max_html_param_len" to increase the max parameter size.  	[MsgId: MERR-26377]
End auto log messages stack.	[MsgId: MMSG-10544]


Start auto log messages stack - Iteration 66.	[MsgId: MMSG-10545]
UC6_DeleteFlight.c(122): web_reg_save_param started  	[MsgId: MMSG-26355]
UC6_DeleteFlight.c(122): Registering web_reg_save_param was successful  	[MsgId: MMSG-26390]
UC6_DeleteFlight.c(129): web_reg_save_param started  	[MsgId: MMSG-26355]
UC6_DeleteFlight.c(129): Registering web_reg_save_param was successful  	[MsgId: MMSG-26390]
UC6_DeleteFlight.c(149): web_submit_form("web_submit_form") started  	[MsgId: MMSG-26355]
UC6_DeleteFlight.c(149): Submitting form to "http://127.0.0.1:1080/cgi-bin/itinerary.pl", Target Frame=""  	[MsgId: MMSG-27978]
UC6_DeleteFlight.c(149): Downloading resource "http://localhost:1080/cgi-bin/itinerary.pl" (specified by argument number 16)  	[MsgId: MMSG-26577]
UC6_DeleteFlight.c(149): Error -26377: No match found for the requested parameter "flights_numbers". Either the specified boundaries were not found in the response or the matched text is longer than current max html parameter size of 256 bytes. The total length of the response is 1819 bytes. You can use "web_set_max_html_param_len" to increase the max parameter size.  	[MsgId: MERR-26377]
UC6_DeleteFlight.c(149): Error -26377: No match found for the requested parameter "flight_id_after". Either the specified boundaries were not found in the response or the matched text is longer than current max html parameter size of 256 bytes. The total length of the response is 1819 bytes. You can use "web_set_max_html_param_len" to increase the max parameter size.  	[MsgId: MERR-26377]
End auto log messages stack.	[MsgId: MMSG-10544]


Start auto log messages stack - Iteration 37.	[MsgId: MMSG-10545]
UC6_DeleteFlight.c(122): web_reg_save_param started  	[MsgId: MMSG-26355]
UC6_DeleteFlight.c(122): Registering web_reg_save_param was successful  	[MsgId: MMSG-26390]
UC6_DeleteFlight.c(129): web_reg_save_param started  	[MsgId: MMSG-26355]
UC6_DeleteFlight.c(129): Registering web_reg_save_param was successful  	[MsgId: MMSG-26390]
UC6_DeleteFlight.c(137): web_submit_form("web_submit_form") started  	[MsgId: MMSG-26355]
UC6_DeleteFlight.c(137): Submitting form to "http://127.0.0.1:1080/cgi-bin/itinerary.pl", Target Frame=""  	[MsgId: MMSG-27978]
UC6_DeleteFlight.c(137): Downloading resource "http://localhost:1080/cgi-bin/itinerary.pl" (specified by argument number 13)  	[MsgId: MMSG-26577]
UC6_DeleteFlight.c(137): Error -26377: No match found for the requested parameter "flights_numbers". Either the specified boundaries were not found in the response or the matched text is longer than current max html parameter size of 256 bytes. The total length of the response is 1819 bytes. You can use "web_set_max_html_param_len" to increase the max parameter size.  	[MsgId: MERR-26377]
UC6_DeleteFlight.c(137): Error -26377: No match found for the requested parameter "flight_id_after". Either the specified boundaries were not found in the response or the matched text is longer than current max html parameter size of 256 bytes. The total length of the response is 1819 bytes. You can use "web_set_max_html_param_len" to increase the max parameter size.  	[MsgId: MERR-26377]
End auto log messages stack.	[MsgId: MMSG-10544]


Start auto log messages stack - Iteration 9.	[MsgId: MMSG-10545]
UC6_DeleteFlight.c(149): Submitting form to "http://127.0.0.1:1080/cgi-bin/itinerary.pl", Target Frame=""  	[MsgId: MMSG-27978]
UC6_DeleteFlight.c(149): Downloading resource "http://localhost:1080/cgi-bin/itinerary.pl" (specified by argument number 16)  	[MsgId: MMSG-26577]
UC6_DeleteFlight.c(149): Resource "http://127.0.0.1:1080/WebTours/images/cancelreservation.gif" is in the cache already and will not be downloaded again  	[MsgId: MMSG-26655]
UC6_DeleteFlight.c(149): Resource "http://127.0.0.1:1080/WebTours/images/cancelallreservations.gif" is in the cache already and will not be downloaded again  	[MsgId: MMSG-26655]
UC6_DeleteFlight.c(149): web_submit_form("web_submit_form") was successful, 115527 body bytes, 512 header bytes, 232 chunking overhead bytes  	[MsgId: MMSG-26385]
UC6_DeleteFlight.c(181): Error: Itinerary not deleted	[MsgId: MERR-17999]
End auto log messages stack.	[MsgId: MMSG-10544]


Start auto log messages stack - Iteration 68.	[MsgId: MMSG-10545]
UC6_DeleteFlight.c(122): web_reg_save_param started  	[MsgId: MMSG-26355]
UC6_DeleteFlight.c(122): Registering web_reg_save_param was successful  	[MsgId: MMSG-26390]
UC6_DeleteFlight.c(129): web_reg_save_param started  	[MsgId: MMSG-26355]
UC6_DeleteFlight.c(129): Registering web_reg_save_param was successful  	[MsgId: MMSG-26390]
UC6_DeleteFlight.c(162): web_submit_form("web_submit_form") started  	[MsgId: MMSG-26355]
UC6_DeleteFlight.c(162): Submitting form to "http://127.0.0.1:1080/cgi-bin/itinerary.pl", Target Frame=""  	[MsgId: MMSG-27978]
UC6_DeleteFlight.c(162): Downloading resource "http://localhost:1080/cgi-bin/itinerary.pl" (specified by argument number 19)  	[MsgId: MMSG-26577]
UC6_DeleteFlight.c(162): Error -26377: No match found for the requested parameter "flights_numbers". Either the specified boundaries were not found in the response or the matched text is longer than current max html parameter size of 256 bytes. The total length of the response is 1819 bytes. You can use "web_set_max_html_param_len" to increase the max parameter size.  	[MsgId: MERR-26377]
UC6_DeleteFlight.c(162): Error -26377: No match found for the requested parameter "flight_id_after". Either the specified boundaries were not found in the response or the matched text is longer than current max html parameter size of 256 bytes. The total length of the response is 1819 bytes. You can use "web_set_max_html_param_len" to increase the max parameter size.  	[MsgId: MERR-26377]
End auto log messages stack.	[MsgId: MMSG-10544]


Start auto log messages stack - Iteration 70.	[MsgId: MMSG-10545]
UC6_DeleteFlight.c(122): web_reg_save_param started  	[MsgId: MMSG-26355]
UC6_DeleteFlight.c(122): Registering web_reg_save_param was successful  	[MsgId: MMSG-26390]
UC6_DeleteFlight.c(129): web_reg_save_param started  	[MsgId: MMSG-26355]
UC6_DeleteFlight.c(129): Registering web_reg_save_param was successful  	[MsgId: MMSG-26390]
UC6_DeleteFlight.c(162): web_submit_form("web_submit_form") started  	[MsgId: MMSG-26355]
UC6_DeleteFlight.c(162): Submitting form to "http://127.0.0.1:1080/cgi-bin/itinerary.pl", Target Frame=""  	[MsgId: MMSG-27978]
UC6_DeleteFlight.c(162): Downloading resource "http://localhost:1080/cgi-bin/itinerary.pl" (specified by argument number 19)  	[MsgId: MMSG-26577]
UC6_DeleteFlight.c(162): Error -26377: No match found for the requested parameter "flights_numbers". Either the specified boundaries were not found in the response or the matched text is longer than current max html parameter size of 256 bytes. The total length of the response is 1819 bytes. You can use "web_set_max_html_param_len" to increase the max parameter size.  	[MsgId: MERR-26377]
UC6_DeleteFlight.c(162): Error -26377: No match found for the requested parameter "flight_id_after". Either the specified boundaries were not found in the response or the matched text is longer than current max html parameter size of 256 bytes. The total length of the response is 1819 bytes. You can use "web_set_max_html_param_len" to increase the max parameter size.  	[MsgId: MERR-26377]
End auto log messages stack.	[MsgId: MMSG-10544]


Start auto log messages stack - Iteration 128.	[MsgId: MMSG-10545]
UC6_DeleteFlight.c(122): web_reg_save_param started  	[MsgId: MMSG-26355]
UC6_DeleteFlight.c(122): Registering web_reg_save_param was successful  	[MsgId: MMSG-26390]
UC6_DeleteFlight.c(129): web_reg_save_param started  	[MsgId: MMSG-26355]
UC6_DeleteFlight.c(129): Registering web_reg_save_param was successful  	[MsgId: MMSG-26390]
UC6_DeleteFlight.c(137): web_submit_form("web_submit_form") started  	[MsgId: MMSG-26355]
UC6_DeleteFlight.c(137): Submitting form to "http://127.0.0.1:1080/cgi-bin/itinerary.pl", Target Frame=""  	[MsgId: MMSG-27978]
UC6_DeleteFlight.c(137): Downloading resource "http://localhost:1080/cgi-bin/itinerary.pl" (specified by argument number 13)  	[MsgId: MMSG-26577]
UC6_DeleteFlight.c(137): Error -26377: No match found for the requested parameter "flights_numbers". Either the specified boundaries were not found in the response or the matched text is longer than current max html parameter size of 256 bytes. The total length of the response is 1819 bytes. You can use "web_set_max_html_param_len" to increase the max parameter size.  	[MsgId: MERR-26377]
UC6_DeleteFlight.c(137): Error -26377: No match found for the requested parameter "flight_id_after". Either the specified boundaries were not found in the response or the matched text is longer than current max html parameter size of 256 bytes. The total length of the response is 1819 bytes. You can use "web_set_max_html_param_len" to increase the max parameter size.  	[MsgId: MERR-26377]
End auto log messages stack.	[MsgId: MMSG-10544]


Start auto log messages stack - Iteration 99.	[MsgId: MMSG-10545]
UC6_DeleteFlight.c(122): web_reg_save_param started  	[MsgId: MMSG-26355]
UC6_DeleteFlight.c(122): Registering web_reg_save_param was successful  	[MsgId: MMSG-26390]
UC6_DeleteFlight.c(129): web_reg_save_param started  	[MsgId: MMSG-26355]
UC6_DeleteFlight.c(129): Registering web_reg_save_param was successful  	[MsgId: MMSG-26390]
UC6_DeleteFlight.c(162): web_submit_form("web_submit_form") started  	[MsgId: MMSG-26355]
UC6_DeleteFlight.c(162): Submitting form to "http://127.0.0.1:1080/cgi-bin/itinerary.pl", Target Frame=""  	[MsgId: MMSG-27978]
UC6_DeleteFlight.c(162): Downloading resource "http://localhost:1080/cgi-bin/itinerary.pl" (specified by argument number 19)  	[MsgId: MMSG-26577]
UC6_DeleteFlight.c(162): Error -26377: No match found for the requested parameter "flights_numbers". Either the specified boundaries were not found in the response or the matched text is longer than current max html parameter size of 256 bytes. The total length of the response is 1819 bytes. You can use "web_set_max_html_param_len" to increase the max parameter size.  	[MsgId: MERR-26377]
UC6_DeleteFlight.c(162): Error -26377: No match found for the requested parameter "flight_id_after". Either the specified boundaries were not found in the response or the matched text is longer than current max html parameter size of 256 bytes. The total length of the response is 1819 bytes. You can use "web_set_max_html_param_len" to increase the max parameter size.  	[MsgId: MERR-26377]
End auto log messages stack.	[MsgId: MMSG-10544]


Start auto log messages stack - Iteration 100.	[MsgId: MMSG-10545]
UC6_DeleteFlight.c(122): web_reg_save_param started  	[MsgId: MMSG-26355]
UC6_DeleteFlight.c(122): Registering web_reg_save_param was successful  	[MsgId: MMSG-26390]
UC6_DeleteFlight.c(129): web_reg_save_param started  	[MsgId: MMSG-26355]
UC6_DeleteFlight.c(129): Registering web_reg_save_param was successful  	[MsgId: MMSG-26390]
UC6_DeleteFlight.c(149): web_submit_form("web_submit_form") started  	[MsgId: MMSG-26355]
UC6_DeleteFlight.c(149): Submitting form to "http://127.0.0.1:1080/cgi-bin/itinerary.pl", Target Frame=""  	[MsgId: MMSG-27978]
UC6_DeleteFlight.c(149): Downloading resource "http://localhost:1080/cgi-bin/itinerary.pl" (specified by argument number 16)  	[MsgId: MMSG-26577]
UC6_DeleteFlight.c(149): Error -26377: No match found for the requested parameter "flights_numbers". Either the specified boundaries were not found in the response or the matched text is longer than current max html parameter size of 256 bytes. The total length of the response is 1819 bytes. You can use "web_set_max_html_param_len" to increase the max parameter size.  	[MsgId: MERR-26377]
UC6_DeleteFlight.c(149): Error -26377: No match found for the requested parameter "flight_id_after". Either the specified boundaries were not found in the response or the matched text is longer than current max html parameter size of 256 bytes. The total length of the response is 1819 bytes. You can use "web_set_max_html_param_len" to increase the max parameter size.  	[MsgId: MERR-26377]
End auto log messages stack.	[MsgId: MMSG-10544]


Start auto log messages stack - Iteration 13.	[MsgId: MMSG-10545]
UC6_DeleteFlight.c(122): web_reg_save_param started  	[MsgId: MMSG-26355]
UC6_DeleteFlight.c(122): Registering web_reg_save_param was successful  	[MsgId: MMSG-26390]
UC6_DeleteFlight.c(129): web_reg_save_param started  	[MsgId: MMSG-26355]
UC6_DeleteFlight.c(129): Registering web_reg_save_param was successful  	[MsgId: MMSG-26390]
UC6_DeleteFlight.c(149): web_submit_form("web_submit_form") started  	[MsgId: MMSG-26355]
UC6_DeleteFlight.c(149): Submitting form to "http://127.0.0.1:1080/cgi-bin/itinerary.pl", Target Frame=""  	[MsgId: MMSG-27978]
UC6_DeleteFlight.c(149): Downloading resource "http://localhost:1080/cgi-bin/itinerary.pl" (specified by argument number 16)  	[MsgId: MMSG-26577]
UC6_DeleteFlight.c(149): Error -26377: No match found for the requested parameter "flights_numbers". Either the specified boundaries were not found in the response or the matched text is longer than current max html parameter size of 256 bytes. The total length of the response is 1819 bytes. You can use "web_set_max_html_param_len" to increase the max parameter size.  	[MsgId: MERR-26377]
UC6_DeleteFlight.c(149): Error -26377: No match found for the requested parameter "flight_id_after". Either the specified boundaries were not found in the response or the matched text is longer than current max html parameter size of 256 bytes. The total length of the response is 1819 bytes. You can use "web_set_max_html_param_len" to increase the max parameter size.  	[MsgId: MERR-26377]
End auto log messages stack.	[MsgId: MMSG-10544]


Start auto log messages stack - Iteration 72.	[MsgId: MMSG-10545]
UC6_DeleteFlight.c(122): web_reg_save_param started  	[MsgId: MMSG-26355]
UC6_DeleteFlight.c(122): Registering web_reg_save_param was successful  	[MsgId: MMSG-26390]
UC6_DeleteFlight.c(129): web_reg_save_param started  	[MsgId: MMSG-26355]
UC6_DeleteFlight.c(129): Registering web_reg_save_param was successful  	[MsgId: MMSG-26390]
UC6_DeleteFlight.c(137): web_submit_form("web_submit_form") started  	[MsgId: MMSG-26355]
UC6_DeleteFlight.c(137): Submitting form to "http://127.0.0.1:1080/cgi-bin/itinerary.pl", Target Frame=""  	[MsgId: MMSG-27978]
UC6_DeleteFlight.c(137): Downloading resource "http://localhost:1080/cgi-bin/itinerary.pl" (specified by argument number 13)  	[MsgId: MMSG-26577]
UC6_DeleteFlight.c(137): Error -26377: No match found for the requested parameter "flights_numbers". Either the specified boundaries were not found in the response or the matched text is longer than current max html parameter size of 256 bytes. The total length of the response is 1819 bytes. You can use "web_set_max_html_param_len" to increase the max parameter size.  	[MsgId: MERR-26377]
UC6_DeleteFlight.c(137): Error -26377: No match found for the requested parameter "flight_id_after". Either the specified boundaries were not found in the response or the matched text is longer than current max html parameter size of 256 bytes. The total length of the response is 1819 bytes. You can use "web_set_max_html_param_len" to increase the max parameter size.  	[MsgId: MERR-26377]
End auto log messages stack.	[MsgId: MMSG-10544]


Start auto log messages stack - Iteration 101.	[MsgId: MMSG-10545]
UC6_DeleteFlight.c(149): Submitting form to "http://127.0.0.1:1080/cgi-bin/itinerary.pl", Target Frame=""  	[MsgId: MMSG-27978]
UC6_DeleteFlight.c(149): Downloading resource "http://localhost:1080/cgi-bin/itinerary.pl" (specified by argument number 16)  	[MsgId: MMSG-26577]
UC6_DeleteFlight.c(149): Resource "http://127.0.0.1:1080/WebTours/images/cancelreservation.gif" is in the cache already and will not be downloaded again  	[MsgId: MMSG-26655]
UC6_DeleteFlight.c(149): Resource "http://127.0.0.1:1080/WebTours/images/cancelallreservations.gif" is in the cache already and will not be downloaded again  	[MsgId: MMSG-26655]
UC6_DeleteFlight.c(149): web_submit_form("web_submit_form") was successful, 206273 body bytes, 512 header bytes, 407 chunking overhead bytes  	[MsgId: MMSG-26385]
UC6_DeleteFlight.c(181): Error: Itinerary not deleted	[MsgId: MERR-17999]
End auto log messages stack.	[MsgId: MMSG-10544]


Start auto log messages stack - Iteration 15.	[MsgId: MMSG-10545]
UC6_DeleteFlight.c(137): Submitting form to "http://127.0.0.1:1080/cgi-bin/itinerary.pl", Target Frame=""  	[MsgId: MMSG-27978]
UC6_DeleteFlight.c(137): Downloading resource "http://localhost:1080/cgi-bin/itinerary.pl" (specified by argument number 13)  	[MsgId: MMSG-26577]
UC6_DeleteFlight.c(137): Resource "http://127.0.0.1:1080/WebTours/images/cancelreservation.gif" is in the cache already and will not be downloaded again  	[MsgId: MMSG-26655]
UC6_DeleteFlight.c(137): Resource "http://127.0.0.1:1080/WebTours/images/cancelallreservations.gif" is in the cache already and will not be downloaded again  	[MsgId: MMSG-26655]
UC6_DeleteFlight.c(137): web_submit_form("web_submit_form") was successful, 158012 body bytes, 512 header bytes, 319 chunking overhead bytes  	[MsgId: MMSG-26385]
UC6_DeleteFlight.c(181): Error: Itinerary not deleted	[MsgId: MERR-17999]
End auto log messages stack.	[MsgId: MMSG-10544]


Start auto log messages stack - Iteration 44.	[MsgId: MMSG-10545]
UC6_DeleteFlight.c(122): web_reg_save_param started  	[MsgId: MMSG-26355]
UC6_DeleteFlight.c(122): Registering web_reg_save_param was successful  	[MsgId: MMSG-26390]
UC6_DeleteFlight.c(129): web_reg_save_param started  	[MsgId: MMSG-26355]
UC6_DeleteFlight.c(129): Registering web_reg_save_param was successful  	[MsgId: MMSG-26390]
UC6_DeleteFlight.c(137): web_submit_form("web_submit_form") started  	[MsgId: MMSG-26355]
UC6_DeleteFlight.c(137): Submitting form to "http://127.0.0.1:1080/cgi-bin/itinerary.pl", Target Frame=""  	[MsgId: MMSG-27978]
UC6_DeleteFlight.c(137): Downloading resource "http://localhost:1080/cgi-bin/itinerary.pl" (specified by argument number 13)  	[MsgId: MMSG-26577]
UC6_DeleteFlight.c(137): Error -26377: No match found for the requested parameter "flights_numbers". Either the specified boundaries were not found in the response or the matched text is longer than current max html parameter size of 256 bytes. The total length of the response is 1819 bytes. You can use "web_set_max_html_param_len" to increase the max parameter size.  	[MsgId: MERR-26377]
UC6_DeleteFlight.c(137): Error -26377: No match found for the requested parameter "flight_id_after". Either the specified boundaries were not found in the response or the matched text is longer than current max html parameter size of 256 bytes. The total length of the response is 1819 bytes. You can use "web_set_max_html_param_len" to increase the max parameter size.  	[MsgId: MERR-26377]
End auto log messages stack.	[MsgId: MMSG-10544]


Start auto log messages stack - Iteration 103.	[MsgId: MMSG-10545]
UC6_DeleteFlight.c(122): web_reg_save_param started  	[MsgId: MMSG-26355]
UC6_DeleteFlight.c(122): Registering web_reg_save_param was successful  	[MsgId: MMSG-26390]
UC6_DeleteFlight.c(129): web_reg_save_param started  	[MsgId: MMSG-26355]
UC6_DeleteFlight.c(129): Registering web_reg_save_param was successful  	[MsgId: MMSG-26390]
UC6_DeleteFlight.c(162): web_submit_form("web_submit_form") started  	[MsgId: MMSG-26355]
UC6_DeleteFlight.c(162): Submitting form to "http://127.0.0.1:1080/cgi-bin/itinerary.pl", Target Frame=""  	[MsgId: MMSG-27978]
UC6_DeleteFlight.c(162): Downloading resource "http://localhost:1080/cgi-bin/itinerary.pl" (specified by argument number 19)  	[MsgId: MMSG-26577]
UC6_DeleteFlight.c(162): Error -26377: No match found for the requested parameter "flights_numbers". Either the specified boundaries were not found in the response or the matched text is longer than current max html parameter size of 256 bytes. The total length of the response is 1819 bytes. You can use "web_set_max_html_param_len" to increase the max parameter size.  	[MsgId: MERR-26377]
UC6_DeleteFlight.c(162): Error -26377: No match found for the requested parameter "flight_id_after". Either the specified boundaries were not found in the response or the matched text is longer than current max html parameter size of 256 bytes. The total length of the response is 1819 bytes. You can use "web_set_max_html_param_len" to increase the max parameter size.  	[MsgId: MERR-26377]
End auto log messages stack.	[MsgId: MMSG-10544]


Start auto log messages stack - Iteration 16.	[MsgId: MMSG-10545]
UC6_DeleteFlight.c(122): web_reg_save_param started  	[MsgId: MMSG-26355]
UC6_DeleteFlight.c(122): Registering web_reg_save_param was successful  	[MsgId: MMSG-26390]
UC6_DeleteFlight.c(129): web_reg_save_param started  	[MsgId: MMSG-26355]
UC6_DeleteFlight.c(129): Registering web_reg_save_param was successful  	[MsgId: MMSG-26390]
UC6_DeleteFlight.c(162): web_submit_form("web_submit_form") started  	[MsgId: MMSG-26355]
UC6_DeleteFlight.c(162): Submitting form to "http://127.0.0.1:1080/cgi-bin/itinerary.pl", Target Frame=""  	[MsgId: MMSG-27978]
UC6_DeleteFlight.c(162): Downloading resource "http://localhost:1080/cgi-bin/itinerary.pl" (specified by argument number 19)  	[MsgId: MMSG-26577]
UC6_DeleteFlight.c(162): Error -26377: No match found for the requested parameter "flights_numbers". Either the specified boundaries were not found in the response or the matched text is longer than current max html parameter size of 256 bytes. The total length of the response is 1819 bytes. You can use "web_set_max_html_param_len" to increase the max parameter size.  	[MsgId: MERR-26377]
UC6_DeleteFlight.c(162): Error -26377: No match found for the requested parameter "flight_id_after". Either the specified boundaries were not found in the response or the matched text is longer than current max html parameter size of 256 bytes. The total length of the response is 1819 bytes. You can use "web_set_max_html_param_len" to increase the max parameter size.  	[MsgId: MERR-26377]
End auto log messages stack.	[MsgId: MMSG-10544]


Start auto log messages stack - Iteration 75.	[MsgId: MMSG-10545]
UC6_DeleteFlight.c(137): Submitting form to "http://127.0.0.1:1080/cgi-bin/itinerary.pl", Target Frame=""  	[MsgId: MMSG-27978]
UC6_DeleteFlight.c(137): Downloading resource "http://localhost:1080/cgi-bin/itinerary.pl" (specified by argument number 13)  	[MsgId: MMSG-26577]
UC6_DeleteFlight.c(137): Resource "http://127.0.0.1:1080/WebTours/images/cancelreservation.gif" is in the cache already and will not be downloaded again  	[MsgId: MMSG-26655]
UC6_DeleteFlight.c(137): Resource "http://127.0.0.1:1080/WebTours/images/cancelallreservations.gif" is in the cache already and will not be downloaded again  	[MsgId: MMSG-26655]
UC6_DeleteFlight.c(137): web_submit_form("web_submit_form") was successful, 121250 body bytes, 512 header bytes, 248 chunking overhead bytes  	[MsgId: MMSG-26385]
UC6_DeleteFlight.c(181): Error: Itinerary not deleted	[MsgId: MERR-17999]
End auto log messages stack.	[MsgId: MMSG-10544]


Start auto log messages stack - Iteration 46.	[MsgId: MMSG-10545]
UC6_DeleteFlight.c(122): web_reg_save_param started  	[MsgId: MMSG-26355]
UC6_DeleteFlight.c(122): Registering web_reg_save_param was successful  	[MsgId: MMSG-26390]
UC6_DeleteFlight.c(129): web_reg_save_param started  	[MsgId: MMSG-26355]
UC6_DeleteFlight.c(129): Registering web_reg_save_param was successful  	[MsgId: MMSG-26390]
UC6_DeleteFlight.c(137): web_submit_form("web_submit_form") started  	[MsgId: MMSG-26355]
UC6_DeleteFlight.c(137): Submitting form to "http://127.0.0.1:1080/cgi-bin/itinerary.pl", Target Frame=""  	[MsgId: MMSG-27978]
UC6_DeleteFlight.c(137): Downloading resource "http://localhost:1080/cgi-bin/itinerary.pl" (specified by argument number 13)  	[MsgId: MMSG-26577]
UC6_DeleteFlight.c(137): Error -26377: No match found for the requested parameter "flights_numbers". Either the specified boundaries were not found in the response or the matched text is longer than current max html parameter size of 256 bytes. The total length of the response is 1819 bytes. You can use "web_set_max_html_param_len" to increase the max parameter size.  	[MsgId: MERR-26377]
UC6_DeleteFlight.c(137): Error -26377: No match found for the requested parameter "flight_id_after". Either the specified boundaries were not found in the response or the matched text is longer than current max html parameter size of 256 bytes. The total length of the response is 1819 bytes. You can use "web_set_max_html_param_len" to increase the max parameter size.  	[MsgId: MERR-26377]
End auto log messages stack.	[MsgId: MMSG-10544]


Start auto log messages stack - Iteration 17.	[MsgId: MMSG-10545]
UC6_DeleteFlight.c(122): web_reg_save_param started  	[MsgId: MMSG-26355]
UC6_DeleteFlight.c(122): Registering web_reg_save_param was successful  	[MsgId: MMSG-26390]
UC6_DeleteFlight.c(129): web_reg_save_param started  	[MsgId: MMSG-26355]
UC6_DeleteFlight.c(129): Registering web_reg_save_param was successful  	[MsgId: MMSG-26390]
UC6_DeleteFlight.c(162): web_submit_form("web_submit_form") started  	[MsgId: MMSG-26355]
UC6_DeleteFlight.c(162): Submitting form to "http://127.0.0.1:1080/cgi-bin/itinerary.pl", Target Frame=""  	[MsgId: MMSG-27978]
UC6_DeleteFlight.c(162): Downloading resource "http://localhost:1080/cgi-bin/itinerary.pl" (specified by argument number 19)  	[MsgId: MMSG-26577]
UC6_DeleteFlight.c(162): Error -26377: No match found for the requested parameter "flights_numbers". Either the specified boundaries were not found in the response or the matched text is longer than current max html parameter size of 256 bytes. The total length of the response is 1819 bytes. You can use "web_set_max_html_param_len" to increase the max parameter size.  	[MsgId: MERR-26377]
UC6_DeleteFlight.c(162): Error -26377: No match found for the requested parameter "flight_id_after". Either the specified boundaries were not found in the response or the matched text is longer than current max html parameter size of 256 bytes. The total length of the response is 1819 bytes. You can use "web_set_max_html_param_len" to increase the max parameter size.  	[MsgId: MERR-26377]
End auto log messages stack.	[MsgId: MMSG-10544]


Start auto log messages stack - Iteration 76.	[MsgId: MMSG-10545]
UC6_DeleteFlight.c(122): web_reg_save_param started  	[MsgId: MMSG-26355]
UC6_DeleteFlight.c(122): Registering web_reg_save_param was successful  	[MsgId: MMSG-26390]
UC6_DeleteFlight.c(129): web_reg_save_param started  	[MsgId: MMSG-26355]
UC6_DeleteFlight.c(129): Registering web_reg_save_param was successful  	[MsgId: MMSG-26390]
UC6_DeleteFlight.c(137): web_submit_form("web_submit_form") started  	[MsgId: MMSG-26355]
UC6_DeleteFlight.c(137): Submitting form to "http://127.0.0.1:1080/cgi-bin/itinerary.pl", Target Frame=""  	[MsgId: MMSG-27978]
UC6_DeleteFlight.c(137): Downloading resource "http://localhost:1080/cgi-bin/itinerary.pl" (specified by argument number 13)  	[MsgId: MMSG-26577]
UC6_DeleteFlight.c(137): Error -26377: No match found for the requested parameter "flights_numbers". Either the specified boundaries were not found in the response or the matched text is longer than current max html parameter size of 256 bytes. The total length of the response is 1819 bytes. You can use "web_set_max_html_param_len" to increase the max parameter size.  	[MsgId: MERR-26377]
UC6_DeleteFlight.c(137): Error -26377: No match found for the requested parameter "flight_id_after". Either the specified boundaries were not found in the response or the matched text is longer than current max html parameter size of 256 bytes. The total length of the response is 1819 bytes. You can use "web_set_max_html_param_len" to increase the max parameter size.  	[MsgId: MERR-26377]
End auto log messages stack.	[MsgId: MMSG-10544]


Start auto log messages stack - Iteration 134.	[MsgId: MMSG-10545]
UC6_DeleteFlight.c(122): web_reg_save_param started  	[MsgId: MMSG-26355]
UC6_DeleteFlight.c(122): Registering web_reg_save_param was successful  	[MsgId: MMSG-26390]
UC6_DeleteFlight.c(129): web_reg_save_param started  	[MsgId: MMSG-26355]
UC6_DeleteFlight.c(129): Registering web_reg_save_param was successful  	[MsgId: MMSG-26390]
UC6_DeleteFlight.c(162): web_submit_form("web_submit_form") started  	[MsgId: MMSG-26355]
UC6_DeleteFlight.c(162): Submitting form to "http://127.0.0.1:1080/cgi-bin/itinerary.pl", Target Frame=""  	[MsgId: MMSG-27978]
UC6_DeleteFlight.c(162): Downloading resource "http://localhost:1080/cgi-bin/itinerary.pl" (specified by argument number 19)  	[MsgId: MMSG-26577]
UC6_DeleteFlight.c(162): Error -26377: No match found for the requested parameter "flights_numbers". Either the specified boundaries were not found in the response or the matched text is longer than current max html parameter size of 256 bytes. The total length of the response is 1819 bytes. You can use "web_set_max_html_param_len" to increase the max parameter size.  	[MsgId: MERR-26377]
UC6_DeleteFlight.c(162): Error -26377: No match found for the requested parameter "flight_id_after". Either the specified boundaries were not found in the response or the matched text is longer than current max html parameter size of 256 bytes. The total length of the response is 1819 bytes. You can use "web_set_max_html_param_len" to increase the max parameter size.  	[MsgId: MERR-26377]
End auto log messages stack.	[MsgId: MMSG-10544]


Start auto log messages stack - Iteration 18.	[MsgId: MMSG-10545]
UC6_DeleteFlight.c(162): Submitting form to "http://127.0.0.1:1080/cgi-bin/itinerary.pl", Target Frame=""  	[MsgId: MMSG-27978]
UC6_DeleteFlight.c(162): Downloading resource "http://localhost:1080/cgi-bin/itinerary.pl" (specified by argument number 19)  	[MsgId: MMSG-26577]
UC6_DeleteFlight.c(162): Resource "http://127.0.0.1:1080/WebTours/images/cancelreservation.gif" is in the cache already and will not be downloaded again  	[MsgId: MMSG-26655]
UC6_DeleteFlight.c(162): Resource "http://127.0.0.1:1080/WebTours/images/cancelallreservations.gif" is in the cache already and will not be downloaded again  	[MsgId: MMSG-26655]
UC6_DeleteFlight.c(162): web_submit_form("web_submit_form") was successful, 163814 body bytes, 512 header bytes, 327 chunking overhead bytes  	[MsgId: MMSG-26385]
UC6_DeleteFlight.c(181): Error: Itinerary not deleted	[MsgId: MERR-17999]
End auto log messages stack.	[MsgId: MMSG-10544]


Start auto log messages stack - Iteration 105.	[MsgId: MMSG-10545]
UC6_DeleteFlight.c(122): web_reg_save_param started  	[MsgId: MMSG-26355]
UC6_DeleteFlight.c(122): Registering web_reg_save_param was successful  	[MsgId: MMSG-26390]
UC6_DeleteFlight.c(129): web_reg_save_param started  	[MsgId: MMSG-26355]
UC6_DeleteFlight.c(129): Registering web_reg_save_param was successful  	[MsgId: MMSG-26390]
UC6_DeleteFlight.c(137): web_submit_form("web_submit_form") started  	[MsgId: MMSG-26355]
UC6_DeleteFlight.c(137): Submitting form to "http://127.0.0.1:1080/cgi-bin/itinerary.pl", Target Frame=""  	[MsgId: MMSG-27978]
UC6_DeleteFlight.c(137): Downloading resource "http://localhost:1080/cgi-bin/itinerary.pl" (specified by argument number 13)  	[MsgId: MMSG-26577]
UC6_DeleteFlight.c(137): Error -26377: No match found for the requested parameter "flights_numbers". Either the specified boundaries were not found in the response or the matched text is longer than current max html parameter size of 256 bytes. The total length of the response is 1819 bytes. You can use "web_set_max_html_param_len" to increase the max parameter size.  	[MsgId: MERR-26377]
UC6_DeleteFlight.c(137): Error -26377: No match found for the requested parameter "flight_id_after". Either the specified boundaries were not found in the response or the matched text is longer than current max html parameter size of 256 bytes. The total length of the response is 1819 bytes. You can use "web_set_max_html_param_len" to increase the max parameter size.  	[MsgId: MERR-26377]
End auto log messages stack.	[MsgId: MMSG-10544]


Start auto log messages stack - Iteration 77.	[MsgId: MMSG-10545]
UC6_DeleteFlight.c(122): web_reg_save_param started  	[MsgId: MMSG-26355]
UC6_DeleteFlight.c(122): Registering web_reg_save_param was successful  	[MsgId: MMSG-26390]
UC6_DeleteFlight.c(129): web_reg_save_param started  	[MsgId: MMSG-26355]
UC6_DeleteFlight.c(129): Registering web_reg_save_param was successful  	[MsgId: MMSG-26390]
UC6_DeleteFlight.c(149): web_submit_form("web_submit_form") started  	[MsgId: MMSG-26355]
UC6_DeleteFlight.c(149): Submitting form to "http://127.0.0.1:1080/cgi-bin/itinerary.pl", Target Frame=""  	[MsgId: MMSG-27978]
UC6_DeleteFlight.c(149): Downloading resource "http://localhost:1080/cgi-bin/itinerary.pl" (specified by argument number 16)  	[MsgId: MMSG-26577]
UC6_DeleteFlight.c(149): Error -26377: No match found for the requested parameter "flights_numbers". Either the specified boundaries were not found in the response or the matched text is longer than current max html parameter size of 256 bytes. The total length of the response is 1819 bytes. You can use "web_set_max_html_param_len" to increase the max parameter size.  	[MsgId: MERR-26377]
UC6_DeleteFlight.c(149): Error -26377: No match found for the requested parameter "flight_id_after". Either the specified boundaries were not found in the response or the matched text is longer than current max html parameter size of 256 bytes. The total length of the response is 1819 bytes. You can use "web_set_max_html_param_len" to increase the max parameter size.  	[MsgId: MERR-26377]
End auto log messages stack.	[MsgId: MMSG-10544]


Start auto log messages stack - Iteration 19.	[MsgId: MMSG-10545]
UC6_DeleteFlight.c(122): web_reg_save_param started  	[MsgId: MMSG-26355]
UC6_DeleteFlight.c(122): Registering web_reg_save_param was successful  	[MsgId: MMSG-26390]
UC6_DeleteFlight.c(129): web_reg_save_param started  	[MsgId: MMSG-26355]
UC6_DeleteFlight.c(129): Registering web_reg_save_param was successful  	[MsgId: MMSG-26390]
UC6_DeleteFlight.c(162): web_submit_form("web_submit_form") started  	[MsgId: MMSG-26355]
UC6_DeleteFlight.c(162): Submitting form to "http://127.0.0.1:1080/cgi-bin/itinerary.pl", Target Frame=""  	[MsgId: MMSG-27978]
UC6_DeleteFlight.c(162): Downloading resource "http://localhost:1080/cgi-bin/itinerary.pl" (specified by argument number 19)  	[MsgId: MMSG-26577]
UC6_DeleteFlight.c(162): Error -26377: No match found for the requested parameter "flights_numbers". Either the specified boundaries were not found in the response or the matched text is longer than current max html parameter size of 256 bytes. The total length of the response is 1819 bytes. You can use "web_set_max_html_param_len" to increase the max parameter size.  	[MsgId: MERR-26377]
UC6_DeleteFlight.c(162): Error -26377: No match found for the requested parameter "flight_id_after". Either the specified boundaries were not found in the response or the matched text is longer than current max html parameter size of 256 bytes. The total length of the response is 1819 bytes. You can use "web_set_max_html_param_len" to increase the max parameter size.  	[MsgId: MERR-26377]
End auto log messages stack.	[MsgId: MMSG-10544]


