Start auto log messages stack - Iteration 7.	[MsgId: MMSG-10545]
UC6_DeleteFlight.c(106): web_reg_save_param started  	[MsgId: MMSG-26355]
UC6_DeleteFlight.c(106): Registering web_reg_save_param was successful  	[MsgId: MMSG-26390]
UC6_DeleteFlight.c(113): web_reg_save_param started  	[MsgId: MMSG-26355]
UC6_DeleteFlight.c(113): Registering web_reg_save_param was successful  	[MsgId: MMSG-26390]
UC6_DeleteFlight.c(133): web_submit_form("web_submit_form") started  	[MsgId: MMSG-26355]
UC6_DeleteFlight.c(133): Submitting form to "http://127.0.0.1:1080/cgi-bin/itinerary.pl", Target Frame=""  	[MsgId: MMSG-27978]
UC6_DeleteFlight.c(133): Downloading resource "http://localhost:1080/cgi-bin/itinerary.pl" (specified by argument number 16)  	[MsgId: MMSG-26577]
UC6_DeleteFlight.c(133): Error -26377: No match found for the requested parameter "flights_numbers". Either the specified boundaries were not found in the response or the matched text is longer than current max html parameter size of 256 bytes. The total length of the response is 1819 bytes. You can use "web_set_max_html_param_len" to increase the max parameter size.  	[MsgId: MERR-26377]
UC6_DeleteFlight.c(133): Error -26377: No match found for the requested parameter "flight_id_after". Either the specified boundaries were not found in the response or the matched text is longer than current max html parameter size of 256 bytes. The total length of the response is 1819 bytes. You can use "web_set_max_html_param_len" to increase the max parameter size.  	[MsgId: MERR-26377]
End auto log messages stack.	[MsgId: MMSG-10544]


Start auto log messages stack - Iteration 1.	[MsgId: MMSG-10545]
UC6_DeleteFlight.c(106): web_reg_save_param started  	[MsgId: MMSG-26355]
UC6_DeleteFlight.c(106): Registering web_reg_save_param was successful  	[MsgId: MMSG-26390]
UC6_DeleteFlight.c(113): web_reg_save_param started  	[MsgId: MMSG-26355]
UC6_DeleteFlight.c(113): Registering web_reg_save_param was successful  	[MsgId: MMSG-26390]
UC6_DeleteFlight.c(133): web_submit_form("web_submit_form") started  	[MsgId: MMSG-26355]
UC6_DeleteFlight.c(133): Submitting form to "http://127.0.0.1:1080/cgi-bin/itinerary.pl", Target Frame=""  	[MsgId: MMSG-27978]
UC6_DeleteFlight.c(133): Downloading resource "http://localhost:1080/cgi-bin/itinerary.pl" (specified by argument number 16)  	[MsgId: MMSG-26577]
UC6_DeleteFlight.c(133): Error -26377: No match found for the requested parameter "flights_numbers". Either the specified boundaries were not found in the response or the matched text is longer than current max html parameter size of 256 bytes. The total length of the response is 1819 bytes. You can use "web_set_max_html_param_len" to increase the max parameter size.  	[MsgId: MERR-26377]
UC6_DeleteFlight.c(133): Error -26377: No match found for the requested parameter "flight_id_after". Either the specified boundaries were not found in the response or the matched text is longer than current max html parameter size of 256 bytes. The total length of the response is 1819 bytes. You can use "web_set_max_html_param_len" to increase the max parameter size.  	[MsgId: MERR-26377]
End auto log messages stack.	[MsgId: MMSG-10544]


Start auto log messages stack - Iteration 35.	[MsgId: MMSG-10545]
UC6_DeleteFlight.c(121): Submitting form to "http://127.0.0.1:1080/cgi-bin/itinerary.pl", Target Frame=""  	[MsgId: MMSG-27978]
UC6_DeleteFlight.c(121): Downloading resource "http://localhost:1080/cgi-bin/itinerary.pl" (specified by argument number 13)  	[MsgId: MMSG-26577]
UC6_DeleteFlight.c(121): Resource "http://127.0.0.1:1080/WebTours/images/cancelreservation.gif" is in the cache already and will not be downloaded again  	[MsgId: MMSG-26655]
UC6_DeleteFlight.c(121): Resource "http://127.0.0.1:1080/WebTours/images/cancelallreservations.gif" is in the cache already and will not be downloaded again  	[MsgId: MMSG-26655]
UC6_DeleteFlight.c(121): web_submit_form("web_submit_form") was successful, 135918 body bytes, 512 header bytes, 279 chunking overhead bytes  	[MsgId: MMSG-26385]
UC6_DeleteFlight.c(164): Error: Itinerary not deleted	[MsgId: MERR-17999]
End auto log messages stack.	[MsgId: MMSG-10544]


Start auto log messages stack - Iteration 7.	[MsgId: MMSG-10545]
UC6_DeleteFlight.c(106): web_reg_save_param started  	[MsgId: MMSG-26355]
UC6_DeleteFlight.c(106): Registering web_reg_save_param was successful  	[MsgId: MMSG-26390]
UC6_DeleteFlight.c(113): web_reg_save_param started  	[MsgId: MMSG-26355]
UC6_DeleteFlight.c(113): Registering web_reg_save_param was successful  	[MsgId: MMSG-26390]
UC6_DeleteFlight.c(121): web_submit_form("web_submit_form") started  	[MsgId: MMSG-26355]
UC6_DeleteFlight.c(121): Submitting form to "http://127.0.0.1:1080/cgi-bin/itinerary.pl", Target Frame=""  	[MsgId: MMSG-27978]
UC6_DeleteFlight.c(121): Downloading resource "http://localhost:1080/cgi-bin/itinerary.pl" (specified by argument number 13)  	[MsgId: MMSG-26577]
UC6_DeleteFlight.c(121): Error -26377: No match found for the requested parameter "flights_numbers". Either the specified boundaries were not found in the response or the matched text is longer than current max html parameter size of 256 bytes. The total length of the response is 1819 bytes. You can use "web_set_max_html_param_len" to increase the max parameter size.  	[MsgId: MERR-26377]
UC6_DeleteFlight.c(121): Error -26377: No match found for the requested parameter "flight_id_after". Either the specified boundaries were not found in the response or the matched text is longer than current max html parameter size of 256 bytes. The total length of the response is 1819 bytes. You can use "web_set_max_html_param_len" to increase the max parameter size.  	[MsgId: MERR-26377]
End auto log messages stack.	[MsgId: MMSG-10544]


Start auto log messages stack - Iteration 12.	[MsgId: MMSG-10545]
UC6_DeleteFlight.c(121): Submitting form to "http://127.0.0.1:1080/cgi-bin/itinerary.pl", Target Frame=""  	[MsgId: MMSG-27978]
UC6_DeleteFlight.c(121): Downloading resource "http://localhost:1080/cgi-bin/itinerary.pl" (specified by argument number 13)  	[MsgId: MMSG-26577]
UC6_DeleteFlight.c(121): Resource "http://127.0.0.1:1080/WebTours/images/cancelreservation.gif" is in the cache already and will not be downloaded again  	[MsgId: MMSG-26655]
UC6_DeleteFlight.c(121): Resource "http://127.0.0.1:1080/WebTours/images/cancelallreservations.gif" is in the cache already and will not be downloaded again  	[MsgId: MMSG-26655]
UC6_DeleteFlight.c(121): web_submit_form("web_submit_form") was successful, 92785 body bytes, 512 header bytes, 192 chunking overhead bytes  	[MsgId: MMSG-26385]
UC6_DeleteFlight.c(164): Error: Itinerary not deleted	[MsgId: MERR-17999]
End auto log messages stack.	[MsgId: MMSG-10544]


Start auto log messages stack - Iteration 44.	[MsgId: MMSG-10545]
UC6_DeleteFlight.c(146): Submitting form to "http://127.0.0.1:1080/cgi-bin/itinerary.pl", Target Frame=""  	[MsgId: MMSG-27978]
UC6_DeleteFlight.c(146): Downloading resource "http://localhost:1080/cgi-bin/itinerary.pl" (specified by argument number 19)  	[MsgId: MMSG-26577]
UC6_DeleteFlight.c(146): Resource "http://127.0.0.1:1080/WebTours/images/cancelreservation.gif" is in the cache already and will not be downloaded again  	[MsgId: MMSG-26655]
UC6_DeleteFlight.c(146): Resource "http://127.0.0.1:1080/WebTours/images/cancelallreservations.gif" is in the cache already and will not be downloaded again  	[MsgId: MMSG-26655]
UC6_DeleteFlight.c(146): web_submit_form("web_submit_form") was successful, 69943 body bytes, 512 header bytes, 151 chunking overhead bytes  	[MsgId: MMSG-26385]
UC6_DeleteFlight.c(164): Error: Itinerary not deleted	[MsgId: MERR-17999]
End auto log messages stack.	[MsgId: MMSG-10544]


Start auto log messages stack - Iteration 15.	[MsgId: MMSG-10545]
UC6_DeleteFlight.c(106): web_reg_save_param started  	[MsgId: MMSG-26355]
UC6_DeleteFlight.c(106): Registering web_reg_save_param was successful  	[MsgId: MMSG-26390]
UC6_DeleteFlight.c(113): web_reg_save_param started  	[MsgId: MMSG-26355]
UC6_DeleteFlight.c(113): Registering web_reg_save_param was successful  	[MsgId: MMSG-26390]
UC6_DeleteFlight.c(146): web_submit_form("web_submit_form") started  	[MsgId: MMSG-26355]
UC6_DeleteFlight.c(146): Submitting form to "http://127.0.0.1:1080/cgi-bin/itinerary.pl", Target Frame=""  	[MsgId: MMSG-27978]
UC6_DeleteFlight.c(146): Downloading resource "http://localhost:1080/cgi-bin/itinerary.pl" (specified by argument number 19)  	[MsgId: MMSG-26577]
UC6_DeleteFlight.c(146): Error -26377: No match found for the requested parameter "flights_numbers". Either the specified boundaries were not found in the response or the matched text is longer than current max html parameter size of 256 bytes. The total length of the response is 1819 bytes. You can use "web_set_max_html_param_len" to increase the max parameter size.  	[MsgId: MERR-26377]
UC6_DeleteFlight.c(146): Error -26377: No match found for the requested parameter "flight_id_after". Either the specified boundaries were not found in the response or the matched text is longer than current max html parameter size of 256 bytes. The total length of the response is 1819 bytes. You can use "web_set_max_html_param_len" to increase the max parameter size.  	[MsgId: MERR-26377]
End auto log messages stack.	[MsgId: MMSG-10544]


Start auto log messages stack - Iteration 46.	[MsgId: MMSG-10545]
UC6_DeleteFlight.c(106): web_reg_save_param started  	[MsgId: MMSG-26355]
UC6_DeleteFlight.c(106): Registering web_reg_save_param was successful  	[MsgId: MMSG-26390]
UC6_DeleteFlight.c(113): web_reg_save_param started  	[MsgId: MMSG-26355]
UC6_DeleteFlight.c(113): Registering web_reg_save_param was successful  	[MsgId: MMSG-26390]
UC6_DeleteFlight.c(121): web_submit_form("web_submit_form") started  	[MsgId: MMSG-26355]
UC6_DeleteFlight.c(121): Submitting form to "http://127.0.0.1:1080/cgi-bin/itinerary.pl", Target Frame=""  	[MsgId: MMSG-27978]
UC6_DeleteFlight.c(121): Downloading resource "http://localhost:1080/cgi-bin/itinerary.pl" (specified by argument number 13)  	[MsgId: MMSG-26577]
UC6_DeleteFlight.c(121): Error -26377: No match found for the requested parameter "flights_numbers". Either the specified boundaries were not found in the response or the matched text is longer than current max html parameter size of 256 bytes. The total length of the response is 1819 bytes. You can use "web_set_max_html_param_len" to increase the max parameter size.  	[MsgId: MERR-26377]
UC6_DeleteFlight.c(121): Error -26377: No match found for the requested parameter "flight_id_after". Either the specified boundaries were not found in the response or the matched text is longer than current max html parameter size of 256 bytes. The total length of the response is 1819 bytes. You can use "web_set_max_html_param_len" to increase the max parameter size.  	[MsgId: MERR-26377]
End auto log messages stack.	[MsgId: MMSG-10544]


Start auto log messages stack - Iteration 23.	[MsgId: MMSG-10545]
UC6_DeleteFlight.c(121): Submitting form to "http://127.0.0.1:1080/cgi-bin/itinerary.pl", Target Frame=""  	[MsgId: MMSG-27978]
UC6_DeleteFlight.c(121): Downloading resource "http://localhost:1080/cgi-bin/itinerary.pl" (specified by argument number 13)  	[MsgId: MMSG-26577]
UC6_DeleteFlight.c(121): Resource "http://127.0.0.1:1080/WebTours/images/cancelreservation.gif" is in the cache already and will not be downloaded again  	[MsgId: MMSG-26655]
UC6_DeleteFlight.c(121): Resource "http://127.0.0.1:1080/WebTours/images/cancelallreservations.gif" is in the cache already and will not be downloaded again  	[MsgId: MMSG-26655]
UC6_DeleteFlight.c(121): web_submit_form("web_submit_form") was successful, 95080 body bytes, 512 header bytes, 192 chunking overhead bytes  	[MsgId: MMSG-26385]
UC6_DeleteFlight.c(164): Error: Itinerary not deleted	[MsgId: MERR-17999]
End auto log messages stack.	[MsgId: MMSG-10544]


Start auto log messages stack - Iteration 24.	[MsgId: MMSG-10545]
UC6_DeleteFlight.c(133): Submitting form to "http://127.0.0.1:1080/cgi-bin/itinerary.pl", Target Frame=""  	[MsgId: MMSG-27978]
UC6_DeleteFlight.c(133): Downloading resource "http://localhost:1080/cgi-bin/itinerary.pl" (specified by argument number 16)  	[MsgId: MMSG-26577]
UC6_DeleteFlight.c(133): Resource "http://127.0.0.1:1080/WebTours/images/cancelreservation.gif" is in the cache already and will not be downloaded again  	[MsgId: MMSG-26655]
UC6_DeleteFlight.c(133): Resource "http://127.0.0.1:1080/WebTours/images/cancelallreservations.gif" is in the cache already and will not be downloaded again  	[MsgId: MMSG-26655]
UC6_DeleteFlight.c(133): web_submit_form("web_submit_form") was successful, 135900 body bytes, 512 header bytes, 272 chunking overhead bytes  	[MsgId: MMSG-26385]
UC6_DeleteFlight.c(164): Error: Itinerary not deleted	[MsgId: MERR-17999]
End auto log messages stack.	[MsgId: MMSG-10544]


Start auto log messages stack - Iteration 54.	[MsgId: MMSG-10545]
UC6_DeleteFlight.c(106): web_reg_save_param started  	[MsgId: MMSG-26355]
UC6_DeleteFlight.c(106): Registering web_reg_save_param was successful  	[MsgId: MMSG-26390]
UC6_DeleteFlight.c(113): web_reg_save_param started  	[MsgId: MMSG-26355]
UC6_DeleteFlight.c(113): Registering web_reg_save_param was successful  	[MsgId: MMSG-26390]
UC6_DeleteFlight.c(121): web_submit_form("web_submit_form") started  	[MsgId: MMSG-26355]
UC6_DeleteFlight.c(121): Submitting form to "http://127.0.0.1:1080/cgi-bin/itinerary.pl", Target Frame=""  	[MsgId: MMSG-27978]
UC6_DeleteFlight.c(121): Downloading resource "http://localhost:1080/cgi-bin/itinerary.pl" (specified by argument number 13)  	[MsgId: MMSG-26577]
UC6_DeleteFlight.c(121): Error -26377: No match found for the requested parameter "flights_numbers". Either the specified boundaries were not found in the response or the matched text is longer than current max html parameter size of 256 bytes. The total length of the response is 1819 bytes. You can use "web_set_max_html_param_len" to increase the max parameter size.  	[MsgId: MERR-26377]
UC6_DeleteFlight.c(121): Error -26377: No match found for the requested parameter "flight_id_after". Either the specified boundaries were not found in the response or the matched text is longer than current max html parameter size of 256 bytes. The total length of the response is 1819 bytes. You can use "web_set_max_html_param_len" to increase the max parameter size.  	[MsgId: MERR-26377]
End auto log messages stack.	[MsgId: MMSG-10544]


Start auto log messages stack - Iteration 1.	[MsgId: MMSG-10545]
UC6_DeleteFlight.c(106): web_reg_save_param started  	[MsgId: MMSG-26355]
UC6_DeleteFlight.c(106): Registering web_reg_save_param was successful  	[MsgId: MMSG-26390]
UC6_DeleteFlight.c(113): web_reg_save_param started  	[MsgId: MMSG-26355]
UC6_DeleteFlight.c(113): Registering web_reg_save_param was successful  	[MsgId: MMSG-26390]
UC6_DeleteFlight.c(121): web_submit_form("web_submit_form") started  	[MsgId: MMSG-26355]
UC6_DeleteFlight.c(121): Submitting form to "http://127.0.0.1:1080/cgi-bin/itinerary.pl", Target Frame=""  	[MsgId: MMSG-27978]
UC6_DeleteFlight.c(121): Downloading resource "http://localhost:1080/cgi-bin/itinerary.pl" (specified by argument number 13)  	[MsgId: MMSG-26577]
UC6_DeleteFlight.c(121): Error -26377: No match found for the requested parameter "flights_numbers". Either the specified boundaries were not found in the response or the matched text is longer than current max html parameter size of 256 bytes. The total length of the response is 1819 bytes. You can use "web_set_max_html_param_len" to increase the max parameter size.  	[MsgId: MERR-26377]
UC6_DeleteFlight.c(121): Error -26377: No match found for the requested parameter "flight_id_after". Either the specified boundaries were not found in the response or the matched text is longer than current max html parameter size of 256 bytes. The total length of the response is 1819 bytes. You can use "web_set_max_html_param_len" to increase the max parameter size.  	[MsgId: MERR-26377]
End auto log messages stack.	[MsgId: MMSG-10544]


Start auto log messages stack - Iteration 60.	[MsgId: MMSG-10545]
UC6_DeleteFlight.c(106): web_reg_save_param started  	[MsgId: MMSG-26355]
UC6_DeleteFlight.c(106): Registering web_reg_save_param was successful  	[MsgId: MMSG-26390]
UC6_DeleteFlight.c(113): web_reg_save_param started  	[MsgId: MMSG-26355]
UC6_DeleteFlight.c(113): Registering web_reg_save_param was successful  	[MsgId: MMSG-26390]
UC6_DeleteFlight.c(133): web_submit_form("web_submit_form") started  	[MsgId: MMSG-26355]
UC6_DeleteFlight.c(133): Submitting form to "http://127.0.0.1:1080/cgi-bin/itinerary.pl", Target Frame=""  	[MsgId: MMSG-27978]
UC6_DeleteFlight.c(133): Downloading resource "http://localhost:1080/cgi-bin/itinerary.pl" (specified by argument number 16)  	[MsgId: MMSG-26577]
UC6_DeleteFlight.c(133): Error -26377: No match found for the requested parameter "flights_numbers". Either the specified boundaries were not found in the response or the matched text is longer than current max html parameter size of 256 bytes. The total length of the response is 1819 bytes. You can use "web_set_max_html_param_len" to increase the max parameter size.  	[MsgId: MERR-26377]
UC6_DeleteFlight.c(133): Error -26377: No match found for the requested parameter "flight_id_after". Either the specified boundaries were not found in the response or the matched text is longer than current max html parameter size of 256 bytes. The total length of the response is 1819 bytes. You can use "web_set_max_html_param_len" to increase the max parameter size.  	[MsgId: MERR-26377]
End auto log messages stack.	[MsgId: MMSG-10544]


Start auto log messages stack - Iteration 7.	[MsgId: MMSG-10545]
UC6_DeleteFlight.c(106): web_reg_save_param started  	[MsgId: MMSG-26355]
UC6_DeleteFlight.c(106): Registering web_reg_save_param was successful  	[MsgId: MMSG-26390]
UC6_DeleteFlight.c(113): web_reg_save_param started  	[MsgId: MMSG-26355]
UC6_DeleteFlight.c(113): Registering web_reg_save_param was successful  	[MsgId: MMSG-26390]
UC6_DeleteFlight.c(133): web_submit_form("web_submit_form") started  	[MsgId: MMSG-26355]
UC6_DeleteFlight.c(133): Submitting form to "http://127.0.0.1:1080/cgi-bin/itinerary.pl", Target Frame=""  	[MsgId: MMSG-27978]
UC6_DeleteFlight.c(133): Downloading resource "http://localhost:1080/cgi-bin/itinerary.pl" (specified by argument number 16)  	[MsgId: MMSG-26577]
UC6_DeleteFlight.c(133): Error -26377: No match found for the requested parameter "flights_numbers". Either the specified boundaries were not found in the response or the matched text is longer than current max html parameter size of 256 bytes. The total length of the response is 1819 bytes. You can use "web_set_max_html_param_len" to increase the max parameter size.  	[MsgId: MERR-26377]
UC6_DeleteFlight.c(133): Error -26377: No match found for the requested parameter "flight_id_after". Either the specified boundaries were not found in the response or the matched text is longer than current max html parameter size of 256 bytes. The total length of the response is 1819 bytes. You can use "web_set_max_html_param_len" to increase the max parameter size.  	[MsgId: MERR-26377]
End auto log messages stack.	[MsgId: MMSG-10544]


Start auto log messages stack - Iteration 38.	[MsgId: MMSG-10545]
UC6_DeleteFlight.c(133): Submitting form to "http://127.0.0.1:1080/cgi-bin/itinerary.pl", Target Frame=""  	[MsgId: MMSG-27978]
UC6_DeleteFlight.c(133): Downloading resource "http://localhost:1080/cgi-bin/itinerary.pl" (specified by argument number 16)  	[MsgId: MMSG-26577]
UC6_DeleteFlight.c(133): Resource "http://127.0.0.1:1080/WebTours/images/cancelreservation.gif" is in the cache already and will not be downloaded again  	[MsgId: MMSG-26655]
UC6_DeleteFlight.c(133): Resource "http://127.0.0.1:1080/WebTours/images/cancelallreservations.gif" is in the cache already and will not be downloaded again  	[MsgId: MMSG-26655]
UC6_DeleteFlight.c(133): web_submit_form("web_submit_form") was successful, 78988 body bytes, 512 header bytes, 175 chunking overhead bytes  	[MsgId: MMSG-26385]
UC6_DeleteFlight.c(164): Error: Itinerary not deleted	[MsgId: MERR-17999]
End auto log messages stack.	[MsgId: MMSG-10544]


Start auto log messages stack - Iteration 15.	[MsgId: MMSG-10545]
UC6_DeleteFlight.c(106): web_reg_save_param started  	[MsgId: MMSG-26355]
UC6_DeleteFlight.c(106): Registering web_reg_save_param was successful  	[MsgId: MMSG-26390]
UC6_DeleteFlight.c(113): web_reg_save_param started  	[MsgId: MMSG-26355]
UC6_DeleteFlight.c(113): Registering web_reg_save_param was successful  	[MsgId: MMSG-26390]
UC6_DeleteFlight.c(121): web_submit_form("web_submit_form") started  	[MsgId: MMSG-26355]
UC6_DeleteFlight.c(121): Submitting form to "http://127.0.0.1:1080/cgi-bin/itinerary.pl", Target Frame=""  	[MsgId: MMSG-27978]
UC6_DeleteFlight.c(121): Downloading resource "http://localhost:1080/cgi-bin/itinerary.pl" (specified by argument number 13)  	[MsgId: MMSG-26577]
UC6_DeleteFlight.c(121): Error -26377: No match found for the requested parameter "flights_numbers". Either the specified boundaries were not found in the response or the matched text is longer than current max html parameter size of 256 bytes. The total length of the response is 1819 bytes. You can use "web_set_max_html_param_len" to increase the max parameter size.  	[MsgId: MERR-26377]
UC6_DeleteFlight.c(121): Error -26377: No match found for the requested parameter "flight_id_after". Either the specified boundaries were not found in the response or the matched text is longer than current max html parameter size of 256 bytes. The total length of the response is 1819 bytes. You can use "web_set_max_html_param_len" to increase the max parameter size.  	[MsgId: MERR-26377]
End auto log messages stack.	[MsgId: MMSG-10544]


Start auto log messages stack - Iteration 46.	[MsgId: MMSG-10545]
UC6_DeleteFlight.c(106): web_reg_save_param started  	[MsgId: MMSG-26355]
UC6_DeleteFlight.c(106): Registering web_reg_save_param was successful  	[MsgId: MMSG-26390]
UC6_DeleteFlight.c(113): web_reg_save_param started  	[MsgId: MMSG-26355]
UC6_DeleteFlight.c(113): Registering web_reg_save_param was successful  	[MsgId: MMSG-26390]
UC6_DeleteFlight.c(146): web_submit_form("web_submit_form") started  	[MsgId: MMSG-26355]
UC6_DeleteFlight.c(146): Submitting form to "http://127.0.0.1:1080/cgi-bin/itinerary.pl", Target Frame=""  	[MsgId: MMSG-27978]
UC6_DeleteFlight.c(146): Downloading resource "http://localhost:1080/cgi-bin/itinerary.pl" (specified by argument number 19)  	[MsgId: MMSG-26577]
UC6_DeleteFlight.c(146): Error -26377: No match found for the requested parameter "flights_numbers". Either the specified boundaries were not found in the response or the matched text is longer than current max html parameter size of 256 bytes. The total length of the response is 1819 bytes. You can use "web_set_max_html_param_len" to increase the max parameter size.  	[MsgId: MERR-26377]
UC6_DeleteFlight.c(146): Error -26377: No match found for the requested parameter "flight_id_after". Either the specified boundaries were not found in the response or the matched text is longer than current max html parameter size of 256 bytes. The total length of the response is 1819 bytes. You can use "web_set_max_html_param_len" to increase the max parameter size.  	[MsgId: MERR-26377]
End auto log messages stack.	[MsgId: MMSG-10544]


Start auto log messages stack - Iteration 21.	[MsgId: MMSG-10545]
UC6_DeleteFlight.c(106): web_reg_save_param started  	[MsgId: MMSG-26355]
UC6_DeleteFlight.c(106): Registering web_reg_save_param was successful  	[MsgId: MMSG-26390]
UC6_DeleteFlight.c(113): web_reg_save_param started  	[MsgId: MMSG-26355]
UC6_DeleteFlight.c(113): Registering web_reg_save_param was successful  	[MsgId: MMSG-26390]
UC6_DeleteFlight.c(133): web_submit_form("web_submit_form") started  	[MsgId: MMSG-26355]
UC6_DeleteFlight.c(133): Submitting form to "http://127.0.0.1:1080/cgi-bin/itinerary.pl", Target Frame=""  	[MsgId: MMSG-27978]
UC6_DeleteFlight.c(133): Downloading resource "http://localhost:1080/cgi-bin/itinerary.pl" (specified by argument number 16)  	[MsgId: MMSG-26577]
UC6_DeleteFlight.c(133): Error -26377: No match found for the requested parameter "flights_numbers". Either the specified boundaries were not found in the response or the matched text is longer than current max html parameter size of 256 bytes. The total length of the response is 1819 bytes. You can use "web_set_max_html_param_len" to increase the max parameter size.  	[MsgId: MERR-26377]
UC6_DeleteFlight.c(133): Error -26377: No match found for the requested parameter "flight_id_after". Either the specified boundaries were not found in the response or the matched text is longer than current max html parameter size of 256 bytes. The total length of the response is 1819 bytes. You can use "web_set_max_html_param_len" to increase the max parameter size.  	[MsgId: MERR-26377]
End auto log messages stack.	[MsgId: MMSG-10544]


Start auto log messages stack - Iteration 85.	[MsgId: MMSG-10545]
UC6_DeleteFlight.c(146): Submitting form to "http://127.0.0.1:1080/cgi-bin/itinerary.pl", Target Frame=""  	[MsgId: MMSG-27978]
UC6_DeleteFlight.c(146): Downloading resource "http://localhost:1080/cgi-bin/itinerary.pl" (specified by argument number 19)  	[MsgId: MMSG-26577]
UC6_DeleteFlight.c(146): Resource "http://127.0.0.1:1080/WebTours/images/cancelreservation.gif" is in the cache already and will not be downloaded again  	[MsgId: MMSG-26655]
UC6_DeleteFlight.c(146): Resource "http://127.0.0.1:1080/WebTours/images/cancelallreservations.gif" is in the cache already and will not be downloaded again  	[MsgId: MMSG-26655]
UC6_DeleteFlight.c(146): web_submit_form("web_submit_form") was successful, 53786 body bytes, 512 header bytes, 119 chunking overhead bytes  	[MsgId: MMSG-26385]
UC6_DeleteFlight.c(164): Error: Itinerary not deleted	[MsgId: MERR-17999]
End auto log messages stack.	[MsgId: MMSG-10544]


Start auto log messages stack - Iteration 1.	[MsgId: MMSG-10545]
UC6_DeleteFlight.c(106): web_reg_save_param started  	[MsgId: MMSG-26355]
UC6_DeleteFlight.c(106): Registering web_reg_save_param was successful  	[MsgId: MMSG-26390]
UC6_DeleteFlight.c(113): web_reg_save_param started  	[MsgId: MMSG-26355]
UC6_DeleteFlight.c(113): Registering web_reg_save_param was successful  	[MsgId: MMSG-26390]
UC6_DeleteFlight.c(146): web_submit_form("web_submit_form") started  	[MsgId: MMSG-26355]
UC6_DeleteFlight.c(146): Submitting form to "http://127.0.0.1:1080/cgi-bin/itinerary.pl", Target Frame=""  	[MsgId: MMSG-27978]
UC6_DeleteFlight.c(146): Downloading resource "http://localhost:1080/cgi-bin/itinerary.pl" (specified by argument number 19)  	[MsgId: MMSG-26577]
UC6_DeleteFlight.c(146): Error -26377: No match found for the requested parameter "flights_numbers". Either the specified boundaries were not found in the response or the matched text is longer than current max html parameter size of 256 bytes. The total length of the response is 1819 bytes. You can use "web_set_max_html_param_len" to increase the max parameter size.  	[MsgId: MERR-26377]
UC6_DeleteFlight.c(146): Error -26377: No match found for the requested parameter "flight_id_after". Either the specified boundaries were not found in the response or the matched text is longer than current max html parameter size of 256 bytes. The total length of the response is 1819 bytes. You can use "web_set_max_html_param_len" to increase the max parameter size.  	[MsgId: MERR-26377]
End auto log messages stack.	[MsgId: MMSG-10544]


Start auto log messages stack - Iteration 60.	[MsgId: MMSG-10545]
UC6_DeleteFlight.c(106): web_reg_save_param started  	[MsgId: MMSG-26355]
UC6_DeleteFlight.c(106): Registering web_reg_save_param was successful  	[MsgId: MMSG-26390]
UC6_DeleteFlight.c(113): web_reg_save_param started  	[MsgId: MMSG-26355]
UC6_DeleteFlight.c(113): Registering web_reg_save_param was successful  	[MsgId: MMSG-26390]
UC6_DeleteFlight.c(133): web_submit_form("web_submit_form") started  	[MsgId: MMSG-26355]
UC6_DeleteFlight.c(133): Submitting form to "http://127.0.0.1:1080/cgi-bin/itinerary.pl", Target Frame=""  	[MsgId: MMSG-27978]
UC6_DeleteFlight.c(133): Downloading resource "http://localhost:1080/cgi-bin/itinerary.pl" (specified by argument number 16)  	[MsgId: MMSG-26577]
UC6_DeleteFlight.c(133): Error -26377: No match found for the requested parameter "flights_numbers". Either the specified boundaries were not found in the response or the matched text is longer than current max html parameter size of 256 bytes. The total length of the response is 1819 bytes. You can use "web_set_max_html_param_len" to increase the max parameter size.  	[MsgId: MERR-26377]
UC6_DeleteFlight.c(133): Error -26377: No match found for the requested parameter "flight_id_after". Either the specified boundaries were not found in the response or the matched text is longer than current max html parameter size of 256 bytes. The total length of the response is 1819 bytes. You can use "web_set_max_html_param_len" to increase the max parameter size.  	[MsgId: MERR-26377]
End auto log messages stack.	[MsgId: MMSG-10544]


Start auto log messages stack - Iteration 6.	[MsgId: MMSG-10545]
UC6_DeleteFlight.c(133): Submitting form to "http://127.0.0.1:1080/cgi-bin/itinerary.pl", Target Frame=""  	[MsgId: MMSG-27978]
UC6_DeleteFlight.c(133): Downloading resource "http://localhost:1080/cgi-bin/itinerary.pl" (specified by argument number 16)  	[MsgId: MMSG-26577]
UC6_DeleteFlight.c(133): Resource "http://127.0.0.1:1080/WebTours/images/cancelreservation.gif" is in the cache already and will not be downloaded again  	[MsgId: MMSG-26655]
UC6_DeleteFlight.c(133): Resource "http://127.0.0.1:1080/WebTours/images/cancelallreservations.gif" is in the cache already and will not be downloaded again  	[MsgId: MMSG-26655]
UC6_DeleteFlight.c(133): web_submit_form("web_submit_form") was successful, 78072 body bytes, 512 header bytes, 167 chunking overhead bytes  	[MsgId: MMSG-26385]
UC6_DeleteFlight.c(164): Error: Itinerary not deleted	[MsgId: MERR-17999]
End auto log messages stack.	[MsgId: MMSG-10544]


Start auto log messages stack - Iteration 7.	[MsgId: MMSG-10545]
UC6_DeleteFlight.c(106): web_reg_save_param started  	[MsgId: MMSG-26355]
UC6_DeleteFlight.c(106): Registering web_reg_save_param was successful  	[MsgId: MMSG-26390]
UC6_DeleteFlight.c(113): web_reg_save_param started  	[MsgId: MMSG-26355]
UC6_DeleteFlight.c(113): Registering web_reg_save_param was successful  	[MsgId: MMSG-26390]
UC6_DeleteFlight.c(133): web_submit_form("web_submit_form") started  	[MsgId: MMSG-26355]
UC6_DeleteFlight.c(133): Submitting form to "http://127.0.0.1:1080/cgi-bin/itinerary.pl", Target Frame=""  	[MsgId: MMSG-27978]
UC6_DeleteFlight.c(133): Downloading resource "http://localhost:1080/cgi-bin/itinerary.pl" (specified by argument number 16)  	[MsgId: MMSG-26577]
UC6_DeleteFlight.c(133): Error -26377: No match found for the requested parameter "flights_numbers". Either the specified boundaries were not found in the response or the matched text is longer than current max html parameter size of 256 bytes. The total length of the response is 1819 bytes. You can use "web_set_max_html_param_len" to increase the max parameter size.  	[MsgId: MERR-26377]
UC6_DeleteFlight.c(133): Error -26377: No match found for the requested parameter "flight_id_after". Either the specified boundaries were not found in the response or the matched text is longer than current max html parameter size of 256 bytes. The total length of the response is 1819 bytes. You can use "web_set_max_html_param_len" to increase the max parameter size.  	[MsgId: MERR-26377]
End auto log messages stack.	[MsgId: MMSG-10544]


Start auto log messages stack - Iteration 67.	[MsgId: MMSG-10545]
UC6_DeleteFlight.c(106): web_reg_save_param started  	[MsgId: MMSG-26355]
UC6_DeleteFlight.c(106): Registering web_reg_save_param was successful  	[MsgId: MMSG-26390]
UC6_DeleteFlight.c(113): web_reg_save_param started  	[MsgId: MMSG-26355]
UC6_DeleteFlight.c(113): Registering web_reg_save_param was successful  	[MsgId: MMSG-26390]
UC6_DeleteFlight.c(146): web_submit_form("web_submit_form") started  	[MsgId: MMSG-26355]
UC6_DeleteFlight.c(146): Submitting form to "http://127.0.0.1:1080/cgi-bin/itinerary.pl", Target Frame=""  	[MsgId: MMSG-27978]
UC6_DeleteFlight.c(146): Downloading resource "http://localhost:1080/cgi-bin/itinerary.pl" (specified by argument number 19)  	[MsgId: MMSG-26577]
UC6_DeleteFlight.c(146): Error -26377: No match found for the requested parameter "flights_numbers". Either the specified boundaries were not found in the response or the matched text is longer than current max html parameter size of 256 bytes. The total length of the response is 1819 bytes. You can use "web_set_max_html_param_len" to increase the max parameter size.  	[MsgId: MERR-26377]
UC6_DeleteFlight.c(146): Error -26377: No match found for the requested parameter "flight_id_after". Either the specified boundaries were not found in the response or the matched text is longer than current max html parameter size of 256 bytes. The total length of the response is 1819 bytes. You can use "web_set_max_html_param_len" to increase the max parameter size.  	[MsgId: MERR-26377]
End auto log messages stack.	[MsgId: MMSG-10544]


Start auto log messages stack - Iteration 71.	[MsgId: MMSG-10545]
UC6_DeleteFlight.c(133): Submitting form to "http://127.0.0.1:1080/cgi-bin/itinerary.pl", Target Frame=""  	[MsgId: MMSG-27978]
UC6_DeleteFlight.c(133): Downloading resource "http://localhost:1080/cgi-bin/itinerary.pl" (specified by argument number 16)  	[MsgId: MMSG-26577]
UC6_DeleteFlight.c(133): Resource "http://127.0.0.1:1080/WebTours/images/cancelreservation.gif" is in the cache already and will not be downloaded again  	[MsgId: MMSG-26655]
UC6_DeleteFlight.c(133): Resource "http://127.0.0.1:1080/WebTours/images/cancelallreservations.gif" is in the cache already and will not be downloaded again  	[MsgId: MMSG-26655]
UC6_DeleteFlight.c(133): web_submit_form("web_submit_form") was successful, 81284 body bytes, 512 header bytes, 175 chunking overhead bytes  	[MsgId: MMSG-26385]
UC6_DeleteFlight.c(164): Error: Itinerary not deleted	[MsgId: MERR-17999]
End auto log messages stack.	[MsgId: MMSG-10544]


Start auto log messages stack - Iteration 73.	[MsgId: MMSG-10545]
UC6_DeleteFlight.c(106): web_reg_save_param started  	[MsgId: MMSG-26355]
UC6_DeleteFlight.c(106): Registering web_reg_save_param was successful  	[MsgId: MMSG-26390]
UC6_DeleteFlight.c(113): web_reg_save_param started  	[MsgId: MMSG-26355]
UC6_DeleteFlight.c(113): Registering web_reg_save_param was successful  	[MsgId: MMSG-26390]
UC6_DeleteFlight.c(133): web_submit_form("web_submit_form") started  	[MsgId: MMSG-26355]
UC6_DeleteFlight.c(133): Submitting form to "http://127.0.0.1:1080/cgi-bin/itinerary.pl", Target Frame=""  	[MsgId: MMSG-27978]
UC6_DeleteFlight.c(133): Downloading resource "http://localhost:1080/cgi-bin/itinerary.pl" (specified by argument number 16)  	[MsgId: MMSG-26577]
UC6_DeleteFlight.c(133): Error -26377: No match found for the requested parameter "flights_numbers". Either the specified boundaries were not found in the response or the matched text is longer than current max html parameter size of 256 bytes. The total length of the response is 1819 bytes. You can use "web_set_max_html_param_len" to increase the max parameter size.  	[MsgId: MERR-26377]
UC6_DeleteFlight.c(133): Error -26377: No match found for the requested parameter "flight_id_after". Either the specified boundaries were not found in the response or the matched text is longer than current max html parameter size of 256 bytes. The total length of the response is 1819 bytes. You can use "web_set_max_html_param_len" to increase the max parameter size.  	[MsgId: MERR-26377]
End auto log messages stack.	[MsgId: MMSG-10544]


Start auto log messages stack - Iteration 44.	[MsgId: MMSG-10545]
UC6_DeleteFlight.c(121): Submitting form to "http://127.0.0.1:1080/cgi-bin/itinerary.pl", Target Frame=""  	[MsgId: MMSG-27978]
UC6_DeleteFlight.c(121): Downloading resource "http://localhost:1080/cgi-bin/itinerary.pl" (specified by argument number 13)  	[MsgId: MMSG-26577]
UC6_DeleteFlight.c(121): Resource "http://127.0.0.1:1080/WebTours/images/cancelreservation.gif" is in the cache already and will not be downloaded again  	[MsgId: MMSG-26655]
UC6_DeleteFlight.c(121): Resource "http://127.0.0.1:1080/WebTours/images/cancelallreservations.gif" is in the cache already and will not be downloaded again  	[MsgId: MMSG-26655]
UC6_DeleteFlight.c(121): web_submit_form("web_submit_form") was successful, 71101 body bytes, 512 header bytes, 152 chunking overhead bytes  	[MsgId: MMSG-26385]
UC6_DeleteFlight.c(164): Error: Itinerary not deleted	[MsgId: MERR-17999]
End auto log messages stack.	[MsgId: MMSG-10544]


Start auto log messages stack - Iteration 15.	[MsgId: MMSG-10545]
UC6_DeleteFlight.c(106): web_reg_save_param started  	[MsgId: MMSG-26355]
UC6_DeleteFlight.c(106): Registering web_reg_save_param was successful  	[MsgId: MMSG-26390]
UC6_DeleteFlight.c(113): web_reg_save_param started  	[MsgId: MMSG-26355]
UC6_DeleteFlight.c(113): Registering web_reg_save_param was successful  	[MsgId: MMSG-26390]
UC6_DeleteFlight.c(121): web_submit_form("web_submit_form") started  	[MsgId: MMSG-26355]
UC6_DeleteFlight.c(121): Submitting form to "http://127.0.0.1:1080/cgi-bin/itinerary.pl", Target Frame=""  	[MsgId: MMSG-27978]
UC6_DeleteFlight.c(121): Downloading resource "http://localhost:1080/cgi-bin/itinerary.pl" (specified by argument number 13)  	[MsgId: MMSG-26577]
UC6_DeleteFlight.c(121): Error -26377: No match found for the requested parameter "flights_numbers". Either the specified boundaries were not found in the response or the matched text is longer than current max html parameter size of 256 bytes. The total length of the response is 1819 bytes. You can use "web_set_max_html_param_len" to increase the max parameter size.  	[MsgId: MERR-26377]
UC6_DeleteFlight.c(121): Error -26377: No match found for the requested parameter "flight_id_after". Either the specified boundaries were not found in the response or the matched text is longer than current max html parameter size of 256 bytes. The total length of the response is 1819 bytes. You can use "web_set_max_html_param_len" to increase the max parameter size.  	[MsgId: MERR-26377]
End auto log messages stack.	[MsgId: MMSG-10544]


Start auto log messages stack - Iteration 47.	[MsgId: MMSG-10545]
UC6_DeleteFlight.c(133): Submitting form to "http://127.0.0.1:1080/cgi-bin/itinerary.pl", Target Frame=""  	[MsgId: MMSG-27978]
UC6_DeleteFlight.c(133): Downloading resource "http://localhost:1080/cgi-bin/itinerary.pl" (specified by argument number 16)  	[MsgId: MMSG-26577]
UC6_DeleteFlight.c(133): Resource "http://127.0.0.1:1080/WebTours/images/cancelreservation.gif" is in the cache already and will not be downloaded again  	[MsgId: MMSG-26655]
UC6_DeleteFlight.c(133): Resource "http://127.0.0.1:1080/WebTours/images/cancelallreservations.gif" is in the cache already and will not be downloaded again  	[MsgId: MMSG-26655]
UC6_DeleteFlight.c(133): web_submit_form("web_submit_form") was successful, 75344 body bytes, 512 header bytes, 159 chunking overhead bytes  	[MsgId: MMSG-26385]
UC6_DeleteFlight.c(164): Error: Itinerary not deleted	[MsgId: MERR-17999]
End auto log messages stack.	[MsgId: MMSG-10544]


Start auto log messages stack - Iteration 106.	[MsgId: MMSG-10545]
UC6_DeleteFlight.c(106): web_reg_save_param started  	[MsgId: MMSG-26355]
UC6_DeleteFlight.c(106): Registering web_reg_save_param was successful  	[MsgId: MMSG-26390]
UC6_DeleteFlight.c(113): web_reg_save_param started  	[MsgId: MMSG-26355]
UC6_DeleteFlight.c(113): Registering web_reg_save_param was successful  	[MsgId: MMSG-26390]
UC6_DeleteFlight.c(146): web_submit_form("web_submit_form") started  	[MsgId: MMSG-26355]
UC6_DeleteFlight.c(146): Submitting form to "http://127.0.0.1:1080/cgi-bin/itinerary.pl", Target Frame=""  	[MsgId: MMSG-27978]
UC6_DeleteFlight.c(146): Downloading resource "http://localhost:1080/cgi-bin/itinerary.pl" (specified by argument number 19)  	[MsgId: MMSG-26577]
UC6_DeleteFlight.c(146): Error -26377: No match found for the requested parameter "flights_numbers". Either the specified boundaries were not found in the response or the matched text is longer than current max html parameter size of 256 bytes. The total length of the response is 1819 bytes. You can use "web_set_max_html_param_len" to increase the max parameter size.  	[MsgId: MERR-26377]
UC6_DeleteFlight.c(146): Error -26377: No match found for the requested parameter "flight_id_after". Either the specified boundaries were not found in the response or the matched text is longer than current max html parameter size of 256 bytes. The total length of the response is 1819 bytes. You can use "web_set_max_html_param_len" to increase the max parameter size.  	[MsgId: MERR-26377]
End auto log messages stack.	[MsgId: MMSG-10544]


Start auto log messages stack - Iteration 21.	[MsgId: MMSG-10545]
UC6_DeleteFlight.c(106): web_reg_save_param started  	[MsgId: MMSG-26355]
UC6_DeleteFlight.c(106): Registering web_reg_save_param was successful  	[MsgId: MMSG-26390]
UC6_DeleteFlight.c(113): web_reg_save_param started  	[MsgId: MMSG-26355]
UC6_DeleteFlight.c(113): Registering web_reg_save_param was successful  	[MsgId: MMSG-26390]
UC6_DeleteFlight.c(146): web_submit_form("web_submit_form") started  	[MsgId: MMSG-26355]
UC6_DeleteFlight.c(146): Submitting form to "http://127.0.0.1:1080/cgi-bin/itinerary.pl", Target Frame=""  	[MsgId: MMSG-27978]
UC6_DeleteFlight.c(146): Downloading resource "http://localhost:1080/cgi-bin/itinerary.pl" (specified by argument number 19)  	[MsgId: MMSG-26577]
UC6_DeleteFlight.c(146): Error -26377: No match found for the requested parameter "flights_numbers". Either the specified boundaries were not found in the response or the matched text is longer than current max html parameter size of 256 bytes. The total length of the response is 1819 bytes. You can use "web_set_max_html_param_len" to increase the max parameter size.  	[MsgId: MERR-26377]
UC6_DeleteFlight.c(146): Error -26377: No match found for the requested parameter "flight_id_after". Either the specified boundaries were not found in the response or the matched text is longer than current max html parameter size of 256 bytes. The total length of the response is 1819 bytes. You can use "web_set_max_html_param_len" to increase the max parameter size.  	[MsgId: MERR-26377]
End auto log messages stack.	[MsgId: MMSG-10544]


Start auto log messages stack - Iteration 81.	[MsgId: MMSG-10545]
UC6_DeleteFlight.c(106): web_reg_save_param started  	[MsgId: MMSG-26355]
UC6_DeleteFlight.c(106): Registering web_reg_save_param was successful  	[MsgId: MMSG-26390]
UC6_DeleteFlight.c(113): web_reg_save_param started  	[MsgId: MMSG-26355]
UC6_DeleteFlight.c(113): Registering web_reg_save_param was successful  	[MsgId: MMSG-26390]
UC6_DeleteFlight.c(121): web_submit_form("web_submit_form") started  	[MsgId: MMSG-26355]
UC6_DeleteFlight.c(121): Submitting form to "http://127.0.0.1:1080/cgi-bin/itinerary.pl", Target Frame=""  	[MsgId: MMSG-27978]
UC6_DeleteFlight.c(121): Downloading resource "http://localhost:1080/cgi-bin/itinerary.pl" (specified by argument number 13)  	[MsgId: MMSG-26577]
UC6_DeleteFlight.c(121): Error -26377: No match found for the requested parameter "flights_numbers". Either the specified boundaries were not found in the response or the matched text is longer than current max html parameter size of 256 bytes. The total length of the response is 1819 bytes. You can use "web_set_max_html_param_len" to increase the max parameter size.  	[MsgId: MERR-26377]
UC6_DeleteFlight.c(121): Error -26377: No match found for the requested parameter "flight_id_after". Either the specified boundaries were not found in the response or the matched text is longer than current max html parameter size of 256 bytes. The total length of the response is 1819 bytes. You can use "web_set_max_html_param_len" to increase the max parameter size.  	[MsgId: MERR-26377]
End auto log messages stack.	[MsgId: MMSG-10544]


Start auto log messages stack - Iteration 112.	[MsgId: MMSG-10545]
UC6_DeleteFlight.c(106): web_reg_save_param started  	[MsgId: MMSG-26355]
UC6_DeleteFlight.c(106): Registering web_reg_save_param was successful  	[MsgId: MMSG-26390]
UC6_DeleteFlight.c(113): web_reg_save_param started  	[MsgId: MMSG-26355]
UC6_DeleteFlight.c(113): Registering web_reg_save_param was successful  	[MsgId: MMSG-26390]
UC6_DeleteFlight.c(146): web_submit_form("web_submit_form") started  	[MsgId: MMSG-26355]
UC6_DeleteFlight.c(146): Submitting form to "http://127.0.0.1:1080/cgi-bin/itinerary.pl", Target Frame=""  	[MsgId: MMSG-27978]
UC6_DeleteFlight.c(146): Downloading resource "http://localhost:1080/cgi-bin/itinerary.pl" (specified by argument number 19)  	[MsgId: MMSG-26577]
UC6_DeleteFlight.c(146): Error -26377: No match found for the requested parameter "flights_numbers". Either the specified boundaries were not found in the response or the matched text is longer than current max html parameter size of 256 bytes. The total length of the response is 1819 bytes. You can use "web_set_max_html_param_len" to increase the max parameter size.  	[MsgId: MERR-26377]
UC6_DeleteFlight.c(146): Error -26377: No match found for the requested parameter "flight_id_after". Either the specified boundaries were not found in the response or the matched text is longer than current max html parameter size of 256 bytes. The total length of the response is 1819 bytes. You can use "web_set_max_html_param_len" to increase the max parameter size.  	[MsgId: MERR-26377]
End auto log messages stack.	[MsgId: MMSG-10544]


Start auto log messages stack - Iteration 57.	[MsgId: MMSG-10545]
UC6_DeleteFlight.c(133): Submitting form to "http://127.0.0.1:1080/cgi-bin/itinerary.pl", Target Frame=""  	[MsgId: MMSG-27978]
UC6_DeleteFlight.c(133): Downloading resource "http://localhost:1080/cgi-bin/itinerary.pl" (specified by argument number 16)  	[MsgId: MMSG-26577]
UC6_DeleteFlight.c(133): Resource "http://127.0.0.1:1080/WebTours/images/cancelreservation.gif" is in the cache already and will not be downloaded again  	[MsgId: MMSG-26655]
UC6_DeleteFlight.c(133): Resource "http://127.0.0.1:1080/WebTours/images/cancelallreservations.gif" is in the cache already and will not be downloaded again  	[MsgId: MMSG-26655]
UC6_DeleteFlight.c(133): web_submit_form("web_submit_form") was successful, 158946 body bytes, 512 header bytes, 319 chunking overhead bytes  	[MsgId: MMSG-26385]
UC6_DeleteFlight.c(164): Error: Itinerary not deleted	[MsgId: MERR-17999]
End auto log messages stack.	[MsgId: MMSG-10544]


Start auto log messages stack - Iteration 87.	[MsgId: MMSG-10545]
UC6_DeleteFlight.c(106): web_reg_save_param started  	[MsgId: MMSG-26355]
UC6_DeleteFlight.c(106): Registering web_reg_save_param was successful  	[MsgId: MMSG-26390]
UC6_DeleteFlight.c(113): web_reg_save_param started  	[MsgId: MMSG-26355]
UC6_DeleteFlight.c(113): Registering web_reg_save_param was successful  	[MsgId: MMSG-26390]
UC6_DeleteFlight.c(146): web_submit_form("web_submit_form") started  	[MsgId: MMSG-26355]
UC6_DeleteFlight.c(146): Submitting form to "http://127.0.0.1:1080/cgi-bin/itinerary.pl", Target Frame=""  	[MsgId: MMSG-27978]
UC6_DeleteFlight.c(146): Downloading resource "http://localhost:1080/cgi-bin/itinerary.pl" (specified by argument number 19)  	[MsgId: MMSG-26577]
UC6_DeleteFlight.c(146): Error -26377: No match found for the requested parameter "flights_numbers". Either the specified boundaries were not found in the response or the matched text is longer than current max html parameter size of 256 bytes. The total length of the response is 1819 bytes. You can use "web_set_max_html_param_len" to increase the max parameter size.  	[MsgId: MERR-26377]
UC6_DeleteFlight.c(146): Error -26377: No match found for the requested parameter "flight_id_after". Either the specified boundaries were not found in the response or the matched text is longer than current max html parameter size of 256 bytes. The total length of the response is 1819 bytes. You can use "web_set_max_html_param_len" to increase the max parameter size.  	[MsgId: MERR-26377]
End auto log messages stack.	[MsgId: MMSG-10544]


Start auto log messages stack - Iteration 117.	[MsgId: MMSG-10545]
UC6_DeleteFlight.c(133): Submitting form to "http://127.0.0.1:1080/cgi-bin/itinerary.pl", Target Frame=""  	[MsgId: MMSG-27978]
UC6_DeleteFlight.c(133): Downloading resource "http://localhost:1080/cgi-bin/itinerary.pl" (specified by argument number 16)  	[MsgId: MMSG-26577]
UC6_DeleteFlight.c(133): Resource "http://127.0.0.1:1080/WebTours/images/cancelreservation.gif" is in the cache already and will not be downloaded again  	[MsgId: MMSG-26655]
UC6_DeleteFlight.c(133): Resource "http://127.0.0.1:1080/WebTours/images/cancelallreservations.gif" is in the cache already and will not be downloaded again  	[MsgId: MMSG-26655]
UC6_DeleteFlight.c(133): web_submit_form("web_submit_form") was successful, 99631 body bytes, 512 header bytes, 215 chunking overhead bytes  	[MsgId: MMSG-26385]
UC6_DeleteFlight.c(164): Error: Itinerary not deleted	[MsgId: MERR-17999]
End auto log messages stack.	[MsgId: MMSG-10544]


Start auto log messages stack - Iteration 89.	[MsgId: MMSG-10545]
UC6_DeleteFlight.c(121): Submitting form to "http://127.0.0.1:1080/cgi-bin/itinerary.pl", Target Frame=""  	[MsgId: MMSG-27978]
UC6_DeleteFlight.c(121): Downloading resource "http://localhost:1080/cgi-bin/itinerary.pl" (specified by argument number 13)  	[MsgId: MMSG-26577]
UC6_DeleteFlight.c(121): Resource "http://127.0.0.1:1080/WebTours/images/cancelreservation.gif" is in the cache already and will not be downloaded again  	[MsgId: MMSG-26655]
UC6_DeleteFlight.c(121): Resource "http://127.0.0.1:1080/WebTours/images/cancelallreservations.gif" is in the cache already and will not be downloaded again  	[MsgId: MMSG-26655]
UC6_DeleteFlight.c(121): web_submit_form("web_submit_form") was successful, 113417 body bytes, 512 header bytes, 232 chunking overhead bytes  	[MsgId: MMSG-26385]
UC6_DeleteFlight.c(164): Error: Itinerary not deleted	[MsgId: MERR-17999]
End auto log messages stack.	[MsgId: MMSG-10544]


Start auto log messages stack - Iteration 60.	[MsgId: MMSG-10545]
UC6_DeleteFlight.c(106): web_reg_save_param started  	[MsgId: MMSG-26355]
UC6_DeleteFlight.c(106): Registering web_reg_save_param was successful  	[MsgId: MMSG-26390]
UC6_DeleteFlight.c(113): web_reg_save_param started  	[MsgId: MMSG-26355]
UC6_DeleteFlight.c(113): Registering web_reg_save_param was successful  	[MsgId: MMSG-26390]
UC6_DeleteFlight.c(146): web_submit_form("web_submit_form") started  	[MsgId: MMSG-26355]
UC6_DeleteFlight.c(146): Submitting form to "http://127.0.0.1:1080/cgi-bin/itinerary.pl", Target Frame=""  	[MsgId: MMSG-27978]
UC6_DeleteFlight.c(146): Downloading resource "http://localhost:1080/cgi-bin/itinerary.pl" (specified by argument number 19)  	[MsgId: MMSG-26577]
UC6_DeleteFlight.c(146): Error -26377: No match found for the requested parameter "flights_numbers". Either the specified boundaries were not found in the response or the matched text is longer than current max html parameter size of 256 bytes. The total length of the response is 1819 bytes. You can use "web_set_max_html_param_len" to increase the max parameter size.  	[MsgId: MERR-26377]
UC6_DeleteFlight.c(146): Error -26377: No match found for the requested parameter "flight_id_after". Either the specified boundaries were not found in the response or the matched text is longer than current max html parameter size of 256 bytes. The total length of the response is 1819 bytes. You can use "web_set_max_html_param_len" to increase the max parameter size.  	[MsgId: MERR-26377]
End auto log messages stack.	[MsgId: MMSG-10544]


Start auto log messages stack - Iteration 61.	[MsgId: MMSG-10545]
UC6_DeleteFlight.c(121): Submitting form to "http://127.0.0.1:1080/cgi-bin/itinerary.pl", Target Frame=""  	[MsgId: MMSG-27978]
UC6_DeleteFlight.c(121): Downloading resource "http://localhost:1080/cgi-bin/itinerary.pl" (specified by argument number 13)  	[MsgId: MMSG-26577]
UC6_DeleteFlight.c(121): Resource "http://127.0.0.1:1080/WebTours/images/cancelreservation.gif" is in the cache already and will not be downloaded again  	[MsgId: MMSG-26655]
UC6_DeleteFlight.c(121): Resource "http://127.0.0.1:1080/WebTours/images/cancelallreservations.gif" is in the cache already and will not be downloaded again  	[MsgId: MMSG-26655]
UC6_DeleteFlight.c(121): web_submit_form("web_submit_form") was successful, 81456 body bytes, 512 header bytes, 168 chunking overhead bytes  	[MsgId: MMSG-26385]
UC6_DeleteFlight.c(164): Error: Itinerary not deleted	[MsgId: MERR-17999]
End auto log messages stack.	[MsgId: MMSG-10544]


Start auto log messages stack - Iteration 62.	[MsgId: MMSG-10545]
UC6_DeleteFlight.c(106): web_reg_save_param started  	[MsgId: MMSG-26355]
UC6_DeleteFlight.c(106): Registering web_reg_save_param was successful  	[MsgId: MMSG-26390]
UC6_DeleteFlight.c(113): web_reg_save_param started  	[MsgId: MMSG-26355]
UC6_DeleteFlight.c(113): Registering web_reg_save_param was successful  	[MsgId: MMSG-26390]
UC6_DeleteFlight.c(121): web_submit_form("web_submit_form") started  	[MsgId: MMSG-26355]
UC6_DeleteFlight.c(121): Submitting form to "http://127.0.0.1:1080/cgi-bin/itinerary.pl", Target Frame=""  	[MsgId: MMSG-27978]
UC6_DeleteFlight.c(121): Downloading resource "http://localhost:1080/cgi-bin/itinerary.pl" (specified by argument number 13)  	[MsgId: MMSG-26577]
UC6_DeleteFlight.c(121): Error -26377: No match found for the requested parameter "flights_numbers". Either the specified boundaries were not found in the response or the matched text is longer than current max html parameter size of 256 bytes. The total length of the response is 1819 bytes. You can use "web_set_max_html_param_len" to increase the max parameter size.  	[MsgId: MERR-26377]
UC6_DeleteFlight.c(121): Error -26377: No match found for the requested parameter "flight_id_after". Either the specified boundaries were not found in the response or the matched text is longer than current max html parameter size of 256 bytes. The total length of the response is 1819 bytes. You can use "web_set_max_html_param_len" to increase the max parameter size.  	[MsgId: MERR-26377]
End auto log messages stack.	[MsgId: MMSG-10544]


Start auto log messages stack - Iteration 5.	[MsgId: MMSG-10545]
UC6_DeleteFlight.c(106): web_reg_save_param started  	[MsgId: MMSG-26355]
UC6_DeleteFlight.c(106): Registering web_reg_save_param was successful  	[MsgId: MMSG-26390]
UC6_DeleteFlight.c(113): web_reg_save_param started  	[MsgId: MMSG-26355]
UC6_DeleteFlight.c(113): Registering web_reg_save_param was successful  	[MsgId: MMSG-26390]
UC6_DeleteFlight.c(121): web_submit_form("web_submit_form") started  	[MsgId: MMSG-26355]
UC6_DeleteFlight.c(121): Submitting form to "http://127.0.0.1:1080/cgi-bin/itinerary.pl", Target Frame=""  	[MsgId: MMSG-27978]
UC6_DeleteFlight.c(121): Downloading resource "http://localhost:1080/cgi-bin/itinerary.pl" (specified by argument number 13)  	[MsgId: MMSG-26577]
UC6_DeleteFlight.c(121): Error -26377: No match found for the requested parameter "flights_numbers". Either the specified boundaries were not found in the response or the matched text is longer than current max html parameter size of 256 bytes. The total length of the response is 1819 bytes. You can use "web_set_max_html_param_len" to increase the max parameter size.  	[MsgId: MERR-26377]
UC6_DeleteFlight.c(121): Error -26377: No match found for the requested parameter "flight_id_after". Either the specified boundaries were not found in the response or the matched text is longer than current max html parameter size of 256 bytes. The total length of the response is 1819 bytes. You can use "web_set_max_html_param_len" to increase the max parameter size.  	[MsgId: MERR-26377]
End auto log messages stack.	[MsgId: MMSG-10544]


Start auto log messages stack - Iteration 94.	[MsgId: MMSG-10545]
UC6_DeleteFlight.c(121): Submitting form to "http://127.0.0.1:1080/cgi-bin/itinerary.pl", Target Frame=""  	[MsgId: MMSG-27978]
UC6_DeleteFlight.c(121): Downloading resource "http://localhost:1080/cgi-bin/itinerary.pl" (specified by argument number 13)  	[MsgId: MMSG-26577]
UC6_DeleteFlight.c(121): Resource "http://127.0.0.1:1080/WebTours/images/cancelreservation.gif" is in the cache already and will not be downloaded again  	[MsgId: MMSG-26655]
UC6_DeleteFlight.c(121): Resource "http://127.0.0.1:1080/WebTours/images/cancelallreservations.gif" is in the cache already and will not be downloaded again  	[MsgId: MMSG-26655]
UC6_DeleteFlight.c(121): web_submit_form("web_submit_form") was successful, 83720 body bytes, 512 header bytes, 176 chunking overhead bytes  	[MsgId: MMSG-26385]
UC6_DeleteFlight.c(164): Error: Itinerary not deleted	[MsgId: MERR-17999]
End auto log messages stack.	[MsgId: MMSG-10544]


Start auto log messages stack - Iteration 65.	[MsgId: MMSG-10545]
UC6_DeleteFlight.c(106): web_reg_save_param started  	[MsgId: MMSG-26355]
UC6_DeleteFlight.c(106): Registering web_reg_save_param was successful  	[MsgId: MMSG-26390]
UC6_DeleteFlight.c(113): web_reg_save_param started  	[MsgId: MMSG-26355]
UC6_DeleteFlight.c(113): Registering web_reg_save_param was successful  	[MsgId: MMSG-26390]
UC6_DeleteFlight.c(133): web_submit_form("web_submit_form") started  	[MsgId: MMSG-26355]
UC6_DeleteFlight.c(133): Submitting form to "http://127.0.0.1:1080/cgi-bin/itinerary.pl", Target Frame=""  	[MsgId: MMSG-27978]
UC6_DeleteFlight.c(133): Downloading resource "http://localhost:1080/cgi-bin/itinerary.pl" (specified by argument number 16)  	[MsgId: MMSG-26577]
UC6_DeleteFlight.c(133): Error -26377: No match found for the requested parameter "flights_numbers". Either the specified boundaries were not found in the response or the matched text is longer than current max html parameter size of 256 bytes. The total length of the response is 1819 bytes. You can use "web_set_max_html_param_len" to increase the max parameter size.  	[MsgId: MERR-26377]
UC6_DeleteFlight.c(133): Error -26377: No match found for the requested parameter "flight_id_after". Either the specified boundaries were not found in the response or the matched text is longer than current max html parameter size of 256 bytes. The total length of the response is 1819 bytes. You can use "web_set_max_html_param_len" to increase the max parameter size.  	[MsgId: MERR-26377]
End auto log messages stack.	[MsgId: MMSG-10544]


Start auto log messages stack - Iteration 95.	[MsgId: MMSG-10545]
UC6_DeleteFlight.c(106): web_reg_save_param started  	[MsgId: MMSG-26355]
UC6_DeleteFlight.c(106): Registering web_reg_save_param was successful  	[MsgId: MMSG-26390]
UC6_DeleteFlight.c(113): web_reg_save_param started  	[MsgId: MMSG-26355]
UC6_DeleteFlight.c(113): Registering web_reg_save_param was successful  	[MsgId: MMSG-26390]
UC6_DeleteFlight.c(146): web_submit_form("web_submit_form") started  	[MsgId: MMSG-26355]
UC6_DeleteFlight.c(146): Submitting form to "http://127.0.0.1:1080/cgi-bin/itinerary.pl", Target Frame=""  	[MsgId: MMSG-27978]
UC6_DeleteFlight.c(146): Downloading resource "http://localhost:1080/cgi-bin/itinerary.pl" (specified by argument number 19)  	[MsgId: MMSG-26577]
UC6_DeleteFlight.c(146): Error -26377: No match found for the requested parameter "flights_numbers". Either the specified boundaries were not found in the response or the matched text is longer than current max html parameter size of 256 bytes. The total length of the response is 1819 bytes. You can use "web_set_max_html_param_len" to increase the max parameter size.  	[MsgId: MERR-26377]
UC6_DeleteFlight.c(146): Error -26377: No match found for the requested parameter "flight_id_after". Either the specified boundaries were not found in the response or the matched text is longer than current max html parameter size of 256 bytes. The total length of the response is 1819 bytes. You can use "web_set_max_html_param_len" to increase the max parameter size.  	[MsgId: MERR-26377]
End auto log messages stack.	[MsgId: MMSG-10544]


Start auto log messages stack - Iteration 125.	[MsgId: MMSG-10545]
UC6_DeleteFlight.c(133): Submitting form to "http://127.0.0.1:1080/cgi-bin/itinerary.pl", Target Frame=""  	[MsgId: MMSG-27978]
UC6_DeleteFlight.c(133): Downloading resource "http://localhost:1080/cgi-bin/itinerary.pl" (specified by argument number 16)  	[MsgId: MMSG-26577]
UC6_DeleteFlight.c(133): Resource "http://127.0.0.1:1080/WebTours/images/cancelreservation.gif" is in the cache already and will not be downloaded again  	[MsgId: MMSG-26655]
UC6_DeleteFlight.c(133): Resource "http://127.0.0.1:1080/WebTours/images/cancelallreservations.gif" is in the cache already and will not be downloaded again  	[MsgId: MMSG-26655]
UC6_DeleteFlight.c(133): web_submit_form("web_submit_form") was successful, 105663 body bytes, 512 header bytes, 216 chunking overhead bytes  	[MsgId: MMSG-26385]
UC6_DeleteFlight.c(164): Error: Itinerary not deleted	[MsgId: MERR-17999]
End auto log messages stack.	[MsgId: MMSG-10544]


Start auto log messages stack - Iteration 38.	[MsgId: MMSG-10545]
UC6_DeleteFlight.c(106): web_reg_save_param started  	[MsgId: MMSG-26355]
UC6_DeleteFlight.c(106): Registering web_reg_save_param was successful  	[MsgId: MMSG-26390]
UC6_DeleteFlight.c(113): web_reg_save_param started  	[MsgId: MMSG-26355]
UC6_DeleteFlight.c(113): Registering web_reg_save_param was successful  	[MsgId: MMSG-26390]
UC6_DeleteFlight.c(121): web_submit_form("web_submit_form") started  	[MsgId: MMSG-26355]
UC6_DeleteFlight.c(121): Submitting form to "http://127.0.0.1:1080/cgi-bin/itinerary.pl", Target Frame=""  	[MsgId: MMSG-27978]
UC6_DeleteFlight.c(121): Downloading resource "http://localhost:1080/cgi-bin/itinerary.pl" (specified by argument number 13)  	[MsgId: MMSG-26577]
UC6_DeleteFlight.c(121): Error -26377: No match found for the requested parameter "flights_numbers". Either the specified boundaries were not found in the response or the matched text is longer than current max html parameter size of 256 bytes. The total length of the response is 1819 bytes. You can use "web_set_max_html_param_len" to increase the max parameter size.  	[MsgId: MERR-26377]
UC6_DeleteFlight.c(121): Error -26377: No match found for the requested parameter "flight_id_after". Either the specified boundaries were not found in the response or the matched text is longer than current max html parameter size of 256 bytes. The total length of the response is 1819 bytes. You can use "web_set_max_html_param_len" to increase the max parameter size.  	[MsgId: MERR-26377]
End auto log messages stack.	[MsgId: MMSG-10544]


Start auto log messages stack - Iteration 10.	[MsgId: MMSG-10545]
UC6_DeleteFlight.c(106): web_reg_save_param started  	[MsgId: MMSG-26355]
UC6_DeleteFlight.c(106): Registering web_reg_save_param was successful  	[MsgId: MMSG-26390]
UC6_DeleteFlight.c(113): web_reg_save_param started  	[MsgId: MMSG-26355]
UC6_DeleteFlight.c(113): Registering web_reg_save_param was successful  	[MsgId: MMSG-26390]
UC6_DeleteFlight.c(121): web_submit_form("web_submit_form") started  	[MsgId: MMSG-26355]
UC6_DeleteFlight.c(121): Submitting form to "http://127.0.0.1:1080/cgi-bin/itinerary.pl", Target Frame=""  	[MsgId: MMSG-27978]
UC6_DeleteFlight.c(121): Downloading resource "http://localhost:1080/cgi-bin/itinerary.pl" (specified by argument number 13)  	[MsgId: MMSG-26577]
UC6_DeleteFlight.c(121): Error -26377: No match found for the requested parameter "flights_numbers". Either the specified boundaries were not found in the response or the matched text is longer than current max html parameter size of 256 bytes. The total length of the response is 1819 bytes. You can use "web_set_max_html_param_len" to increase the max parameter size.  	[MsgId: MERR-26377]
UC6_DeleteFlight.c(121): Error -26377: No match found for the requested parameter "flight_id_after". Either the specified boundaries were not found in the response or the matched text is longer than current max html parameter size of 256 bytes. The total length of the response is 1819 bytes. You can use "web_set_max_html_param_len" to increase the max parameter size.  	[MsgId: MERR-26377]
End auto log messages stack.	[MsgId: MMSG-10544]


Start auto log messages stack - Iteration 98.	[MsgId: MMSG-10545]
UC6_DeleteFlight.c(106): web_reg_save_param started  	[MsgId: MMSG-26355]
UC6_DeleteFlight.c(106): Registering web_reg_save_param was successful  	[MsgId: MMSG-26390]
UC6_DeleteFlight.c(113): web_reg_save_param started  	[MsgId: MMSG-26355]
UC6_DeleteFlight.c(113): Registering web_reg_save_param was successful  	[MsgId: MMSG-26390]
UC6_DeleteFlight.c(121): web_submit_form("web_submit_form") started  	[MsgId: MMSG-26355]
UC6_DeleteFlight.c(121): Submitting form to "http://127.0.0.1:1080/cgi-bin/itinerary.pl", Target Frame=""  	[MsgId: MMSG-27978]
UC6_DeleteFlight.c(121): Downloading resource "http://localhost:1080/cgi-bin/itinerary.pl" (specified by argument number 13)  	[MsgId: MMSG-26577]
UC6_DeleteFlight.c(121): Error -26377: No match found for the requested parameter "flights_numbers". Either the specified boundaries were not found in the response or the matched text is longer than current max html parameter size of 256 bytes. The total length of the response is 1819 bytes. You can use "web_set_max_html_param_len" to increase the max parameter size.  	[MsgId: MERR-26377]
UC6_DeleteFlight.c(121): Error -26377: No match found for the requested parameter "flight_id_after". Either the specified boundaries were not found in the response or the matched text is longer than current max html parameter size of 256 bytes. The total length of the response is 1819 bytes. You can use "web_set_max_html_param_len" to increase the max parameter size.  	[MsgId: MERR-26377]
End auto log messages stack.	[MsgId: MMSG-10544]


Start auto log messages stack - Iteration 129.	[MsgId: MMSG-10545]
UC6_DeleteFlight.c(146): Submitting form to "http://127.0.0.1:1080/cgi-bin/itinerary.pl", Target Frame=""  	[MsgId: MMSG-27978]
UC6_DeleteFlight.c(146): Downloading resource "http://localhost:1080/cgi-bin/itinerary.pl" (specified by argument number 19)  	[MsgId: MMSG-26577]
UC6_DeleteFlight.c(146): Resource "http://127.0.0.1:1080/WebTours/images/cancelreservation.gif" is in the cache already and will not be downloaded again  	[MsgId: MMSG-26655]
UC6_DeleteFlight.c(146): Resource "http://127.0.0.1:1080/WebTours/images/cancelallreservations.gif" is in the cache already and will not be downloaded again  	[MsgId: MMSG-26655]
UC6_DeleteFlight.c(146): web_submit_form("web_submit_form") was successful, 59530 body bytes, 512 header bytes, 135 chunking overhead bytes  	[MsgId: MMSG-26385]
UC6_DeleteFlight.c(164): Error: Itinerary not deleted	[MsgId: MERR-17999]
End auto log messages stack.	[MsgId: MMSG-10544]


Start auto log messages stack - Iteration 13.	[MsgId: MMSG-10545]
UC6_DeleteFlight.c(133): Submitting form to "http://127.0.0.1:1080/cgi-bin/itinerary.pl", Target Frame=""  	[MsgId: MMSG-27978]
UC6_DeleteFlight.c(133): Downloading resource "http://localhost:1080/cgi-bin/itinerary.pl" (specified by argument number 16)  	[MsgId: MMSG-26577]
UC6_DeleteFlight.c(133): Resource "http://127.0.0.1:1080/WebTours/images/cancelreservation.gif" is in the cache already and will not be downloaded again  	[MsgId: MMSG-26655]
UC6_DeleteFlight.c(133): Resource "http://127.0.0.1:1080/WebTours/images/cancelallreservations.gif" is in the cache already and will not be downloaded again  	[MsgId: MMSG-26655]
UC6_DeleteFlight.c(133): web_submit_form("web_submit_form") was successful, 169347 body bytes, 512 header bytes, 336 chunking overhead bytes  	[MsgId: MMSG-26385]
UC6_DeleteFlight.c(164): Error: Itinerary not deleted	[MsgId: MERR-17999]
End auto log messages stack.	[MsgId: MMSG-10544]


Start auto log messages stack - Iteration 101.	[MsgId: MMSG-10545]
UC6_DeleteFlight.c(106): web_reg_save_param started  	[MsgId: MMSG-26355]
UC6_DeleteFlight.c(106): Registering web_reg_save_param was successful  	[MsgId: MMSG-26390]
UC6_DeleteFlight.c(113): web_reg_save_param started  	[MsgId: MMSG-26355]
UC6_DeleteFlight.c(113): Registering web_reg_save_param was successful  	[MsgId: MMSG-26390]
UC6_DeleteFlight.c(121): web_submit_form("web_submit_form") started  	[MsgId: MMSG-26355]
UC6_DeleteFlight.c(121): Submitting form to "http://127.0.0.1:1080/cgi-bin/itinerary.pl", Target Frame=""  	[MsgId: MMSG-27978]
UC6_DeleteFlight.c(121): Downloading resource "http://localhost:1080/cgi-bin/itinerary.pl" (specified by argument number 13)  	[MsgId: MMSG-26577]
UC6_DeleteFlight.c(121): Error -26377: No match found for the requested parameter "flights_numbers". Either the specified boundaries were not found in the response or the matched text is longer than current max html parameter size of 256 bytes. The total length of the response is 1819 bytes. You can use "web_set_max_html_param_len" to increase the max parameter size.  	[MsgId: MERR-26377]
UC6_DeleteFlight.c(121): Error -26377: No match found for the requested parameter "flight_id_after". Either the specified boundaries were not found in the response or the matched text is longer than current max html parameter size of 256 bytes. The total length of the response is 1819 bytes. You can use "web_set_max_html_param_len" to increase the max parameter size.  	[MsgId: MERR-26377]
End auto log messages stack.	[MsgId: MMSG-10544]


Start auto log messages stack - Iteration 15.	[MsgId: MMSG-10545]
UC6_DeleteFlight.c(106): web_reg_save_param started  	[MsgId: MMSG-26355]
UC6_DeleteFlight.c(106): Registering web_reg_save_param was successful  	[MsgId: MMSG-26390]
UC6_DeleteFlight.c(113): web_reg_save_param started  	[MsgId: MMSG-26355]
UC6_DeleteFlight.c(113): Registering web_reg_save_param was successful  	[MsgId: MMSG-26390]
UC6_DeleteFlight.c(121): web_submit_form("web_submit_form") started  	[MsgId: MMSG-26355]
UC6_DeleteFlight.c(121): Submitting form to "http://127.0.0.1:1080/cgi-bin/itinerary.pl", Target Frame=""  	[MsgId: MMSG-27978]
UC6_DeleteFlight.c(121): Downloading resource "http://localhost:1080/cgi-bin/itinerary.pl" (specified by argument number 13)  	[MsgId: MMSG-26577]
UC6_DeleteFlight.c(121): Error -26377: No match found for the requested parameter "flights_numbers". Either the specified boundaries were not found in the response or the matched text is longer than current max html parameter size of 256 bytes. The total length of the response is 1819 bytes. You can use "web_set_max_html_param_len" to increase the max parameter size.  	[MsgId: MERR-26377]
UC6_DeleteFlight.c(121): Error -26377: No match found for the requested parameter "flight_id_after". Either the specified boundaries were not found in the response or the matched text is longer than current max html parameter size of 256 bytes. The total length of the response is 1819 bytes. You can use "web_set_max_html_param_len" to increase the max parameter size.  	[MsgId: MERR-26377]
End auto log messages stack.	[MsgId: MMSG-10544]


Start auto log messages stack - Iteration 73.	[MsgId: MMSG-10545]
UC6_DeleteFlight.c(106): web_reg_save_param started  	[MsgId: MMSG-26355]
UC6_DeleteFlight.c(106): Registering web_reg_save_param was successful  	[MsgId: MMSG-26390]
UC6_DeleteFlight.c(113): web_reg_save_param started  	[MsgId: MMSG-26355]
UC6_DeleteFlight.c(113): Registering web_reg_save_param was successful  	[MsgId: MMSG-26390]
UC6_DeleteFlight.c(146): web_submit_form("web_submit_form") started  	[MsgId: MMSG-26355]
UC6_DeleteFlight.c(146): Submitting form to "http://127.0.0.1:1080/cgi-bin/itinerary.pl", Target Frame=""  	[MsgId: MMSG-27978]
UC6_DeleteFlight.c(146): Downloading resource "http://localhost:1080/cgi-bin/itinerary.pl" (specified by argument number 19)  	[MsgId: MMSG-26577]
UC6_DeleteFlight.c(146): Error -26377: No match found for the requested parameter "flights_numbers". Either the specified boundaries were not found in the response or the matched text is longer than current max html parameter size of 256 bytes. The total length of the response is 1819 bytes. You can use "web_set_max_html_param_len" to increase the max parameter size.  	[MsgId: MERR-26377]
UC6_DeleteFlight.c(146): Error -26377: No match found for the requested parameter "flight_id_after". Either the specified boundaries were not found in the response or the matched text is longer than current max html parameter size of 256 bytes. The total length of the response is 1819 bytes. You can use "web_set_max_html_param_len" to increase the max parameter size.  	[MsgId: MERR-26377]
End auto log messages stack.	[MsgId: MMSG-10544]


Start auto log messages stack - Iteration 103.	[MsgId: MMSG-10545]
UC6_DeleteFlight.c(106): web_reg_save_param started  	[MsgId: MMSG-26355]
UC6_DeleteFlight.c(106): Registering web_reg_save_param was successful  	[MsgId: MMSG-26390]
UC6_DeleteFlight.c(113): web_reg_save_param started  	[MsgId: MMSG-26355]
UC6_DeleteFlight.c(113): Registering web_reg_save_param was successful  	[MsgId: MMSG-26390]
UC6_DeleteFlight.c(146): web_submit_form("web_submit_form") started  	[MsgId: MMSG-26355]
UC6_DeleteFlight.c(146): Submitting form to "http://127.0.0.1:1080/cgi-bin/itinerary.pl", Target Frame=""  	[MsgId: MMSG-27978]
UC6_DeleteFlight.c(146): Downloading resource "http://localhost:1080/cgi-bin/itinerary.pl" (specified by argument number 19)  	[MsgId: MMSG-26577]
UC6_DeleteFlight.c(146): Error -26377: No match found for the requested parameter "flights_numbers". Either the specified boundaries were not found in the response or the matched text is longer than current max html parameter size of 256 bytes. The total length of the response is 1819 bytes. You can use "web_set_max_html_param_len" to increase the max parameter size.  	[MsgId: MERR-26377]
UC6_DeleteFlight.c(146): Error -26377: No match found for the requested parameter "flight_id_after". Either the specified boundaries were not found in the response or the matched text is longer than current max html parameter size of 256 bytes. The total length of the response is 1819 bytes. You can use "web_set_max_html_param_len" to increase the max parameter size.  	[MsgId: MERR-26377]
End auto log messages stack.	[MsgId: MMSG-10544]


Start auto log messages stack - Iteration 132.	[MsgId: MMSG-10545]
UC6_DeleteFlight.c(106): web_reg_save_param started  	[MsgId: MMSG-26355]
UC6_DeleteFlight.c(106): Registering web_reg_save_param was successful  	[MsgId: MMSG-26390]
UC6_DeleteFlight.c(113): web_reg_save_param started  	[MsgId: MMSG-26355]
UC6_DeleteFlight.c(113): Registering web_reg_save_param was successful  	[MsgId: MMSG-26390]
UC6_DeleteFlight.c(121): web_submit_form("web_submit_form") started  	[MsgId: MMSG-26355]
UC6_DeleteFlight.c(121): Submitting form to "http://127.0.0.1:1080/cgi-bin/itinerary.pl", Target Frame=""  	[MsgId: MMSG-27978]
UC6_DeleteFlight.c(121): Downloading resource "http://localhost:1080/cgi-bin/itinerary.pl" (specified by argument number 13)  	[MsgId: MMSG-26577]
UC6_DeleteFlight.c(121): Error -26377: No match found for the requested parameter "flights_numbers". Either the specified boundaries were not found in the response or the matched text is longer than current max html parameter size of 256 bytes. The total length of the response is 1819 bytes. You can use "web_set_max_html_param_len" to increase the max parameter size.  	[MsgId: MERR-26377]
UC6_DeleteFlight.c(121): Error -26377: No match found for the requested parameter "flight_id_after". Either the specified boundaries were not found in the response or the matched text is longer than current max html parameter size of 256 bytes. The total length of the response is 1819 bytes. You can use "web_set_max_html_param_len" to increase the max parameter size.  	[MsgId: MERR-26377]
End auto log messages stack.	[MsgId: MMSG-10544]


Start auto log messages stack - Iteration 104.	[MsgId: MMSG-10545]
UC6_DeleteFlight.c(121): Submitting form to "http://127.0.0.1:1080/cgi-bin/itinerary.pl", Target Frame=""  	[MsgId: MMSG-27978]
UC6_DeleteFlight.c(121): Downloading resource "http://localhost:1080/cgi-bin/itinerary.pl" (specified by argument number 13)  	[MsgId: MMSG-26577]
UC6_DeleteFlight.c(121): Resource "http://127.0.0.1:1080/WebTours/images/cancelreservation.gif" is in the cache already and will not be downloaded again  	[MsgId: MMSG-26655]
UC6_DeleteFlight.c(121): Resource "http://127.0.0.1:1080/WebTours/images/cancelallreservations.gif" is in the cache already and will not be downloaded again  	[MsgId: MMSG-26655]
UC6_DeleteFlight.c(121): web_submit_form("web_submit_form") was successful, 100745 body bytes, 512 header bytes, 215 chunking overhead bytes  	[MsgId: MMSG-26385]
UC6_DeleteFlight.c(164): Error: Itinerary not deleted	[MsgId: MERR-17999]
End auto log messages stack.	[MsgId: MMSG-10544]


Start auto log messages stack - Iteration 133.	[MsgId: MMSG-10545]
UC6_DeleteFlight.c(106): web_reg_save_param started  	[MsgId: MMSG-26355]
UC6_DeleteFlight.c(106): Registering web_reg_save_param was successful  	[MsgId: MMSG-26390]
UC6_DeleteFlight.c(113): web_reg_save_param started  	[MsgId: MMSG-26355]
UC6_DeleteFlight.c(113): Registering web_reg_save_param was successful  	[MsgId: MMSG-26390]
UC6_DeleteFlight.c(146): web_submit_form("web_submit_form") started  	[MsgId: MMSG-26355]
UC6_DeleteFlight.c(146): Submitting form to "http://127.0.0.1:1080/cgi-bin/itinerary.pl", Target Frame=""  	[MsgId: MMSG-27978]
UC6_DeleteFlight.c(146): Downloading resource "http://localhost:1080/cgi-bin/itinerary.pl" (specified by argument number 19)  	[MsgId: MMSG-26577]
UC6_DeleteFlight.c(146): Error -26377: No match found for the requested parameter "flights_numbers". Either the specified boundaries were not found in the response or the matched text is longer than current max html parameter size of 256 bytes. The total length of the response is 1819 bytes. You can use "web_set_max_html_param_len" to increase the max parameter size.  	[MsgId: MERR-26377]
UC6_DeleteFlight.c(146): Error -26377: No match found for the requested parameter "flight_id_after". Either the specified boundaries were not found in the response or the matched text is longer than current max html parameter size of 256 bytes. The total length of the response is 1819 bytes. You can use "web_set_max_html_param_len" to increase the max parameter size.  	[MsgId: MERR-26377]
End auto log messages stack.	[MsgId: MMSG-10544]


Start auto log messages stack - Iteration 105.	[MsgId: MMSG-10545]
UC6_DeleteFlight.c(106): web_reg_save_param started  	[MsgId: MMSG-26355]
UC6_DeleteFlight.c(106): Registering web_reg_save_param was successful  	[MsgId: MMSG-26390]
UC6_DeleteFlight.c(113): web_reg_save_param started  	[MsgId: MMSG-26355]
UC6_DeleteFlight.c(113): Registering web_reg_save_param was successful  	[MsgId: MMSG-26390]
UC6_DeleteFlight.c(146): web_submit_form("web_submit_form") started  	[MsgId: MMSG-26355]
UC6_DeleteFlight.c(146): Submitting form to "http://127.0.0.1:1080/cgi-bin/itinerary.pl", Target Frame=""  	[MsgId: MMSG-27978]
UC6_DeleteFlight.c(146): Downloading resource "http://localhost:1080/cgi-bin/itinerary.pl" (specified by argument number 19)  	[MsgId: MMSG-26577]
UC6_DeleteFlight.c(146): Error -26377: No match found for the requested parameter "flights_numbers". Either the specified boundaries were not found in the response or the matched text is longer than current max html parameter size of 256 bytes. The total length of the response is 1819 bytes. You can use "web_set_max_html_param_len" to increase the max parameter size.  	[MsgId: MERR-26377]
UC6_DeleteFlight.c(146): Error -26377: No match found for the requested parameter "flight_id_after". Either the specified boundaries were not found in the response or the matched text is longer than current max html parameter size of 256 bytes. The total length of the response is 1819 bytes. You can use "web_set_max_html_param_len" to increase the max parameter size.  	[MsgId: MERR-26377]
End auto log messages stack.	[MsgId: MMSG-10544]


Start auto log messages stack - Iteration 76.	[MsgId: MMSG-10545]
UC6_DeleteFlight.c(106): web_reg_save_param started  	[MsgId: MMSG-26355]
UC6_DeleteFlight.c(106): Registering web_reg_save_param was successful  	[MsgId: MMSG-26390]
UC6_DeleteFlight.c(113): web_reg_save_param started  	[MsgId: MMSG-26355]
UC6_DeleteFlight.c(113): Registering web_reg_save_param was successful  	[MsgId: MMSG-26390]
UC6_DeleteFlight.c(133): web_submit_form("web_submit_form") started  	[MsgId: MMSG-26355]
UC6_DeleteFlight.c(133): Submitting form to "http://127.0.0.1:1080/cgi-bin/itinerary.pl", Target Frame=""  	[MsgId: MMSG-27978]
UC6_DeleteFlight.c(133): Downloading resource "http://localhost:1080/cgi-bin/itinerary.pl" (specified by argument number 16)  	[MsgId: MMSG-26577]
UC6_DeleteFlight.c(133): Error -26377: No match found for the requested parameter "flights_numbers". Either the specified boundaries were not found in the response or the matched text is longer than current max html parameter size of 256 bytes. The total length of the response is 1819 bytes. You can use "web_set_max_html_param_len" to increase the max parameter size.  	[MsgId: MERR-26377]
UC6_DeleteFlight.c(133): Error -26377: No match found for the requested parameter "flight_id_after". Either the specified boundaries were not found in the response or the matched text is longer than current max html parameter size of 256 bytes. The total length of the response is 1819 bytes. You can use "web_set_max_html_param_len" to increase the max parameter size.  	[MsgId: MERR-26377]
End auto log messages stack.	[MsgId: MMSG-10544]


Start auto log messages stack - Iteration 47.	[MsgId: MMSG-10545]
UC6_DeleteFlight.c(106): web_reg_save_param started  	[MsgId: MMSG-26355]
UC6_DeleteFlight.c(106): Registering web_reg_save_param was successful  	[MsgId: MMSG-26390]
UC6_DeleteFlight.c(113): web_reg_save_param started  	[MsgId: MMSG-26355]
UC6_DeleteFlight.c(113): Registering web_reg_save_param was successful  	[MsgId: MMSG-26390]
UC6_DeleteFlight.c(146): web_submit_form("web_submit_form") started  	[MsgId: MMSG-26355]
UC6_DeleteFlight.c(146): Submitting form to "http://127.0.0.1:1080/cgi-bin/itinerary.pl", Target Frame=""  	[MsgId: MMSG-27978]
UC6_DeleteFlight.c(146): Downloading resource "http://localhost:1080/cgi-bin/itinerary.pl" (specified by argument number 19)  	[MsgId: MMSG-26577]
UC6_DeleteFlight.c(146): Error -26377: No match found for the requested parameter "flights_numbers". Either the specified boundaries were not found in the response or the matched text is longer than current max html parameter size of 256 bytes. The total length of the response is 1819 bytes. You can use "web_set_max_html_param_len" to increase the max parameter size.  	[MsgId: MERR-26377]
UC6_DeleteFlight.c(146): Error -26377: No match found for the requested parameter "flight_id_after". Either the specified boundaries were not found in the response or the matched text is longer than current max html parameter size of 256 bytes. The total length of the response is 1819 bytes. You can use "web_set_max_html_param_len" to increase the max parameter size.  	[MsgId: MERR-26377]
End auto log messages stack.	[MsgId: MMSG-10544]


Start auto log messages stack - Iteration 106.	[MsgId: MMSG-10545]
UC6_DeleteFlight.c(106): web_reg_save_param started  	[MsgId: MMSG-26355]
UC6_DeleteFlight.c(106): Registering web_reg_save_param was successful  	[MsgId: MMSG-26390]
UC6_DeleteFlight.c(113): web_reg_save_param started  	[MsgId: MMSG-26355]
UC6_DeleteFlight.c(113): Registering web_reg_save_param was successful  	[MsgId: MMSG-26390]
UC6_DeleteFlight.c(146): web_submit_form("web_submit_form") started  	[MsgId: MMSG-26355]
UC6_DeleteFlight.c(146): Submitting form to "http://127.0.0.1:1080/cgi-bin/itinerary.pl", Target Frame=""  	[MsgId: MMSG-27978]
UC6_DeleteFlight.c(146): Downloading resource "http://localhost:1080/cgi-bin/itinerary.pl" (specified by argument number 19)  	[MsgId: MMSG-26577]
UC6_DeleteFlight.c(146): Error -26377: No match found for the requested parameter "flights_numbers". Either the specified boundaries were not found in the response or the matched text is longer than current max html parameter size of 256 bytes. The total length of the response is 1819 bytes. You can use "web_set_max_html_param_len" to increase the max parameter size.  	[MsgId: MERR-26377]
UC6_DeleteFlight.c(146): Error -26377: No match found for the requested parameter "flight_id_after". Either the specified boundaries were not found in the response or the matched text is longer than current max html parameter size of 256 bytes. The total length of the response is 1819 bytes. You can use "web_set_max_html_param_len" to increase the max parameter size.  	[MsgId: MERR-26377]
End auto log messages stack.	[MsgId: MMSG-10544]


Start auto log messages stack - Iteration 135.	[MsgId: MMSG-10545]
UC6_DeleteFlight.c(106): web_reg_save_param started  	[MsgId: MMSG-26355]
UC6_DeleteFlight.c(106): Registering web_reg_save_param was successful  	[MsgId: MMSG-26390]
UC6_DeleteFlight.c(113): web_reg_save_param started  	[MsgId: MMSG-26355]
UC6_DeleteFlight.c(113): Registering web_reg_save_param was successful  	[MsgId: MMSG-26390]
UC6_DeleteFlight.c(121): web_submit_form("web_submit_form") started  	[MsgId: MMSG-26355]
UC6_DeleteFlight.c(121): Submitting form to "http://127.0.0.1:1080/cgi-bin/itinerary.pl", Target Frame=""  	[MsgId: MMSG-27978]
UC6_DeleteFlight.c(121): Downloading resource "http://localhost:1080/cgi-bin/itinerary.pl" (specified by argument number 13)  	[MsgId: MMSG-26577]
UC6_DeleteFlight.c(121): Error -26377: No match found for the requested parameter "flights_numbers". Either the specified boundaries were not found in the response or the matched text is longer than current max html parameter size of 256 bytes. The total length of the response is 1819 bytes. You can use "web_set_max_html_param_len" to increase the max parameter size.  	[MsgId: MERR-26377]
UC6_DeleteFlight.c(121): Error -26377: No match found for the requested parameter "flight_id_after". Either the specified boundaries were not found in the response or the matched text is longer than current max html parameter size of 256 bytes. The total length of the response is 1819 bytes. You can use "web_set_max_html_param_len" to increase the max parameter size.  	[MsgId: MERR-26377]
End auto log messages stack.	[MsgId: MMSG-10544]


