Start auto log messages stack - Iteration 8.	[MsgId: MMSG-10545]
UC6_DeleteFlight.c(141): web_submit_form("itinerary.pl") started  	[MsgId: MMSG-26355]
UC6_DeleteFlight.c(141): Submitting form to "http://127.0.0.1:1080/cgi-bin/itinerary.pl", Target Frame=""  	[MsgId: MMSG-27978]
UC6_DeleteFlight.c(141): Resource "http://127.0.0.1:1080/WebTours/images/cancelreservation.gif" is in the cache already and will not be downloaded again  	[MsgId: MMSG-26655]
UC6_DeleteFlight.c(141): Resource "http://127.0.0.1:1080/WebTours/images/cancelallreservations.gif" is in the cache already and will not be downloaded again  	[MsgId: MMSG-26655]
UC6_DeleteFlight.c(141): web_submit_form("itinerary.pl") was successful, 330114 body bytes, 256 header bytes, 620 chunking overhead bytes  	[MsgId: MMSG-26385]
UC6_DeleteFlight.c(154): Error: Itinerary not deleted	[MsgId: MERR-17999]
End auto log messages stack.	[MsgId: MMSG-10544]


Start auto log messages stack - Iteration 13.	[MsgId: MMSG-10545]
UC6_DeleteFlight.c(141): web_submit_form("itinerary.pl") started  	[MsgId: MMSG-26355]
UC6_DeleteFlight.c(141): Submitting form to "http://127.0.0.1:1080/cgi-bin/itinerary.pl", Target Frame=""  	[MsgId: MMSG-27978]
UC6_DeleteFlight.c(141): Resource "http://127.0.0.1:1080/WebTours/images/cancelreservation.gif" is in the cache already and will not be downloaded again  	[MsgId: MMSG-26655]
UC6_DeleteFlight.c(141): Resource "http://127.0.0.1:1080/WebTours/images/cancelallreservations.gif" is in the cache already and will not be downloaded again  	[MsgId: MMSG-26655]
UC6_DeleteFlight.c(141): web_submit_form("itinerary.pl") was successful, 514622 body bytes, 256 header bytes, 971 chunking overhead bytes  	[MsgId: MMSG-26385]
UC6_DeleteFlight.c(154): Error: Itinerary not deleted	[MsgId: MERR-17999]
End auto log messages stack.	[MsgId: MMSG-10544]


Start auto log messages stack - Iteration 30.	[MsgId: MMSG-10545]
UC6_DeleteFlight.c(141): web_submit_form("itinerary.pl") started  	[MsgId: MMSG-26355]
UC6_DeleteFlight.c(141): Submitting form to "http://127.0.0.1:1080/cgi-bin/itinerary.pl", Target Frame=""  	[MsgId: MMSG-27978]
UC6_DeleteFlight.c(141): Resource "http://127.0.0.1:1080/WebTours/images/cancelreservation.gif" is in the cache already and will not be downloaded again  	[MsgId: MMSG-26655]
UC6_DeleteFlight.c(141): Resource "http://127.0.0.1:1080/WebTours/images/cancelallreservations.gif" is in the cache already and will not be downloaded again  	[MsgId: MMSG-26655]
UC6_DeleteFlight.c(141): web_submit_form("itinerary.pl") was successful, 334702 body bytes, 256 header bytes, 635 chunking overhead bytes  	[MsgId: MMSG-26385]
UC6_DeleteFlight.c(154): Error: Itinerary not deleted	[MsgId: MERR-17999]
End auto log messages stack.	[MsgId: MMSG-10544]


Start auto log messages stack - Iteration 1.	[MsgId: MMSG-10545]
UC6_DeleteFlight.c(125): Registering web_reg_save_param was successful  	[MsgId: MMSG-26390]
UC6_DeleteFlight.c(130): web_reg_save_param_regexp started  	[MsgId: MMSG-26355]
UC6_DeleteFlight.c(130): Registering web_reg_save_param_regexp was successful  	[MsgId: MMSG-26390]
UC6_DeleteFlight.c(141): web_submit_form("itinerary.pl") started  	[MsgId: MMSG-26355]
UC6_DeleteFlight.c(141): Submitting form to "http://127.0.0.1:1080/cgi-bin/itinerary.pl", Target Frame=""  	[MsgId: MMSG-27978]
UC6_DeleteFlight.c(141): Warning -35049: No match found for the requested parameter "ticket_id_after". Check whether the requested regular expression exists in the response data  	[MsgId: MWAR-35049]
UC6_DeleteFlight.c(141): Error -26377: No match found for the requested parameter "flights_numbers". Either the specified boundaries were not found in the response or the matched text is longer than current max html parameter size of 256 bytes. The total length of the response is 932 bytes. You can use "web_set_max_html_param_len" to increase the max parameter size.  	[MsgId: MERR-26377]
End auto log messages stack.	[MsgId: MMSG-10544]


Start auto log messages stack - Iteration 7.	[MsgId: MMSG-10545]
UC6_DeleteFlight.c(125): Registering web_reg_save_param was successful  	[MsgId: MMSG-26390]
UC6_DeleteFlight.c(130): web_reg_save_param_regexp started  	[MsgId: MMSG-26355]
UC6_DeleteFlight.c(130): Registering web_reg_save_param_regexp was successful  	[MsgId: MMSG-26390]
UC6_DeleteFlight.c(141): web_submit_form("itinerary.pl") started  	[MsgId: MMSG-26355]
UC6_DeleteFlight.c(141): Submitting form to "http://127.0.0.1:1080/cgi-bin/itinerary.pl", Target Frame=""  	[MsgId: MMSG-27978]
UC6_DeleteFlight.c(141): Warning -35049: No match found for the requested parameter "ticket_id_after". Check whether the requested regular expression exists in the response data  	[MsgId: MWAR-35049]
UC6_DeleteFlight.c(141): Error -26377: No match found for the requested parameter "flights_numbers". Either the specified boundaries were not found in the response or the matched text is longer than current max html parameter size of 256 bytes. The total length of the response is 932 bytes. You can use "web_set_max_html_param_len" to increase the max parameter size.  	[MsgId: MERR-26377]
End auto log messages stack.	[MsgId: MMSG-10544]


Start auto log messages stack - Iteration 15.	[MsgId: MMSG-10545]
UC6_DeleteFlight.c(125): Registering web_reg_save_param was successful  	[MsgId: MMSG-26390]
UC6_DeleteFlight.c(130): web_reg_save_param_regexp started  	[MsgId: MMSG-26355]
UC6_DeleteFlight.c(130): Registering web_reg_save_param_regexp was successful  	[MsgId: MMSG-26390]
UC6_DeleteFlight.c(141): web_submit_form("itinerary.pl") started  	[MsgId: MMSG-26355]
UC6_DeleteFlight.c(141): Submitting form to "http://127.0.0.1:1080/cgi-bin/itinerary.pl", Target Frame=""  	[MsgId: MMSG-27978]
UC6_DeleteFlight.c(141): Warning -35049: No match found for the requested parameter "ticket_id_after". Check whether the requested regular expression exists in the response data  	[MsgId: MWAR-35049]
UC6_DeleteFlight.c(141): Error -26377: No match found for the requested parameter "flights_numbers". Either the specified boundaries were not found in the response or the matched text is longer than current max html parameter size of 256 bytes. The total length of the response is 932 bytes. You can use "web_set_max_html_param_len" to increase the max parameter size.  	[MsgId: MERR-26377]
End auto log messages stack.	[MsgId: MMSG-10544]


Start auto log messages stack - Iteration 46.	[MsgId: MMSG-10545]
UC6_DeleteFlight.c(125): Registering web_reg_save_param was successful  	[MsgId: MMSG-26390]
UC6_DeleteFlight.c(130): web_reg_save_param_regexp started  	[MsgId: MMSG-26355]
UC6_DeleteFlight.c(130): Registering web_reg_save_param_regexp was successful  	[MsgId: MMSG-26390]
UC6_DeleteFlight.c(141): web_submit_form("itinerary.pl") started  	[MsgId: MMSG-26355]
UC6_DeleteFlight.c(141): Submitting form to "http://127.0.0.1:1080/cgi-bin/itinerary.pl", Target Frame=""  	[MsgId: MMSG-27978]
UC6_DeleteFlight.c(141): Warning -35049: No match found for the requested parameter "ticket_id_after". Check whether the requested regular expression exists in the response data  	[MsgId: MWAR-35049]
UC6_DeleteFlight.c(141): Error -26377: No match found for the requested parameter "flights_numbers". Either the specified boundaries were not found in the response or the matched text is longer than current max html parameter size of 256 bytes. The total length of the response is 932 bytes. You can use "web_set_max_html_param_len" to increase the max parameter size.  	[MsgId: MERR-26377]
End auto log messages stack.	[MsgId: MMSG-10544]


Start auto log messages stack - Iteration 21.	[MsgId: MMSG-10545]
UC6_DeleteFlight.c(125): Registering web_reg_save_param was successful  	[MsgId: MMSG-26390]
UC6_DeleteFlight.c(130): web_reg_save_param_regexp started  	[MsgId: MMSG-26355]
UC6_DeleteFlight.c(130): Registering web_reg_save_param_regexp was successful  	[MsgId: MMSG-26390]
UC6_DeleteFlight.c(141): web_submit_form("itinerary.pl") started  	[MsgId: MMSG-26355]
UC6_DeleteFlight.c(141): Submitting form to "http://127.0.0.1:1080/cgi-bin/itinerary.pl", Target Frame=""  	[MsgId: MMSG-27978]
UC6_DeleteFlight.c(141): Warning -35049: No match found for the requested parameter "ticket_id_after". Check whether the requested regular expression exists in the response data  	[MsgId: MWAR-35049]
UC6_DeleteFlight.c(141): Error -26377: No match found for the requested parameter "flights_numbers". Either the specified boundaries were not found in the response or the matched text is longer than current max html parameter size of 256 bytes. The total length of the response is 932 bytes. You can use "web_set_max_html_param_len" to increase the max parameter size.  	[MsgId: MERR-26377]
End auto log messages stack.	[MsgId: MMSG-10544]


Start auto log messages stack - Iteration 54.	[MsgId: MMSG-10545]
UC6_DeleteFlight.c(125): Registering web_reg_save_param was successful  	[MsgId: MMSG-26390]
UC6_DeleteFlight.c(130): web_reg_save_param_regexp started  	[MsgId: MMSG-26355]
UC6_DeleteFlight.c(130): Registering web_reg_save_param_regexp was successful  	[MsgId: MMSG-26390]
UC6_DeleteFlight.c(141): web_submit_form("itinerary.pl") started  	[MsgId: MMSG-26355]
UC6_DeleteFlight.c(141): Submitting form to "http://127.0.0.1:1080/cgi-bin/itinerary.pl", Target Frame=""  	[MsgId: MMSG-27978]
UC6_DeleteFlight.c(141): Warning -35049: No match found for the requested parameter "ticket_id_after". Check whether the requested regular expression exists in the response data  	[MsgId: MWAR-35049]
UC6_DeleteFlight.c(141): Error -26377: No match found for the requested parameter "flights_numbers". Either the specified boundaries were not found in the response or the matched text is longer than current max html parameter size of 256 bytes. The total length of the response is 932 bytes. You can use "web_set_max_html_param_len" to increase the max parameter size.  	[MsgId: MERR-26377]
End auto log messages stack.	[MsgId: MMSG-10544]


Start auto log messages stack - Iteration 1.	[MsgId: MMSG-10545]
UC6_DeleteFlight.c(125): Registering web_reg_save_param was successful  	[MsgId: MMSG-26390]
UC6_DeleteFlight.c(130): web_reg_save_param_regexp started  	[MsgId: MMSG-26355]
UC6_DeleteFlight.c(130): Registering web_reg_save_param_regexp was successful  	[MsgId: MMSG-26390]
UC6_DeleteFlight.c(141): web_submit_form("itinerary.pl") started  	[MsgId: MMSG-26355]
UC6_DeleteFlight.c(141): Submitting form to "http://127.0.0.1:1080/cgi-bin/itinerary.pl", Target Frame=""  	[MsgId: MMSG-27978]
UC6_DeleteFlight.c(141): Warning -35049: No match found for the requested parameter "ticket_id_after". Check whether the requested regular expression exists in the response data  	[MsgId: MWAR-35049]
UC6_DeleteFlight.c(141): Error -26377: No match found for the requested parameter "flights_numbers". Either the specified boundaries were not found in the response or the matched text is longer than current max html parameter size of 256 bytes. The total length of the response is 932 bytes. You can use "web_set_max_html_param_len" to increase the max parameter size.  	[MsgId: MERR-26377]
End auto log messages stack.	[MsgId: MMSG-10544]


Start auto log messages stack - Iteration 60.	[MsgId: MMSG-10545]
UC6_DeleteFlight.c(125): Registering web_reg_save_param was successful  	[MsgId: MMSG-26390]
UC6_DeleteFlight.c(130): web_reg_save_param_regexp started  	[MsgId: MMSG-26355]
UC6_DeleteFlight.c(130): Registering web_reg_save_param_regexp was successful  	[MsgId: MMSG-26390]
UC6_DeleteFlight.c(141): web_submit_form("itinerary.pl") started  	[MsgId: MMSG-26355]
UC6_DeleteFlight.c(141): Submitting form to "http://127.0.0.1:1080/cgi-bin/itinerary.pl", Target Frame=""  	[MsgId: MMSG-27978]
UC6_DeleteFlight.c(141): Warning -35049: No match found for the requested parameter "ticket_id_after". Check whether the requested regular expression exists in the response data  	[MsgId: MWAR-35049]
UC6_DeleteFlight.c(141): Error -26377: No match found for the requested parameter "flights_numbers". Either the specified boundaries were not found in the response or the matched text is longer than current max html parameter size of 256 bytes. The total length of the response is 932 bytes. You can use "web_set_max_html_param_len" to increase the max parameter size.  	[MsgId: MERR-26377]
End auto log messages stack.	[MsgId: MMSG-10544]


Start auto log messages stack - Iteration 2.	[MsgId: MMSG-10545]
UC6_DeleteFlight.c(92): Registering web_reg_save_param_regexp was successful  	[MsgId: MMSG-26390]
UC6_DeleteFlight.c(103): web_reg_find started  	[MsgId: MMSG-26355]
UC6_DeleteFlight.c(103): Registering web_reg_find was successful  	[MsgId: MMSG-26390]
UC6_DeleteFlight.c(105): web_url("Itinerary Button") started  	[MsgId: MMSG-26355]
UC6_DeleteFlight.c(105): Detected non-resource "http://127.0.0.1:1080/cgi-bin/nav.pl?page=menu&in=itinerary" in "http://127.0.0.1:1080/cgi-bin/welcome.pl?page=itinerary"  	[MsgId: MMSG-26574]
UC6_DeleteFlight.c(105): Detected non-resource "http://127.0.0.1:1080/cgi-bin/itinerary.pl" in "http://127.0.0.1:1080/cgi-bin/welcome.pl?page=itinerary"  	[MsgId: MMSG-26574]
UC6_DeleteFlight.c(105): Error -26612: HTTP Status-Code=500 (Internal Server Error) for "http://127.0.0.1:1080/cgi-bin/nav.pl?page=menu&in=itinerary"  	[MsgId: MERR-26612]
End auto log messages stack.	[MsgId: MMSG-10544]


Start auto log messages stack - Iteration 63.	[MsgId: MMSG-10545]
UC6_DeleteFlight.c(141): web_submit_form("itinerary.pl") started  	[MsgId: MMSG-26355]
UC6_DeleteFlight.c(141): Submitting form to "http://127.0.0.1:1080/cgi-bin/itinerary.pl", Target Frame=""  	[MsgId: MMSG-27978]
UC6_DeleteFlight.c(141): Resource "http://127.0.0.1:1080/WebTours/images/cancelreservation.gif" is in the cache already and will not be downloaded again  	[MsgId: MMSG-26655]
UC6_DeleteFlight.c(141): Resource "http://127.0.0.1:1080/WebTours/images/cancelallreservations.gif" is in the cache already and will not be downloaded again  	[MsgId: MMSG-26655]
UC6_DeleteFlight.c(141): web_submit_form("itinerary.pl") was successful, 343866 body bytes, 256 header bytes, 659 chunking overhead bytes  	[MsgId: MMSG-26385]
UC6_DeleteFlight.c(154): Error: Itinerary not deleted	[MsgId: MERR-17999]
End auto log messages stack.	[MsgId: MMSG-10544]


Start auto log messages stack - Iteration 7.	[MsgId: MMSG-10545]
UC6_DeleteFlight.c(125): Registering web_reg_save_param was successful  	[MsgId: MMSG-26390]
UC6_DeleteFlight.c(130): web_reg_save_param_regexp started  	[MsgId: MMSG-26355]
UC6_DeleteFlight.c(130): Registering web_reg_save_param_regexp was successful  	[MsgId: MMSG-26390]
UC6_DeleteFlight.c(141): web_submit_form("itinerary.pl") started  	[MsgId: MMSG-26355]
UC6_DeleteFlight.c(141): Submitting form to "http://127.0.0.1:1080/cgi-bin/itinerary.pl", Target Frame=""  	[MsgId: MMSG-27978]
UC6_DeleteFlight.c(141): Warning -35049: No match found for the requested parameter "ticket_id_after". Check whether the requested regular expression exists in the response data  	[MsgId: MWAR-35049]
UC6_DeleteFlight.c(141): Error -26377: No match found for the requested parameter "flights_numbers". Either the specified boundaries were not found in the response or the matched text is longer than current max html parameter size of 256 bytes. The total length of the response is 932 bytes. You can use "web_set_max_html_param_len" to increase the max parameter size.  	[MsgId: MERR-26377]
End auto log messages stack.	[MsgId: MMSG-10544]


Start auto log messages stack - Iteration 37.	[MsgId: MMSG-10545]
UC6_DeleteFlight.c(141): web_submit_form("itinerary.pl") started  	[MsgId: MMSG-26355]
UC6_DeleteFlight.c(141): Submitting form to "http://127.0.0.1:1080/cgi-bin/itinerary.pl", Target Frame=""  	[MsgId: MMSG-27978]
UC6_DeleteFlight.c(141): Resource "http://127.0.0.1:1080/WebTours/images/cancelreservation.gif" is in the cache already and will not be downloaded again  	[MsgId: MMSG-26655]
UC6_DeleteFlight.c(141): Resource "http://127.0.0.1:1080/WebTours/images/cancelallreservations.gif" is in the cache already and will not be downloaded again  	[MsgId: MMSG-26655]
UC6_DeleteFlight.c(141): web_submit_form("itinerary.pl") was successful, 40032 body bytes, 256 header bytes, 83 chunking overhead bytes  	[MsgId: MMSG-26385]
UC6_DeleteFlight.c(154): Error: Itinerary not deleted	[MsgId: MERR-17999]
End auto log messages stack.	[MsgId: MMSG-10544]


Start auto log messages stack - Iteration 15.	[MsgId: MMSG-10545]
UC6_DeleteFlight.c(125): Registering web_reg_save_param was successful  	[MsgId: MMSG-26390]
UC6_DeleteFlight.c(130): web_reg_save_param_regexp started  	[MsgId: MMSG-26355]
UC6_DeleteFlight.c(130): Registering web_reg_save_param_regexp was successful  	[MsgId: MMSG-26390]
UC6_DeleteFlight.c(141): web_submit_form("itinerary.pl") started  	[MsgId: MMSG-26355]
UC6_DeleteFlight.c(141): Submitting form to "http://127.0.0.1:1080/cgi-bin/itinerary.pl", Target Frame=""  	[MsgId: MMSG-27978]
UC6_DeleteFlight.c(141): Warning -35049: No match found for the requested parameter "ticket_id_after". Check whether the requested regular expression exists in the response data  	[MsgId: MWAR-35049]
UC6_DeleteFlight.c(141): Error -26377: No match found for the requested parameter "flights_numbers". Either the specified boundaries were not found in the response or the matched text is longer than current max html parameter size of 256 bytes. The total length of the response is 932 bytes. You can use "web_set_max_html_param_len" to increase the max parameter size.  	[MsgId: MERR-26377]
End auto log messages stack.	[MsgId: MMSG-10544]


Start auto log messages stack - Iteration 46.	[MsgId: MMSG-10545]
UC6_DeleteFlight.c(125): Registering web_reg_save_param was successful  	[MsgId: MMSG-26390]
UC6_DeleteFlight.c(130): web_reg_save_param_regexp started  	[MsgId: MMSG-26355]
UC6_DeleteFlight.c(130): Registering web_reg_save_param_regexp was successful  	[MsgId: MMSG-26390]
UC6_DeleteFlight.c(141): web_submit_form("itinerary.pl") started  	[MsgId: MMSG-26355]
UC6_DeleteFlight.c(141): Submitting form to "http://127.0.0.1:1080/cgi-bin/itinerary.pl", Target Frame=""  	[MsgId: MMSG-27978]
UC6_DeleteFlight.c(141): Warning -35049: No match found for the requested parameter "ticket_id_after". Check whether the requested regular expression exists in the response data  	[MsgId: MWAR-35049]
UC6_DeleteFlight.c(141): Error -26377: No match found for the requested parameter "flights_numbers". Either the specified boundaries were not found in the response or the matched text is longer than current max html parameter size of 256 bytes. The total length of the response is 932 bytes. You can use "web_set_max_html_param_len" to increase the max parameter size.  	[MsgId: MERR-26377]
End auto log messages stack.	[MsgId: MMSG-10544]


Start auto log messages stack - Iteration 19.	[MsgId: MMSG-10545]
UC6_DeleteFlight.c(141): web_submit_form("itinerary.pl") started  	[MsgId: MMSG-26355]
UC6_DeleteFlight.c(141): Submitting form to "http://127.0.0.1:1080/cgi-bin/itinerary.pl", Target Frame=""  	[MsgId: MMSG-27978]
UC6_DeleteFlight.c(141): Resource "http://127.0.0.1:1080/WebTours/images/cancelreservation.gif" is in the cache already and will not be downloaded again  	[MsgId: MMSG-26655]
UC6_DeleteFlight.c(141): Resource "http://127.0.0.1:1080/WebTours/images/cancelallreservations.gif" is in the cache already and will not be downloaded again  	[MsgId: MMSG-26655]
UC6_DeleteFlight.c(141): web_submit_form("itinerary.pl") was successful, 351880 body bytes, 256 header bytes, 667 chunking overhead bytes  	[MsgId: MMSG-26385]
UC6_DeleteFlight.c(154): Error: Itinerary not deleted	[MsgId: MERR-17999]
End auto log messages stack.	[MsgId: MMSG-10544]


Start auto log messages stack - Iteration 21.	[MsgId: MMSG-10545]
UC6_DeleteFlight.c(125): Registering web_reg_save_param was successful  	[MsgId: MMSG-26390]
UC6_DeleteFlight.c(130): web_reg_save_param_regexp started  	[MsgId: MMSG-26355]
UC6_DeleteFlight.c(130): Registering web_reg_save_param_regexp was successful  	[MsgId: MMSG-26390]
UC6_DeleteFlight.c(141): web_submit_form("itinerary.pl") started  	[MsgId: MMSG-26355]
UC6_DeleteFlight.c(141): Submitting form to "http://127.0.0.1:1080/cgi-bin/itinerary.pl", Target Frame=""  	[MsgId: MMSG-27978]
UC6_DeleteFlight.c(141): Warning -35049: No match found for the requested parameter "ticket_id_after". Check whether the requested regular expression exists in the response data  	[MsgId: MWAR-35049]
UC6_DeleteFlight.c(141): Error -26377: No match found for the requested parameter "flights_numbers". Either the specified boundaries were not found in the response or the matched text is longer than current max html parameter size of 256 bytes. The total length of the response is 932 bytes. You can use "web_set_max_html_param_len" to increase the max parameter size.  	[MsgId: MERR-26377]
End auto log messages stack.	[MsgId: MMSG-10544]


Start auto log messages stack - Iteration 54.	[MsgId: MMSG-10545]
UC6_DeleteFlight.c(141): web_submit_form("itinerary.pl") started  	[MsgId: MMSG-26355]
UC6_DeleteFlight.c(141): Submitting form to "http://127.0.0.1:1080/cgi-bin/itinerary.pl", Target Frame=""  	[MsgId: MMSG-27978]
UC6_DeleteFlight.c(141): Resource "http://127.0.0.1:1080/WebTours/images/cancelreservation.gif" is in the cache already and will not be downloaded again  	[MsgId: MMSG-26655]
UC6_DeleteFlight.c(141): Resource "http://127.0.0.1:1080/WebTours/images/cancelallreservations.gif" is in the cache already and will not be downloaded again  	[MsgId: MMSG-26655]
UC6_DeleteFlight.c(141): web_submit_form("itinerary.pl") was successful, 410758 body bytes, 256 header bytes, 779 chunking overhead bytes  	[MsgId: MMSG-26385]
UC6_DeleteFlight.c(154): Error: Itinerary not deleted	[MsgId: MERR-17999]
End auto log messages stack.	[MsgId: MMSG-10544]


Start auto log messages stack - Iteration 84.	[MsgId: MMSG-10545]
UC6_DeleteFlight.c(141): web_submit_form("itinerary.pl") started  	[MsgId: MMSG-26355]
UC6_DeleteFlight.c(141): Submitting form to "http://127.0.0.1:1080/cgi-bin/itinerary.pl", Target Frame=""  	[MsgId: MMSG-27978]
UC6_DeleteFlight.c(141): Resource "http://127.0.0.1:1080/WebTours/images/cancelreservation.gif" is in the cache already and will not be downloaded again  	[MsgId: MMSG-26655]
UC6_DeleteFlight.c(141): Resource "http://127.0.0.1:1080/WebTours/images/cancelallreservations.gif" is in the cache already and will not be downloaded again  	[MsgId: MMSG-26655]
UC6_DeleteFlight.c(141): web_submit_form("itinerary.pl") was successful, 460132 body bytes, 256 header bytes, 875 chunking overhead bytes  	[MsgId: MMSG-26385]
UC6_DeleteFlight.c(154): Error: Itinerary not deleted	[MsgId: MERR-17999]
End auto log messages stack.	[MsgId: MMSG-10544]


Start auto log messages stack - Iteration 1.	[MsgId: MMSG-10545]
UC6_DeleteFlight.c(125): Registering web_reg_save_param was successful  	[MsgId: MMSG-26390]
UC6_DeleteFlight.c(130): web_reg_save_param_regexp started  	[MsgId: MMSG-26355]
UC6_DeleteFlight.c(130): Registering web_reg_save_param_regexp was successful  	[MsgId: MMSG-26390]
UC6_DeleteFlight.c(141): web_submit_form("itinerary.pl") started  	[MsgId: MMSG-26355]
UC6_DeleteFlight.c(141): Submitting form to "http://127.0.0.1:1080/cgi-bin/itinerary.pl", Target Frame=""  	[MsgId: MMSG-27978]
UC6_DeleteFlight.c(141): Warning -35049: No match found for the requested parameter "ticket_id_after". Check whether the requested regular expression exists in the response data  	[MsgId: MWAR-35049]
UC6_DeleteFlight.c(141): Error -26377: No match found for the requested parameter "flights_numbers". Either the specified boundaries were not found in the response or the matched text is longer than current max html parameter size of 256 bytes. The total length of the response is 932 bytes. You can use "web_set_max_html_param_len" to increase the max parameter size.  	[MsgId: MERR-26377]
End auto log messages stack.	[MsgId: MMSG-10544]


Start auto log messages stack - Iteration 2.	[MsgId: MMSG-10545]
UC6_DeleteFlight.c(141): web_submit_form("itinerary.pl") started  	[MsgId: MMSG-26355]
UC6_DeleteFlight.c(141): Submitting form to "http://127.0.0.1:1080/cgi-bin/itinerary.pl", Target Frame=""  	[MsgId: MMSG-27978]
UC6_DeleteFlight.c(141): Resource "http://127.0.0.1:1080/WebTours/images/cancelreservation.gif" is in the cache already and will not be downloaded again  	[MsgId: MMSG-26655]
UC6_DeleteFlight.c(141): Resource "http://127.0.0.1:1080/WebTours/images/cancelallreservations.gif" is in the cache already and will not be downloaded again  	[MsgId: MMSG-26655]
UC6_DeleteFlight.c(141): web_submit_form("itinerary.pl") was successful, 550373 body bytes, 256 header bytes, 1043 chunking overhead bytes  	[MsgId: MMSG-26385]
UC6_DeleteFlight.c(154): Error: Itinerary not deleted	[MsgId: MERR-17999]
End auto log messages stack.	[MsgId: MMSG-10544]


Start auto log messages stack - Iteration 62.	[MsgId: MMSG-10545]
UC6_DeleteFlight.c(141): web_submit_form("itinerary.pl") started  	[MsgId: MMSG-26355]
UC6_DeleteFlight.c(141): Submitting form to "http://127.0.0.1:1080/cgi-bin/itinerary.pl", Target Frame=""  	[MsgId: MMSG-27978]
UC6_DeleteFlight.c(141): Resource "http://127.0.0.1:1080/WebTours/images/cancelreservation.gif" is in the cache already and will not be downloaded again  	[MsgId: MMSG-26655]
UC6_DeleteFlight.c(141): Resource "http://127.0.0.1:1080/WebTours/images/cancelallreservations.gif" is in the cache already and will not be downloaded again  	[MsgId: MMSG-26655]
UC6_DeleteFlight.c(141): web_submit_form("itinerary.pl") was successful, 463574 body bytes, 256 header bytes, 868 chunking overhead bytes  	[MsgId: MMSG-26385]
UC6_DeleteFlight.c(154): Error: Itinerary not deleted	[MsgId: MERR-17999]
End auto log messages stack.	[MsgId: MMSG-10544]


Start auto log messages stack - Iteration 4.	[MsgId: MMSG-10545]
UC6_DeleteFlight.c(141): web_submit_form("itinerary.pl") started  	[MsgId: MMSG-26355]
UC6_DeleteFlight.c(141): Submitting form to "http://127.0.0.1:1080/cgi-bin/itinerary.pl", Target Frame=""  	[MsgId: MMSG-27978]
UC6_DeleteFlight.c(141): Resource "http://127.0.0.1:1080/WebTours/images/cancelreservation.gif" is in the cache already and will not be downloaded again  	[MsgId: MMSG-26655]
UC6_DeleteFlight.c(141): Resource "http://127.0.0.1:1080/WebTours/images/cancelallreservations.gif" is in the cache already and will not be downloaded again  	[MsgId: MMSG-26655]
UC6_DeleteFlight.c(141): web_submit_form("itinerary.pl") was successful, 53671 body bytes, 256 header bytes, 108 chunking overhead bytes  	[MsgId: MMSG-26385]
UC6_DeleteFlight.c(154): Error: Itinerary not deleted	[MsgId: MERR-17999]
End auto log messages stack.	[MsgId: MMSG-10544]


Start auto log messages stack - Iteration 34.	[MsgId: MMSG-10545]
UC6_DeleteFlight.c(46): Notify: Transaction "StartPage" ended with a "Pass" status (Duration: 0,3934 Wasted Time: 0,0000).	[MsgId: MMSG-16871]
UC6_DeleteFlight.c(48): lr_think_time: 5,00 seconds.	[MsgId: MMSG-15948]
UC6_DeleteFlight.c(50): Notify: Transaction "Login" started.	[MsgId: MMSG-16999]
UC6_DeleteFlight.c(52): web_reg_find started  	[MsgId: MMSG-26355]
UC6_DeleteFlight.c(52): Registering web_reg_find was successful  	[MsgId: MMSG-26390]
UC6_DeleteFlight.c(54): web_submit_data("login.pl") started  	[MsgId: MMSG-26355]
UC6_DeleteFlight.c(54): Detected non-resource "http://127.0.0.1:1080/cgi-bin/nav.pl?page=menu&in=home" in "http://127.0.0.1:1080/cgi-bin/login.pl"  	[MsgId: MMSG-26574]
UC6_DeleteFlight.c(54): Detected non-resource "http://127.0.0.1:1080/cgi-bin/login.pl?intro=true" in "http://127.0.0.1:1080/cgi-bin/login.pl"  	[MsgId: MMSG-26574]
UC6_DeleteFlight.c(54): Error -26612: HTTP Status-Code=500 (Internal Server Error) for "http://127.0.0.1:1080/cgi-bin/nav.pl?page=menu&in=home"  	[MsgId: MERR-26612]
End auto log messages stack.	[MsgId: MMSG-10544]


Start auto log messages stack - Iteration 7.	[MsgId: MMSG-10545]
UC6_DeleteFlight.c(125): Registering web_reg_save_param was successful  	[MsgId: MMSG-26390]
UC6_DeleteFlight.c(130): web_reg_save_param_regexp started  	[MsgId: MMSG-26355]
UC6_DeleteFlight.c(130): Registering web_reg_save_param_regexp was successful  	[MsgId: MMSG-26390]
UC6_DeleteFlight.c(141): web_submit_form("itinerary.pl") started  	[MsgId: MMSG-26355]
UC6_DeleteFlight.c(141): Submitting form to "http://127.0.0.1:1080/cgi-bin/itinerary.pl", Target Frame=""  	[MsgId: MMSG-27978]
UC6_DeleteFlight.c(141): Warning -35049: No match found for the requested parameter "ticket_id_after". Check whether the requested regular expression exists in the response data  	[MsgId: MWAR-35049]
UC6_DeleteFlight.c(141): Error -26377: No match found for the requested parameter "flights_numbers". Either the specified boundaries were not found in the response or the matched text is longer than current max html parameter size of 256 bytes. The total length of the response is 932 bytes. You can use "web_set_max_html_param_len" to increase the max parameter size.  	[MsgId: MERR-26377]
End auto log messages stack.	[MsgId: MMSG-10544]


Start auto log messages stack - Iteration 67.	[MsgId: MMSG-10545]
UC6_DeleteFlight.c(125): Registering web_reg_save_param was successful  	[MsgId: MMSG-26390]
UC6_DeleteFlight.c(130): web_reg_save_param_regexp started  	[MsgId: MMSG-26355]
UC6_DeleteFlight.c(130): Registering web_reg_save_param_regexp was successful  	[MsgId: MMSG-26390]
UC6_DeleteFlight.c(141): web_submit_form("itinerary.pl") started  	[MsgId: MMSG-26355]
UC6_DeleteFlight.c(141): Submitting form to "http://127.0.0.1:1080/cgi-bin/itinerary.pl", Target Frame=""  	[MsgId: MMSG-27978]
UC6_DeleteFlight.c(141): Warning -35049: No match found for the requested parameter "ticket_id_after". Check whether the requested regular expression exists in the response data  	[MsgId: MWAR-35049]
UC6_DeleteFlight.c(141): Error -26377: No match found for the requested parameter "flights_numbers". Either the specified boundaries were not found in the response or the matched text is longer than current max html parameter size of 256 bytes. The total length of the response is 932 bytes. You can use "web_set_max_html_param_len" to increase the max parameter size.  	[MsgId: MERR-26377]
End auto log messages stack.	[MsgId: MMSG-10544]


Start auto log messages stack - Iteration 99.	[MsgId: MMSG-10545]
UC6_DeleteFlight.c(125): Registering web_reg_save_param was successful  	[MsgId: MMSG-26390]
UC6_DeleteFlight.c(130): web_reg_save_param_regexp started  	[MsgId: MMSG-26355]
UC6_DeleteFlight.c(130): Registering web_reg_save_param_regexp was successful  	[MsgId: MMSG-26390]
UC6_DeleteFlight.c(141): web_submit_form("itinerary.pl") started  	[MsgId: MMSG-26355]
UC6_DeleteFlight.c(141): Submitting form to "http://127.0.0.1:1080/cgi-bin/itinerary.pl", Target Frame=""  	[MsgId: MMSG-27978]
UC6_DeleteFlight.c(141): Warning -35049: No match found for the requested parameter "ticket_id_after". Check whether the requested regular expression exists in the response data  	[MsgId: MWAR-35049]
UC6_DeleteFlight.c(141): Error -26377: No match found for the requested parameter "flights_numbers". Either the specified boundaries were not found in the response or the matched text is longer than current max html parameter size of 256 bytes. The total length of the response is 932 bytes. You can use "web_set_max_html_param_len" to increase the max parameter size.  	[MsgId: MERR-26377]
End auto log messages stack.	[MsgId: MMSG-10544]


Start auto log messages stack - Iteration 13.	[MsgId: MMSG-10545]
UC6_DeleteFlight.c(141): web_submit_form("itinerary.pl") started  	[MsgId: MMSG-26355]
UC6_DeleteFlight.c(141): Submitting form to "http://127.0.0.1:1080/cgi-bin/itinerary.pl", Target Frame=""  	[MsgId: MMSG-27978]
UC6_DeleteFlight.c(141): Resource "http://127.0.0.1:1080/WebTours/images/cancelreservation.gif" is in the cache already and will not be downloaded again  	[MsgId: MMSG-26655]
UC6_DeleteFlight.c(141): Resource "http://127.0.0.1:1080/WebTours/images/cancelallreservations.gif" is in the cache already and will not be downloaded again  	[MsgId: MMSG-26655]
UC6_DeleteFlight.c(141): web_submit_form("itinerary.pl") was successful, 557309 body bytes, 256 header bytes, 1051 chunking overhead bytes  	[MsgId: MMSG-26385]
UC6_DeleteFlight.c(154): Error: Itinerary not deleted	[MsgId: MERR-17999]
End auto log messages stack.	[MsgId: MMSG-10544]


Start auto log messages stack - Iteration 73.	[MsgId: MMSG-10545]
UC6_DeleteFlight.c(125): Registering web_reg_save_param was successful  	[MsgId: MMSG-26390]
UC6_DeleteFlight.c(130): web_reg_save_param_regexp started  	[MsgId: MMSG-26355]
UC6_DeleteFlight.c(130): Registering web_reg_save_param_regexp was successful  	[MsgId: MMSG-26390]
UC6_DeleteFlight.c(141): web_submit_form("itinerary.pl") started  	[MsgId: MMSG-26355]
UC6_DeleteFlight.c(141): Submitting form to "http://127.0.0.1:1080/cgi-bin/itinerary.pl", Target Frame=""  	[MsgId: MMSG-27978]
UC6_DeleteFlight.c(141): Warning -35049: No match found for the requested parameter "ticket_id_after". Check whether the requested regular expression exists in the response data  	[MsgId: MWAR-35049]
UC6_DeleteFlight.c(141): Error -26377: No match found for the requested parameter "flights_numbers". Either the specified boundaries were not found in the response or the matched text is longer than current max html parameter size of 256 bytes. The total length of the response is 932 bytes. You can use "web_set_max_html_param_len" to increase the max parameter size.  	[MsgId: MERR-26377]
End auto log messages stack.	[MsgId: MMSG-10544]


Start auto log messages stack - Iteration 15.	[MsgId: MMSG-10545]
UC6_DeleteFlight.c(125): Registering web_reg_save_param was successful  	[MsgId: MMSG-26390]
UC6_DeleteFlight.c(130): web_reg_save_param_regexp started  	[MsgId: MMSG-26355]
UC6_DeleteFlight.c(130): Registering web_reg_save_param_regexp was successful  	[MsgId: MMSG-26390]
UC6_DeleteFlight.c(141): web_submit_form("itinerary.pl") started  	[MsgId: MMSG-26355]
UC6_DeleteFlight.c(141): Submitting form to "http://127.0.0.1:1080/cgi-bin/itinerary.pl", Target Frame=""  	[MsgId: MMSG-27978]
UC6_DeleteFlight.c(141): Warning -35049: No match found for the requested parameter "ticket_id_after". Check whether the requested regular expression exists in the response data  	[MsgId: MWAR-35049]
UC6_DeleteFlight.c(141): Error -26377: No match found for the requested parameter "flights_numbers". Either the specified boundaries were not found in the response or the matched text is longer than current max html parameter size of 256 bytes. The total length of the response is 932 bytes. You can use "web_set_max_html_param_len" to increase the max parameter size.  	[MsgId: MERR-26377]
End auto log messages stack.	[MsgId: MMSG-10544]


Start auto log messages stack - Iteration 46.	[MsgId: MMSG-10545]
UC6_DeleteFlight.c(125): Registering web_reg_save_param was successful  	[MsgId: MMSG-26390]
UC6_DeleteFlight.c(130): web_reg_save_param_regexp started  	[MsgId: MMSG-26355]
UC6_DeleteFlight.c(130): Registering web_reg_save_param_regexp was successful  	[MsgId: MMSG-26390]
UC6_DeleteFlight.c(141): web_submit_form("itinerary.pl") started  	[MsgId: MMSG-26355]
UC6_DeleteFlight.c(141): Submitting form to "http://127.0.0.1:1080/cgi-bin/itinerary.pl", Target Frame=""  	[MsgId: MMSG-27978]
UC6_DeleteFlight.c(141): Warning -35049: No match found for the requested parameter "ticket_id_after". Check whether the requested regular expression exists in the response data  	[MsgId: MWAR-35049]
UC6_DeleteFlight.c(141): Error -26377: No match found for the requested parameter "flights_numbers". Either the specified boundaries were not found in the response or the matched text is longer than current max html parameter size of 256 bytes. The total length of the response is 932 bytes. You can use "web_set_max_html_param_len" to increase the max parameter size.  	[MsgId: MERR-26377]
End auto log messages stack.	[MsgId: MMSG-10544]


Start auto log messages stack - Iteration 47.	[MsgId: MMSG-10545]
UC6_DeleteFlight.c(141): web_submit_form("itinerary.pl") started  	[MsgId: MMSG-26355]
UC6_DeleteFlight.c(141): Submitting form to "http://127.0.0.1:1080/cgi-bin/itinerary.pl", Target Frame=""  	[MsgId: MMSG-27978]
UC6_DeleteFlight.c(141): Resource "http://127.0.0.1:1080/WebTours/images/cancelreservation.gif" is in the cache already and will not be downloaded again  	[MsgId: MMSG-26655]
UC6_DeleteFlight.c(141): Resource "http://127.0.0.1:1080/WebTours/images/cancelallreservations.gif" is in the cache already and will not be downloaded again  	[MsgId: MMSG-26655]
UC6_DeleteFlight.c(141): web_submit_form("itinerary.pl") was successful, 428826 body bytes, 256 header bytes, 811 chunking overhead bytes  	[MsgId: MMSG-26385]
UC6_DeleteFlight.c(154): Error: Itinerary not deleted	[MsgId: MERR-17999]
End auto log messages stack.	[MsgId: MMSG-10544]


Start auto log messages stack - Iteration 106.	[MsgId: MMSG-10545]
UC6_DeleteFlight.c(125): Registering web_reg_save_param was successful  	[MsgId: MMSG-26390]
UC6_DeleteFlight.c(130): web_reg_save_param_regexp started  	[MsgId: MMSG-26355]
UC6_DeleteFlight.c(130): Registering web_reg_save_param_regexp was successful  	[MsgId: MMSG-26390]
UC6_DeleteFlight.c(141): web_submit_form("itinerary.pl") started  	[MsgId: MMSG-26355]
UC6_DeleteFlight.c(141): Submitting form to "http://127.0.0.1:1080/cgi-bin/itinerary.pl", Target Frame=""  	[MsgId: MMSG-27978]
UC6_DeleteFlight.c(141): Warning -35049: No match found for the requested parameter "ticket_id_after". Check whether the requested regular expression exists in the response data  	[MsgId: MWAR-35049]
UC6_DeleteFlight.c(141): Error -26377: No match found for the requested parameter "flights_numbers". Either the specified boundaries were not found in the response or the matched text is longer than current max html parameter size of 256 bytes. The total length of the response is 932 bytes. You can use "web_set_max_html_param_len" to increase the max parameter size.  	[MsgId: MERR-26377]
End auto log messages stack.	[MsgId: MMSG-10544]


Start auto log messages stack - Iteration 21.	[MsgId: MMSG-10545]
UC6_DeleteFlight.c(125): Registering web_reg_save_param was successful  	[MsgId: MMSG-26390]
UC6_DeleteFlight.c(130): web_reg_save_param_regexp started  	[MsgId: MMSG-26355]
UC6_DeleteFlight.c(130): Registering web_reg_save_param_regexp was successful  	[MsgId: MMSG-26390]
UC6_DeleteFlight.c(141): web_submit_form("itinerary.pl") started  	[MsgId: MMSG-26355]
UC6_DeleteFlight.c(141): Submitting form to "http://127.0.0.1:1080/cgi-bin/itinerary.pl", Target Frame=""  	[MsgId: MMSG-27978]
UC6_DeleteFlight.c(141): Warning -35049: No match found for the requested parameter "ticket_id_after". Check whether the requested regular expression exists in the response data  	[MsgId: MWAR-35049]
UC6_DeleteFlight.c(141): Error -26377: No match found for the requested parameter "flights_numbers". Either the specified boundaries were not found in the response or the matched text is longer than current max html parameter size of 256 bytes. The total length of the response is 932 bytes. You can use "web_set_max_html_param_len" to increase the max parameter size.  	[MsgId: MERR-26377]
End auto log messages stack.	[MsgId: MMSG-10544]


Start auto log messages stack - Iteration 81.	[MsgId: MMSG-10545]
UC6_DeleteFlight.c(125): Registering web_reg_save_param was successful  	[MsgId: MMSG-26390]
UC6_DeleteFlight.c(130): web_reg_save_param_regexp started  	[MsgId: MMSG-26355]
UC6_DeleteFlight.c(130): Registering web_reg_save_param_regexp was successful  	[MsgId: MMSG-26390]
UC6_DeleteFlight.c(141): web_submit_form("itinerary.pl") started  	[MsgId: MMSG-26355]
UC6_DeleteFlight.c(141): Submitting form to "http://127.0.0.1:1080/cgi-bin/itinerary.pl", Target Frame=""  	[MsgId: MMSG-27978]
UC6_DeleteFlight.c(141): Warning -35049: No match found for the requested parameter "ticket_id_after". Check whether the requested regular expression exists in the response data  	[MsgId: MWAR-35049]
UC6_DeleteFlight.c(141): Error -26377: No match found for the requested parameter "flights_numbers". Either the specified boundaries were not found in the response or the matched text is longer than current max html parameter size of 256 bytes. The total length of the response is 932 bytes. You can use "web_set_max_html_param_len" to increase the max parameter size.  	[MsgId: MERR-26377]
End auto log messages stack.	[MsgId: MMSG-10544]


Start auto log messages stack - Iteration 87.	[MsgId: MMSG-10545]
UC6_DeleteFlight.c(125): Registering web_reg_save_param was successful  	[MsgId: MMSG-26390]
UC6_DeleteFlight.c(130): web_reg_save_param_regexp started  	[MsgId: MMSG-26355]
UC6_DeleteFlight.c(130): Registering web_reg_save_param_regexp was successful  	[MsgId: MMSG-26390]
UC6_DeleteFlight.c(141): web_submit_form("itinerary.pl") started  	[MsgId: MMSG-26355]
UC6_DeleteFlight.c(141): Submitting form to "http://127.0.0.1:1080/cgi-bin/itinerary.pl", Target Frame=""  	[MsgId: MMSG-27978]
UC6_DeleteFlight.c(141): Warning -35049: No match found for the requested parameter "ticket_id_after". Check whether the requested regular expression exists in the response data  	[MsgId: MWAR-35049]
UC6_DeleteFlight.c(141): Error -26377: No match found for the requested parameter "flights_numbers". Either the specified boundaries were not found in the response or the matched text is longer than current max html parameter size of 256 bytes. The total length of the response is 932 bytes. You can use "web_set_max_html_param_len" to increase the max parameter size.  	[MsgId: MERR-26377]
End auto log messages stack.	[MsgId: MMSG-10544]


Start auto log messages stack - Iteration 117.	[MsgId: MMSG-10545]
UC6_DeleteFlight.c(141): web_submit_form("itinerary.pl") started  	[MsgId: MMSG-26355]
UC6_DeleteFlight.c(141): Submitting form to "http://127.0.0.1:1080/cgi-bin/itinerary.pl", Target Frame=""  	[MsgId: MMSG-27978]
UC6_DeleteFlight.c(141): Resource "http://127.0.0.1:1080/WebTours/images/cancelreservation.gif" is in the cache already and will not be downloaded again  	[MsgId: MMSG-26655]
UC6_DeleteFlight.c(141): Resource "http://127.0.0.1:1080/WebTours/images/cancelallreservations.gif" is in the cache already and will not be downloaded again  	[MsgId: MMSG-26655]
UC6_DeleteFlight.c(141): web_submit_form("itinerary.pl") was successful, 483077 body bytes, 256 header bytes, 915 chunking overhead bytes  	[MsgId: MMSG-26385]
UC6_DeleteFlight.c(154): Error: Itinerary not deleted	[MsgId: MERR-17999]
End auto log messages stack.	[MsgId: MMSG-10544]


Start auto log messages stack - Iteration 60.	[MsgId: MMSG-10545]
UC6_DeleteFlight.c(125): Registering web_reg_save_param was successful  	[MsgId: MMSG-26390]
UC6_DeleteFlight.c(130): web_reg_save_param_regexp started  	[MsgId: MMSG-26355]
UC6_DeleteFlight.c(130): Registering web_reg_save_param_regexp was successful  	[MsgId: MMSG-26390]
UC6_DeleteFlight.c(141): web_submit_form("itinerary.pl") started  	[MsgId: MMSG-26355]
UC6_DeleteFlight.c(141): Submitting form to "http://127.0.0.1:1080/cgi-bin/itinerary.pl", Target Frame=""  	[MsgId: MMSG-27978]
UC6_DeleteFlight.c(141): Warning -35049: No match found for the requested parameter "ticket_id_after". Check whether the requested regular expression exists in the response data  	[MsgId: MWAR-35049]
UC6_DeleteFlight.c(141): Error -26377: No match found for the requested parameter "flights_numbers". Either the specified boundaries were not found in the response or the matched text is longer than current max html parameter size of 256 bytes. The total length of the response is 932 bytes. You can use "web_set_max_html_param_len" to increase the max parameter size.  	[MsgId: MERR-26377]
End auto log messages stack.	[MsgId: MMSG-10544]


Start auto log messages stack - Iteration 92.	[MsgId: MMSG-10545]
UC6_DeleteFlight.c(125): Registering web_reg_save_param was successful  	[MsgId: MMSG-26390]
UC6_DeleteFlight.c(130): web_reg_save_param_regexp started  	[MsgId: MMSG-26355]
UC6_DeleteFlight.c(130): Registering web_reg_save_param_regexp was successful  	[MsgId: MMSG-26390]
UC6_DeleteFlight.c(141): web_submit_form("itinerary.pl") started  	[MsgId: MMSG-26355]
UC6_DeleteFlight.c(141): Submitting form to "http://127.0.0.1:1080/cgi-bin/itinerary.pl", Target Frame=""  	[MsgId: MMSG-27978]
UC6_DeleteFlight.c(141): Warning -35049: No match found for the requested parameter "ticket_id_after". Check whether the requested regular expression exists in the response data  	[MsgId: MWAR-35049]
UC6_DeleteFlight.c(141): Error -26377: No match found for the requested parameter "flights_numbers". Either the specified boundaries were not found in the response or the matched text is longer than current max html parameter size of 256 bytes. The total length of the response is 932 bytes. You can use "web_set_max_html_param_len" to increase the max parameter size.  	[MsgId: MERR-26377]
End auto log messages stack.	[MsgId: MMSG-10544]


