Start auto log messages stack - Iteration 4.	[MsgId: MMSG-10545]
UC6_DeleteFlight.c(104): web_reg_save_param started  	[MsgId: MMSG-26355]
UC6_DeleteFlight.c(104): Registering web_reg_save_param was successful  	[MsgId: MMSG-26390]
UC6_DeleteFlight.c(109): web_reg_save_param started  	[MsgId: MMSG-26355]
UC6_DeleteFlight.c(109): Registering web_reg_save_param was successful  	[MsgId: MMSG-26390]
UC6_DeleteFlight.c(117): web_submit_form("web_submit_form") started  	[MsgId: MMSG-26355]
UC6_DeleteFlight.c(117): Submitting form to "http://127.0.0.1:1080/cgi-bin/itinerary.pl", Target Frame=""  	[MsgId: MMSG-27978]
UC6_DeleteFlight.c(117): Downloading resource "http://localhost:1080/cgi-bin/itinerary.pl" (specified by argument number 13)  	[MsgId: MMSG-26577]
UC6_DeleteFlight.c(117): Error -26377: No match found for the requested parameter "flights_numbers". Either the specified boundaries were not found in the response or the matched text is longer than current max html parameter size of 256 bytes. The total length of the response is 1819 bytes. You can use "web_set_max_html_param_len" to increase the max parameter size.  	[MsgId: MERR-26377]
UC6_DeleteFlight.c(117): Error -26377: No match found for the requested parameter "flight_id_after". Either the specified boundaries were not found in the response or the matched text is longer than current max html parameter size of 256 bytes. The total length of the response is 1819 bytes. You can use "web_set_max_html_param_len" to increase the max parameter size.  	[MsgId: MERR-26377]
End auto log messages stack.	[MsgId: MMSG-10544]


Start auto log messages stack - Iteration 10.	[MsgId: MMSG-10545]
UC6_DeleteFlight.c(104): web_reg_save_param started  	[MsgId: MMSG-26355]
UC6_DeleteFlight.c(104): Registering web_reg_save_param was successful  	[MsgId: MMSG-26390]
UC6_DeleteFlight.c(109): web_reg_save_param started  	[MsgId: MMSG-26355]
UC6_DeleteFlight.c(109): Registering web_reg_save_param was successful  	[MsgId: MMSG-26390]
UC6_DeleteFlight.c(142): web_submit_form("web_submit_form") started  	[MsgId: MMSG-26355]
UC6_DeleteFlight.c(142): Submitting form to "http://127.0.0.1:1080/cgi-bin/itinerary.pl", Target Frame=""  	[MsgId: MMSG-27978]
UC6_DeleteFlight.c(142): Downloading resource "http://localhost:1080/cgi-bin/itinerary.pl" (specified by argument number 19)  	[MsgId: MMSG-26577]
UC6_DeleteFlight.c(142): Error -26377: No match found for the requested parameter "flights_numbers". Either the specified boundaries were not found in the response or the matched text is longer than current max html parameter size of 256 bytes. The total length of the response is 1774 bytes. You can use "web_set_max_html_param_len" to increase the max parameter size.  	[MsgId: MERR-26377]
UC6_DeleteFlight.c(142): Error -26377: No match found for the requested parameter "flight_id_after". Either the specified boundaries were not found in the response or the matched text is longer than current max html parameter size of 256 bytes. The total length of the response is 1774 bytes. You can use "web_set_max_html_param_len" to increase the max parameter size.  	[MsgId: MERR-26377]
End auto log messages stack.	[MsgId: MMSG-10544]


Start auto log messages stack - Iteration 21.	[MsgId: MMSG-10545]
UC6_DeleteFlight.c(104): web_reg_save_param started  	[MsgId: MMSG-26355]
UC6_DeleteFlight.c(104): Registering web_reg_save_param was successful  	[MsgId: MMSG-26390]
UC6_DeleteFlight.c(109): web_reg_save_param started  	[MsgId: MMSG-26355]
UC6_DeleteFlight.c(109): Registering web_reg_save_param was successful  	[MsgId: MMSG-26390]
UC6_DeleteFlight.c(142): web_submit_form("web_submit_form") started  	[MsgId: MMSG-26355]
UC6_DeleteFlight.c(142): Submitting form to "http://127.0.0.1:1080/cgi-bin/itinerary.pl", Target Frame=""  	[MsgId: MMSG-27978]
UC6_DeleteFlight.c(142): Downloading resource "http://localhost:1080/cgi-bin/itinerary.pl" (specified by argument number 19)  	[MsgId: MMSG-26577]
UC6_DeleteFlight.c(142): Error -26377: No match found for the requested parameter "flights_numbers". Either the specified boundaries were not found in the response or the matched text is longer than current max html parameter size of 256 bytes. The total length of the response is 1774 bytes. You can use "web_set_max_html_param_len" to increase the max parameter size.  	[MsgId: MERR-26377]
UC6_DeleteFlight.c(142): Error -26377: No match found for the requested parameter "flight_id_after". Either the specified boundaries were not found in the response or the matched text is longer than current max html parameter size of 256 bytes. The total length of the response is 1774 bytes. You can use "web_set_max_html_param_len" to increase the max parameter size.  	[MsgId: MERR-26377]
End auto log messages stack.	[MsgId: MMSG-10544]


