Start auto log messages stack - Iteration 7.	[MsgId: MMSG-10545]
UC6_DeleteFlight.c(116): lr_think_time: 5,00 seconds.	[MsgId: MMSG-15948]
UC6_DeleteFlight.c(120): Notify: Transaction "Delete Flight" started.	[MsgId: MMSG-16999]
UC6_DeleteFlight.c(122): web_reg_save_param started  	[MsgId: MMSG-26355]
UC6_DeleteFlight.c(122): Registering web_reg_save_param was successful  	[MsgId: MMSG-26390]
UC6_DeleteFlight.c(129): web_reg_save_param started  	[MsgId: MMSG-26355]
UC6_DeleteFlight.c(129): Registering web_reg_save_param was successful  	[MsgId: MMSG-26390]
UC6_DeleteFlight.c(135): web_submit_form("itinerary.pl") started  	[MsgId: MMSG-26355]
UC6_DeleteFlight.c(135): Submitting form to "http://127.0.0.1:1080/cgi-bin/itinerary.pl", Target Frame=""  	[MsgId: MMSG-27978]
UC6_DeleteFlight.c(135): Error -26377: No match found for the requested parameter "flights_numbers". Either the specified boundaries were not found in the response or the matched text is longer than current max html parameter size of 256 bytes. The total length of the response is 932 bytes. You can use "web_set_max_html_param_len" to increase the max parameter size.  	[MsgId: MERR-26377]
UC6_DeleteFlight.c(135): Error -26377: No match found for the requested parameter "flight_id_after". Either the specified boundaries were not found in the response or the matched text is longer than current max html parameter size of 256 bytes. The total length of the response is 932 bytes. You can use "web_set_max_html_param_len" to increase the max parameter size.  	[MsgId: MERR-26377]
End auto log messages stack.	[MsgId: MMSG-10544]


Start auto log messages stack - Iteration 1.	[MsgId: MMSG-10545]
UC6_DeleteFlight.c(116): lr_think_time: 5,00 seconds.	[MsgId: MMSG-15948]
UC6_DeleteFlight.c(120): Notify: Transaction "Delete Flight" started.	[MsgId: MMSG-16999]
UC6_DeleteFlight.c(122): web_reg_save_param started  	[MsgId: MMSG-26355]
UC6_DeleteFlight.c(122): Registering web_reg_save_param was successful  	[MsgId: MMSG-26390]
UC6_DeleteFlight.c(129): web_reg_save_param started  	[MsgId: MMSG-26355]
UC6_DeleteFlight.c(129): Registering web_reg_save_param was successful  	[MsgId: MMSG-26390]
UC6_DeleteFlight.c(135): web_submit_form("itinerary.pl") started  	[MsgId: MMSG-26355]
UC6_DeleteFlight.c(135): Submitting form to "http://127.0.0.1:1080/cgi-bin/itinerary.pl", Target Frame=""  	[MsgId: MMSG-27978]
UC6_DeleteFlight.c(135): Error -26377: No match found for the requested parameter "flights_numbers". Either the specified boundaries were not found in the response or the matched text is longer than current max html parameter size of 256 bytes. The total length of the response is 932 bytes. You can use "web_set_max_html_param_len" to increase the max parameter size.  	[MsgId: MERR-26377]
UC6_DeleteFlight.c(135): Error -26377: No match found for the requested parameter "flight_id_after". Either the specified boundaries were not found in the response or the matched text is longer than current max html parameter size of 256 bytes. The total length of the response is 932 bytes. You can use "web_set_max_html_param_len" to increase the max parameter size.  	[MsgId: MERR-26377]
End auto log messages stack.	[MsgId: MMSG-10544]


Start auto log messages stack - Iteration 7.	[MsgId: MMSG-10545]
UC6_DeleteFlight.c(116): lr_think_time: 5,00 seconds.	[MsgId: MMSG-15948]
UC6_DeleteFlight.c(120): Notify: Transaction "Delete Flight" started.	[MsgId: MMSG-16999]
UC6_DeleteFlight.c(122): web_reg_save_param started  	[MsgId: MMSG-26355]
UC6_DeleteFlight.c(122): Registering web_reg_save_param was successful  	[MsgId: MMSG-26390]
UC6_DeleteFlight.c(129): web_reg_save_param started  	[MsgId: MMSG-26355]
UC6_DeleteFlight.c(129): Registering web_reg_save_param was successful  	[MsgId: MMSG-26390]
UC6_DeleteFlight.c(135): web_submit_form("itinerary.pl") started  	[MsgId: MMSG-26355]
UC6_DeleteFlight.c(135): Submitting form to "http://127.0.0.1:1080/cgi-bin/itinerary.pl", Target Frame=""  	[MsgId: MMSG-27978]
UC6_DeleteFlight.c(135): Error -26377: No match found for the requested parameter "flights_numbers". Either the specified boundaries were not found in the response or the matched text is longer than current max html parameter size of 256 bytes. The total length of the response is 932 bytes. You can use "web_set_max_html_param_len" to increase the max parameter size.  	[MsgId: MERR-26377]
UC6_DeleteFlight.c(135): Error -26377: No match found for the requested parameter "flight_id_after". Either the specified boundaries were not found in the response or the matched text is longer than current max html parameter size of 256 bytes. The total length of the response is 932 bytes. You can use "web_set_max_html_param_len" to increase the max parameter size.  	[MsgId: MERR-26377]
End auto log messages stack.	[MsgId: MMSG-10544]


Start auto log messages stack - Iteration 15.	[MsgId: MMSG-10545]
UC6_DeleteFlight.c(116): lr_think_time: 5,00 seconds.	[MsgId: MMSG-15948]
UC6_DeleteFlight.c(120): Notify: Transaction "Delete Flight" started.	[MsgId: MMSG-16999]
UC6_DeleteFlight.c(122): web_reg_save_param started  	[MsgId: MMSG-26355]
UC6_DeleteFlight.c(122): Registering web_reg_save_param was successful  	[MsgId: MMSG-26390]
UC6_DeleteFlight.c(129): web_reg_save_param started  	[MsgId: MMSG-26355]
UC6_DeleteFlight.c(129): Registering web_reg_save_param was successful  	[MsgId: MMSG-26390]
UC6_DeleteFlight.c(135): web_submit_form("itinerary.pl") started  	[MsgId: MMSG-26355]
UC6_DeleteFlight.c(135): Submitting form to "http://127.0.0.1:1080/cgi-bin/itinerary.pl", Target Frame=""  	[MsgId: MMSG-27978]
UC6_DeleteFlight.c(135): Error -26377: No match found for the requested parameter "flights_numbers". Either the specified boundaries were not found in the response or the matched text is longer than current max html parameter size of 256 bytes. The total length of the response is 932 bytes. You can use "web_set_max_html_param_len" to increase the max parameter size.  	[MsgId: MERR-26377]
UC6_DeleteFlight.c(135): Error -26377: No match found for the requested parameter "flight_id_after". Either the specified boundaries were not found in the response or the matched text is longer than current max html parameter size of 256 bytes. The total length of the response is 932 bytes. You can use "web_set_max_html_param_len" to increase the max parameter size.  	[MsgId: MERR-26377]
End auto log messages stack.	[MsgId: MMSG-10544]


Start auto log messages stack - Iteration 46.	[MsgId: MMSG-10545]
UC6_DeleteFlight.c(116): lr_think_time: 5,00 seconds.	[MsgId: MMSG-15948]
UC6_DeleteFlight.c(120): Notify: Transaction "Delete Flight" started.	[MsgId: MMSG-16999]
UC6_DeleteFlight.c(122): web_reg_save_param started  	[MsgId: MMSG-26355]
UC6_DeleteFlight.c(122): Registering web_reg_save_param was successful  	[MsgId: MMSG-26390]
UC6_DeleteFlight.c(129): web_reg_save_param started  	[MsgId: MMSG-26355]
UC6_DeleteFlight.c(129): Registering web_reg_save_param was successful  	[MsgId: MMSG-26390]
UC6_DeleteFlight.c(135): web_submit_form("itinerary.pl") started  	[MsgId: MMSG-26355]
UC6_DeleteFlight.c(135): Submitting form to "http://127.0.0.1:1080/cgi-bin/itinerary.pl", Target Frame=""  	[MsgId: MMSG-27978]
UC6_DeleteFlight.c(135): Error -26377: No match found for the requested parameter "flights_numbers". Either the specified boundaries were not found in the response or the matched text is longer than current max html parameter size of 256 bytes. The total length of the response is 932 bytes. You can use "web_set_max_html_param_len" to increase the max parameter size.  	[MsgId: MERR-26377]
UC6_DeleteFlight.c(135): Error -26377: No match found for the requested parameter "flight_id_after". Either the specified boundaries were not found in the response or the matched text is longer than current max html parameter size of 256 bytes. The total length of the response is 932 bytes. You can use "web_set_max_html_param_len" to increase the max parameter size.  	[MsgId: MERR-26377]
End auto log messages stack.	[MsgId: MMSG-10544]


Start auto log messages stack - Iteration 54.	[MsgId: MMSG-10545]
UC6_DeleteFlight.c(116): lr_think_time: 5,00 seconds.	[MsgId: MMSG-15948]
UC6_DeleteFlight.c(120): Notify: Transaction "Delete Flight" started.	[MsgId: MMSG-16999]
UC6_DeleteFlight.c(122): web_reg_save_param started  	[MsgId: MMSG-26355]
UC6_DeleteFlight.c(122): Registering web_reg_save_param was successful  	[MsgId: MMSG-26390]
UC6_DeleteFlight.c(129): web_reg_save_param started  	[MsgId: MMSG-26355]
UC6_DeleteFlight.c(129): Registering web_reg_save_param was successful  	[MsgId: MMSG-26390]
UC6_DeleteFlight.c(135): web_submit_form("itinerary.pl") started  	[MsgId: MMSG-26355]
UC6_DeleteFlight.c(135): Submitting form to "http://127.0.0.1:1080/cgi-bin/itinerary.pl", Target Frame=""  	[MsgId: MMSG-27978]
UC6_DeleteFlight.c(135): Error -26377: No match found for the requested parameter "flights_numbers". Either the specified boundaries were not found in the response or the matched text is longer than current max html parameter size of 256 bytes. The total length of the response is 932 bytes. You can use "web_set_max_html_param_len" to increase the max parameter size.  	[MsgId: MERR-26377]
UC6_DeleteFlight.c(135): Error -26377: No match found for the requested parameter "flight_id_after". Either the specified boundaries were not found in the response or the matched text is longer than current max html parameter size of 256 bytes. The total length of the response is 932 bytes. You can use "web_set_max_html_param_len" to increase the max parameter size.  	[MsgId: MERR-26377]
End auto log messages stack.	[MsgId: MMSG-10544]


Start auto log messages stack - Iteration 1.	[MsgId: MMSG-10545]
UC6_DeleteFlight.c(116): lr_think_time: 5,00 seconds.	[MsgId: MMSG-15948]
UC6_DeleteFlight.c(120): Notify: Transaction "Delete Flight" started.	[MsgId: MMSG-16999]
UC6_DeleteFlight.c(122): web_reg_save_param started  	[MsgId: MMSG-26355]
UC6_DeleteFlight.c(122): Registering web_reg_save_param was successful  	[MsgId: MMSG-26390]
UC6_DeleteFlight.c(129): web_reg_save_param started  	[MsgId: MMSG-26355]
UC6_DeleteFlight.c(129): Registering web_reg_save_param was successful  	[MsgId: MMSG-26390]
UC6_DeleteFlight.c(135): web_submit_form("itinerary.pl") started  	[MsgId: MMSG-26355]
UC6_DeleteFlight.c(135): Submitting form to "http://127.0.0.1:1080/cgi-bin/itinerary.pl", Target Frame=""  	[MsgId: MMSG-27978]
UC6_DeleteFlight.c(135): Error -26377: No match found for the requested parameter "flights_numbers". Either the specified boundaries were not found in the response or the matched text is longer than current max html parameter size of 256 bytes. The total length of the response is 932 bytes. You can use "web_set_max_html_param_len" to increase the max parameter size.  	[MsgId: MERR-26377]
UC6_DeleteFlight.c(135): Error -26377: No match found for the requested parameter "flight_id_after". Either the specified boundaries were not found in the response or the matched text is longer than current max html parameter size of 256 bytes. The total length of the response is 932 bytes. You can use "web_set_max_html_param_len" to increase the max parameter size.  	[MsgId: MERR-26377]
End auto log messages stack.	[MsgId: MMSG-10544]


Start auto log messages stack - Iteration 60.	[MsgId: MMSG-10545]
UC6_DeleteFlight.c(116): lr_think_time: 5,00 seconds.	[MsgId: MMSG-15948]
UC6_DeleteFlight.c(120): Notify: Transaction "Delete Flight" started.	[MsgId: MMSG-16999]
UC6_DeleteFlight.c(122): web_reg_save_param started  	[MsgId: MMSG-26355]
UC6_DeleteFlight.c(122): Registering web_reg_save_param was successful  	[MsgId: MMSG-26390]
UC6_DeleteFlight.c(129): web_reg_save_param started  	[MsgId: MMSG-26355]
UC6_DeleteFlight.c(129): Registering web_reg_save_param was successful  	[MsgId: MMSG-26390]
UC6_DeleteFlight.c(135): web_submit_form("itinerary.pl") started  	[MsgId: MMSG-26355]
UC6_DeleteFlight.c(135): Submitting form to "http://127.0.0.1:1080/cgi-bin/itinerary.pl", Target Frame=""  	[MsgId: MMSG-27978]
UC6_DeleteFlight.c(135): Error -26377: No match found for the requested parameter "flights_numbers". Either the specified boundaries were not found in the response or the matched text is longer than current max html parameter size of 256 bytes. The total length of the response is 932 bytes. You can use "web_set_max_html_param_len" to increase the max parameter size.  	[MsgId: MERR-26377]
UC6_DeleteFlight.c(135): Error -26377: No match found for the requested parameter "flight_id_after". Either the specified boundaries were not found in the response or the matched text is longer than current max html parameter size of 256 bytes. The total length of the response is 932 bytes. You can use "web_set_max_html_param_len" to increase the max parameter size.  	[MsgId: MERR-26377]
End auto log messages stack.	[MsgId: MMSG-10544]


Start auto log messages stack - Iteration 7.	[MsgId: MMSG-10545]
UC6_DeleteFlight.c(116): lr_think_time: 5,00 seconds.	[MsgId: MMSG-15948]
UC6_DeleteFlight.c(120): Notify: Transaction "Delete Flight" started.	[MsgId: MMSG-16999]
UC6_DeleteFlight.c(122): web_reg_save_param started  	[MsgId: MMSG-26355]
UC6_DeleteFlight.c(122): Registering web_reg_save_param was successful  	[MsgId: MMSG-26390]
UC6_DeleteFlight.c(129): web_reg_save_param started  	[MsgId: MMSG-26355]
UC6_DeleteFlight.c(129): Registering web_reg_save_param was successful  	[MsgId: MMSG-26390]
UC6_DeleteFlight.c(135): web_submit_form("itinerary.pl") started  	[MsgId: MMSG-26355]
UC6_DeleteFlight.c(135): Submitting form to "http://127.0.0.1:1080/cgi-bin/itinerary.pl", Target Frame=""  	[MsgId: MMSG-27978]
UC6_DeleteFlight.c(135): Error -26377: No match found for the requested parameter "flights_numbers". Either the specified boundaries were not found in the response or the matched text is longer than current max html parameter size of 256 bytes. The total length of the response is 932 bytes. You can use "web_set_max_html_param_len" to increase the max parameter size.  	[MsgId: MERR-26377]
UC6_DeleteFlight.c(135): Error -26377: No match found for the requested parameter "flight_id_after". Either the specified boundaries were not found in the response or the matched text is longer than current max html parameter size of 256 bytes. The total length of the response is 932 bytes. You can use "web_set_max_html_param_len" to increase the max parameter size.  	[MsgId: MERR-26377]
End auto log messages stack.	[MsgId: MMSG-10544]


Start auto log messages stack - Iteration 15.	[MsgId: MMSG-10545]
UC6_DeleteFlight.c(116): lr_think_time: 5,00 seconds.	[MsgId: MMSG-15948]
UC6_DeleteFlight.c(120): Notify: Transaction "Delete Flight" started.	[MsgId: MMSG-16999]
UC6_DeleteFlight.c(122): web_reg_save_param started  	[MsgId: MMSG-26355]
UC6_DeleteFlight.c(122): Registering web_reg_save_param was successful  	[MsgId: MMSG-26390]
UC6_DeleteFlight.c(129): web_reg_save_param started  	[MsgId: MMSG-26355]
UC6_DeleteFlight.c(129): Registering web_reg_save_param was successful  	[MsgId: MMSG-26390]
UC6_DeleteFlight.c(135): web_submit_form("itinerary.pl") started  	[MsgId: MMSG-26355]
UC6_DeleteFlight.c(135): Submitting form to "http://127.0.0.1:1080/cgi-bin/itinerary.pl", Target Frame=""  	[MsgId: MMSG-27978]
UC6_DeleteFlight.c(135): Error -26377: No match found for the requested parameter "flights_numbers". Either the specified boundaries were not found in the response or the matched text is longer than current max html parameter size of 256 bytes. The total length of the response is 932 bytes. You can use "web_set_max_html_param_len" to increase the max parameter size.  	[MsgId: MERR-26377]
UC6_DeleteFlight.c(135): Error -26377: No match found for the requested parameter "flight_id_after". Either the specified boundaries were not found in the response or the matched text is longer than current max html parameter size of 256 bytes. The total length of the response is 932 bytes. You can use "web_set_max_html_param_len" to increase the max parameter size.  	[MsgId: MERR-26377]
End auto log messages stack.	[MsgId: MMSG-10544]


Start auto log messages stack - Iteration 46.	[MsgId: MMSG-10545]
UC6_DeleteFlight.c(116): lr_think_time: 5,00 seconds.	[MsgId: MMSG-15948]
UC6_DeleteFlight.c(120): Notify: Transaction "Delete Flight" started.	[MsgId: MMSG-16999]
UC6_DeleteFlight.c(122): web_reg_save_param started  	[MsgId: MMSG-26355]
UC6_DeleteFlight.c(122): Registering web_reg_save_param was successful  	[MsgId: MMSG-26390]
UC6_DeleteFlight.c(129): web_reg_save_param started  	[MsgId: MMSG-26355]
UC6_DeleteFlight.c(129): Registering web_reg_save_param was successful  	[MsgId: MMSG-26390]
UC6_DeleteFlight.c(135): web_submit_form("itinerary.pl") started  	[MsgId: MMSG-26355]
UC6_DeleteFlight.c(135): Submitting form to "http://127.0.0.1:1080/cgi-bin/itinerary.pl", Target Frame=""  	[MsgId: MMSG-27978]
UC6_DeleteFlight.c(135): Error -26377: No match found for the requested parameter "flights_numbers". Either the specified boundaries were not found in the response or the matched text is longer than current max html parameter size of 256 bytes. The total length of the response is 932 bytes. You can use "web_set_max_html_param_len" to increase the max parameter size.  	[MsgId: MERR-26377]
UC6_DeleteFlight.c(135): Error -26377: No match found for the requested parameter "flight_id_after". Either the specified boundaries were not found in the response or the matched text is longer than current max html parameter size of 256 bytes. The total length of the response is 932 bytes. You can use "web_set_max_html_param_len" to increase the max parameter size.  	[MsgId: MERR-26377]
End auto log messages stack.	[MsgId: MMSG-10544]


Start auto log messages stack - Iteration 21.	[MsgId: MMSG-10545]
UC6_DeleteFlight.c(116): lr_think_time: 5,00 seconds.	[MsgId: MMSG-15948]
UC6_DeleteFlight.c(120): Notify: Transaction "Delete Flight" started.	[MsgId: MMSG-16999]
UC6_DeleteFlight.c(122): web_reg_save_param started  	[MsgId: MMSG-26355]
UC6_DeleteFlight.c(122): Registering web_reg_save_param was successful  	[MsgId: MMSG-26390]
UC6_DeleteFlight.c(129): web_reg_save_param started  	[MsgId: MMSG-26355]
UC6_DeleteFlight.c(129): Registering web_reg_save_param was successful  	[MsgId: MMSG-26390]
UC6_DeleteFlight.c(135): web_submit_form("itinerary.pl") started  	[MsgId: MMSG-26355]
UC6_DeleteFlight.c(135): Submitting form to "http://127.0.0.1:1080/cgi-bin/itinerary.pl", Target Frame=""  	[MsgId: MMSG-27978]
UC6_DeleteFlight.c(135): Error -26377: No match found for the requested parameter "flights_numbers". Either the specified boundaries were not found in the response or the matched text is longer than current max html parameter size of 256 bytes. The total length of the response is 932 bytes. You can use "web_set_max_html_param_len" to increase the max parameter size.  	[MsgId: MERR-26377]
UC6_DeleteFlight.c(135): Error -26377: No match found for the requested parameter "flight_id_after". Either the specified boundaries were not found in the response or the matched text is longer than current max html parameter size of 256 bytes. The total length of the response is 932 bytes. You can use "web_set_max_html_param_len" to increase the max parameter size.  	[MsgId: MERR-26377]
End auto log messages stack.	[MsgId: MMSG-10544]


Start auto log messages stack - Iteration 54.	[MsgId: MMSG-10545]
UC6_DeleteFlight.c(116): lr_think_time: 5,00 seconds.	[MsgId: MMSG-15948]
UC6_DeleteFlight.c(120): Notify: Transaction "Delete Flight" started.	[MsgId: MMSG-16999]
UC6_DeleteFlight.c(122): web_reg_save_param started  	[MsgId: MMSG-26355]
UC6_DeleteFlight.c(122): Registering web_reg_save_param was successful  	[MsgId: MMSG-26390]
UC6_DeleteFlight.c(129): web_reg_save_param started  	[MsgId: MMSG-26355]
UC6_DeleteFlight.c(129): Registering web_reg_save_param was successful  	[MsgId: MMSG-26390]
UC6_DeleteFlight.c(135): web_submit_form("itinerary.pl") started  	[MsgId: MMSG-26355]
UC6_DeleteFlight.c(135): Submitting form to "http://127.0.0.1:1080/cgi-bin/itinerary.pl", Target Frame=""  	[MsgId: MMSG-27978]
UC6_DeleteFlight.c(135): Error -26377: No match found for the requested parameter "flights_numbers". Either the specified boundaries were not found in the response or the matched text is longer than current max html parameter size of 256 bytes. The total length of the response is 932 bytes. You can use "web_set_max_html_param_len" to increase the max parameter size.  	[MsgId: MERR-26377]
UC6_DeleteFlight.c(135): Error -26377: No match found for the requested parameter "flight_id_after". Either the specified boundaries were not found in the response or the matched text is longer than current max html parameter size of 256 bytes. The total length of the response is 932 bytes. You can use "web_set_max_html_param_len" to increase the max parameter size.  	[MsgId: MERR-26377]
End auto log messages stack.	[MsgId: MMSG-10544]


Start auto log messages stack - Iteration 1.	[MsgId: MMSG-10545]
UC6_DeleteFlight.c(116): lr_think_time: 5,00 seconds.	[MsgId: MMSG-15948]
UC6_DeleteFlight.c(120): Notify: Transaction "Delete Flight" started.	[MsgId: MMSG-16999]
UC6_DeleteFlight.c(122): web_reg_save_param started  	[MsgId: MMSG-26355]
UC6_DeleteFlight.c(122): Registering web_reg_save_param was successful  	[MsgId: MMSG-26390]
UC6_DeleteFlight.c(129): web_reg_save_param started  	[MsgId: MMSG-26355]
UC6_DeleteFlight.c(129): Registering web_reg_save_param was successful  	[MsgId: MMSG-26390]
UC6_DeleteFlight.c(135): web_submit_form("itinerary.pl") started  	[MsgId: MMSG-26355]
UC6_DeleteFlight.c(135): Submitting form to "http://127.0.0.1:1080/cgi-bin/itinerary.pl", Target Frame=""  	[MsgId: MMSG-27978]
UC6_DeleteFlight.c(135): Error -26377: No match found for the requested parameter "flights_numbers". Either the specified boundaries were not found in the response or the matched text is longer than current max html parameter size of 256 bytes. The total length of the response is 932 bytes. You can use "web_set_max_html_param_len" to increase the max parameter size.  	[MsgId: MERR-26377]
UC6_DeleteFlight.c(135): Error -26377: No match found for the requested parameter "flight_id_after". Either the specified boundaries were not found in the response or the matched text is longer than current max html parameter size of 256 bytes. The total length of the response is 932 bytes. You can use "web_set_max_html_param_len" to increase the max parameter size.  	[MsgId: MERR-26377]
End auto log messages stack.	[MsgId: MMSG-10544]


Start auto log messages stack - Iteration 60.	[MsgId: MMSG-10545]
UC6_DeleteFlight.c(116): lr_think_time: 5,00 seconds.	[MsgId: MMSG-15948]
UC6_DeleteFlight.c(120): Notify: Transaction "Delete Flight" started.	[MsgId: MMSG-16999]
UC6_DeleteFlight.c(122): web_reg_save_param started  	[MsgId: MMSG-26355]
UC6_DeleteFlight.c(122): Registering web_reg_save_param was successful  	[MsgId: MMSG-26390]
UC6_DeleteFlight.c(129): web_reg_save_param started  	[MsgId: MMSG-26355]
UC6_DeleteFlight.c(129): Registering web_reg_save_param was successful  	[MsgId: MMSG-26390]
UC6_DeleteFlight.c(135): web_submit_form("itinerary.pl") started  	[MsgId: MMSG-26355]
UC6_DeleteFlight.c(135): Submitting form to "http://127.0.0.1:1080/cgi-bin/itinerary.pl", Target Frame=""  	[MsgId: MMSG-27978]
UC6_DeleteFlight.c(135): Error -26377: No match found for the requested parameter "flights_numbers". Either the specified boundaries were not found in the response or the matched text is longer than current max html parameter size of 256 bytes. The total length of the response is 932 bytes. You can use "web_set_max_html_param_len" to increase the max parameter size.  	[MsgId: MERR-26377]
UC6_DeleteFlight.c(135): Error -26377: No match found for the requested parameter "flight_id_after". Either the specified boundaries were not found in the response or the matched text is longer than current max html parameter size of 256 bytes. The total length of the response is 932 bytes. You can use "web_set_max_html_param_len" to increase the max parameter size.  	[MsgId: MERR-26377]
End auto log messages stack.	[MsgId: MMSG-10544]


Start auto log messages stack - Iteration 2.	[MsgId: MMSG-10545]
UC6_DeleteFlight.c(100): Resource "http://127.0.0.1:1080/WebTours/images/flights.gif" is in the cache already and will not be downloaded again  	[MsgId: MMSG-26655]
UC6_DeleteFlight.c(100): Found resource "http://127.0.0.1:1080/WebTours/images/in_itinerary.gif" in HTML "http://127.0.0.1:1080/cgi-bin/nav.pl?page=menu&in=itinerary"  	[MsgId: MMSG-26659]
UC6_DeleteFlight.c(100): Found resource "http://127.0.0.1:1080/WebTours/images/home.gif" in HTML "http://127.0.0.1:1080/cgi-bin/nav.pl?page=menu&in=itinerary"  	[MsgId: MMSG-26659]
UC6_DeleteFlight.c(100): Resource "http://127.0.0.1:1080/WebTours/images/signoff.gif" is in the cache already and will not be downloaded again  	[MsgId: MMSG-26655]
UC6_DeleteFlight.c(100): Error -26612: HTTP Status-Code=500 (Internal Server Error) for "http://127.0.0.1:1080/cgi-bin/itinerary.pl"  	[MsgId: MERR-26612]
End auto log messages stack.	[MsgId: MMSG-10544]


Start auto log messages stack - Iteration 93.	[MsgId: MMSG-10545]
UC6_DeleteFlight.c(116): lr_think_time: 5,00 seconds.	[MsgId: MMSG-15948]
UC6_DeleteFlight.c(120): Notify: Transaction "Delete Flight" started.	[MsgId: MMSG-16999]
UC6_DeleteFlight.c(122): web_reg_save_param started  	[MsgId: MMSG-26355]
UC6_DeleteFlight.c(122): Registering web_reg_save_param was successful  	[MsgId: MMSG-26390]
UC6_DeleteFlight.c(129): web_reg_save_param started  	[MsgId: MMSG-26355]
UC6_DeleteFlight.c(129): Registering web_reg_save_param was successful  	[MsgId: MMSG-26390]
UC6_DeleteFlight.c(135): web_submit_form("itinerary.pl") started  	[MsgId: MMSG-26355]
UC6_DeleteFlight.c(135): Submitting form to "http://127.0.0.1:1080/cgi-bin/itinerary.pl", Target Frame=""  	[MsgId: MMSG-27978]
UC6_DeleteFlight.c(135): Error -26377: No match found for the requested parameter "flights_numbers". Either the specified boundaries were not found in the response or the matched text is longer than current max html parameter size of 256 bytes. The total length of the response is 932 bytes. You can use "web_set_max_html_param_len" to increase the max parameter size.  	[MsgId: MERR-26377]
UC6_DeleteFlight.c(135): Error -26377: No match found for the requested parameter "flight_id_after". Either the specified boundaries were not found in the response or the matched text is longer than current max html parameter size of 256 bytes. The total length of the response is 932 bytes. You can use "web_set_max_html_param_len" to increase the max parameter size.  	[MsgId: MERR-26377]
End auto log messages stack.	[MsgId: MMSG-10544]


Start auto log messages stack - Iteration 7.	[MsgId: MMSG-10545]
UC6_DeleteFlight.c(116): lr_think_time: 5,00 seconds.	[MsgId: MMSG-15948]
UC6_DeleteFlight.c(120): Notify: Transaction "Delete Flight" started.	[MsgId: MMSG-16999]
UC6_DeleteFlight.c(122): web_reg_save_param started  	[MsgId: MMSG-26355]
UC6_DeleteFlight.c(122): Registering web_reg_save_param was successful  	[MsgId: MMSG-26390]
UC6_DeleteFlight.c(129): web_reg_save_param started  	[MsgId: MMSG-26355]
UC6_DeleteFlight.c(129): Registering web_reg_save_param was successful  	[MsgId: MMSG-26390]
UC6_DeleteFlight.c(135): web_submit_form("itinerary.pl") started  	[MsgId: MMSG-26355]
UC6_DeleteFlight.c(135): Submitting form to "http://127.0.0.1:1080/cgi-bin/itinerary.pl", Target Frame=""  	[MsgId: MMSG-27978]
UC6_DeleteFlight.c(135): Error -26377: No match found for the requested parameter "flights_numbers". Either the specified boundaries were not found in the response or the matched text is longer than current max html parameter size of 256 bytes. The total length of the response is 932 bytes. You can use "web_set_max_html_param_len" to increase the max parameter size.  	[MsgId: MERR-26377]
UC6_DeleteFlight.c(135): Error -26377: No match found for the requested parameter "flight_id_after". Either the specified boundaries were not found in the response or the matched text is longer than current max html parameter size of 256 bytes. The total length of the response is 932 bytes. You can use "web_set_max_html_param_len" to increase the max parameter size.  	[MsgId: MERR-26377]
End auto log messages stack.	[MsgId: MMSG-10544]


Start auto log messages stack - Iteration 67.	[MsgId: MMSG-10545]
UC6_DeleteFlight.c(116): lr_think_time: 5,00 seconds.	[MsgId: MMSG-15948]
UC6_DeleteFlight.c(120): Notify: Transaction "Delete Flight" started.	[MsgId: MMSG-16999]
UC6_DeleteFlight.c(122): web_reg_save_param started  	[MsgId: MMSG-26355]
UC6_DeleteFlight.c(122): Registering web_reg_save_param was successful  	[MsgId: MMSG-26390]
UC6_DeleteFlight.c(129): web_reg_save_param started  	[MsgId: MMSG-26355]
UC6_DeleteFlight.c(129): Registering web_reg_save_param was successful  	[MsgId: MMSG-26390]
UC6_DeleteFlight.c(135): web_submit_form("itinerary.pl") started  	[MsgId: MMSG-26355]
UC6_DeleteFlight.c(135): Submitting form to "http://127.0.0.1:1080/cgi-bin/itinerary.pl", Target Frame=""  	[MsgId: MMSG-27978]
UC6_DeleteFlight.c(135): Error -26377: No match found for the requested parameter "flights_numbers". Either the specified boundaries were not found in the response or the matched text is longer than current max html parameter size of 256 bytes. The total length of the response is 932 bytes. You can use "web_set_max_html_param_len" to increase the max parameter size.  	[MsgId: MERR-26377]
UC6_DeleteFlight.c(135): Error -26377: No match found for the requested parameter "flight_id_after". Either the specified boundaries were not found in the response or the matched text is longer than current max html parameter size of 256 bytes. The total length of the response is 932 bytes. You can use "web_set_max_html_param_len" to increase the max parameter size.  	[MsgId: MERR-26377]
End auto log messages stack.	[MsgId: MMSG-10544]


Start auto log messages stack - Iteration 99.	[MsgId: MMSG-10545]
UC6_DeleteFlight.c(116): lr_think_time: 5,00 seconds.	[MsgId: MMSG-15948]
UC6_DeleteFlight.c(120): Notify: Transaction "Delete Flight" started.	[MsgId: MMSG-16999]
UC6_DeleteFlight.c(122): web_reg_save_param started  	[MsgId: MMSG-26355]
UC6_DeleteFlight.c(122): Registering web_reg_save_param was successful  	[MsgId: MMSG-26390]
UC6_DeleteFlight.c(129): web_reg_save_param started  	[MsgId: MMSG-26355]
UC6_DeleteFlight.c(129): Registering web_reg_save_param was successful  	[MsgId: MMSG-26390]
UC6_DeleteFlight.c(135): web_submit_form("itinerary.pl") started  	[MsgId: MMSG-26355]
UC6_DeleteFlight.c(135): Submitting form to "http://127.0.0.1:1080/cgi-bin/itinerary.pl", Target Frame=""  	[MsgId: MMSG-27978]
UC6_DeleteFlight.c(135): Error -26377: No match found for the requested parameter "flights_numbers". Either the specified boundaries were not found in the response or the matched text is longer than current max html parameter size of 256 bytes. The total length of the response is 932 bytes. You can use "web_set_max_html_param_len" to increase the max parameter size.  	[MsgId: MERR-26377]
UC6_DeleteFlight.c(135): Error -26377: No match found for the requested parameter "flight_id_after". Either the specified boundaries were not found in the response or the matched text is longer than current max html parameter size of 256 bytes. The total length of the response is 932 bytes. You can use "web_set_max_html_param_len" to increase the max parameter size.  	[MsgId: MERR-26377]
End auto log messages stack.	[MsgId: MMSG-10544]


Start auto log messages stack - Iteration 15.	[MsgId: MMSG-10545]
UC6_DeleteFlight.c(116): lr_think_time: 5,00 seconds.	[MsgId: MMSG-15948]
UC6_DeleteFlight.c(120): Notify: Transaction "Delete Flight" started.	[MsgId: MMSG-16999]
UC6_DeleteFlight.c(122): web_reg_save_param started  	[MsgId: MMSG-26355]
UC6_DeleteFlight.c(122): Registering web_reg_save_param was successful  	[MsgId: MMSG-26390]
UC6_DeleteFlight.c(129): web_reg_save_param started  	[MsgId: MMSG-26355]
UC6_DeleteFlight.c(129): Registering web_reg_save_param was successful  	[MsgId: MMSG-26390]
UC6_DeleteFlight.c(135): web_submit_form("itinerary.pl") started  	[MsgId: MMSG-26355]
UC6_DeleteFlight.c(135): Submitting form to "http://127.0.0.1:1080/cgi-bin/itinerary.pl", Target Frame=""  	[MsgId: MMSG-27978]
UC6_DeleteFlight.c(135): Error -26377: No match found for the requested parameter "flights_numbers". Either the specified boundaries were not found in the response or the matched text is longer than current max html parameter size of 256 bytes. The total length of the response is 932 bytes. You can use "web_set_max_html_param_len" to increase the max parameter size.  	[MsgId: MERR-26377]
UC6_DeleteFlight.c(135): Error -26377: No match found for the requested parameter "flight_id_after". Either the specified boundaries were not found in the response or the matched text is longer than current max html parameter size of 256 bytes. The total length of the response is 932 bytes. You can use "web_set_max_html_param_len" to increase the max parameter size.  	[MsgId: MERR-26377]
End auto log messages stack.	[MsgId: MMSG-10544]


Start auto log messages stack - Iteration 46.	[MsgId: MMSG-10545]
UC6_DeleteFlight.c(116): lr_think_time: 5,00 seconds.	[MsgId: MMSG-15948]
UC6_DeleteFlight.c(120): Notify: Transaction "Delete Flight" started.	[MsgId: MMSG-16999]
UC6_DeleteFlight.c(122): web_reg_save_param started  	[MsgId: MMSG-26355]
UC6_DeleteFlight.c(122): Registering web_reg_save_param was successful  	[MsgId: MMSG-26390]
UC6_DeleteFlight.c(129): web_reg_save_param started  	[MsgId: MMSG-26355]
UC6_DeleteFlight.c(129): Registering web_reg_save_param was successful  	[MsgId: MMSG-26390]
UC6_DeleteFlight.c(135): web_submit_form("itinerary.pl") started  	[MsgId: MMSG-26355]
UC6_DeleteFlight.c(135): Submitting form to "http://127.0.0.1:1080/cgi-bin/itinerary.pl", Target Frame=""  	[MsgId: MMSG-27978]
UC6_DeleteFlight.c(135): Error -26377: No match found for the requested parameter "flights_numbers". Either the specified boundaries were not found in the response or the matched text is longer than current max html parameter size of 256 bytes. The total length of the response is 932 bytes. You can use "web_set_max_html_param_len" to increase the max parameter size.  	[MsgId: MERR-26377]
UC6_DeleteFlight.c(135): Error -26377: No match found for the requested parameter "flight_id_after". Either the specified boundaries were not found in the response or the matched text is longer than current max html parameter size of 256 bytes. The total length of the response is 932 bytes. You can use "web_set_max_html_param_len" to increase the max parameter size.  	[MsgId: MERR-26377]
End auto log messages stack.	[MsgId: MMSG-10544]


Start auto log messages stack - Iteration 21.	[MsgId: MMSG-10545]
UC6_DeleteFlight.c(116): lr_think_time: 5,00 seconds.	[MsgId: MMSG-15948]
UC6_DeleteFlight.c(120): Notify: Transaction "Delete Flight" started.	[MsgId: MMSG-16999]
UC6_DeleteFlight.c(122): web_reg_save_param started  	[MsgId: MMSG-26355]
UC6_DeleteFlight.c(122): Registering web_reg_save_param was successful  	[MsgId: MMSG-26390]
UC6_DeleteFlight.c(129): web_reg_save_param started  	[MsgId: MMSG-26355]
UC6_DeleteFlight.c(129): Registering web_reg_save_param was successful  	[MsgId: MMSG-26390]
UC6_DeleteFlight.c(135): web_submit_form("itinerary.pl") started  	[MsgId: MMSG-26355]
UC6_DeleteFlight.c(135): Submitting form to "http://127.0.0.1:1080/cgi-bin/itinerary.pl", Target Frame=""  	[MsgId: MMSG-27978]
UC6_DeleteFlight.c(135): Error -26377: No match found for the requested parameter "flights_numbers". Either the specified boundaries were not found in the response or the matched text is longer than current max html parameter size of 256 bytes. The total length of the response is 932 bytes. You can use "web_set_max_html_param_len" to increase the max parameter size.  	[MsgId: MERR-26377]
UC6_DeleteFlight.c(135): Error -26377: No match found for the requested parameter "flight_id_after". Either the specified boundaries were not found in the response or the matched text is longer than current max html parameter size of 256 bytes. The total length of the response is 932 bytes. You can use "web_set_max_html_param_len" to increase the max parameter size.  	[MsgId: MERR-26377]
End auto log messages stack.	[MsgId: MMSG-10544]


Start auto log messages stack - Iteration 81.	[MsgId: MMSG-10545]
UC6_DeleteFlight.c(116): lr_think_time: 5,00 seconds.	[MsgId: MMSG-15948]
UC6_DeleteFlight.c(120): Notify: Transaction "Delete Flight" started.	[MsgId: MMSG-16999]
UC6_DeleteFlight.c(122): web_reg_save_param started  	[MsgId: MMSG-26355]
UC6_DeleteFlight.c(122): Registering web_reg_save_param was successful  	[MsgId: MMSG-26390]
UC6_DeleteFlight.c(129): web_reg_save_param started  	[MsgId: MMSG-26355]
UC6_DeleteFlight.c(129): Registering web_reg_save_param was successful  	[MsgId: MMSG-26390]
UC6_DeleteFlight.c(135): web_submit_form("itinerary.pl") started  	[MsgId: MMSG-26355]
UC6_DeleteFlight.c(135): Submitting form to "http://127.0.0.1:1080/cgi-bin/itinerary.pl", Target Frame=""  	[MsgId: MMSG-27978]
UC6_DeleteFlight.c(135): Error -26377: No match found for the requested parameter "flights_numbers". Either the specified boundaries were not found in the response or the matched text is longer than current max html parameter size of 256 bytes. The total length of the response is 932 bytes. You can use "web_set_max_html_param_len" to increase the max parameter size.  	[MsgId: MERR-26377]
UC6_DeleteFlight.c(135): Error -26377: No match found for the requested parameter "flight_id_after". Either the specified boundaries were not found in the response or the matched text is longer than current max html parameter size of 256 bytes. The total length of the response is 932 bytes. You can use "web_set_max_html_param_len" to increase the max parameter size.  	[MsgId: MERR-26377]
End auto log messages stack.	[MsgId: MMSG-10544]


Start auto log messages stack - Iteration 87.	[MsgId: MMSG-10545]
UC6_DeleteFlight.c(116): lr_think_time: 5,00 seconds.	[MsgId: MMSG-15948]
UC6_DeleteFlight.c(120): Notify: Transaction "Delete Flight" started.	[MsgId: MMSG-16999]
UC6_DeleteFlight.c(122): web_reg_save_param started  	[MsgId: MMSG-26355]
UC6_DeleteFlight.c(122): Registering web_reg_save_param was successful  	[MsgId: MMSG-26390]
UC6_DeleteFlight.c(129): web_reg_save_param started  	[MsgId: MMSG-26355]
UC6_DeleteFlight.c(129): Registering web_reg_save_param was successful  	[MsgId: MMSG-26390]
UC6_DeleteFlight.c(135): web_submit_form("itinerary.pl") started  	[MsgId: MMSG-26355]
UC6_DeleteFlight.c(135): Submitting form to "http://127.0.0.1:1080/cgi-bin/itinerary.pl", Target Frame=""  	[MsgId: MMSG-27978]
UC6_DeleteFlight.c(135): Error -26377: No match found for the requested parameter "flights_numbers". Either the specified boundaries were not found in the response or the matched text is longer than current max html parameter size of 256 bytes. The total length of the response is 932 bytes. You can use "web_set_max_html_param_len" to increase the max parameter size.  	[MsgId: MERR-26377]
UC6_DeleteFlight.c(135): Error -26377: No match found for the requested parameter "flight_id_after". Either the specified boundaries were not found in the response or the matched text is longer than current max html parameter size of 256 bytes. The total length of the response is 932 bytes. You can use "web_set_max_html_param_len" to increase the max parameter size.  	[MsgId: MERR-26377]
End auto log messages stack.	[MsgId: MMSG-10544]


Start auto log messages stack - Iteration 60.	[MsgId: MMSG-10545]
UC6_DeleteFlight.c(116): lr_think_time: 5,00 seconds.	[MsgId: MMSG-15948]
UC6_DeleteFlight.c(120): Notify: Transaction "Delete Flight" started.	[MsgId: MMSG-16999]
UC6_DeleteFlight.c(122): web_reg_save_param started  	[MsgId: MMSG-26355]
UC6_DeleteFlight.c(122): Registering web_reg_save_param was successful  	[MsgId: MMSG-26390]
UC6_DeleteFlight.c(129): web_reg_save_param started  	[MsgId: MMSG-26355]
UC6_DeleteFlight.c(129): Registering web_reg_save_param was successful  	[MsgId: MMSG-26390]
UC6_DeleteFlight.c(135): web_submit_form("itinerary.pl") started  	[MsgId: MMSG-26355]
UC6_DeleteFlight.c(135): Submitting form to "http://127.0.0.1:1080/cgi-bin/itinerary.pl", Target Frame=""  	[MsgId: MMSG-27978]
UC6_DeleteFlight.c(135): Error -26377: No match found for the requested parameter "flights_numbers". Either the specified boundaries were not found in the response or the matched text is longer than current max html parameter size of 256 bytes. The total length of the response is 932 bytes. You can use "web_set_max_html_param_len" to increase the max parameter size.  	[MsgId: MERR-26377]
UC6_DeleteFlight.c(135): Error -26377: No match found for the requested parameter "flight_id_after". Either the specified boundaries were not found in the response or the matched text is longer than current max html parameter size of 256 bytes. The total length of the response is 932 bytes. You can use "web_set_max_html_param_len" to increase the max parameter size.  	[MsgId: MERR-26377]
End auto log messages stack.	[MsgId: MMSG-10544]


Start auto log messages stack - Iteration 120.	[MsgId: MMSG-10545]
UC6_DeleteFlight.c(116): lr_think_time: 5,00 seconds.	[MsgId: MMSG-15948]
UC6_DeleteFlight.c(120): Notify: Transaction "Delete Flight" started.	[MsgId: MMSG-16999]
UC6_DeleteFlight.c(122): web_reg_save_param started  	[MsgId: MMSG-26355]
UC6_DeleteFlight.c(122): Registering web_reg_save_param was successful  	[MsgId: MMSG-26390]
UC6_DeleteFlight.c(129): web_reg_save_param started  	[MsgId: MMSG-26355]
UC6_DeleteFlight.c(129): Registering web_reg_save_param was successful  	[MsgId: MMSG-26390]
UC6_DeleteFlight.c(135): web_submit_form("itinerary.pl") started  	[MsgId: MMSG-26355]
UC6_DeleteFlight.c(135): Submitting form to "http://127.0.0.1:1080/cgi-bin/itinerary.pl", Target Frame=""  	[MsgId: MMSG-27978]
UC6_DeleteFlight.c(135): Error -26377: No match found for the requested parameter "flights_numbers". Either the specified boundaries were not found in the response or the matched text is longer than current max html parameter size of 256 bytes. The total length of the response is 932 bytes. You can use "web_set_max_html_param_len" to increase the max parameter size.  	[MsgId: MERR-26377]
UC6_DeleteFlight.c(135): Error -26377: No match found for the requested parameter "flight_id_after". Either the specified boundaries were not found in the response or the matched text is longer than current max html parameter size of 256 bytes. The total length of the response is 932 bytes. You can use "web_set_max_html_param_len" to increase the max parameter size.  	[MsgId: MERR-26377]
End auto log messages stack.	[MsgId: MMSG-10544]


Start auto log messages stack - Iteration 94.	[MsgId: MMSG-10545]
UC6_DeleteFlight.c(116): lr_think_time: 5,00 seconds.	[MsgId: MMSG-15948]
UC6_DeleteFlight.c(120): Notify: Transaction "Delete Flight" started.	[MsgId: MMSG-16999]
UC6_DeleteFlight.c(122): web_reg_save_param started  	[MsgId: MMSG-26355]
UC6_DeleteFlight.c(122): Registering web_reg_save_param was successful  	[MsgId: MMSG-26390]
UC6_DeleteFlight.c(129): web_reg_save_param started  	[MsgId: MMSG-26355]
UC6_DeleteFlight.c(129): Registering web_reg_save_param was successful  	[MsgId: MMSG-26390]
UC6_DeleteFlight.c(135): web_submit_form("itinerary.pl") started  	[MsgId: MMSG-26355]
UC6_DeleteFlight.c(135): Submitting form to "http://127.0.0.1:1080/cgi-bin/itinerary.pl", Target Frame=""  	[MsgId: MMSG-27978]
UC6_DeleteFlight.c(135): Error -26377: No match found for the requested parameter "flights_numbers". Either the specified boundaries were not found in the response or the matched text is longer than current max html parameter size of 256 bytes. The total length of the response is 932 bytes. You can use "web_set_max_html_param_len" to increase the max parameter size.  	[MsgId: MERR-26377]
UC6_DeleteFlight.c(135): Error -26377: No match found for the requested parameter "flight_id_after". Either the specified boundaries were not found in the response or the matched text is longer than current max html parameter size of 256 bytes. The total length of the response is 932 bytes. You can use "web_set_max_html_param_len" to increase the max parameter size.  	[MsgId: MERR-26377]
End auto log messages stack.	[MsgId: MMSG-10544]


Start auto log messages stack - Iteration 36.	[MsgId: MMSG-10545]
UC6_DeleteFlight.c(116): lr_think_time: 5,00 seconds.	[MsgId: MMSG-15948]
UC6_DeleteFlight.c(120): Notify: Transaction "Delete Flight" started.	[MsgId: MMSG-16999]
UC6_DeleteFlight.c(122): web_reg_save_param started  	[MsgId: MMSG-26355]
UC6_DeleteFlight.c(122): Registering web_reg_save_param was successful  	[MsgId: MMSG-26390]
UC6_DeleteFlight.c(129): web_reg_save_param started  	[MsgId: MMSG-26355]
UC6_DeleteFlight.c(129): Registering web_reg_save_param was successful  	[MsgId: MMSG-26390]
UC6_DeleteFlight.c(135): web_submit_form("itinerary.pl") started  	[MsgId: MMSG-26355]
UC6_DeleteFlight.c(135): Submitting form to "http://127.0.0.1:1080/cgi-bin/itinerary.pl", Target Frame=""  	[MsgId: MMSG-27978]
UC6_DeleteFlight.c(135): Error -26377: No match found for the requested parameter "flights_numbers". Either the specified boundaries were not found in the response or the matched text is longer than current max html parameter size of 256 bytes. The total length of the response is 932 bytes. You can use "web_set_max_html_param_len" to increase the max parameter size.  	[MsgId: MERR-26377]
UC6_DeleteFlight.c(135): Error -26377: No match found for the requested parameter "flight_id_after". Either the specified boundaries were not found in the response or the matched text is longer than current max html parameter size of 256 bytes. The total length of the response is 932 bytes. You can use "web_set_max_html_param_len" to increase the max parameter size.  	[MsgId: MERR-26377]
End auto log messages stack.	[MsgId: MMSG-10544]


Start auto log messages stack - Iteration 37.	[MsgId: MMSG-10545]
UC6_DeleteFlight.c(116): lr_think_time: 5,00 seconds.	[MsgId: MMSG-15948]
UC6_DeleteFlight.c(120): Notify: Transaction "Delete Flight" started.	[MsgId: MMSG-16999]
UC6_DeleteFlight.c(122): web_reg_save_param started  	[MsgId: MMSG-26355]
UC6_DeleteFlight.c(122): Registering web_reg_save_param was successful  	[MsgId: MMSG-26390]
UC6_DeleteFlight.c(129): web_reg_save_param started  	[MsgId: MMSG-26355]
UC6_DeleteFlight.c(129): Registering web_reg_save_param was successful  	[MsgId: MMSG-26390]
UC6_DeleteFlight.c(135): web_submit_form("itinerary.pl") started  	[MsgId: MMSG-26355]
UC6_DeleteFlight.c(135): Submitting form to "http://127.0.0.1:1080/cgi-bin/itinerary.pl", Target Frame=""  	[MsgId: MMSG-27978]
UC6_DeleteFlight.c(135): Error -26377: No match found for the requested parameter "flights_numbers". Either the specified boundaries were not found in the response or the matched text is longer than current max html parameter size of 256 bytes. The total length of the response is 932 bytes. You can use "web_set_max_html_param_len" to increase the max parameter size.  	[MsgId: MERR-26377]
UC6_DeleteFlight.c(135): Error -26377: No match found for the requested parameter "flight_id_after". Either the specified boundaries were not found in the response or the matched text is longer than current max html parameter size of 256 bytes. The total length of the response is 932 bytes. You can use "web_set_max_html_param_len" to increase the max parameter size.  	[MsgId: MERR-26377]
End auto log messages stack.	[MsgId: MMSG-10544]


Start auto log messages stack - Iteration 128.	[MsgId: MMSG-10545]
UC6_DeleteFlight.c(116): lr_think_time: 5,00 seconds.	[MsgId: MMSG-15948]
UC6_DeleteFlight.c(120): Notify: Transaction "Delete Flight" started.	[MsgId: MMSG-16999]
UC6_DeleteFlight.c(122): web_reg_save_param started  	[MsgId: MMSG-26355]
UC6_DeleteFlight.c(122): Registering web_reg_save_param was successful  	[MsgId: MMSG-26390]
UC6_DeleteFlight.c(129): web_reg_save_param started  	[MsgId: MMSG-26355]
UC6_DeleteFlight.c(129): Registering web_reg_save_param was successful  	[MsgId: MMSG-26390]
UC6_DeleteFlight.c(135): web_submit_form("itinerary.pl") started  	[MsgId: MMSG-26355]
UC6_DeleteFlight.c(135): Submitting form to "http://127.0.0.1:1080/cgi-bin/itinerary.pl", Target Frame=""  	[MsgId: MMSG-27978]
UC6_DeleteFlight.c(135): Error -26377: No match found for the requested parameter "flights_numbers". Either the specified boundaries were not found in the response or the matched text is longer than current max html parameter size of 256 bytes. The total length of the response is 932 bytes. You can use "web_set_max_html_param_len" to increase the max parameter size.  	[MsgId: MERR-26377]
UC6_DeleteFlight.c(135): Error -26377: No match found for the requested parameter "flight_id_after". Either the specified boundaries were not found in the response or the matched text is longer than current max html parameter size of 256 bytes. The total length of the response is 932 bytes. You can use "web_set_max_html_param_len" to increase the max parameter size.  	[MsgId: MERR-26377]
End auto log messages stack.	[MsgId: MMSG-10544]


Start auto log messages stack - Iteration 12.	[MsgId: MMSG-10545]
UC6_DeleteFlight.c(116): lr_think_time: 5,00 seconds.	[MsgId: MMSG-15948]
UC6_DeleteFlight.c(120): Notify: Transaction "Delete Flight" started.	[MsgId: MMSG-16999]
UC6_DeleteFlight.c(122): web_reg_save_param started  	[MsgId: MMSG-26355]
UC6_DeleteFlight.c(122): Registering web_reg_save_param was successful  	[MsgId: MMSG-26390]
UC6_DeleteFlight.c(129): web_reg_save_param started  	[MsgId: MMSG-26355]
UC6_DeleteFlight.c(129): Registering web_reg_save_param was successful  	[MsgId: MMSG-26390]
UC6_DeleteFlight.c(135): web_submit_form("itinerary.pl") started  	[MsgId: MMSG-26355]
UC6_DeleteFlight.c(135): Submitting form to "http://127.0.0.1:1080/cgi-bin/itinerary.pl", Target Frame=""  	[MsgId: MMSG-27978]
UC6_DeleteFlight.c(135): Error -26377: No match found for the requested parameter "flights_numbers". Either the specified boundaries were not found in the response or the matched text is longer than current max html parameter size of 256 bytes. The total length of the response is 932 bytes. You can use "web_set_max_html_param_len" to increase the max parameter size.  	[MsgId: MERR-26377]
UC6_DeleteFlight.c(135): Error -26377: No match found for the requested parameter "flight_id_after". Either the specified boundaries were not found in the response or the matched text is longer than current max html parameter size of 256 bytes. The total length of the response is 932 bytes. You can use "web_set_max_html_param_len" to increase the max parameter size.  	[MsgId: MERR-26377]
End auto log messages stack.	[MsgId: MMSG-10544]


Start auto log messages stack - Iteration 129.	[MsgId: MMSG-10545]
UC6_DeleteFlight.c(116): lr_think_time: 5,00 seconds.	[MsgId: MMSG-15948]
UC6_DeleteFlight.c(120): Notify: Transaction "Delete Flight" started.	[MsgId: MMSG-16999]
UC6_DeleteFlight.c(122): web_reg_save_param started  	[MsgId: MMSG-26355]
UC6_DeleteFlight.c(122): Registering web_reg_save_param was successful  	[MsgId: MMSG-26390]
UC6_DeleteFlight.c(129): web_reg_save_param started  	[MsgId: MMSG-26355]
UC6_DeleteFlight.c(129): Registering web_reg_save_param was successful  	[MsgId: MMSG-26390]
UC6_DeleteFlight.c(135): web_submit_form("itinerary.pl") started  	[MsgId: MMSG-26355]
UC6_DeleteFlight.c(135): Submitting form to "http://127.0.0.1:1080/cgi-bin/itinerary.pl", Target Frame=""  	[MsgId: MMSG-27978]
UC6_DeleteFlight.c(135): Error -26377: No match found for the requested parameter "flights_numbers". Either the specified boundaries were not found in the response or the matched text is longer than current max html parameter size of 256 bytes. The total length of the response is 932 bytes. You can use "web_set_max_html_param_len" to increase the max parameter size.  	[MsgId: MERR-26377]
UC6_DeleteFlight.c(135): Error -26377: No match found for the requested parameter "flight_id_after". Either the specified boundaries were not found in the response or the matched text is longer than current max html parameter size of 256 bytes. The total length of the response is 932 bytes. You can use "web_set_max_html_param_len" to increase the max parameter size.  	[MsgId: MERR-26377]
End auto log messages stack.	[MsgId: MMSG-10544]


Start auto log messages stack - Iteration 13.	[MsgId: MMSG-10545]
UC6_DeleteFlight.c(116): lr_think_time: 5,00 seconds.	[MsgId: MMSG-15948]
UC6_DeleteFlight.c(120): Notify: Transaction "Delete Flight" started.	[MsgId: MMSG-16999]
UC6_DeleteFlight.c(122): web_reg_save_param started  	[MsgId: MMSG-26355]
UC6_DeleteFlight.c(122): Registering web_reg_save_param was successful  	[MsgId: MMSG-26390]
UC6_DeleteFlight.c(129): web_reg_save_param started  	[MsgId: MMSG-26355]
UC6_DeleteFlight.c(129): Registering web_reg_save_param was successful  	[MsgId: MMSG-26390]
UC6_DeleteFlight.c(135): web_submit_form("itinerary.pl") started  	[MsgId: MMSG-26355]
UC6_DeleteFlight.c(135): Submitting form to "http://127.0.0.1:1080/cgi-bin/itinerary.pl", Target Frame=""  	[MsgId: MMSG-27978]
UC6_DeleteFlight.c(135): Error -26377: No match found for the requested parameter "flights_numbers". Either the specified boundaries were not found in the response or the matched text is longer than current max html parameter size of 256 bytes. The total length of the response is 932 bytes. You can use "web_set_max_html_param_len" to increase the max parameter size.  	[MsgId: MERR-26377]
UC6_DeleteFlight.c(135): Error -26377: No match found for the requested parameter "flight_id_after". Either the specified boundaries were not found in the response or the matched text is longer than current max html parameter size of 256 bytes. The total length of the response is 932 bytes. You can use "web_set_max_html_param_len" to increase the max parameter size.  	[MsgId: MERR-26377]
End auto log messages stack.	[MsgId: MMSG-10544]


Start auto log messages stack - Iteration 14.	[MsgId: MMSG-10545]
UC6_DeleteFlight.c(116): lr_think_time: 5,00 seconds.	[MsgId: MMSG-15948]
UC6_DeleteFlight.c(120): Notify: Transaction "Delete Flight" started.	[MsgId: MMSG-16999]
UC6_DeleteFlight.c(122): web_reg_save_param started  	[MsgId: MMSG-26355]
UC6_DeleteFlight.c(122): Registering web_reg_save_param was successful  	[MsgId: MMSG-26390]
UC6_DeleteFlight.c(129): web_reg_save_param started  	[MsgId: MMSG-26355]
UC6_DeleteFlight.c(129): Registering web_reg_save_param was successful  	[MsgId: MMSG-26390]
UC6_DeleteFlight.c(135): web_submit_form("itinerary.pl") started  	[MsgId: MMSG-26355]
UC6_DeleteFlight.c(135): Submitting form to "http://127.0.0.1:1080/cgi-bin/itinerary.pl", Target Frame=""  	[MsgId: MMSG-27978]
UC6_DeleteFlight.c(135): Error -26377: No match found for the requested parameter "flights_numbers". Either the specified boundaries were not found in the response or the matched text is longer than current max html parameter size of 256 bytes. The total length of the response is 932 bytes. You can use "web_set_max_html_param_len" to increase the max parameter size.  	[MsgId: MERR-26377]
UC6_DeleteFlight.c(135): Error -26377: No match found for the requested parameter "flight_id_after". Either the specified boundaries were not found in the response or the matched text is longer than current max html parameter size of 256 bytes. The total length of the response is 932 bytes. You can use "web_set_max_html_param_len" to increase the max parameter size.  	[MsgId: MERR-26377]
End auto log messages stack.	[MsgId: MMSG-10544]


Start auto log messages stack - Iteration 17.	[MsgId: MMSG-10545]
UC6_DeleteFlight.c(116): lr_think_time: 5,00 seconds.	[MsgId: MMSG-15948]
UC6_DeleteFlight.c(120): Notify: Transaction "Delete Flight" started.	[MsgId: MMSG-16999]
UC6_DeleteFlight.c(122): web_reg_save_param started  	[MsgId: MMSG-26355]
UC6_DeleteFlight.c(122): Registering web_reg_save_param was successful  	[MsgId: MMSG-26390]
UC6_DeleteFlight.c(129): web_reg_save_param started  	[MsgId: MMSG-26355]
UC6_DeleteFlight.c(129): Registering web_reg_save_param was successful  	[MsgId: MMSG-26390]
UC6_DeleteFlight.c(135): web_submit_form("itinerary.pl") started  	[MsgId: MMSG-26355]
UC6_DeleteFlight.c(135): Submitting form to "http://127.0.0.1:1080/cgi-bin/itinerary.pl", Target Frame=""  	[MsgId: MMSG-27978]
UC6_DeleteFlight.c(135): Error -26377: No match found for the requested parameter "flights_numbers". Either the specified boundaries were not found in the response or the matched text is longer than current max html parameter size of 256 bytes. The total length of the response is 932 bytes. You can use "web_set_max_html_param_len" to increase the max parameter size.  	[MsgId: MERR-26377]
UC6_DeleteFlight.c(135): Error -26377: No match found for the requested parameter "flight_id_after". Either the specified boundaries were not found in the response or the matched text is longer than current max html parameter size of 256 bytes. The total length of the response is 932 bytes. You can use "web_set_max_html_param_len" to increase the max parameter size.  	[MsgId: MERR-26377]
End auto log messages stack.	[MsgId: MMSG-10544]


Start auto log messages stack - Iteration 77.	[MsgId: MMSG-10545]
UC6_DeleteFlight.c(116): lr_think_time: 5,00 seconds.	[MsgId: MMSG-15948]
UC6_DeleteFlight.c(120): Notify: Transaction "Delete Flight" started.	[MsgId: MMSG-16999]
UC6_DeleteFlight.c(122): web_reg_save_param started  	[MsgId: MMSG-26355]
UC6_DeleteFlight.c(122): Registering web_reg_save_param was successful  	[MsgId: MMSG-26390]
UC6_DeleteFlight.c(129): web_reg_save_param started  	[MsgId: MMSG-26355]
UC6_DeleteFlight.c(129): Registering web_reg_save_param was successful  	[MsgId: MMSG-26390]
UC6_DeleteFlight.c(135): web_submit_form("itinerary.pl") started  	[MsgId: MMSG-26355]
UC6_DeleteFlight.c(135): Submitting form to "http://127.0.0.1:1080/cgi-bin/itinerary.pl", Target Frame=""  	[MsgId: MMSG-27978]
UC6_DeleteFlight.c(135): Error -26377: No match found for the requested parameter "flights_numbers". Either the specified boundaries were not found in the response or the matched text is longer than current max html parameter size of 256 bytes. The total length of the response is 932 bytes. You can use "web_set_max_html_param_len" to increase the max parameter size.  	[MsgId: MERR-26377]
UC6_DeleteFlight.c(135): Error -26377: No match found for the requested parameter "flight_id_after". Either the specified boundaries were not found in the response or the matched text is longer than current max html parameter size of 256 bytes. The total length of the response is 932 bytes. You can use "web_set_max_html_param_len" to increase the max parameter size.  	[MsgId: MERR-26377]
End auto log messages stack.	[MsgId: MMSG-10544]


Start auto log messages stack - Iteration 50.	[MsgId: MMSG-10545]
UC6_DeleteFlight.c(116): lr_think_time: 5,00 seconds.	[MsgId: MMSG-15948]
UC6_DeleteFlight.c(120): Notify: Transaction "Delete Flight" started.	[MsgId: MMSG-16999]
UC6_DeleteFlight.c(122): web_reg_save_param started  	[MsgId: MMSG-26355]
UC6_DeleteFlight.c(122): Registering web_reg_save_param was successful  	[MsgId: MMSG-26390]
UC6_DeleteFlight.c(129): web_reg_save_param started  	[MsgId: MMSG-26355]
UC6_DeleteFlight.c(129): Registering web_reg_save_param was successful  	[MsgId: MMSG-26390]
UC6_DeleteFlight.c(135): web_submit_form("itinerary.pl") started  	[MsgId: MMSG-26355]
UC6_DeleteFlight.c(135): Submitting form to "http://127.0.0.1:1080/cgi-bin/itinerary.pl", Target Frame=""  	[MsgId: MMSG-27978]
UC6_DeleteFlight.c(135): Error -26377: No match found for the requested parameter "flights_numbers". Either the specified boundaries were not found in the response or the matched text is longer than current max html parameter size of 256 bytes. The total length of the response is 932 bytes. You can use "web_set_max_html_param_len" to increase the max parameter size.  	[MsgId: MERR-26377]
UC6_DeleteFlight.c(135): Error -26377: No match found for the requested parameter "flight_id_after". Either the specified boundaries were not found in the response or the matched text is longer than current max html parameter size of 256 bytes. The total length of the response is 932 bytes. You can use "web_set_max_html_param_len" to increase the max parameter size.  	[MsgId: MERR-26377]
End auto log messages stack.	[MsgId: MMSG-10544]


