Start auto log messages stack - Iteration 3.	[MsgId: MMSG-10545]
UC6_DeleteFlight.c(135): web_submit_form("itinerary.pl") started  	[MsgId: MMSG-26355]
UC6_DeleteFlight.c(135): Submitting form to "http://127.0.0.1:1080/cgi-bin/itinerary.pl", Target Frame=""  	[MsgId: MMSG-27978]
UC6_DeleteFlight.c(135): Resource "http://127.0.0.1:1080/WebTours/images/cancelreservation.gif" is in the cache already and will not be downloaded again  	[MsgId: MMSG-26655]
UC6_DeleteFlight.c(135): Resource "http://127.0.0.1:1080/WebTours/images/cancelallreservations.gif" is in the cache already and will not be downloaded again  	[MsgId: MMSG-26655]
UC6_DeleteFlight.c(135): web_submit_form("itinerary.pl") was successful, 156660 body bytes, 256 header bytes, 307 chunking overhead bytes  	[MsgId: MMSG-26385]
UC6_DeleteFlight.c(189): Error: Itinerary not deleted	[MsgId: MERR-17999]
End auto log messages stack.	[MsgId: MMSG-10544]


Start auto log messages stack - Iteration 7.	[MsgId: MMSG-10545]
UC6_DeleteFlight.c(116): lr_think_time: 5,00 seconds.	[MsgId: MMSG-15948]
UC6_DeleteFlight.c(120): Notify: Transaction "Delete Flight" started.	[MsgId: MMSG-16999]
UC6_DeleteFlight.c(122): web_reg_save_param started  	[MsgId: MMSG-26355]
UC6_DeleteFlight.c(122): Registering web_reg_save_param was successful  	[MsgId: MMSG-26390]
UC6_DeleteFlight.c(129): web_reg_save_param started  	[MsgId: MMSG-26355]
UC6_DeleteFlight.c(129): Registering web_reg_save_param was successful  	[MsgId: MMSG-26390]
UC6_DeleteFlight.c(135): web_submit_form("itinerary.pl") started  	[MsgId: MMSG-26355]
UC6_DeleteFlight.c(135): Submitting form to "http://127.0.0.1:1080/cgi-bin/itinerary.pl", Target Frame=""  	[MsgId: MMSG-27978]
UC6_DeleteFlight.c(135): Error -26377: No match found for the requested parameter "flights_numbers". Either the specified boundaries were not found in the response or the matched text is longer than current max html parameter size of 256 bytes. The total length of the response is 932 bytes. You can use "web_set_max_html_param_len" to increase the max parameter size.  	[MsgId: MERR-26377]
UC6_DeleteFlight.c(135): Error -26377: No match found for the requested parameter "flight_id_after". Either the specified boundaries were not found in the response or the matched text is longer than current max html parameter size of 256 bytes. The total length of the response is 932 bytes. You can use "web_set_max_html_param_len" to increase the max parameter size.  	[MsgId: MERR-26377]
End auto log messages stack.	[MsgId: MMSG-10544]


Start auto log messages stack - Iteration 19.	[MsgId: MMSG-10545]
UC6_DeleteFlight.c(135): web_submit_form("itinerary.pl") started  	[MsgId: MMSG-26355]
UC6_DeleteFlight.c(135): Submitting form to "http://127.0.0.1:1080/cgi-bin/itinerary.pl", Target Frame=""  	[MsgId: MMSG-27978]
UC6_DeleteFlight.c(135): Resource "http://127.0.0.1:1080/WebTours/images/cancelreservation.gif" is in the cache already and will not be downloaded again  	[MsgId: MMSG-26655]
UC6_DeleteFlight.c(135): Resource "http://127.0.0.1:1080/WebTours/images/cancelallreservations.gif" is in the cache already and will not be downloaded again  	[MsgId: MMSG-26655]
UC6_DeleteFlight.c(135): web_submit_form("itinerary.pl") was successful, 124982 body bytes, 256 header bytes, 251 chunking overhead bytes  	[MsgId: MMSG-26385]
UC6_DeleteFlight.c(189): Error: Itinerary not deleted	[MsgId: MERR-17999]
End auto log messages stack.	[MsgId: MMSG-10544]


Start auto log messages stack - Iteration 24.	[MsgId: MMSG-10545]
UC6_DeleteFlight.c(135): web_submit_form("itinerary.pl") started  	[MsgId: MMSG-26355]
UC6_DeleteFlight.c(135): Submitting form to "http://127.0.0.1:1080/cgi-bin/itinerary.pl", Target Frame=""  	[MsgId: MMSG-27978]
UC6_DeleteFlight.c(135): Resource "http://127.0.0.1:1080/WebTours/images/cancelreservation.gif" is in the cache already and will not be downloaded again  	[MsgId: MMSG-26655]
UC6_DeleteFlight.c(135): Resource "http://127.0.0.1:1080/WebTours/images/cancelallreservations.gif" is in the cache already and will not be downloaded again  	[MsgId: MMSG-26655]
UC6_DeleteFlight.c(135): web_submit_form("itinerary.pl") was successful, 264210 body bytes, 256 header bytes, 507 chunking overhead bytes  	[MsgId: MMSG-26385]
UC6_DeleteFlight.c(189): Error: Itinerary not deleted	[MsgId: MERR-17999]
End auto log messages stack.	[MsgId: MMSG-10544]


Start auto log messages stack - Iteration 1.	[MsgId: MMSG-10545]
UC6_DeleteFlight.c(116): lr_think_time: 5,00 seconds.	[MsgId: MMSG-15948]
UC6_DeleteFlight.c(120): Notify: Transaction "Delete Flight" started.	[MsgId: MMSG-16999]
UC6_DeleteFlight.c(122): web_reg_save_param started  	[MsgId: MMSG-26355]
UC6_DeleteFlight.c(122): Registering web_reg_save_param was successful  	[MsgId: MMSG-26390]
UC6_DeleteFlight.c(129): web_reg_save_param started  	[MsgId: MMSG-26355]
UC6_DeleteFlight.c(129): Registering web_reg_save_param was successful  	[MsgId: MMSG-26390]
UC6_DeleteFlight.c(135): web_submit_form("itinerary.pl") started  	[MsgId: MMSG-26355]
UC6_DeleteFlight.c(135): Submitting form to "http://127.0.0.1:1080/cgi-bin/itinerary.pl", Target Frame=""  	[MsgId: MMSG-27978]
UC6_DeleteFlight.c(135): Error -26377: No match found for the requested parameter "flights_numbers". Either the specified boundaries were not found in the response or the matched text is longer than current max html parameter size of 256 bytes. The total length of the response is 932 bytes. You can use "web_set_max_html_param_len" to increase the max parameter size.  	[MsgId: MERR-26377]
UC6_DeleteFlight.c(135): Error -26377: No match found for the requested parameter "flight_id_after". Either the specified boundaries were not found in the response or the matched text is longer than current max html parameter size of 256 bytes. The total length of the response is 932 bytes. You can use "web_set_max_html_param_len" to increase the max parameter size.  	[MsgId: MERR-26377]
End auto log messages stack.	[MsgId: MMSG-10544]


Start auto log messages stack - Iteration 7.	[MsgId: MMSG-10545]
UC6_DeleteFlight.c(116): lr_think_time: 5,00 seconds.	[MsgId: MMSG-15948]
UC6_DeleteFlight.c(120): Notify: Transaction "Delete Flight" started.	[MsgId: MMSG-16999]
UC6_DeleteFlight.c(122): web_reg_save_param started  	[MsgId: MMSG-26355]
UC6_DeleteFlight.c(122): Registering web_reg_save_param was successful  	[MsgId: MMSG-26390]
UC6_DeleteFlight.c(129): web_reg_save_param started  	[MsgId: MMSG-26355]
UC6_DeleteFlight.c(129): Registering web_reg_save_param was successful  	[MsgId: MMSG-26390]
UC6_DeleteFlight.c(135): web_submit_form("itinerary.pl") started  	[MsgId: MMSG-26355]
UC6_DeleteFlight.c(135): Submitting form to "http://127.0.0.1:1080/cgi-bin/itinerary.pl", Target Frame=""  	[MsgId: MMSG-27978]
UC6_DeleteFlight.c(135): Error -26377: No match found for the requested parameter "flights_numbers". Either the specified boundaries were not found in the response or the matched text is longer than current max html parameter size of 256 bytes. The total length of the response is 932 bytes. You can use "web_set_max_html_param_len" to increase the max parameter size.  	[MsgId: MERR-26377]
UC6_DeleteFlight.c(135): Error -26377: No match found for the requested parameter "flight_id_after". Either the specified boundaries were not found in the response or the matched text is longer than current max html parameter size of 256 bytes. The total length of the response is 932 bytes. You can use "web_set_max_html_param_len" to increase the max parameter size.  	[MsgId: MERR-26377]
End auto log messages stack.	[MsgId: MMSG-10544]


Start auto log messages stack - Iteration 13.	[MsgId: MMSG-10545]
UC6_DeleteFlight.c(135): web_submit_form("itinerary.pl") started  	[MsgId: MMSG-26355]
UC6_DeleteFlight.c(135): Submitting form to "http://127.0.0.1:1080/cgi-bin/itinerary.pl", Target Frame=""  	[MsgId: MMSG-27978]
UC6_DeleteFlight.c(135): Resource "http://127.0.0.1:1080/WebTours/images/cancelreservation.gif" is in the cache already and will not be downloaded again  	[MsgId: MMSG-26655]
UC6_DeleteFlight.c(135): Resource "http://127.0.0.1:1080/WebTours/images/cancelallreservations.gif" is in the cache already and will not be downloaded again  	[MsgId: MMSG-26655]
UC6_DeleteFlight.c(135): web_submit_form("itinerary.pl") was successful, 269989 body bytes, 256 header bytes, 515 chunking overhead bytes  	[MsgId: MMSG-26385]
UC6_DeleteFlight.c(189): Error: Itinerary not deleted	[MsgId: MERR-17999]
End auto log messages stack.	[MsgId: MMSG-10544]


Start auto log messages stack - Iteration 14.	[MsgId: MMSG-10545]
UC6_DeleteFlight.c(135): web_submit_form("itinerary.pl") started  	[MsgId: MMSG-26355]
UC6_DeleteFlight.c(135): Submitting form to "http://127.0.0.1:1080/cgi-bin/itinerary.pl", Target Frame=""  	[MsgId: MMSG-27978]
UC6_DeleteFlight.c(135): Resource "http://127.0.0.1:1080/WebTours/images/cancelreservation.gif" is in the cache already and will not be downloaded again  	[MsgId: MMSG-26655]
UC6_DeleteFlight.c(135): Resource "http://127.0.0.1:1080/WebTours/images/cancelallreservations.gif" is in the cache already and will not be downloaded again  	[MsgId: MMSG-26655]
UC6_DeleteFlight.c(135): web_submit_form("itinerary.pl") was successful, 165808 body bytes, 256 header bytes, 323 chunking overhead bytes  	[MsgId: MMSG-26385]
UC6_DeleteFlight.c(189): Error: Itinerary not deleted	[MsgId: MERR-17999]
End auto log messages stack.	[MsgId: MMSG-10544]


Start auto log messages stack - Iteration 15.	[MsgId: MMSG-10545]
UC6_DeleteFlight.c(116): lr_think_time: 5,00 seconds.	[MsgId: MMSG-15948]
UC6_DeleteFlight.c(120): Notify: Transaction "Delete Flight" started.	[MsgId: MMSG-16999]
UC6_DeleteFlight.c(122): web_reg_save_param started  	[MsgId: MMSG-26355]
UC6_DeleteFlight.c(122): Registering web_reg_save_param was successful  	[MsgId: MMSG-26390]
UC6_DeleteFlight.c(129): web_reg_save_param started  	[MsgId: MMSG-26355]
UC6_DeleteFlight.c(129): Registering web_reg_save_param was successful  	[MsgId: MMSG-26390]
UC6_DeleteFlight.c(135): web_submit_form("itinerary.pl") started  	[MsgId: MMSG-26355]
UC6_DeleteFlight.c(135): Submitting form to "http://127.0.0.1:1080/cgi-bin/itinerary.pl", Target Frame=""  	[MsgId: MMSG-27978]
UC6_DeleteFlight.c(135): Error -26377: No match found for the requested parameter "flights_numbers". Either the specified boundaries were not found in the response or the matched text is longer than current max html parameter size of 256 bytes. The total length of the response is 932 bytes. You can use "web_set_max_html_param_len" to increase the max parameter size.  	[MsgId: MERR-26377]
UC6_DeleteFlight.c(135): Error -26377: No match found for the requested parameter "flight_id_after". Either the specified boundaries were not found in the response or the matched text is longer than current max html parameter size of 256 bytes. The total length of the response is 932 bytes. You can use "web_set_max_html_param_len" to increase the max parameter size.  	[MsgId: MERR-26377]
End auto log messages stack.	[MsgId: MMSG-10544]


Start auto log messages stack - Iteration 46.	[MsgId: MMSG-10545]
UC6_DeleteFlight.c(116): lr_think_time: 5,00 seconds.	[MsgId: MMSG-15948]
UC6_DeleteFlight.c(120): Notify: Transaction "Delete Flight" started.	[MsgId: MMSG-16999]
UC6_DeleteFlight.c(122): web_reg_save_param started  	[MsgId: MMSG-26355]
UC6_DeleteFlight.c(122): Registering web_reg_save_param was successful  	[MsgId: MMSG-26390]
UC6_DeleteFlight.c(129): web_reg_save_param started  	[MsgId: MMSG-26355]
UC6_DeleteFlight.c(129): Registering web_reg_save_param was successful  	[MsgId: MMSG-26390]
UC6_DeleteFlight.c(135): web_submit_form("itinerary.pl") started  	[MsgId: MMSG-26355]
UC6_DeleteFlight.c(135): Submitting form to "http://127.0.0.1:1080/cgi-bin/itinerary.pl", Target Frame=""  	[MsgId: MMSG-27978]
UC6_DeleteFlight.c(135): Error -26377: No match found for the requested parameter "flights_numbers". Either the specified boundaries were not found in the response or the matched text is longer than current max html parameter size of 256 bytes. The total length of the response is 932 bytes. You can use "web_set_max_html_param_len" to increase the max parameter size.  	[MsgId: MERR-26377]
UC6_DeleteFlight.c(135): Error -26377: No match found for the requested parameter "flight_id_after". Either the specified boundaries were not found in the response or the matched text is longer than current max html parameter size of 256 bytes. The total length of the response is 932 bytes. You can use "web_set_max_html_param_len" to increase the max parameter size.  	[MsgId: MERR-26377]
End auto log messages stack.	[MsgId: MMSG-10544]


Start auto log messages stack - Iteration 49.	[MsgId: MMSG-10545]
UC6_DeleteFlight.c(135): web_submit_form("itinerary.pl") started  	[MsgId: MMSG-26355]
UC6_DeleteFlight.c(135): Submitting form to "http://127.0.0.1:1080/cgi-bin/itinerary.pl", Target Frame=""  	[MsgId: MMSG-27978]
UC6_DeleteFlight.c(135): Resource "http://127.0.0.1:1080/WebTours/images/cancelreservation.gif" is in the cache already and will not be downloaded again  	[MsgId: MMSG-26655]
UC6_DeleteFlight.c(135): Resource "http://127.0.0.1:1080/WebTours/images/cancelallreservations.gif" is in the cache already and will not be downloaded again  	[MsgId: MMSG-26655]
UC6_DeleteFlight.c(135): web_submit_form("itinerary.pl") was successful, 190365 body bytes, 256 header bytes, 371 chunking overhead bytes  	[MsgId: MMSG-26385]
UC6_DeleteFlight.c(189): Error: Itinerary not deleted	[MsgId: MERR-17999]
End auto log messages stack.	[MsgId: MMSG-10544]


Start auto log messages stack - Iteration 50.	[MsgId: MMSG-10545]
UC6_DeleteFlight.c(135): web_submit_form("itinerary.pl") started  	[MsgId: MMSG-26355]
UC6_DeleteFlight.c(135): Submitting form to "http://127.0.0.1:1080/cgi-bin/itinerary.pl", Target Frame=""  	[MsgId: MMSG-27978]
UC6_DeleteFlight.c(135): Resource "http://127.0.0.1:1080/WebTours/images/cancelreservation.gif" is in the cache already and will not be downloaded again  	[MsgId: MMSG-26655]
UC6_DeleteFlight.c(135): Resource "http://127.0.0.1:1080/WebTours/images/cancelallreservations.gif" is in the cache already and will not be downloaded again  	[MsgId: MMSG-26655]
UC6_DeleteFlight.c(135): web_submit_form("itinerary.pl") was successful, 186997 body bytes, 256 header bytes, 363 chunking overhead bytes  	[MsgId: MMSG-26385]
UC6_DeleteFlight.c(189): Error: Itinerary not deleted	[MsgId: MERR-17999]
End auto log messages stack.	[MsgId: MMSG-10544]


Start auto log messages stack - Iteration 21.	[MsgId: MMSG-10545]
UC6_DeleteFlight.c(116): lr_think_time: 5,00 seconds.	[MsgId: MMSG-15948]
UC6_DeleteFlight.c(120): Notify: Transaction "Delete Flight" started.	[MsgId: MMSG-16999]
UC6_DeleteFlight.c(122): web_reg_save_param started  	[MsgId: MMSG-26355]
UC6_DeleteFlight.c(122): Registering web_reg_save_param was successful  	[MsgId: MMSG-26390]
UC6_DeleteFlight.c(129): web_reg_save_param started  	[MsgId: MMSG-26355]
UC6_DeleteFlight.c(129): Registering web_reg_save_param was successful  	[MsgId: MMSG-26390]
UC6_DeleteFlight.c(135): web_submit_form("itinerary.pl") started  	[MsgId: MMSG-26355]
UC6_DeleteFlight.c(135): Submitting form to "http://127.0.0.1:1080/cgi-bin/itinerary.pl", Target Frame=""  	[MsgId: MMSG-27978]
UC6_DeleteFlight.c(135): Error -26377: No match found for the requested parameter "flights_numbers". Either the specified boundaries were not found in the response or the matched text is longer than current max html parameter size of 256 bytes. The total length of the response is 932 bytes. You can use "web_set_max_html_param_len" to increase the max parameter size.  	[MsgId: MERR-26377]
UC6_DeleteFlight.c(135): Error -26377: No match found for the requested parameter "flight_id_after". Either the specified boundaries were not found in the response or the matched text is longer than current max html parameter size of 256 bytes. The total length of the response is 932 bytes. You can use "web_set_max_html_param_len" to increase the max parameter size.  	[MsgId: MERR-26377]
End auto log messages stack.	[MsgId: MMSG-10544]


Start auto log messages stack - Iteration 55.	[MsgId: MMSG-10545]
UC6_DeleteFlight.c(135): web_submit_form("itinerary.pl") started  	[MsgId: MMSG-26355]
UC6_DeleteFlight.c(135): Submitting form to "http://127.0.0.1:1080/cgi-bin/itinerary.pl", Target Frame=""  	[MsgId: MMSG-27978]
UC6_DeleteFlight.c(135): Resource "http://127.0.0.1:1080/WebTours/images/cancelreservation.gif" is in the cache already and will not be downloaded again  	[MsgId: MMSG-26655]
UC6_DeleteFlight.c(135): Resource "http://127.0.0.1:1080/WebTours/images/cancelallreservations.gif" is in the cache already and will not be downloaded again  	[MsgId: MMSG-26655]
UC6_DeleteFlight.c(135): web_submit_form("itinerary.pl") was successful, 157389 body bytes, 256 header bytes, 307 chunking overhead bytes  	[MsgId: MMSG-26385]
UC6_DeleteFlight.c(189): Error: Itinerary not deleted	[MsgId: MERR-17999]
End auto log messages stack.	[MsgId: MMSG-10544]


Start auto log messages stack - Iteration 57.	[MsgId: MMSG-10545]
UC6_DeleteFlight.c(135): web_submit_form("itinerary.pl") started  	[MsgId: MMSG-26355]
UC6_DeleteFlight.c(135): Submitting form to "http://127.0.0.1:1080/cgi-bin/itinerary.pl", Target Frame=""  	[MsgId: MMSG-27978]
UC6_DeleteFlight.c(135): Resource "http://127.0.0.1:1080/WebTours/images/cancelreservation.gif" is in the cache already and will not be downloaded again  	[MsgId: MMSG-26655]
UC6_DeleteFlight.c(135): Resource "http://127.0.0.1:1080/WebTours/images/cancelallreservations.gif" is in the cache already and will not be downloaded again  	[MsgId: MMSG-26655]
UC6_DeleteFlight.c(135): web_submit_form("itinerary.pl") was successful, 276900 body bytes, 256 header bytes, 531 chunking overhead bytes  	[MsgId: MMSG-26385]
UC6_DeleteFlight.c(189): Error: Itinerary not deleted	[MsgId: MERR-17999]
End auto log messages stack.	[MsgId: MMSG-10544]


Start auto log messages stack - Iteration 1.	[MsgId: MMSG-10545]
UC6_DeleteFlight.c(116): lr_think_time: 5,00 seconds.	[MsgId: MMSG-15948]
UC6_DeleteFlight.c(120): Notify: Transaction "Delete Flight" started.	[MsgId: MMSG-16999]
UC6_DeleteFlight.c(122): web_reg_save_param started  	[MsgId: MMSG-26355]
UC6_DeleteFlight.c(122): Registering web_reg_save_param was successful  	[MsgId: MMSG-26390]
UC6_DeleteFlight.c(129): web_reg_save_param started  	[MsgId: MMSG-26355]
UC6_DeleteFlight.c(129): Registering web_reg_save_param was successful  	[MsgId: MMSG-26390]
UC6_DeleteFlight.c(135): web_submit_form("itinerary.pl") started  	[MsgId: MMSG-26355]
UC6_DeleteFlight.c(135): Submitting form to "http://127.0.0.1:1080/cgi-bin/itinerary.pl", Target Frame=""  	[MsgId: MMSG-27978]
UC6_DeleteFlight.c(135): Error -26377: No match found for the requested parameter "flights_numbers". Either the specified boundaries were not found in the response or the matched text is longer than current max html parameter size of 256 bytes. The total length of the response is 932 bytes. You can use "web_set_max_html_param_len" to increase the max parameter size.  	[MsgId: MERR-26377]
UC6_DeleteFlight.c(135): Error -26377: No match found for the requested parameter "flight_id_after". Either the specified boundaries were not found in the response or the matched text is longer than current max html parameter size of 256 bytes. The total length of the response is 932 bytes. You can use "web_set_max_html_param_len" to increase the max parameter size.  	[MsgId: MERR-26377]
End auto log messages stack.	[MsgId: MMSG-10544]


Start auto log messages stack - Iteration 60.	[MsgId: MMSG-10545]
UC6_DeleteFlight.c(116): lr_think_time: 5,00 seconds.	[MsgId: MMSG-15948]
UC6_DeleteFlight.c(120): Notify: Transaction "Delete Flight" started.	[MsgId: MMSG-16999]
UC6_DeleteFlight.c(122): web_reg_save_param started  	[MsgId: MMSG-26355]
UC6_DeleteFlight.c(122): Registering web_reg_save_param was successful  	[MsgId: MMSG-26390]
UC6_DeleteFlight.c(129): web_reg_save_param started  	[MsgId: MMSG-26355]
UC6_DeleteFlight.c(129): Registering web_reg_save_param was successful  	[MsgId: MMSG-26390]
UC6_DeleteFlight.c(135): web_submit_form("itinerary.pl") started  	[MsgId: MMSG-26355]
UC6_DeleteFlight.c(135): Submitting form to "http://127.0.0.1:1080/cgi-bin/itinerary.pl", Target Frame=""  	[MsgId: MMSG-27978]
UC6_DeleteFlight.c(135): Error -26377: No match found for the requested parameter "flights_numbers". Either the specified boundaries were not found in the response or the matched text is longer than current max html parameter size of 256 bytes. The total length of the response is 932 bytes. You can use "web_set_max_html_param_len" to increase the max parameter size.  	[MsgId: MERR-26377]
UC6_DeleteFlight.c(135): Error -26377: No match found for the requested parameter "flight_id_after". Either the specified boundaries were not found in the response or the matched text is longer than current max html parameter size of 256 bytes. The total length of the response is 932 bytes. You can use "web_set_max_html_param_len" to increase the max parameter size.  	[MsgId: MERR-26377]
End auto log messages stack.	[MsgId: MMSG-10544]


Start auto log messages stack - Iteration 64.	[MsgId: MMSG-10545]
UC6_DeleteFlight.c(135): web_submit_form("itinerary.pl") started  	[MsgId: MMSG-26355]
UC6_DeleteFlight.c(135): Submitting form to "http://127.0.0.1:1080/cgi-bin/itinerary.pl", Target Frame=""  	[MsgId: MMSG-27978]
UC6_DeleteFlight.c(135): Resource "http://127.0.0.1:1080/WebTours/images/cancelreservation.gif" is in the cache already and will not be downloaded again  	[MsgId: MMSG-26655]
UC6_DeleteFlight.c(135): Resource "http://127.0.0.1:1080/WebTours/images/cancelallreservations.gif" is in the cache already and will not be downloaded again  	[MsgId: MMSG-26655]
UC6_DeleteFlight.c(135): web_submit_form("itinerary.pl") was successful, 175369 body bytes, 256 header bytes, 339 chunking overhead bytes  	[MsgId: MMSG-26385]
UC6_DeleteFlight.c(189): Error: Itinerary not deleted	[MsgId: MERR-17999]
End auto log messages stack.	[MsgId: MMSG-10544]


Start auto log messages stack - Iteration 7.	[MsgId: MMSG-10545]
UC6_DeleteFlight.c(116): lr_think_time: 5,00 seconds.	[MsgId: MMSG-15948]
UC6_DeleteFlight.c(120): Notify: Transaction "Delete Flight" started.	[MsgId: MMSG-16999]
UC6_DeleteFlight.c(122): web_reg_save_param started  	[MsgId: MMSG-26355]
UC6_DeleteFlight.c(122): Registering web_reg_save_param was successful  	[MsgId: MMSG-26390]
UC6_DeleteFlight.c(129): web_reg_save_param started  	[MsgId: MMSG-26355]
UC6_DeleteFlight.c(129): Registering web_reg_save_param was successful  	[MsgId: MMSG-26390]
UC6_DeleteFlight.c(135): web_submit_form("itinerary.pl") started  	[MsgId: MMSG-26355]
UC6_DeleteFlight.c(135): Submitting form to "http://127.0.0.1:1080/cgi-bin/itinerary.pl", Target Frame=""  	[MsgId: MMSG-27978]
UC6_DeleteFlight.c(135): Error -26377: No match found for the requested parameter "flights_numbers". Either the specified boundaries were not found in the response or the matched text is longer than current max html parameter size of 256 bytes. The total length of the response is 932 bytes. You can use "web_set_max_html_param_len" to increase the max parameter size.  	[MsgId: MERR-26377]
UC6_DeleteFlight.c(135): Error -26377: No match found for the requested parameter "flight_id_after". Either the specified boundaries were not found in the response or the matched text is longer than current max html parameter size of 256 bytes. The total length of the response is 932 bytes. You can use "web_set_max_html_param_len" to increase the max parameter size.  	[MsgId: MERR-26377]
End auto log messages stack.	[MsgId: MMSG-10544]


Start auto log messages stack - Iteration 70.	[MsgId: MMSG-10545]
UC6_DeleteFlight.c(135): web_submit_form("itinerary.pl") started  	[MsgId: MMSG-26355]
UC6_DeleteFlight.c(135): Submitting form to "http://127.0.0.1:1080/cgi-bin/itinerary.pl", Target Frame=""  	[MsgId: MMSG-27978]
UC6_DeleteFlight.c(135): Resource "http://127.0.0.1:1080/WebTours/images/cancelreservation.gif" is in the cache already and will not be downloaded again  	[MsgId: MMSG-26655]
UC6_DeleteFlight.c(135): Resource "http://127.0.0.1:1080/WebTours/images/cancelallreservations.gif" is in the cache already and will not be downloaded again  	[MsgId: MMSG-26655]
UC6_DeleteFlight.c(135): web_submit_form("itinerary.pl") was successful, 229949 body bytes, 256 header bytes, 436 chunking overhead bytes  	[MsgId: MMSG-26385]
UC6_DeleteFlight.c(189): Error: Itinerary not deleted	[MsgId: MERR-17999]
End auto log messages stack.	[MsgId: MMSG-10544]


Start auto log messages stack - Iteration 15.	[MsgId: MMSG-10545]
UC6_DeleteFlight.c(116): lr_think_time: 5,00 seconds.	[MsgId: MMSG-15948]
UC6_DeleteFlight.c(120): Notify: Transaction "Delete Flight" started.	[MsgId: MMSG-16999]
UC6_DeleteFlight.c(122): web_reg_save_param started  	[MsgId: MMSG-26355]
UC6_DeleteFlight.c(122): Registering web_reg_save_param was successful  	[MsgId: MMSG-26390]
UC6_DeleteFlight.c(129): web_reg_save_param started  	[MsgId: MMSG-26355]
UC6_DeleteFlight.c(129): Registering web_reg_save_param was successful  	[MsgId: MMSG-26390]
UC6_DeleteFlight.c(135): web_submit_form("itinerary.pl") started  	[MsgId: MMSG-26355]
UC6_DeleteFlight.c(135): Submitting form to "http://127.0.0.1:1080/cgi-bin/itinerary.pl", Target Frame=""  	[MsgId: MMSG-27978]
UC6_DeleteFlight.c(135): Error -26377: No match found for the requested parameter "flights_numbers". Either the specified boundaries were not found in the response or the matched text is longer than current max html parameter size of 256 bytes. The total length of the response is 932 bytes. You can use "web_set_max_html_param_len" to increase the max parameter size.  	[MsgId: MERR-26377]
UC6_DeleteFlight.c(135): Error -26377: No match found for the requested parameter "flight_id_after". Either the specified boundaries were not found in the response or the matched text is longer than current max html parameter size of 256 bytes. The total length of the response is 932 bytes. You can use "web_set_max_html_param_len" to increase the max parameter size.  	[MsgId: MERR-26377]
End auto log messages stack.	[MsgId: MMSG-10544]


Start auto log messages stack - Iteration 46.	[MsgId: MMSG-10545]
UC6_DeleteFlight.c(116): lr_think_time: 5,00 seconds.	[MsgId: MMSG-15948]
UC6_DeleteFlight.c(120): Notify: Transaction "Delete Flight" started.	[MsgId: MMSG-16999]
UC6_DeleteFlight.c(122): web_reg_save_param started  	[MsgId: MMSG-26355]
UC6_DeleteFlight.c(122): Registering web_reg_save_param was successful  	[MsgId: MMSG-26390]
UC6_DeleteFlight.c(129): web_reg_save_param started  	[MsgId: MMSG-26355]
UC6_DeleteFlight.c(129): Registering web_reg_save_param was successful  	[MsgId: MMSG-26390]
UC6_DeleteFlight.c(135): web_submit_form("itinerary.pl") started  	[MsgId: MMSG-26355]
UC6_DeleteFlight.c(135): Submitting form to "http://127.0.0.1:1080/cgi-bin/itinerary.pl", Target Frame=""  	[MsgId: MMSG-27978]
UC6_DeleteFlight.c(135): Error -26377: No match found for the requested parameter "flights_numbers". Either the specified boundaries were not found in the response or the matched text is longer than current max html parameter size of 256 bytes. The total length of the response is 932 bytes. You can use "web_set_max_html_param_len" to increase the max parameter size.  	[MsgId: MERR-26377]
UC6_DeleteFlight.c(135): Error -26377: No match found for the requested parameter "flight_id_after". Either the specified boundaries were not found in the response or the matched text is longer than current max html parameter size of 256 bytes. The total length of the response is 932 bytes. You can use "web_set_max_html_param_len" to increase the max parameter size.  	[MsgId: MERR-26377]
End auto log messages stack.	[MsgId: MMSG-10544]


Start auto log messages stack - Iteration 78.	[MsgId: MMSG-10545]
UC6_DeleteFlight.c(135): web_submit_form("itinerary.pl") started  	[MsgId: MMSG-26355]
UC6_DeleteFlight.c(135): Submitting form to "http://127.0.0.1:1080/cgi-bin/itinerary.pl", Target Frame=""  	[MsgId: MMSG-27978]
UC6_DeleteFlight.c(135): Resource "http://127.0.0.1:1080/WebTours/images/cancelreservation.gif" is in the cache already and will not be downloaded again  	[MsgId: MMSG-26655]
UC6_DeleteFlight.c(135): Resource "http://127.0.0.1:1080/WebTours/images/cancelallreservations.gif" is in the cache already and will not be downloaded again  	[MsgId: MMSG-26655]
UC6_DeleteFlight.c(135): web_submit_form("itinerary.pl") was successful, 223882 body bytes, 256 header bytes, 435 chunking overhead bytes  	[MsgId: MMSG-26385]
UC6_DeleteFlight.c(189): Error: Itinerary not deleted	[MsgId: MERR-17999]
End auto log messages stack.	[MsgId: MMSG-10544]


Start auto log messages stack - Iteration 21.	[MsgId: MMSG-10545]
UC6_DeleteFlight.c(116): lr_think_time: 5,00 seconds.	[MsgId: MMSG-15948]
UC6_DeleteFlight.c(120): Notify: Transaction "Delete Flight" started.	[MsgId: MMSG-16999]
UC6_DeleteFlight.c(122): web_reg_save_param started  	[MsgId: MMSG-26355]
UC6_DeleteFlight.c(122): Registering web_reg_save_param was successful  	[MsgId: MMSG-26390]
UC6_DeleteFlight.c(129): web_reg_save_param started  	[MsgId: MMSG-26355]
UC6_DeleteFlight.c(129): Registering web_reg_save_param was successful  	[MsgId: MMSG-26390]
UC6_DeleteFlight.c(135): web_submit_form("itinerary.pl") started  	[MsgId: MMSG-26355]
UC6_DeleteFlight.c(135): Submitting form to "http://127.0.0.1:1080/cgi-bin/itinerary.pl", Target Frame=""  	[MsgId: MMSG-27978]
UC6_DeleteFlight.c(135): Error -26377: No match found for the requested parameter "flights_numbers". Either the specified boundaries were not found in the response or the matched text is longer than current max html parameter size of 256 bytes. The total length of the response is 932 bytes. You can use "web_set_max_html_param_len" to increase the max parameter size.  	[MsgId: MERR-26377]
UC6_DeleteFlight.c(135): Error -26377: No match found for the requested parameter "flight_id_after". Either the specified boundaries were not found in the response or the matched text is longer than current max html parameter size of 256 bytes. The total length of the response is 932 bytes. You can use "web_set_max_html_param_len" to increase the max parameter size.  	[MsgId: MERR-26377]
End auto log messages stack.	[MsgId: MMSG-10544]


Start auto log messages stack - Iteration 55.	[MsgId: MMSG-10545]
UC6_DeleteFlight.c(135): web_submit_form("itinerary.pl") started  	[MsgId: MMSG-26355]
UC6_DeleteFlight.c(135): Submitting form to "http://127.0.0.1:1080/cgi-bin/itinerary.pl", Target Frame=""  	[MsgId: MMSG-27978]
UC6_DeleteFlight.c(135): Resource "http://127.0.0.1:1080/WebTours/images/cancelreservation.gif" is in the cache already and will not be downloaded again  	[MsgId: MMSG-26655]
UC6_DeleteFlight.c(135): Resource "http://127.0.0.1:1080/WebTours/images/cancelallreservations.gif" is in the cache already and will not be downloaded again  	[MsgId: MMSG-26655]
UC6_DeleteFlight.c(135): web_submit_form("itinerary.pl") was successful, 170017 body bytes, 256 header bytes, 324 chunking overhead bytes  	[MsgId: MMSG-26385]
UC6_DeleteFlight.c(189): Error: Itinerary not deleted	[MsgId: MERR-17999]
End auto log messages stack.	[MsgId: MMSG-10544]


Start auto log messages stack - Iteration 1.	[MsgId: MMSG-10545]
UC6_DeleteFlight.c(116): lr_think_time: 5,00 seconds.	[MsgId: MMSG-15948]
UC6_DeleteFlight.c(120): Notify: Transaction "Delete Flight" started.	[MsgId: MMSG-16999]
UC6_DeleteFlight.c(122): web_reg_save_param started  	[MsgId: MMSG-26355]
UC6_DeleteFlight.c(122): Registering web_reg_save_param was successful  	[MsgId: MMSG-26390]
UC6_DeleteFlight.c(129): web_reg_save_param started  	[MsgId: MMSG-26355]
UC6_DeleteFlight.c(129): Registering web_reg_save_param was successful  	[MsgId: MMSG-26390]
UC6_DeleteFlight.c(135): web_submit_form("itinerary.pl") started  	[MsgId: MMSG-26355]
UC6_DeleteFlight.c(135): Submitting form to "http://127.0.0.1:1080/cgi-bin/itinerary.pl", Target Frame=""  	[MsgId: MMSG-27978]
UC6_DeleteFlight.c(135): Error -26377: No match found for the requested parameter "flights_numbers". Either the specified boundaries were not found in the response or the matched text is longer than current max html parameter size of 256 bytes. The total length of the response is 932 bytes. You can use "web_set_max_html_param_len" to increase the max parameter size.  	[MsgId: MERR-26377]
UC6_DeleteFlight.c(135): Error -26377: No match found for the requested parameter "flight_id_after". Either the specified boundaries were not found in the response or the matched text is longer than current max html parameter size of 256 bytes. The total length of the response is 932 bytes. You can use "web_set_max_html_param_len" to increase the max parameter size.  	[MsgId: MERR-26377]
End auto log messages stack.	[MsgId: MMSG-10544]


Start auto log messages stack - Iteration 60.	[MsgId: MMSG-10545]
UC6_DeleteFlight.c(116): lr_think_time: 5,00 seconds.	[MsgId: MMSG-15948]
UC6_DeleteFlight.c(120): Notify: Transaction "Delete Flight" started.	[MsgId: MMSG-16999]
UC6_DeleteFlight.c(122): web_reg_save_param started  	[MsgId: MMSG-26355]
UC6_DeleteFlight.c(122): Registering web_reg_save_param was successful  	[MsgId: MMSG-26390]
UC6_DeleteFlight.c(129): web_reg_save_param started  	[MsgId: MMSG-26355]
UC6_DeleteFlight.c(129): Registering web_reg_save_param was successful  	[MsgId: MMSG-26390]
UC6_DeleteFlight.c(135): web_submit_form("itinerary.pl") started  	[MsgId: MMSG-26355]
UC6_DeleteFlight.c(135): Submitting form to "http://127.0.0.1:1080/cgi-bin/itinerary.pl", Target Frame=""  	[MsgId: MMSG-27978]
UC6_DeleteFlight.c(135): Error -26377: No match found for the requested parameter "flights_numbers". Either the specified boundaries were not found in the response or the matched text is longer than current max html parameter size of 256 bytes. The total length of the response is 932 bytes. You can use "web_set_max_html_param_len" to increase the max parameter size.  	[MsgId: MERR-26377]
UC6_DeleteFlight.c(135): Error -26377: No match found for the requested parameter "flight_id_after". Either the specified boundaries were not found in the response or the matched text is longer than current max html parameter size of 256 bytes. The total length of the response is 932 bytes. You can use "web_set_max_html_param_len" to increase the max parameter size.  	[MsgId: MERR-26377]
End auto log messages stack.	[MsgId: MMSG-10544]


Start auto log messages stack - Iteration 2.	[MsgId: MMSG-10545]
UC6_DeleteFlight.c(135): web_submit_form("itinerary.pl") started  	[MsgId: MMSG-26355]
UC6_DeleteFlight.c(135): Submitting form to "http://127.0.0.1:1080/cgi-bin/itinerary.pl", Target Frame=""  	[MsgId: MMSG-27978]
UC6_DeleteFlight.c(135): Resource "http://127.0.0.1:1080/WebTours/images/cancelreservation.gif" is in the cache already and will not be downloaded again  	[MsgId: MMSG-26655]
UC6_DeleteFlight.c(135): Resource "http://127.0.0.1:1080/WebTours/images/cancelallreservations.gif" is in the cache already and will not be downloaded again  	[MsgId: MMSG-26655]
UC6_DeleteFlight.c(135): web_submit_form("itinerary.pl") was successful, 296522 body bytes, 256 header bytes, 571 chunking overhead bytes  	[MsgId: MMSG-26385]
UC6_DeleteFlight.c(189): Error: Itinerary not deleted	[MsgId: MERR-17999]
End auto log messages stack.	[MsgId: MMSG-10544]


Start auto log messages stack - Iteration 32.	[MsgId: MMSG-10545]
UC6_DeleteFlight.c(135): web_submit_form("itinerary.pl") started  	[MsgId: MMSG-26355]
UC6_DeleteFlight.c(135): Submitting form to "http://127.0.0.1:1080/cgi-bin/itinerary.pl", Target Frame=""  	[MsgId: MMSG-27978]
UC6_DeleteFlight.c(135): Resource "http://127.0.0.1:1080/WebTours/images/cancelreservation.gif" is in the cache already and will not be downloaded again  	[MsgId: MMSG-26655]
UC6_DeleteFlight.c(135): Resource "http://127.0.0.1:1080/WebTours/images/cancelallreservations.gif" is in the cache already and will not be downloaded again  	[MsgId: MMSG-26655]
UC6_DeleteFlight.c(135): web_submit_form("itinerary.pl") was successful, 188589 body bytes, 256 header bytes, 363 chunking overhead bytes  	[MsgId: MMSG-26385]
UC6_DeleteFlight.c(189): Error: Itinerary not deleted	[MsgId: MERR-17999]
End auto log messages stack.	[MsgId: MMSG-10544]


Start auto log messages stack - Iteration 65.	[MsgId: MMSG-10545]
UC6_DeleteFlight.c(135): web_submit_form("itinerary.pl") started  	[MsgId: MMSG-26355]
UC6_DeleteFlight.c(135): Submitting form to "http://127.0.0.1:1080/cgi-bin/itinerary.pl", Target Frame=""  	[MsgId: MMSG-27978]
UC6_DeleteFlight.c(135): Resource "http://127.0.0.1:1080/WebTours/images/cancelreservation.gif" is in the cache already and will not be downloaded again  	[MsgId: MMSG-26655]
UC6_DeleteFlight.c(135): Resource "http://127.0.0.1:1080/WebTours/images/cancelallreservations.gif" is in the cache already and will not be downloaded again  	[MsgId: MMSG-26655]
UC6_DeleteFlight.c(135): web_submit_form("itinerary.pl") was successful, 192055 body bytes, 256 header bytes, 371 chunking overhead bytes  	[MsgId: MMSG-26385]
UC6_DeleteFlight.c(189): Error: Itinerary not deleted	[MsgId: MERR-17999]
End auto log messages stack.	[MsgId: MMSG-10544]


Start auto log messages stack - Iteration 7.	[MsgId: MMSG-10545]
UC6_DeleteFlight.c(116): lr_think_time: 5,00 seconds.	[MsgId: MMSG-15948]
UC6_DeleteFlight.c(120): Notify: Transaction "Delete Flight" started.	[MsgId: MMSG-16999]
UC6_DeleteFlight.c(122): web_reg_save_param started  	[MsgId: MMSG-26355]
UC6_DeleteFlight.c(122): Registering web_reg_save_param was successful  	[MsgId: MMSG-26390]
UC6_DeleteFlight.c(129): web_reg_save_param started  	[MsgId: MMSG-26355]
UC6_DeleteFlight.c(129): Registering web_reg_save_param was successful  	[MsgId: MMSG-26390]
UC6_DeleteFlight.c(135): web_submit_form("itinerary.pl") started  	[MsgId: MMSG-26355]
UC6_DeleteFlight.c(135): Submitting form to "http://127.0.0.1:1080/cgi-bin/itinerary.pl", Target Frame=""  	[MsgId: MMSG-27978]
UC6_DeleteFlight.c(135): Error -26377: No match found for the requested parameter "flights_numbers". Either the specified boundaries were not found in the response or the matched text is longer than current max html parameter size of 256 bytes. The total length of the response is 932 bytes. You can use "web_set_max_html_param_len" to increase the max parameter size.  	[MsgId: MERR-26377]
UC6_DeleteFlight.c(135): Error -26377: No match found for the requested parameter "flight_id_after". Either the specified boundaries were not found in the response or the matched text is longer than current max html parameter size of 256 bytes. The total length of the response is 932 bytes. You can use "web_set_max_html_param_len" to increase the max parameter size.  	[MsgId: MERR-26377]
End auto log messages stack.	[MsgId: MMSG-10544]


Start auto log messages stack - Iteration 67.	[MsgId: MMSG-10545]
UC6_DeleteFlight.c(116): lr_think_time: 5,00 seconds.	[MsgId: MMSG-15948]
UC6_DeleteFlight.c(120): Notify: Transaction "Delete Flight" started.	[MsgId: MMSG-16999]
UC6_DeleteFlight.c(122): web_reg_save_param started  	[MsgId: MMSG-26355]
UC6_DeleteFlight.c(122): Registering web_reg_save_param was successful  	[MsgId: MMSG-26390]
UC6_DeleteFlight.c(129): web_reg_save_param started  	[MsgId: MMSG-26355]
UC6_DeleteFlight.c(129): Registering web_reg_save_param was successful  	[MsgId: MMSG-26390]
UC6_DeleteFlight.c(135): web_submit_form("itinerary.pl") started  	[MsgId: MMSG-26355]
UC6_DeleteFlight.c(135): Submitting form to "http://127.0.0.1:1080/cgi-bin/itinerary.pl", Target Frame=""  	[MsgId: MMSG-27978]
UC6_DeleteFlight.c(135): Error -26377: No match found for the requested parameter "flights_numbers". Either the specified boundaries were not found in the response or the matched text is longer than current max html parameter size of 256 bytes. The total length of the response is 932 bytes. You can use "web_set_max_html_param_len" to increase the max parameter size.  	[MsgId: MERR-26377]
UC6_DeleteFlight.c(135): Error -26377: No match found for the requested parameter "flight_id_after". Either the specified boundaries were not found in the response or the matched text is longer than current max html parameter size of 256 bytes. The total length of the response is 932 bytes. You can use "web_set_max_html_param_len" to increase the max parameter size.  	[MsgId: MERR-26377]
End auto log messages stack.	[MsgId: MMSG-10544]


Start auto log messages stack - Iteration 99.	[MsgId: MMSG-10545]
UC6_DeleteFlight.c(116): lr_think_time: 5,00 seconds.	[MsgId: MMSG-15948]
UC6_DeleteFlight.c(120): Notify: Transaction "Delete Flight" started.	[MsgId: MMSG-16999]
UC6_DeleteFlight.c(122): web_reg_save_param started  	[MsgId: MMSG-26355]
UC6_DeleteFlight.c(122): Registering web_reg_save_param was successful  	[MsgId: MMSG-26390]
UC6_DeleteFlight.c(129): web_reg_save_param started  	[MsgId: MMSG-26355]
UC6_DeleteFlight.c(129): Registering web_reg_save_param was successful  	[MsgId: MMSG-26390]
UC6_DeleteFlight.c(135): web_submit_form("itinerary.pl") started  	[MsgId: MMSG-26355]
UC6_DeleteFlight.c(135): Submitting form to "http://127.0.0.1:1080/cgi-bin/itinerary.pl", Target Frame=""  	[MsgId: MMSG-27978]
UC6_DeleteFlight.c(135): Error -26377: No match found for the requested parameter "flights_numbers". Either the specified boundaries were not found in the response or the matched text is longer than current max html parameter size of 256 bytes. The total length of the response is 932 bytes. You can use "web_set_max_html_param_len" to increase the max parameter size.  	[MsgId: MERR-26377]
UC6_DeleteFlight.c(135): Error -26377: No match found for the requested parameter "flight_id_after". Either the specified boundaries were not found in the response or the matched text is longer than current max html parameter size of 256 bytes. The total length of the response is 932 bytes. You can use "web_set_max_html_param_len" to increase the max parameter size.  	[MsgId: MERR-26377]
End auto log messages stack.	[MsgId: MMSG-10544]


Start auto log messages stack - Iteration 41.	[MsgId: MMSG-10545]
UC6_DeleteFlight.c(135): web_submit_form("itinerary.pl") started  	[MsgId: MMSG-26355]
UC6_DeleteFlight.c(135): Submitting form to "http://127.0.0.1:1080/cgi-bin/itinerary.pl", Target Frame=""  	[MsgId: MMSG-27978]
UC6_DeleteFlight.c(135): Resource "http://127.0.0.1:1080/WebTours/images/cancelreservation.gif" is in the cache already and will not be downloaded again  	[MsgId: MMSG-26655]
UC6_DeleteFlight.c(135): Resource "http://127.0.0.1:1080/WebTours/images/cancelallreservations.gif" is in the cache already and will not be downloaded again  	[MsgId: MMSG-26655]
UC6_DeleteFlight.c(135): web_submit_form("itinerary.pl") was successful, 155913 body bytes, 256 header bytes, 307 chunking overhead bytes  	[MsgId: MMSG-26385]
UC6_DeleteFlight.c(189): Error: Itinerary not deleted	[MsgId: MERR-17999]
End auto log messages stack.	[MsgId: MMSG-10544]


Start auto log messages stack - Iteration 43.	[MsgId: MMSG-10545]
UC6_DeleteFlight.c(135): web_submit_form("itinerary.pl") started  	[MsgId: MMSG-26355]
UC6_DeleteFlight.c(135): Submitting form to "http://127.0.0.1:1080/cgi-bin/itinerary.pl", Target Frame=""  	[MsgId: MMSG-27978]
UC6_DeleteFlight.c(135): Resource "http://127.0.0.1:1080/WebTours/images/cancelreservation.gif" is in the cache already and will not be downloaded again  	[MsgId: MMSG-26655]
UC6_DeleteFlight.c(135): Resource "http://127.0.0.1:1080/WebTours/images/cancelallreservations.gif" is in the cache already and will not be downloaded again  	[MsgId: MMSG-26655]
UC6_DeleteFlight.c(135): web_submit_form("itinerary.pl") was successful, 196680 body bytes, 256 header bytes, 378 chunking overhead bytes  	[MsgId: MMSG-26385]
UC6_DeleteFlight.c(189): Error: Itinerary not deleted	[MsgId: MERR-17999]
End auto log messages stack.	[MsgId: MMSG-10544]


Start auto log messages stack - Iteration 73.	[MsgId: MMSG-10545]
UC6_DeleteFlight.c(116): lr_think_time: 5,00 seconds.	[MsgId: MMSG-15948]
UC6_DeleteFlight.c(120): Notify: Transaction "Delete Flight" started.	[MsgId: MMSG-16999]
UC6_DeleteFlight.c(122): web_reg_save_param started  	[MsgId: MMSG-26355]
UC6_DeleteFlight.c(122): Registering web_reg_save_param was successful  	[MsgId: MMSG-26390]
UC6_DeleteFlight.c(129): web_reg_save_param started  	[MsgId: MMSG-26355]
UC6_DeleteFlight.c(129): Registering web_reg_save_param was successful  	[MsgId: MMSG-26390]
UC6_DeleteFlight.c(135): web_submit_form("itinerary.pl") started  	[MsgId: MMSG-26355]
UC6_DeleteFlight.c(135): Submitting form to "http://127.0.0.1:1080/cgi-bin/itinerary.pl", Target Frame=""  	[MsgId: MMSG-27978]
UC6_DeleteFlight.c(135): Error -26377: No match found for the requested parameter "flights_numbers". Either the specified boundaries were not found in the response or the matched text is longer than current max html parameter size of 256 bytes. The total length of the response is 932 bytes. You can use "web_set_max_html_param_len" to increase the max parameter size.  	[MsgId: MERR-26377]
UC6_DeleteFlight.c(135): Error -26377: No match found for the requested parameter "flight_id_after". Either the specified boundaries were not found in the response or the matched text is longer than current max html parameter size of 256 bytes. The total length of the response is 932 bytes. You can use "web_set_max_html_param_len" to increase the max parameter size.  	[MsgId: MERR-26377]
End auto log messages stack.	[MsgId: MMSG-10544]


Start auto log messages stack - Iteration 15.	[MsgId: MMSG-10545]
UC6_DeleteFlight.c(116): lr_think_time: 5,00 seconds.	[MsgId: MMSG-15948]
UC6_DeleteFlight.c(120): Notify: Transaction "Delete Flight" started.	[MsgId: MMSG-16999]
UC6_DeleteFlight.c(122): web_reg_save_param started  	[MsgId: MMSG-26355]
UC6_DeleteFlight.c(122): Registering web_reg_save_param was successful  	[MsgId: MMSG-26390]
UC6_DeleteFlight.c(129): web_reg_save_param started  	[MsgId: MMSG-26355]
UC6_DeleteFlight.c(129): Registering web_reg_save_param was successful  	[MsgId: MMSG-26390]
UC6_DeleteFlight.c(135): web_submit_form("itinerary.pl") started  	[MsgId: MMSG-26355]
UC6_DeleteFlight.c(135): Submitting form to "http://127.0.0.1:1080/cgi-bin/itinerary.pl", Target Frame=""  	[MsgId: MMSG-27978]
UC6_DeleteFlight.c(135): Error -26377: No match found for the requested parameter "flights_numbers". Either the specified boundaries were not found in the response or the matched text is longer than current max html parameter size of 256 bytes. The total length of the response is 932 bytes. You can use "web_set_max_html_param_len" to increase the max parameter size.  	[MsgId: MERR-26377]
UC6_DeleteFlight.c(135): Error -26377: No match found for the requested parameter "flight_id_after". Either the specified boundaries were not found in the response or the matched text is longer than current max html parameter size of 256 bytes. The total length of the response is 932 bytes. You can use "web_set_max_html_param_len" to increase the max parameter size.  	[MsgId: MERR-26377]
End auto log messages stack.	[MsgId: MMSG-10544]


Start auto log messages stack - Iteration 105.	[MsgId: MMSG-10545]
UC6_DeleteFlight.c(135): web_submit_form("itinerary.pl") started  	[MsgId: MMSG-26355]
UC6_DeleteFlight.c(135): Submitting form to "http://127.0.0.1:1080/cgi-bin/itinerary.pl", Target Frame=""  	[MsgId: MMSG-27978]
UC6_DeleteFlight.c(135): Resource "http://127.0.0.1:1080/WebTours/images/cancelreservation.gif" is in the cache already and will not be downloaded again  	[MsgId: MMSG-26655]
UC6_DeleteFlight.c(135): Resource "http://127.0.0.1:1080/WebTours/images/cancelallreservations.gif" is in the cache already and will not be downloaded again  	[MsgId: MMSG-26655]
UC6_DeleteFlight.c(135): web_submit_form("itinerary.pl") was successful, 213047 body bytes, 256 header bytes, 404 chunking overhead bytes  	[MsgId: MMSG-26385]
UC6_DeleteFlight.c(189): Error: Itinerary not deleted	[MsgId: MERR-17999]
End auto log messages stack.	[MsgId: MMSG-10544]


Start auto log messages stack - Iteration 106.	[MsgId: MMSG-10545]
UC6_DeleteFlight.c(116): lr_think_time: 5,00 seconds.	[MsgId: MMSG-15948]
UC6_DeleteFlight.c(120): Notify: Transaction "Delete Flight" started.	[MsgId: MMSG-16999]
UC6_DeleteFlight.c(122): web_reg_save_param started  	[MsgId: MMSG-26355]
UC6_DeleteFlight.c(122): Registering web_reg_save_param was successful  	[MsgId: MMSG-26390]
UC6_DeleteFlight.c(129): web_reg_save_param started  	[MsgId: MMSG-26355]
UC6_DeleteFlight.c(129): Registering web_reg_save_param was successful  	[MsgId: MMSG-26390]
UC6_DeleteFlight.c(135): web_submit_form("itinerary.pl") started  	[MsgId: MMSG-26355]
UC6_DeleteFlight.c(135): Submitting form to "http://127.0.0.1:1080/cgi-bin/itinerary.pl", Target Frame=""  	[MsgId: MMSG-27978]
UC6_DeleteFlight.c(135): Error -26377: No match found for the requested parameter "flights_numbers". Either the specified boundaries were not found in the response or the matched text is longer than current max html parameter size of 256 bytes. The total length of the response is 932 bytes. You can use "web_set_max_html_param_len" to increase the max parameter size.  	[MsgId: MERR-26377]
UC6_DeleteFlight.c(135): Error -26377: No match found for the requested parameter "flight_id_after". Either the specified boundaries were not found in the response or the matched text is longer than current max html parameter size of 256 bytes. The total length of the response is 932 bytes. You can use "web_set_max_html_param_len" to increase the max parameter size.  	[MsgId: MERR-26377]
End auto log messages stack.	[MsgId: MMSG-10544]


Start auto log messages stack - Iteration 21.	[MsgId: MMSG-10545]
UC6_DeleteFlight.c(116): lr_think_time: 5,00 seconds.	[MsgId: MMSG-15948]
UC6_DeleteFlight.c(120): Notify: Transaction "Delete Flight" started.	[MsgId: MMSG-16999]
UC6_DeleteFlight.c(122): web_reg_save_param started  	[MsgId: MMSG-26355]
UC6_DeleteFlight.c(122): Registering web_reg_save_param was successful  	[MsgId: MMSG-26390]
UC6_DeleteFlight.c(129): web_reg_save_param started  	[MsgId: MMSG-26355]
UC6_DeleteFlight.c(129): Registering web_reg_save_param was successful  	[MsgId: MMSG-26390]
UC6_DeleteFlight.c(135): web_submit_form("itinerary.pl") started  	[MsgId: MMSG-26355]
UC6_DeleteFlight.c(135): Submitting form to "http://127.0.0.1:1080/cgi-bin/itinerary.pl", Target Frame=""  	[MsgId: MMSG-27978]
UC6_DeleteFlight.c(135): Error -26377: No match found for the requested parameter "flights_numbers". Either the specified boundaries were not found in the response or the matched text is longer than current max html parameter size of 256 bytes. The total length of the response is 932 bytes. You can use "web_set_max_html_param_len" to increase the max parameter size.  	[MsgId: MERR-26377]
UC6_DeleteFlight.c(135): Error -26377: No match found for the requested parameter "flight_id_after". Either the specified boundaries were not found in the response or the matched text is longer than current max html parameter size of 256 bytes. The total length of the response is 932 bytes. You can use "web_set_max_html_param_len" to increase the max parameter size.  	[MsgId: MERR-26377]
End auto log messages stack.	[MsgId: MMSG-10544]


Start auto log messages stack - Iteration 81.	[MsgId: MMSG-10545]
UC6_DeleteFlight.c(116): lr_think_time: 5,00 seconds.	[MsgId: MMSG-15948]
UC6_DeleteFlight.c(120): Notify: Transaction "Delete Flight" started.	[MsgId: MMSG-16999]
UC6_DeleteFlight.c(122): web_reg_save_param started  	[MsgId: MMSG-26355]
UC6_DeleteFlight.c(122): Registering web_reg_save_param was successful  	[MsgId: MMSG-26390]
UC6_DeleteFlight.c(129): web_reg_save_param started  	[MsgId: MMSG-26355]
UC6_DeleteFlight.c(129): Registering web_reg_save_param was successful  	[MsgId: MMSG-26390]
UC6_DeleteFlight.c(135): web_submit_form("itinerary.pl") started  	[MsgId: MMSG-26355]
UC6_DeleteFlight.c(135): Submitting form to "http://127.0.0.1:1080/cgi-bin/itinerary.pl", Target Frame=""  	[MsgId: MMSG-27978]
UC6_DeleteFlight.c(135): Error -26377: No match found for the requested parameter "flights_numbers". Either the specified boundaries were not found in the response or the matched text is longer than current max html parameter size of 256 bytes. The total length of the response is 932 bytes. You can use "web_set_max_html_param_len" to increase the max parameter size.  	[MsgId: MERR-26377]
UC6_DeleteFlight.c(135): Error -26377: No match found for the requested parameter "flight_id_after". Either the specified boundaries were not found in the response or the matched text is longer than current max html parameter size of 256 bytes. The total length of the response is 932 bytes. You can use "web_set_max_html_param_len" to increase the max parameter size.  	[MsgId: MERR-26377]
End auto log messages stack.	[MsgId: MMSG-10544]


Start auto log messages stack - Iteration 112.	[MsgId: MMSG-10545]
UC6_DeleteFlight.c(116): lr_think_time: 5,00 seconds.	[MsgId: MMSG-15948]
UC6_DeleteFlight.c(120): Notify: Transaction "Delete Flight" started.	[MsgId: MMSG-16999]
UC6_DeleteFlight.c(122): web_reg_save_param started  	[MsgId: MMSG-26355]
UC6_DeleteFlight.c(122): Registering web_reg_save_param was successful  	[MsgId: MMSG-26390]
UC6_DeleteFlight.c(129): web_reg_save_param started  	[MsgId: MMSG-26355]
UC6_DeleteFlight.c(129): Registering web_reg_save_param was successful  	[MsgId: MMSG-26390]
UC6_DeleteFlight.c(135): web_submit_form("itinerary.pl") started  	[MsgId: MMSG-26355]
UC6_DeleteFlight.c(135): Submitting form to "http://127.0.0.1:1080/cgi-bin/itinerary.pl", Target Frame=""  	[MsgId: MMSG-27978]
UC6_DeleteFlight.c(135): Error -26377: No match found for the requested parameter "flights_numbers". Either the specified boundaries were not found in the response or the matched text is longer than current max html parameter size of 256 bytes. The total length of the response is 932 bytes. You can use "web_set_max_html_param_len" to increase the max parameter size.  	[MsgId: MERR-26377]
UC6_DeleteFlight.c(135): Error -26377: No match found for the requested parameter "flight_id_after". Either the specified boundaries were not found in the response or the matched text is longer than current max html parameter size of 256 bytes. The total length of the response is 932 bytes. You can use "web_set_max_html_param_len" to increase the max parameter size.  	[MsgId: MERR-26377]
End auto log messages stack.	[MsgId: MMSG-10544]


Start auto log messages stack - Iteration 54.	[MsgId: MMSG-10545]
UC6_DeleteFlight.c(116): lr_think_time: 5,00 seconds.	[MsgId: MMSG-15948]
UC6_DeleteFlight.c(120): Notify: Transaction "Delete Flight" started.	[MsgId: MMSG-16999]
UC6_DeleteFlight.c(122): web_reg_save_param started  	[MsgId: MMSG-26355]
UC6_DeleteFlight.c(122): Registering web_reg_save_param was successful  	[MsgId: MMSG-26390]
UC6_DeleteFlight.c(129): web_reg_save_param started  	[MsgId: MMSG-26355]
UC6_DeleteFlight.c(129): Registering web_reg_save_param was successful  	[MsgId: MMSG-26390]
UC6_DeleteFlight.c(135): web_submit_form("itinerary.pl") started  	[MsgId: MMSG-26355]
UC6_DeleteFlight.c(135): Submitting form to "http://127.0.0.1:1080/cgi-bin/itinerary.pl", Target Frame=""  	[MsgId: MMSG-27978]
UC6_DeleteFlight.c(135): Error -26377: No match found for the requested parameter "flights_numbers". Either the specified boundaries were not found in the response or the matched text is longer than current max html parameter size of 256 bytes. The total length of the response is 932 bytes. You can use "web_set_max_html_param_len" to increase the max parameter size.  	[MsgId: MERR-26377]
UC6_DeleteFlight.c(135): Error -26377: No match found for the requested parameter "flight_id_after". Either the specified boundaries were not found in the response or the matched text is longer than current max html parameter size of 256 bytes. The total length of the response is 932 bytes. You can use "web_set_max_html_param_len" to increase the max parameter size.  	[MsgId: MERR-26377]
End auto log messages stack.	[MsgId: MMSG-10544]


Start auto log messages stack - Iteration 84.	[MsgId: MMSG-10545]
UC6_DeleteFlight.c(135): web_submit_form("itinerary.pl") started  	[MsgId: MMSG-26355]
UC6_DeleteFlight.c(135): Submitting form to "http://127.0.0.1:1080/cgi-bin/itinerary.pl", Target Frame=""  	[MsgId: MMSG-27978]
UC6_DeleteFlight.c(135): Resource "http://127.0.0.1:1080/WebTours/images/cancelreservation.gif" is in the cache already and will not be downloaded again  	[MsgId: MMSG-26655]
UC6_DeleteFlight.c(135): Resource "http://127.0.0.1:1080/WebTours/images/cancelallreservations.gif" is in the cache already and will not be downloaded again  	[MsgId: MMSG-26655]
UC6_DeleteFlight.c(135): web_submit_form("itinerary.pl") was successful, 248990 body bytes, 256 header bytes, 475 chunking overhead bytes  	[MsgId: MMSG-26385]
UC6_DeleteFlight.c(189): Error: Itinerary not deleted	[MsgId: MERR-17999]
End auto log messages stack.	[MsgId: MMSG-10544]


Start auto log messages stack - Iteration 114.	[MsgId: MMSG-10545]
UC6_DeleteFlight.c(135): web_submit_form("itinerary.pl") started  	[MsgId: MMSG-26355]
UC6_DeleteFlight.c(135): Submitting form to "http://127.0.0.1:1080/cgi-bin/itinerary.pl", Target Frame=""  	[MsgId: MMSG-27978]
UC6_DeleteFlight.c(135): Resource "http://127.0.0.1:1080/WebTours/images/cancelreservation.gif" is in the cache already and will not be downloaded again  	[MsgId: MMSG-26655]
UC6_DeleteFlight.c(135): Resource "http://127.0.0.1:1080/WebTours/images/cancelallreservations.gif" is in the cache already and will not be downloaded again  	[MsgId: MMSG-26655]
UC6_DeleteFlight.c(135): web_submit_form("itinerary.pl") was successful, 258402 body bytes, 256 header bytes, 499 chunking overhead bytes  	[MsgId: MMSG-26385]
UC6_DeleteFlight.c(189): Error: Itinerary not deleted	[MsgId: MERR-17999]
End auto log messages stack.	[MsgId: MMSG-10544]


Start auto log messages stack - Iteration 85.	[MsgId: MMSG-10545]
UC6_DeleteFlight.c(135): web_submit_form("itinerary.pl") started  	[MsgId: MMSG-26355]
UC6_DeleteFlight.c(135): Submitting form to "http://127.0.0.1:1080/cgi-bin/itinerary.pl", Target Frame=""  	[MsgId: MMSG-27978]
UC6_DeleteFlight.c(135): Resource "http://127.0.0.1:1080/WebTours/images/cancelreservation.gif" is in the cache already and will not be downloaded again  	[MsgId: MMSG-26655]
UC6_DeleteFlight.c(135): Resource "http://127.0.0.1:1080/WebTours/images/cancelallreservations.gif" is in the cache already and will not be downloaded again  	[MsgId: MMSG-26655]
UC6_DeleteFlight.c(135): web_submit_form("itinerary.pl") was successful, 163919 body bytes, 256 header bytes, 322 chunking overhead bytes  	[MsgId: MMSG-26385]
UC6_DeleteFlight.c(189): Error: Itinerary not deleted	[MsgId: MERR-17999]
End auto log messages stack.	[MsgId: MMSG-10544]


Start auto log messages stack - Iteration 86.	[MsgId: MMSG-10545]
UC6_DeleteFlight.c(135): web_submit_form("itinerary.pl") started  	[MsgId: MMSG-26355]
UC6_DeleteFlight.c(135): Submitting form to "http://127.0.0.1:1080/cgi-bin/itinerary.pl", Target Frame=""  	[MsgId: MMSG-27978]
UC6_DeleteFlight.c(135): Resource "http://127.0.0.1:1080/WebTours/images/cancelreservation.gif" is in the cache already and will not be downloaded again  	[MsgId: MMSG-26655]
UC6_DeleteFlight.c(135): Resource "http://127.0.0.1:1080/WebTours/images/cancelallreservations.gif" is in the cache already and will not be downloaded again  	[MsgId: MMSG-26655]
UC6_DeleteFlight.c(135): web_submit_form("itinerary.pl") was successful, 204016 body bytes, 256 header bytes, 395 chunking overhead bytes  	[MsgId: MMSG-26385]
UC6_DeleteFlight.c(189): Error: Itinerary not deleted	[MsgId: MERR-17999]
End auto log messages stack.	[MsgId: MMSG-10544]


Start auto log messages stack - Iteration 57.	[MsgId: MMSG-10545]
UC6_DeleteFlight.c(135): web_submit_form("itinerary.pl") started  	[MsgId: MMSG-26355]
UC6_DeleteFlight.c(135): Submitting form to "http://127.0.0.1:1080/cgi-bin/itinerary.pl", Target Frame=""  	[MsgId: MMSG-27978]
UC6_DeleteFlight.c(135): Resource "http://127.0.0.1:1080/WebTours/images/cancelreservation.gif" is in the cache already and will not be downloaded again  	[MsgId: MMSG-26655]
UC6_DeleteFlight.c(135): Resource "http://127.0.0.1:1080/WebTours/images/cancelallreservations.gif" is in the cache already and will not be downloaded again  	[MsgId: MMSG-26655]
UC6_DeleteFlight.c(135): web_submit_form("itinerary.pl") was successful, 313820 body bytes, 256 header bytes, 603 chunking overhead bytes  	[MsgId: MMSG-26385]
UC6_DeleteFlight.c(189): Error: Itinerary not deleted	[MsgId: MERR-17999]
End auto log messages stack.	[MsgId: MMSG-10544]


Start auto log messages stack - Iteration 28.	[MsgId: MMSG-10545]
UC6_DeleteFlight.c(135): web_submit_form("itinerary.pl") started  	[MsgId: MMSG-26355]
UC6_DeleteFlight.c(135): Submitting form to "http://127.0.0.1:1080/cgi-bin/itinerary.pl", Target Frame=""  	[MsgId: MMSG-27978]
UC6_DeleteFlight.c(135): Resource "http://127.0.0.1:1080/WebTours/images/cancelreservation.gif" is in the cache already and will not be downloaded again  	[MsgId: MMSG-26655]
UC6_DeleteFlight.c(135): Resource "http://127.0.0.1:1080/WebTours/images/cancelallreservations.gif" is in the cache already and will not be downloaded again  	[MsgId: MMSG-26655]
UC6_DeleteFlight.c(135): web_submit_form("itinerary.pl") was successful, 219847 body bytes, 256 header bytes, 420 chunking overhead bytes  	[MsgId: MMSG-26385]
UC6_DeleteFlight.c(189): Error: Itinerary not deleted	[MsgId: MERR-17999]
End auto log messages stack.	[MsgId: MMSG-10544]


Start auto log messages stack - Iteration 87.	[MsgId: MMSG-10545]
UC6_DeleteFlight.c(116): lr_think_time: 5,00 seconds.	[MsgId: MMSG-15948]
UC6_DeleteFlight.c(120): Notify: Transaction "Delete Flight" started.	[MsgId: MMSG-16999]
UC6_DeleteFlight.c(122): web_reg_save_param started  	[MsgId: MMSG-26355]
UC6_DeleteFlight.c(122): Registering web_reg_save_param was successful  	[MsgId: MMSG-26390]
UC6_DeleteFlight.c(129): web_reg_save_param started  	[MsgId: MMSG-26355]
UC6_DeleteFlight.c(129): Registering web_reg_save_param was successful  	[MsgId: MMSG-26390]
UC6_DeleteFlight.c(135): web_submit_form("itinerary.pl") started  	[MsgId: MMSG-26355]
UC6_DeleteFlight.c(135): Submitting form to "http://127.0.0.1:1080/cgi-bin/itinerary.pl", Target Frame=""  	[MsgId: MMSG-27978]
UC6_DeleteFlight.c(135): Error -26377: No match found for the requested parameter "flights_numbers". Either the specified boundaries were not found in the response or the matched text is longer than current max html parameter size of 256 bytes. The total length of the response is 932 bytes. You can use "web_set_max_html_param_len" to increase the max parameter size.  	[MsgId: MERR-26377]
UC6_DeleteFlight.c(135): Error -26377: No match found for the requested parameter "flight_id_after". Either the specified boundaries were not found in the response or the matched text is longer than current max html parameter size of 256 bytes. The total length of the response is 932 bytes. You can use "web_set_max_html_param_len" to increase the max parameter size.  	[MsgId: MERR-26377]
End auto log messages stack.	[MsgId: MMSG-10544]


Start auto log messages stack - Iteration 58.	[MsgId: MMSG-10545]
UC6_DeleteFlight.c(135): web_submit_form("itinerary.pl") started  	[MsgId: MMSG-26355]
UC6_DeleteFlight.c(135): Submitting form to "http://127.0.0.1:1080/cgi-bin/itinerary.pl", Target Frame=""  	[MsgId: MMSG-27978]
UC6_DeleteFlight.c(135): Resource "http://127.0.0.1:1080/WebTours/images/cancelreservation.gif" is in the cache already and will not be downloaded again  	[MsgId: MMSG-26655]
UC6_DeleteFlight.c(135): Resource "http://127.0.0.1:1080/WebTours/images/cancelallreservations.gif" is in the cache already and will not be downloaded again  	[MsgId: MMSG-26655]
UC6_DeleteFlight.c(135): web_submit_form("itinerary.pl") was successful, 204696 body bytes, 256 header bytes, 394 chunking overhead bytes  	[MsgId: MMSG-26385]
UC6_DeleteFlight.c(189): Error: Itinerary not deleted	[MsgId: MERR-17999]
End auto log messages stack.	[MsgId: MMSG-10544]


Start auto log messages stack - Iteration 60.	[MsgId: MMSG-10545]
UC6_DeleteFlight.c(116): lr_think_time: 5,00 seconds.	[MsgId: MMSG-15948]
UC6_DeleteFlight.c(120): Notify: Transaction "Delete Flight" started.	[MsgId: MMSG-16999]
UC6_DeleteFlight.c(122): web_reg_save_param started  	[MsgId: MMSG-26355]
UC6_DeleteFlight.c(122): Registering web_reg_save_param was successful  	[MsgId: MMSG-26390]
UC6_DeleteFlight.c(129): web_reg_save_param started  	[MsgId: MMSG-26355]
UC6_DeleteFlight.c(129): Registering web_reg_save_param was successful  	[MsgId: MMSG-26390]
UC6_DeleteFlight.c(135): web_submit_form("itinerary.pl") started  	[MsgId: MMSG-26355]
UC6_DeleteFlight.c(135): Submitting form to "http://127.0.0.1:1080/cgi-bin/itinerary.pl", Target Frame=""  	[MsgId: MMSG-27978]
UC6_DeleteFlight.c(135): Error -26377: No match found for the requested parameter "flights_numbers". Either the specified boundaries were not found in the response or the matched text is longer than current max html parameter size of 256 bytes. The total length of the response is 932 bytes. You can use "web_set_max_html_param_len" to increase the max parameter size.  	[MsgId: MERR-26377]
UC6_DeleteFlight.c(135): Error -26377: No match found for the requested parameter "flight_id_after". Either the specified boundaries were not found in the response or the matched text is longer than current max html parameter size of 256 bytes. The total length of the response is 932 bytes. You can use "web_set_max_html_param_len" to increase the max parameter size.  	[MsgId: MERR-26377]
End auto log messages stack.	[MsgId: MMSG-10544]


Start auto log messages stack - Iteration 3.	[MsgId: MMSG-10545]
UC6_DeleteFlight.c(116): lr_think_time: 5,00 seconds.	[MsgId: MMSG-15948]
UC6_DeleteFlight.c(120): Notify: Transaction "Delete Flight" started.	[MsgId: MMSG-16999]
UC6_DeleteFlight.c(122): web_reg_save_param started  	[MsgId: MMSG-26355]
UC6_DeleteFlight.c(122): Registering web_reg_save_param was successful  	[MsgId: MMSG-26390]
UC6_DeleteFlight.c(129): web_reg_save_param started  	[MsgId: MMSG-26355]
UC6_DeleteFlight.c(129): Registering web_reg_save_param was successful  	[MsgId: MMSG-26390]
UC6_DeleteFlight.c(135): web_submit_form("itinerary.pl") started  	[MsgId: MMSG-26355]
UC6_DeleteFlight.c(135): Submitting form to "http://127.0.0.1:1080/cgi-bin/itinerary.pl", Target Frame=""  	[MsgId: MMSG-27978]
UC6_DeleteFlight.c(135): Error -26377: No match found for the requested parameter "flights_numbers". Either the specified boundaries were not found in the response or the matched text is longer than current max html parameter size of 256 bytes. The total length of the response is 932 bytes. You can use "web_set_max_html_param_len" to increase the max parameter size.  	[MsgId: MERR-26377]
UC6_DeleteFlight.c(135): Error -26377: No match found for the requested parameter "flight_id_after". Either the specified boundaries were not found in the response or the matched text is longer than current max html parameter size of 256 bytes. The total length of the response is 932 bytes. You can use "web_set_max_html_param_len" to increase the max parameter size.  	[MsgId: MERR-26377]
End auto log messages stack.	[MsgId: MMSG-10544]


Start auto log messages stack - Iteration 93.	[MsgId: MMSG-10545]
UC6_DeleteFlight.c(135): web_submit_form("itinerary.pl") started  	[MsgId: MMSG-26355]
UC6_DeleteFlight.c(135): Submitting form to "http://127.0.0.1:1080/cgi-bin/itinerary.pl", Target Frame=""  	[MsgId: MMSG-27978]
UC6_DeleteFlight.c(135): Resource "http://127.0.0.1:1080/WebTours/images/cancelreservation.gif" is in the cache already and will not be downloaded again  	[MsgId: MMSG-26655]
UC6_DeleteFlight.c(135): Resource "http://127.0.0.1:1080/WebTours/images/cancelallreservations.gif" is in the cache already and will not be downloaded again  	[MsgId: MMSG-26655]
UC6_DeleteFlight.c(135): web_submit_form("itinerary.pl") was successful, 232835 body bytes, 256 header bytes, 451 chunking overhead bytes  	[MsgId: MMSG-26385]
UC6_DeleteFlight.c(189): Error: Itinerary not deleted	[MsgId: MERR-17999]
End auto log messages stack.	[MsgId: MMSG-10544]


Start auto log messages stack - Iteration 65.	[MsgId: MMSG-10545]
UC6_DeleteFlight.c(135): web_submit_form("itinerary.pl") started  	[MsgId: MMSG-26355]
UC6_DeleteFlight.c(135): Submitting form to "http://127.0.0.1:1080/cgi-bin/itinerary.pl", Target Frame=""  	[MsgId: MMSG-27978]
UC6_DeleteFlight.c(135): Resource "http://127.0.0.1:1080/WebTours/images/cancelreservation.gif" is in the cache already and will not be downloaded again  	[MsgId: MMSG-26655]
UC6_DeleteFlight.c(135): Resource "http://127.0.0.1:1080/WebTours/images/cancelallreservations.gif" is in the cache already and will not be downloaded again  	[MsgId: MMSG-26655]
UC6_DeleteFlight.c(135): web_submit_form("itinerary.pl") was successful, 214042 body bytes, 256 header bytes, 411 chunking overhead bytes  	[MsgId: MMSG-26385]
UC6_DeleteFlight.c(189): Error: Itinerary not deleted	[MsgId: MERR-17999]
End auto log messages stack.	[MsgId: MMSG-10544]


Start auto log messages stack - Iteration 36.	[MsgId: MMSG-10545]
UC6_DeleteFlight.c(135): web_submit_form("itinerary.pl") started  	[MsgId: MMSG-26355]
UC6_DeleteFlight.c(135): Submitting form to "http://127.0.0.1:1080/cgi-bin/itinerary.pl", Target Frame=""  	[MsgId: MMSG-27978]
UC6_DeleteFlight.c(135): Resource "http://127.0.0.1:1080/WebTours/images/cancelreservation.gif" is in the cache already and will not be downloaded again  	[MsgId: MMSG-26655]
UC6_DeleteFlight.c(135): Resource "http://127.0.0.1:1080/WebTours/images/cancelallreservations.gif" is in the cache already and will not be downloaded again  	[MsgId: MMSG-26655]
UC6_DeleteFlight.c(135): web_submit_form("itinerary.pl") was successful, 212693 body bytes, 256 header bytes, 404 chunking overhead bytes  	[MsgId: MMSG-26385]
UC6_DeleteFlight.c(189): Error: Itinerary not deleted	[MsgId: MERR-17999]
End auto log messages stack.	[MsgId: MMSG-10544]


Start auto log messages stack - Iteration 125.	[MsgId: MMSG-10545]
UC6_DeleteFlight.c(116): lr_think_time: 5,00 seconds.	[MsgId: MMSG-15948]
UC6_DeleteFlight.c(120): Notify: Transaction "Delete Flight" started.	[MsgId: MMSG-16999]
UC6_DeleteFlight.c(122): web_reg_save_param started  	[MsgId: MMSG-26355]
UC6_DeleteFlight.c(122): Registering web_reg_save_param was successful  	[MsgId: MMSG-26390]
UC6_DeleteFlight.c(129): web_reg_save_param started  	[MsgId: MMSG-26355]
UC6_DeleteFlight.c(129): Registering web_reg_save_param was successful  	[MsgId: MMSG-26390]
UC6_DeleteFlight.c(135): web_submit_form("itinerary.pl") started  	[MsgId: MMSG-26355]
UC6_DeleteFlight.c(135): Submitting form to "http://127.0.0.1:1080/cgi-bin/itinerary.pl", Target Frame=""  	[MsgId: MMSG-27978]
UC6_DeleteFlight.c(135): Error -26377: No match found for the requested parameter "flights_numbers". Either the specified boundaries were not found in the response or the matched text is longer than current max html parameter size of 256 bytes. The total length of the response is 932 bytes. You can use "web_set_max_html_param_len" to increase the max parameter size.  	[MsgId: MERR-26377]
UC6_DeleteFlight.c(135): Error -26377: No match found for the requested parameter "flight_id_after". Either the specified boundaries were not found in the response or the matched text is longer than current max html parameter size of 256 bytes. The total length of the response is 932 bytes. You can use "web_set_max_html_param_len" to increase the max parameter size.  	[MsgId: MERR-26377]
End auto log messages stack.	[MsgId: MMSG-10544]


Start auto log messages stack - Iteration 38.	[MsgId: MMSG-10545]
UC6_DeleteFlight.c(135): web_submit_form("itinerary.pl") started  	[MsgId: MMSG-26355]
UC6_DeleteFlight.c(135): Submitting form to "http://127.0.0.1:1080/cgi-bin/itinerary.pl", Target Frame=""  	[MsgId: MMSG-27978]
UC6_DeleteFlight.c(135): Resource "http://127.0.0.1:1080/WebTours/images/cancelreservation.gif" is in the cache already and will not be downloaded again  	[MsgId: MMSG-26655]
UC6_DeleteFlight.c(135): Resource "http://127.0.0.1:1080/WebTours/images/cancelallreservations.gif" is in the cache already and will not be downloaded again  	[MsgId: MMSG-26655]
UC6_DeleteFlight.c(135): web_submit_form("itinerary.pl") was successful, 238575 body bytes, 256 header bytes, 459 chunking overhead bytes  	[MsgId: MMSG-26385]
UC6_DeleteFlight.c(189): Error: Itinerary not deleted	[MsgId: MERR-17999]
End auto log messages stack.	[MsgId: MMSG-10544]


Start auto log messages stack - Iteration 39.	[MsgId: MMSG-10545]
UC6_DeleteFlight.c(116): lr_think_time: 5,00 seconds.	[MsgId: MMSG-15948]
UC6_DeleteFlight.c(120): Notify: Transaction "Delete Flight" started.	[MsgId: MMSG-16999]
UC6_DeleteFlight.c(122): web_reg_save_param started  	[MsgId: MMSG-26355]
UC6_DeleteFlight.c(122): Registering web_reg_save_param was successful  	[MsgId: MMSG-26390]
UC6_DeleteFlight.c(129): web_reg_save_param started  	[MsgId: MMSG-26355]
UC6_DeleteFlight.c(129): Registering web_reg_save_param was successful  	[MsgId: MMSG-26390]
UC6_DeleteFlight.c(135): web_submit_form("itinerary.pl") started  	[MsgId: MMSG-26355]
UC6_DeleteFlight.c(135): Submitting form to "http://127.0.0.1:1080/cgi-bin/itinerary.pl", Target Frame=""  	[MsgId: MMSG-27978]
UC6_DeleteFlight.c(135): Error -26377: No match found for the requested parameter "flights_numbers". Either the specified boundaries were not found in the response or the matched text is longer than current max html parameter size of 256 bytes. The total length of the response is 932 bytes. You can use "web_set_max_html_param_len" to increase the max parameter size.  	[MsgId: MERR-26377]
UC6_DeleteFlight.c(135): Error -26377: No match found for the requested parameter "flight_id_after". Either the specified boundaries were not found in the response or the matched text is longer than current max html parameter size of 256 bytes. The total length of the response is 932 bytes. You can use "web_set_max_html_param_len" to increase the max parameter size.  	[MsgId: MERR-26377]
End auto log messages stack.	[MsgId: MMSG-10544]


Start auto log messages stack - Iteration 40.	[MsgId: MMSG-10545]
UC6_DeleteFlight.c(116): lr_think_time: 5,00 seconds.	[MsgId: MMSG-15948]
UC6_DeleteFlight.c(120): Notify: Transaction "Delete Flight" started.	[MsgId: MMSG-16999]
UC6_DeleteFlight.c(122): web_reg_save_param started  	[MsgId: MMSG-26355]
UC6_DeleteFlight.c(122): Registering web_reg_save_param was successful  	[MsgId: MMSG-26390]
UC6_DeleteFlight.c(129): web_reg_save_param started  	[MsgId: MMSG-26355]
UC6_DeleteFlight.c(129): Registering web_reg_save_param was successful  	[MsgId: MMSG-26390]
UC6_DeleteFlight.c(135): web_submit_form("itinerary.pl") started  	[MsgId: MMSG-26355]
UC6_DeleteFlight.c(135): Submitting form to "http://127.0.0.1:1080/cgi-bin/itinerary.pl", Target Frame=""  	[MsgId: MMSG-27978]
UC6_DeleteFlight.c(135): Error -26377: No match found for the requested parameter "flights_numbers". Either the specified boundaries were not found in the response or the matched text is longer than current max html parameter size of 256 bytes. The total length of the response is 932 bytes. You can use "web_set_max_html_param_len" to increase the max parameter size.  	[MsgId: MERR-26377]
UC6_DeleteFlight.c(135): Error -26377: No match found for the requested parameter "flight_id_after". Either the specified boundaries were not found in the response or the matched text is longer than current max html parameter size of 256 bytes. The total length of the response is 932 bytes. You can use "web_set_max_html_param_len" to increase the max parameter size.  	[MsgId: MERR-26377]
End auto log messages stack.	[MsgId: MMSG-10544]


Start auto log messages stack - Iteration 128.	[MsgId: MMSG-10545]
UC6_DeleteFlight.c(135): web_submit_form("itinerary.pl") started  	[MsgId: MMSG-26355]
UC6_DeleteFlight.c(135): Submitting form to "http://127.0.0.1:1080/cgi-bin/itinerary.pl", Target Frame=""  	[MsgId: MMSG-27978]
UC6_DeleteFlight.c(135): Resource "http://127.0.0.1:1080/WebTours/images/cancelreservation.gif" is in the cache already and will not be downloaded again  	[MsgId: MMSG-26655]
UC6_DeleteFlight.c(135): Resource "http://127.0.0.1:1080/WebTours/images/cancelallreservations.gif" is in the cache already and will not be downloaded again  	[MsgId: MMSG-26655]
UC6_DeleteFlight.c(135): web_submit_form("itinerary.pl") was successful, 262756 body bytes, 256 header bytes, 507 chunking overhead bytes  	[MsgId: MMSG-26385]
UC6_DeleteFlight.c(189): Error: Itinerary not deleted	[MsgId: MERR-17999]
End auto log messages stack.	[MsgId: MMSG-10544]


Start auto log messages stack - Iteration 12.	[MsgId: MMSG-10545]
UC6_DeleteFlight.c(116): lr_think_time: 5,00 seconds.	[MsgId: MMSG-15948]
UC6_DeleteFlight.c(120): Notify: Transaction "Delete Flight" started.	[MsgId: MMSG-16999]
UC6_DeleteFlight.c(122): web_reg_save_param started  	[MsgId: MMSG-26355]
UC6_DeleteFlight.c(122): Registering web_reg_save_param was successful  	[MsgId: MMSG-26390]
UC6_DeleteFlight.c(129): web_reg_save_param started  	[MsgId: MMSG-26355]
UC6_DeleteFlight.c(129): Registering web_reg_save_param was successful  	[MsgId: MMSG-26390]
UC6_DeleteFlight.c(135): web_submit_form("itinerary.pl") started  	[MsgId: MMSG-26355]
UC6_DeleteFlight.c(135): Submitting form to "http://127.0.0.1:1080/cgi-bin/itinerary.pl", Target Frame=""  	[MsgId: MMSG-27978]
UC6_DeleteFlight.c(135): Error -26377: No match found for the requested parameter "flights_numbers". Either the specified boundaries were not found in the response or the matched text is longer than current max html parameter size of 256 bytes. The total length of the response is 932 bytes. You can use "web_set_max_html_param_len" to increase the max parameter size.  	[MsgId: MERR-26377]
UC6_DeleteFlight.c(135): Error -26377: No match found for the requested parameter "flight_id_after". Either the specified boundaries were not found in the response or the matched text is longer than current max html parameter size of 256 bytes. The total length of the response is 932 bytes. You can use "web_set_max_html_param_len" to increase the max parameter size.  	[MsgId: MERR-26377]
End auto log messages stack.	[MsgId: MMSG-10544]


Start auto log messages stack - Iteration 41.	[MsgId: MMSG-10545]
UC6_DeleteFlight.c(116): lr_think_time: 5,00 seconds.	[MsgId: MMSG-15948]
UC6_DeleteFlight.c(120): Notify: Transaction "Delete Flight" started.	[MsgId: MMSG-16999]
UC6_DeleteFlight.c(122): web_reg_save_param started  	[MsgId: MMSG-26355]
UC6_DeleteFlight.c(122): Registering web_reg_save_param was successful  	[MsgId: MMSG-26390]
UC6_DeleteFlight.c(129): web_reg_save_param started  	[MsgId: MMSG-26355]
UC6_DeleteFlight.c(129): Registering web_reg_save_param was successful  	[MsgId: MMSG-26390]
UC6_DeleteFlight.c(135): web_submit_form("itinerary.pl") started  	[MsgId: MMSG-26355]
UC6_DeleteFlight.c(135): Submitting form to "http://127.0.0.1:1080/cgi-bin/itinerary.pl", Target Frame=""  	[MsgId: MMSG-27978]
UC6_DeleteFlight.c(135): Error -26377: No match found for the requested parameter "flights_numbers". Either the specified boundaries were not found in the response or the matched text is longer than current max html parameter size of 256 bytes. The total length of the response is 932 bytes. You can use "web_set_max_html_param_len" to increase the max parameter size.  	[MsgId: MERR-26377]
UC6_DeleteFlight.c(135): Error -26377: No match found for the requested parameter "flight_id_after". Either the specified boundaries were not found in the response or the matched text is longer than current max html parameter size of 256 bytes. The total length of the response is 932 bytes. You can use "web_set_max_html_param_len" to increase the max parameter size.  	[MsgId: MERR-26377]
End auto log messages stack.	[MsgId: MMSG-10544]


Start auto log messages stack - Iteration 13.	[MsgId: MMSG-10545]
UC6_DeleteFlight.c(116): lr_think_time: 5,00 seconds.	[MsgId: MMSG-15948]
UC6_DeleteFlight.c(120): Notify: Transaction "Delete Flight" started.	[MsgId: MMSG-16999]
UC6_DeleteFlight.c(122): web_reg_save_param started  	[MsgId: MMSG-26355]
UC6_DeleteFlight.c(122): Registering web_reg_save_param was successful  	[MsgId: MMSG-26390]
UC6_DeleteFlight.c(129): web_reg_save_param started  	[MsgId: MMSG-26355]
UC6_DeleteFlight.c(129): Registering web_reg_save_param was successful  	[MsgId: MMSG-26390]
UC6_DeleteFlight.c(135): web_submit_form("itinerary.pl") started  	[MsgId: MMSG-26355]
UC6_DeleteFlight.c(135): Submitting form to "http://127.0.0.1:1080/cgi-bin/itinerary.pl", Target Frame=""  	[MsgId: MMSG-27978]
UC6_DeleteFlight.c(135): Error -26377: No match found for the requested parameter "flights_numbers". Either the specified boundaries were not found in the response or the matched text is longer than current max html parameter size of 256 bytes. The total length of the response is 932 bytes. You can use "web_set_max_html_param_len" to increase the max parameter size.  	[MsgId: MERR-26377]
UC6_DeleteFlight.c(135): Error -26377: No match found for the requested parameter "flight_id_after". Either the specified boundaries were not found in the response or the matched text is longer than current max html parameter size of 256 bytes. The total length of the response is 932 bytes. You can use "web_set_max_html_param_len" to increase the max parameter size.  	[MsgId: MERR-26377]
End auto log messages stack.	[MsgId: MMSG-10544]


Start auto log messages stack - Iteration 100.	[MsgId: MMSG-10545]
UC6_DeleteFlight.c(116): lr_think_time: 5,00 seconds.	[MsgId: MMSG-15948]
UC6_DeleteFlight.c(120): Notify: Transaction "Delete Flight" started.	[MsgId: MMSG-16999]
UC6_DeleteFlight.c(122): web_reg_save_param started  	[MsgId: MMSG-26355]
UC6_DeleteFlight.c(122): Registering web_reg_save_param was successful  	[MsgId: MMSG-26390]
UC6_DeleteFlight.c(129): web_reg_save_param started  	[MsgId: MMSG-26355]
UC6_DeleteFlight.c(129): Registering web_reg_save_param was successful  	[MsgId: MMSG-26390]
UC6_DeleteFlight.c(135): web_submit_form("itinerary.pl") started  	[MsgId: MMSG-26355]
UC6_DeleteFlight.c(135): Submitting form to "http://127.0.0.1:1080/cgi-bin/itinerary.pl", Target Frame=""  	[MsgId: MMSG-27978]
UC6_DeleteFlight.c(135): Error -26377: No match found for the requested parameter "flights_numbers". Either the specified boundaries were not found in the response or the matched text is longer than current max html parameter size of 256 bytes. The total length of the response is 932 bytes. You can use "web_set_max_html_param_len" to increase the max parameter size.  	[MsgId: MERR-26377]
UC6_DeleteFlight.c(135): Error -26377: No match found for the requested parameter "flight_id_after". Either the specified boundaries were not found in the response or the matched text is longer than current max html parameter size of 256 bytes. The total length of the response is 932 bytes. You can use "web_set_max_html_param_len" to increase the max parameter size.  	[MsgId: MERR-26377]
End auto log messages stack.	[MsgId: MMSG-10544]


Start auto log messages stack - Iteration 130.	[MsgId: MMSG-10545]
UC6_DeleteFlight.c(116): lr_think_time: 5,00 seconds.	[MsgId: MMSG-15948]
UC6_DeleteFlight.c(120): Notify: Transaction "Delete Flight" started.	[MsgId: MMSG-16999]
UC6_DeleteFlight.c(122): web_reg_save_param started  	[MsgId: MMSG-26355]
UC6_DeleteFlight.c(122): Registering web_reg_save_param was successful  	[MsgId: MMSG-26390]
UC6_DeleteFlight.c(129): web_reg_save_param started  	[MsgId: MMSG-26355]
UC6_DeleteFlight.c(129): Registering web_reg_save_param was successful  	[MsgId: MMSG-26390]
UC6_DeleteFlight.c(135): web_submit_form("itinerary.pl") started  	[MsgId: MMSG-26355]
UC6_DeleteFlight.c(135): Submitting form to "http://127.0.0.1:1080/cgi-bin/itinerary.pl", Target Frame=""  	[MsgId: MMSG-27978]
UC6_DeleteFlight.c(135): Error -26377: No match found for the requested parameter "flights_numbers". Either the specified boundaries were not found in the response or the matched text is longer than current max html parameter size of 256 bytes. The total length of the response is 932 bytes. You can use "web_set_max_html_param_len" to increase the max parameter size.  	[MsgId: MERR-26377]
UC6_DeleteFlight.c(135): Error -26377: No match found for the requested parameter "flight_id_after". Either the specified boundaries were not found in the response or the matched text is longer than current max html parameter size of 256 bytes. The total length of the response is 932 bytes. You can use "web_set_max_html_param_len" to increase the max parameter size.  	[MsgId: MERR-26377]
End auto log messages stack.	[MsgId: MMSG-10544]


Start auto log messages stack - Iteration 15.	[MsgId: MMSG-10545]
UC6_DeleteFlight.c(116): lr_think_time: 5,00 seconds.	[MsgId: MMSG-15948]
UC6_DeleteFlight.c(120): Notify: Transaction "Delete Flight" started.	[MsgId: MMSG-16999]
UC6_DeleteFlight.c(122): web_reg_save_param started  	[MsgId: MMSG-26355]
UC6_DeleteFlight.c(122): Registering web_reg_save_param was successful  	[MsgId: MMSG-26390]
UC6_DeleteFlight.c(129): web_reg_save_param started  	[MsgId: MMSG-26355]
UC6_DeleteFlight.c(129): Registering web_reg_save_param was successful  	[MsgId: MMSG-26390]
UC6_DeleteFlight.c(135): web_submit_form("itinerary.pl") started  	[MsgId: MMSG-26355]
UC6_DeleteFlight.c(135): Submitting form to "http://127.0.0.1:1080/cgi-bin/itinerary.pl", Target Frame=""  	[MsgId: MMSG-27978]
UC6_DeleteFlight.c(135): Error -26377: No match found for the requested parameter "flights_numbers". Either the specified boundaries were not found in the response or the matched text is longer than current max html parameter size of 256 bytes. The total length of the response is 932 bytes. You can use "web_set_max_html_param_len" to increase the max parameter size.  	[MsgId: MERR-26377]
UC6_DeleteFlight.c(135): Error -26377: No match found for the requested parameter "flight_id_after". Either the specified boundaries were not found in the response or the matched text is longer than current max html parameter size of 256 bytes. The total length of the response is 932 bytes. You can use "web_set_max_html_param_len" to increase the max parameter size.  	[MsgId: MERR-26377]
End auto log messages stack.	[MsgId: MMSG-10544]


Start auto log messages stack - Iteration 132.	[MsgId: MMSG-10545]
UC6_DeleteFlight.c(116): lr_think_time: 5,00 seconds.	[MsgId: MMSG-15948]
UC6_DeleteFlight.c(120): Notify: Transaction "Delete Flight" started.	[MsgId: MMSG-16999]
UC6_DeleteFlight.c(122): web_reg_save_param started  	[MsgId: MMSG-26355]
UC6_DeleteFlight.c(122): Registering web_reg_save_param was successful  	[MsgId: MMSG-26390]
UC6_DeleteFlight.c(129): web_reg_save_param started  	[MsgId: MMSG-26355]
UC6_DeleteFlight.c(129): Registering web_reg_save_param was successful  	[MsgId: MMSG-26390]
UC6_DeleteFlight.c(135): web_submit_form("itinerary.pl") started  	[MsgId: MMSG-26355]
UC6_DeleteFlight.c(135): Submitting form to "http://127.0.0.1:1080/cgi-bin/itinerary.pl", Target Frame=""  	[MsgId: MMSG-27978]
UC6_DeleteFlight.c(135): Error -26377: No match found for the requested parameter "flights_numbers". Either the specified boundaries were not found in the response or the matched text is longer than current max html parameter size of 256 bytes. The total length of the response is 932 bytes. You can use "web_set_max_html_param_len" to increase the max parameter size.  	[MsgId: MERR-26377]
UC6_DeleteFlight.c(135): Error -26377: No match found for the requested parameter "flight_id_after". Either the specified boundaries were not found in the response or the matched text is longer than current max html parameter size of 256 bytes. The total length of the response is 932 bytes. You can use "web_set_max_html_param_len" to increase the max parameter size.  	[MsgId: MERR-26377]
End auto log messages stack.	[MsgId: MMSG-10544]


Start auto log messages stack - Iteration 103.	[MsgId: MMSG-10545]
UC6_DeleteFlight.c(135): web_submit_form("itinerary.pl") started  	[MsgId: MMSG-26355]
UC6_DeleteFlight.c(135): Submitting form to "http://127.0.0.1:1080/cgi-bin/itinerary.pl", Target Frame=""  	[MsgId: MMSG-27978]
UC6_DeleteFlight.c(135): Resource "http://127.0.0.1:1080/WebTours/images/cancelreservation.gif" is in the cache already and will not be downloaded again  	[MsgId: MMSG-26655]
UC6_DeleteFlight.c(135): Resource "http://127.0.0.1:1080/WebTours/images/cancelallreservations.gif" is in the cache already and will not be downloaded again  	[MsgId: MMSG-26655]
UC6_DeleteFlight.c(135): web_submit_form("itinerary.pl") was successful, 277766 body bytes, 256 header bytes, 531 chunking overhead bytes  	[MsgId: MMSG-26385]
UC6_DeleteFlight.c(189): Error: Itinerary not deleted	[MsgId: MERR-17999]
End auto log messages stack.	[MsgId: MMSG-10544]


Start auto log messages stack - Iteration 17.	[MsgId: MMSG-10545]
UC6_DeleteFlight.c(135): web_submit_form("itinerary.pl") started  	[MsgId: MMSG-26355]
UC6_DeleteFlight.c(135): Submitting form to "http://127.0.0.1:1080/cgi-bin/itinerary.pl", Target Frame=""  	[MsgId: MMSG-27978]
UC6_DeleteFlight.c(135): Resource "http://127.0.0.1:1080/WebTours/images/cancelreservation.gif" is in the cache already and will not be downloaded again  	[MsgId: MMSG-26655]
UC6_DeleteFlight.c(135): Resource "http://127.0.0.1:1080/WebTours/images/cancelallreservations.gif" is in the cache already and will not be downloaded again  	[MsgId: MMSG-26655]
UC6_DeleteFlight.c(135): web_submit_form("itinerary.pl") was successful, 235703 body bytes, 256 header bytes, 451 chunking overhead bytes  	[MsgId: MMSG-26385]
UC6_DeleteFlight.c(189): Error: Itinerary not deleted	[MsgId: MERR-17999]
End auto log messages stack.	[MsgId: MMSG-10544]


Start auto log messages stack - Iteration 136.	[MsgId: MMSG-10545]
UC6_DeleteFlight.c(135): web_submit_form("itinerary.pl") started  	[MsgId: MMSG-26355]
UC6_DeleteFlight.c(135): Submitting form to "http://127.0.0.1:1080/cgi-bin/itinerary.pl", Target Frame=""  	[MsgId: MMSG-27978]
UC6_DeleteFlight.c(135): Resource "http://127.0.0.1:1080/WebTours/images/cancelreservation.gif" is in the cache already and will not be downloaded again  	[MsgId: MMSG-26655]
UC6_DeleteFlight.c(135): Resource "http://127.0.0.1:1080/WebTours/images/cancelallreservations.gif" is in the cache already and will not be downloaded again  	[MsgId: MMSG-26655]
UC6_DeleteFlight.c(135): web_submit_form("itinerary.pl") was successful, 280043 body bytes, 256 header bytes, 539 chunking overhead bytes  	[MsgId: MMSG-26385]
UC6_DeleteFlight.c(189): Error: Itinerary not deleted	[MsgId: MERR-17999]
End auto log messages stack.	[MsgId: MMSG-10544]


Start auto log messages stack - Iteration 78.	[MsgId: MMSG-10545]
UC6_DeleteFlight.c(135): web_submit_form("itinerary.pl") started  	[MsgId: MMSG-26355]
UC6_DeleteFlight.c(135): Submitting form to "http://127.0.0.1:1080/cgi-bin/itinerary.pl", Target Frame=""  	[MsgId: MMSG-27978]
UC6_DeleteFlight.c(135): Resource "http://127.0.0.1:1080/WebTours/images/cancelreservation.gif" is in the cache already and will not be downloaded again  	[MsgId: MMSG-26655]
UC6_DeleteFlight.c(135): Resource "http://127.0.0.1:1080/WebTours/images/cancelallreservations.gif" is in the cache already and will not be downloaded again  	[MsgId: MMSG-26655]
UC6_DeleteFlight.c(135): web_submit_form("itinerary.pl") was successful, 273216 body bytes, 256 header bytes, 523 chunking overhead bytes  	[MsgId: MMSG-26385]
UC6_DeleteFlight.c(189): Error: Itinerary not deleted	[MsgId: MERR-17999]
End auto log messages stack.	[MsgId: MMSG-10544]


Start auto log messages stack - Iteration 108.	[MsgId: MMSG-10545]
UC6_DeleteFlight.c(116): lr_think_time: 5,00 seconds.	[MsgId: MMSG-15948]
UC6_DeleteFlight.c(120): Notify: Transaction "Delete Flight" started.	[MsgId: MMSG-16999]
UC6_DeleteFlight.c(122): web_reg_save_param started  	[MsgId: MMSG-26355]
UC6_DeleteFlight.c(122): Registering web_reg_save_param was successful  	[MsgId: MMSG-26390]
UC6_DeleteFlight.c(129): web_reg_save_param started  	[MsgId: MMSG-26355]
UC6_DeleteFlight.c(129): Registering web_reg_save_param was successful  	[MsgId: MMSG-26390]
UC6_DeleteFlight.c(135): web_submit_form("itinerary.pl") started  	[MsgId: MMSG-26355]
UC6_DeleteFlight.c(135): Submitting form to "http://127.0.0.1:1080/cgi-bin/itinerary.pl", Target Frame=""  	[MsgId: MMSG-27978]
UC6_DeleteFlight.c(135): Error -26377: No match found for the requested parameter "flights_numbers". Either the specified boundaries were not found in the response or the matched text is longer than current max html parameter size of 256 bytes. The total length of the response is 932 bytes. You can use "web_set_max_html_param_len" to increase the max parameter size.  	[MsgId: MERR-26377]
UC6_DeleteFlight.c(135): Error -26377: No match found for the requested parameter "flight_id_after". Either the specified boundaries were not found in the response or the matched text is longer than current max html parameter size of 256 bytes. The total length of the response is 932 bytes. You can use "web_set_max_html_param_len" to increase the max parameter size.  	[MsgId: MERR-26377]
End auto log messages stack.	[MsgId: MMSG-10544]


Start auto log messages stack - Iteration 21.	[MsgId: MMSG-10545]
UC6_DeleteFlight.c(135): web_submit_form("itinerary.pl") started  	[MsgId: MMSG-26355]
UC6_DeleteFlight.c(135): Submitting form to "http://127.0.0.1:1080/cgi-bin/itinerary.pl", Target Frame=""  	[MsgId: MMSG-27978]
UC6_DeleteFlight.c(135): Resource "http://127.0.0.1:1080/WebTours/images/cancelreservation.gif" is in the cache already and will not be downloaded again  	[MsgId: MMSG-26655]
UC6_DeleteFlight.c(135): Resource "http://127.0.0.1:1080/WebTours/images/cancelallreservations.gif" is in the cache already and will not be downloaded again  	[MsgId: MMSG-26655]
UC6_DeleteFlight.c(135): web_submit_form("itinerary.pl") was successful, 227937 body bytes, 256 header bytes, 443 chunking overhead bytes  	[MsgId: MMSG-26385]
UC6_DeleteFlight.c(189): Error: Itinerary not deleted	[MsgId: MERR-17999]
End auto log messages stack.	[MsgId: MMSG-10544]


Start auto log messages stack - Iteration 79.	[MsgId: MMSG-10545]
UC6_DeleteFlight.c(116): lr_think_time: 5,00 seconds.	[MsgId: MMSG-15948]
UC6_DeleteFlight.c(120): Notify: Transaction "Delete Flight" started.	[MsgId: MMSG-16999]
UC6_DeleteFlight.c(122): web_reg_save_param started  	[MsgId: MMSG-26355]
UC6_DeleteFlight.c(122): Registering web_reg_save_param was successful  	[MsgId: MMSG-26390]
UC6_DeleteFlight.c(129): web_reg_save_param started  	[MsgId: MMSG-26355]
UC6_DeleteFlight.c(129): Registering web_reg_save_param was successful  	[MsgId: MMSG-26390]
UC6_DeleteFlight.c(135): web_submit_form("itinerary.pl") started  	[MsgId: MMSG-26355]
UC6_DeleteFlight.c(135): Submitting form to "http://127.0.0.1:1080/cgi-bin/itinerary.pl", Target Frame=""  	[MsgId: MMSG-27978]
UC6_DeleteFlight.c(135): Error -26377: No match found for the requested parameter "flights_numbers". Either the specified boundaries were not found in the response or the matched text is longer than current max html parameter size of 256 bytes. The total length of the response is 932 bytes. You can use "web_set_max_html_param_len" to increase the max parameter size.  	[MsgId: MERR-26377]
UC6_DeleteFlight.c(135): Error -26377: No match found for the requested parameter "flight_id_after". Either the specified boundaries were not found in the response or the matched text is longer than current max html parameter size of 256 bytes. The total length of the response is 932 bytes. You can use "web_set_max_html_param_len" to increase the max parameter size.  	[MsgId: MERR-26377]
End auto log messages stack.	[MsgId: MMSG-10544]


