Start auto log messages stack - Iteration 1.	[MsgId: MMSG-10545]
UC6_DeleteFlight.c(95): Notify: Transaction "AllBookings" ended with a "Pass" status (Duration: 0,1863 Wasted Time: 0,0002).	[MsgId: MMSG-16871]
UC6_DeleteFlight.c(97): lr_think_time: 6,00 seconds.	[MsgId: MMSG-15948]
UC6_DeleteFlight.c(99): Notify: Transaction "Delete Flight" started.	[MsgId: MMSG-16999]
UC6_DeleteFlight.c(101): web_reg_save_param started  	[MsgId: MMSG-26355]
UC6_DeleteFlight.c(101): Registering web_reg_save_param was successful  	[MsgId: MMSG-26390]
UC6_DeleteFlight.c(108): web_submit_form("web_submit_form") started  	[MsgId: MMSG-26355]
UC6_DeleteFlight.c(108): Submitting form to "http://127.0.0.1:1080/cgi-bin/itinerary.pl", Target Frame=""  	[MsgId: MMSG-27978]
UC6_DeleteFlight.c(108): Downloading resource "http://localhost:1080/cgi-bin/itinerary.pl" (specified by argument number 13)  	[MsgId: MMSG-26577]
UC6_DeleteFlight.c(108): Error -26377: No match found for the requested parameter "flights_numbers". Either the specified boundaries were not found in the response or the matched text is longer than current max html parameter size of 256 bytes. The total length of the response is 1819 bytes. You can use "web_set_max_html_param_len" to increase the max parameter size.  	[MsgId: MERR-26377]
End auto log messages stack.	[MsgId: MMSG-10544]


Start auto log messages stack - Iteration 2.	[MsgId: MMSG-10545]
UC6_DeleteFlight.c(95): Notify: Transaction "AllBookings" ended with a "Pass" status (Duration: 0,1704 Wasted Time: 0,0001).	[MsgId: MMSG-16871]
UC6_DeleteFlight.c(97): lr_think_time: 6,00 seconds.	[MsgId: MMSG-15948]
UC6_DeleteFlight.c(99): Notify: Transaction "Delete Flight" started.	[MsgId: MMSG-16999]
UC6_DeleteFlight.c(101): web_reg_save_param started  	[MsgId: MMSG-26355]
UC6_DeleteFlight.c(101): Registering web_reg_save_param was successful  	[MsgId: MMSG-26390]
UC6_DeleteFlight.c(108): web_submit_form("web_submit_form") started  	[MsgId: MMSG-26355]
UC6_DeleteFlight.c(108): Submitting form to "http://127.0.0.1:1080/cgi-bin/itinerary.pl", Target Frame=""  	[MsgId: MMSG-27978]
UC6_DeleteFlight.c(108): Downloading resource "http://localhost:1080/cgi-bin/itinerary.pl" (specified by argument number 13)  	[MsgId: MMSG-26577]
UC6_DeleteFlight.c(108): Error -26377: No match found for the requested parameter "flights_numbers". Either the specified boundaries were not found in the response or the matched text is longer than current max html parameter size of 256 bytes. The total length of the response is 1819 bytes. You can use "web_set_max_html_param_len" to increase the max parameter size.  	[MsgId: MERR-26377]
End auto log messages stack.	[MsgId: MMSG-10544]


