Start auto log messages stack - Iteration 2.	[MsgId: MMSG-10545]
UC1_BookingFlight.c(88): Notify: Transaction "FindFlight" ended with a "Pass" status (Duration: 0,0000).	[MsgId: MMSG-16873]
UC1_BookingFlight.c(90): Notify: Transaction "Find Flight" started.	[MsgId: MMSG-16999]
UC1_BookingFlight.c(92): web_reg_find started  	[MsgId: MMSG-26355]
UC1_BookingFlight.c(92): Registering web_reg_find was successful  	[MsgId: MMSG-26390]
UC1_BookingFlight.c(94): web_reg_save_param started  	[MsgId: MMSG-26355]
UC1_BookingFlight.c(94): Registering web_reg_save_param was successful  	[MsgId: MMSG-26390]
UC1_BookingFlight.c(100): web_submit_data("reservations.pl") started  	[MsgId: MMSG-26355]
UC1_BookingFlight.c(100): Resource "http://127.0.0.1:1080/WebTours/images/button_next.gif" is in the cache already and will not be downloaded again  	[MsgId: MMSG-26655]
UC1_BookingFlight.c(100): Error -26366: "Text=From Frankfurt (0) To Denver (1)" not found for web_reg_find  	[MsgId: MERR-26366]
End auto log messages stack.	[MsgId: MMSG-10544]


Start auto log messages stack - Iteration 3.	[MsgId: MMSG-10545]
UC1_BookingFlight.c(88): Notify: Transaction "FindFlight" ended with a "Pass" status (Duration: 0,0000).	[MsgId: MMSG-16873]
UC1_BookingFlight.c(90): Notify: Transaction "Find Flight" started.	[MsgId: MMSG-16999]
UC1_BookingFlight.c(92): web_reg_find started  	[MsgId: MMSG-26355]
UC1_BookingFlight.c(92): Registering web_reg_find was successful  	[MsgId: MMSG-26390]
UC1_BookingFlight.c(94): web_reg_save_param started  	[MsgId: MMSG-26355]
UC1_BookingFlight.c(94): Registering web_reg_save_param was successful  	[MsgId: MMSG-26390]
UC1_BookingFlight.c(100): web_submit_data("reservations.pl") started  	[MsgId: MMSG-26355]
UC1_BookingFlight.c(100): Resource "http://127.0.0.1:1080/WebTours/images/button_next.gif" is in the cache already and will not be downloaded again  	[MsgId: MMSG-26655]
UC1_BookingFlight.c(100): Error -26366: "Text=From London (0) To Paris (1)" not found for web_reg_find  	[MsgId: MERR-26366]
End auto log messages stack.	[MsgId: MMSG-10544]


Start auto log messages stack - Iteration 4.	[MsgId: MMSG-10545]
UC1_BookingFlight.c(88): Notify: Transaction "FindFlight" ended with a "Pass" status (Duration: 0,0000).	[MsgId: MMSG-16873]
UC1_BookingFlight.c(90): Notify: Transaction "Find Flight" started.	[MsgId: MMSG-16999]
UC1_BookingFlight.c(92): web_reg_find started  	[MsgId: MMSG-26355]
UC1_BookingFlight.c(92): Registering web_reg_find was successful  	[MsgId: MMSG-26390]
UC1_BookingFlight.c(94): web_reg_save_param started  	[MsgId: MMSG-26355]
UC1_BookingFlight.c(94): Registering web_reg_save_param was successful  	[MsgId: MMSG-26390]
UC1_BookingFlight.c(100): web_submit_data("reservations.pl") started  	[MsgId: MMSG-26355]
UC1_BookingFlight.c(100): Resource "http://127.0.0.1:1080/WebTours/images/button_next.gif" is in the cache already and will not be downloaded again  	[MsgId: MMSG-26655]
UC1_BookingFlight.c(100): Error -26366: "Text=From Paris (0) To London (1)" not found for web_reg_find  	[MsgId: MERR-26366]
End auto log messages stack.	[MsgId: MMSG-10544]


Start auto log messages stack - Iteration 5.	[MsgId: MMSG-10545]
UC1_BookingFlight.c(88): Notify: Transaction "FindFlight" ended with a "Pass" status (Duration: 0,0000).	[MsgId: MMSG-16873]
UC1_BookingFlight.c(90): Notify: Transaction "Find Flight" started.	[MsgId: MMSG-16999]
UC1_BookingFlight.c(92): web_reg_find started  	[MsgId: MMSG-26355]
UC1_BookingFlight.c(92): Registering web_reg_find was successful  	[MsgId: MMSG-26390]
UC1_BookingFlight.c(94): web_reg_save_param started  	[MsgId: MMSG-26355]
UC1_BookingFlight.c(94): Registering web_reg_save_param was successful  	[MsgId: MMSG-26390]
UC1_BookingFlight.c(100): web_submit_data("reservations.pl") started  	[MsgId: MMSG-26355]
UC1_BookingFlight.c(100): Resource "http://127.0.0.1:1080/WebTours/images/button_next.gif" is in the cache already and will not be downloaded again  	[MsgId: MMSG-26655]
UC1_BookingFlight.c(100): Error -26366: "Text=From Denver (0) To Paris (1)" not found for web_reg_find  	[MsgId: MERR-26366]
End auto log messages stack.	[MsgId: MMSG-10544]


Start auto log messages stack - Iteration 6.	[MsgId: MMSG-10545]
UC1_BookingFlight.c(88): Notify: Transaction "FindFlight" ended with a "Pass" status (Duration: 0,0000).	[MsgId: MMSG-16873]
UC1_BookingFlight.c(90): Notify: Transaction "Find Flight" started.	[MsgId: MMSG-16999]
UC1_BookingFlight.c(92): web_reg_find started  	[MsgId: MMSG-26355]
UC1_BookingFlight.c(92): Registering web_reg_find was successful  	[MsgId: MMSG-26390]
UC1_BookingFlight.c(94): web_reg_save_param started  	[MsgId: MMSG-26355]
UC1_BookingFlight.c(94): Registering web_reg_save_param was successful  	[MsgId: MMSG-26390]
UC1_BookingFlight.c(100): web_submit_data("reservations.pl") started  	[MsgId: MMSG-26355]
UC1_BookingFlight.c(100): Resource "http://127.0.0.1:1080/WebTours/images/button_next.gif" is in the cache already and will not be downloaded again  	[MsgId: MMSG-26655]
UC1_BookingFlight.c(100): Error -26366: "Text=From Paris (0) To Denver (1)" not found for web_reg_find  	[MsgId: MERR-26366]
End auto log messages stack.	[MsgId: MMSG-10544]


