Start auto log messages stack - Iteration 2.	[MsgId: MMSG-10545]
Start auto log messages stack - Iteration 2.	[MsgId: MMSG-10545]
UC2_FindFlight.c(16): Registered web_reg_find successful for "Text=Web Tours" (count=5)  	[MsgId: MMSG-26364]
UC2_FindFlight.c(16): web_url("welcome.pl") was successful, 4210 body bytes, 1226 header bytes, 24 chunking overhead bytes  	[MsgId: MMSG-26385]
UC2_FindFlight.c(26): Notify: Transaction "StartPage" ended with a "Pass" status (Duration: 0,1257 Wasted Time: 0,0000).	[MsgId: MMSG-16871]
UC2_FindFlight.c(28): lr_think_time: 12,00 seconds.	[MsgId: MMSG-15948]
UC2_FindFlight.c(30): Notify: Transaction "Login" started.	[MsgId: MMSG-16999]
UC2_FindFlight.c(16): Registered web_reg_find successful for "Text=Web Tours" (count=5)  	[MsgId: MMSG-26364]
UC2_FindFlight.c(16): web_url("welcome.pl") was successful, 4210 body bytes, 1226 header bytes, 24 chunking overhead bytes  	[MsgId: MMSG-26385]
UC2_FindFlight.c(32): web_reg_find started  	[MsgId: MMSG-26355]
UC2_FindFlight.c(32): Registering web_reg_find was successful  	[MsgId: MMSG-26390]
UC2_FindFlight.c(34): web_submit_data("login.pl") started  	[MsgId: MMSG-26355]
UC2_FindFlight.c(34): Error -27787: Server "127.0.0.1" has shut down the connection prematurely  	[MsgId: MERR-27787]
UC2_FindFlight.c(26): Notify: Transaction "StartPage" ended with a "Pass" status (Duration: 0,1099 Wasted Time: 0,0001).	[MsgId: MMSG-16871]
UC2_FindFlight.c(28): lr_think_time: 12,00 seconds.	[MsgId: MMSG-15948]
UC2_FindFlight.c(30): Notify: Transaction "Login" started.	[MsgId: MMSG-16999]
UC2_FindFlight.c(32): web_reg_find started  	[MsgId: MMSG-26355]
UC2_FindFlight.c(34): Error -26366: "Text=User password was correct" not found for web_reg_find  	[MsgId: MERR-26366]
UC2_FindFlight.c(32): Registering web_reg_find was successful  	[MsgId: MMSG-26390]
UC2_FindFlight.c(34): web_submit_data("login.pl") started  	[MsgId: MMSG-26355]
UC2_FindFlight.c(34): Error -27787: Server "127.0.0.1" has shut down the connection prematurely  	[MsgId: MERR-27787]
UC2_FindFlight.c(34): Error -26374: The above "not found" error(s) may be explained by header and body byte counts being 0 and 0, respectively.  	[MsgId: MERR-26374]
UC2_FindFlight.c(34): Error -26366: "Text=User password was correct" not found for web_reg_find  	[MsgId: MERR-26366]
End auto log messages stack.	[MsgId: MMSG-10544]


UC2_FindFlight.c(34): Error -26374: The above "not found" error(s) may be explained by header and body byte counts being 0 and 0, respectively.  	[MsgId: MERR-26374]
End auto log messages stack.	[MsgId: MMSG-10544]


