Start auto log messages stack - Iteration 2.	[MsgId: MMSG-10545]
Start auto log messages stack - Iteration 2.	[MsgId: MMSG-10545]
UC4_LoginAndViewBookings.c(7): web_reg_save_param started  	[MsgId: MMSG-26355]
UC4_LoginAndViewBookings.c(7): web_reg_save_param started  	[MsgId: MMSG-26355]
UC4_LoginAndViewBookings.c(7): Registering web_reg_save_param was successful  	[MsgId: MMSG-26390]
UC4_LoginAndViewBookings.c(7): Registering web_reg_save_param was successful  	[MsgId: MMSG-26390]
UC4_LoginAndViewBookings.c(12): web_reg_find started  	[MsgId: MMSG-26355]
UC4_LoginAndViewBookings.c(12): web_reg_find started  	[MsgId: MMSG-26355]
UC4_LoginAndViewBookings.c(12): Registering web_reg_find was successful  	[MsgId: MMSG-26390]
UC4_LoginAndViewBookings.c(12): Registering web_reg_find was successful  	[MsgId: MMSG-26390]
UC4_LoginAndViewBookings.c(14): web_set_sockets_option started  	[MsgId: MMSG-26355]
UC4_LoginAndViewBookings.c(14): web_set_sockets_option started  	[MsgId: MMSG-26355]
UC4_LoginAndViewBookings.c(14): web_set_sockets_option was successful  	[MsgId: MMSG-26392]
UC4_LoginAndViewBookings.c(14): web_set_sockets_option was successful  	[MsgId: MMSG-26392]
UC4_LoginAndViewBookings.c(18): web_url("welcome.pl") started  	[MsgId: MMSG-26355]
UC4_LoginAndViewBookings.c(18): Error -27792: Failed to connect to server "127.0.0.1:1080": [10061] Connection refused  	[MsgId: MERR-27792]
UC4_LoginAndViewBookings.c(18): web_url("welcome.pl") started  	[MsgId: MMSG-26355]
UC4_LoginAndViewBookings.c(18): Error -27792: Failed to connect to server "127.0.0.1:1080": [10061] Connection refused  	[MsgId: MERR-27792]
UC4_LoginAndViewBookings.c(18): Error -26377: No match found for the requested parameter "userSession". Either the specified boundaries were not found in the response or the matched text is longer than current max html parameter size of 256 bytes. The total length of the response is 0 bytes. You can use "web_set_max_html_param_len" to increase the max parameter size.  	[MsgId: MERR-26377]
UC4_LoginAndViewBookings.c(18): Error -26366: "Text=Web Tours" not found for web_reg_find  	[MsgId: MERR-26366]
UC4_LoginAndViewBookings.c(18): Error -26377: No match found for the requested parameter "userSession". Either the specified boundaries were not found in the response or the matched text is longer than current max html parameter size of 256 bytes. The total length of the response is 0 bytes. You can use "web_set_max_html_param_len" to increase the max parameter size.  	[MsgId: MERR-26377]
UC4_LoginAndViewBookings.c(18): Error -26374: The above "not found" error(s) may be explained by header and body byte counts being 0 and 0, respectively.  	[MsgId: MERR-26374]
End auto log messages stack.	[MsgId: MMSG-10544]
UC4_LoginAndViewBookings.c(18): Error -26366: "Text=Web Tours" not found for web_reg_find  	[MsgId: MERR-26366]


UC4_LoginAndViewBookings.c(18): Error -26374: The above "not found" error(s) may be explained by header and body byte counts being 0 and 0, respectively.  	[MsgId: MERR-26374]
End auto log messages stack.	[MsgId: MMSG-10544]


