Start auto log messages stack - Iteration 1.	[MsgId: MMSG-10545]
Starting action UC3_LoginLogout.	[MsgId: MMSG-15919]
UC3_LoginLogout.c(3): Notify: Transaction "Login/Logout" started.	[MsgId: MMSG-16999]
UC3_LoginLogout.c(5): Notify: Transaction "StartPage" started.	[MsgId: MMSG-16999]
UC3_LoginLogout.c(7): web_reg_save_param started  	[MsgId: MMSG-26355]
UC3_LoginLogout.c(7): Registering web_reg_save_param was successful  	[MsgId: MMSG-26390]
UC3_LoginLogout.c(12): web_reg_find started  	[MsgId: MMSG-26355]
UC3_LoginLogout.c(12): Registering web_reg_find was successful  	[MsgId: MMSG-26390]
UC3_LoginLogout.c(14): web_set_sockets_option started  	[MsgId: MMSG-26355]
UC3_LoginLogout.c(14): web_set_sockets_option was successful  	[MsgId: MMSG-26392]
UC3_LoginLogout.c(18): web_url("welcome.pl") started  	[MsgId: MMSG-26355]
UC3_LoginLogout.c(18): Error -27792: Failed to connect to server "127.0.0.1:1080": [10061] Connection refused  	[MsgId: MERR-27792]
UC3_LoginLogout.c(18): Error -26377: No match found for the requested parameter "userSession". Either the specified boundaries were not found in the response or the matched text is longer than current max html parameter size of 256 bytes. The total length of the response is 0 bytes. You can use "web_set_max_html_param_len" to increase the max parameter size.  	[MsgId: MERR-26377]
UC3_LoginLogout.c(18): Error -26366: "Text=Web Tours" not found for web_reg_find  	[MsgId: MERR-26366]
UC3_LoginLogout.c(18): Error -26374: The above "not found" error(s) may be explained by header and body byte counts being 0 and 0, respectively.  	[MsgId: MERR-26374]
End auto log messages stack.	[MsgId: MMSG-10544]


Start auto log messages stack - Iteration 2.	[MsgId: MMSG-10545]
Starting action UC3_LoginLogout.	[MsgId: MMSG-15919]
UC3_LoginLogout.c(3): Notify: Transaction "Login/Logout" started.	[MsgId: MMSG-16999]
UC3_LoginLogout.c(5): Notify: Transaction "StartPage" started.	[MsgId: MMSG-16999]
UC3_LoginLogout.c(7): web_reg_save_param started  	[MsgId: MMSG-26355]
UC3_LoginLogout.c(7): Registering web_reg_save_param was successful  	[MsgId: MMSG-26390]
UC3_LoginLogout.c(12): web_reg_find started  	[MsgId: MMSG-26355]
UC3_LoginLogout.c(12): Registering web_reg_find was successful  	[MsgId: MMSG-26390]
UC3_LoginLogout.c(14): web_set_sockets_option started  	[MsgId: MMSG-26355]
UC3_LoginLogout.c(14): web_set_sockets_option was successful  	[MsgId: MMSG-26392]
UC3_LoginLogout.c(18): web_url("welcome.pl") started  	[MsgId: MMSG-26355]
UC3_LoginLogout.c(18): Error -27792: Failed to connect to server "127.0.0.1:1080": [10061] Connection refused  	[MsgId: MERR-27792]
UC3_LoginLogout.c(18): Error -26377: No match found for the requested parameter "userSession". Either the specified boundaries were not found in the response or the matched text is longer than current max html parameter size of 256 bytes. The total length of the response is 0 bytes. You can use "web_set_max_html_param_len" to increase the max parameter size.  	[MsgId: MERR-26377]
UC3_LoginLogout.c(18): Error -26366: "Text=Web Tours" not found for web_reg_find  	[MsgId: MERR-26366]
UC3_LoginLogout.c(18): Error -26374: The above "not found" error(s) may be explained by header and body byte counts being 0 and 0, respectively.  	[MsgId: MERR-26374]
End auto log messages stack.	[MsgId: MMSG-10544]


Start auto log messages stack - Iteration 3.	[MsgId: MMSG-10545]
Starting action UC3_LoginLogout.	[MsgId: MMSG-15919]
UC3_LoginLogout.c(3): Notify: Transaction "Login/Logout" started.	[MsgId: MMSG-16999]
UC3_LoginLogout.c(5): Notify: Transaction "StartPage" started.	[MsgId: MMSG-16999]
UC3_LoginLogout.c(7): web_reg_save_param started  	[MsgId: MMSG-26355]
UC3_LoginLogout.c(7): Registering web_reg_save_param was successful  	[MsgId: MMSG-26390]
UC3_LoginLogout.c(12): web_reg_find started  	[MsgId: MMSG-26355]
UC3_LoginLogout.c(12): Registering web_reg_find was successful  	[MsgId: MMSG-26390]
UC3_LoginLogout.c(14): web_set_sockets_option started  	[MsgId: MMSG-26355]
UC3_LoginLogout.c(14): web_set_sockets_option was successful  	[MsgId: MMSG-26392]
UC3_LoginLogout.c(18): web_url("welcome.pl") started  	[MsgId: MMSG-26355]
UC3_LoginLogout.c(18): Error -27792: Failed to connect to server "127.0.0.1:1080": [10061] Connection refused  	[MsgId: MERR-27792]
UC3_LoginLogout.c(18): Error -26377: No match found for the requested parameter "userSession". Either the specified boundaries were not found in the response or the matched text is longer than current max html parameter size of 256 bytes. The total length of the response is 0 bytes. You can use "web_set_max_html_param_len" to increase the max parameter size.  	[MsgId: MERR-26377]
UC3_LoginLogout.c(18): Error -26366: "Text=Web Tours" not found for web_reg_find  	[MsgId: MERR-26366]
UC3_LoginLogout.c(18): Error -26374: The above "not found" error(s) may be explained by header and body byte counts being 0 and 0, respectively.  	[MsgId: MERR-26374]
End auto log messages stack.	[MsgId: MMSG-10544]


Start auto log messages stack - Iteration 4.	[MsgId: MMSG-10545]
Starting action UC3_LoginLogout.	[MsgId: MMSG-15919]
UC3_LoginLogout.c(3): Notify: Transaction "Login/Logout" started.	[MsgId: MMSG-16999]
UC3_LoginLogout.c(5): Notify: Transaction "StartPage" started.	[MsgId: MMSG-16999]
UC3_LoginLogout.c(7): web_reg_save_param started  	[MsgId: MMSG-26355]
UC3_LoginLogout.c(7): Registering web_reg_save_param was successful  	[MsgId: MMSG-26390]
UC3_LoginLogout.c(12): web_reg_find started  	[MsgId: MMSG-26355]
UC3_LoginLogout.c(12): Registering web_reg_find was successful  	[MsgId: MMSG-26390]
UC3_LoginLogout.c(14): web_set_sockets_option started  	[MsgId: MMSG-26355]
UC3_LoginLogout.c(14): web_set_sockets_option was successful  	[MsgId: MMSG-26392]
UC3_LoginLogout.c(18): web_url("welcome.pl") started  	[MsgId: MMSG-26355]
UC3_LoginLogout.c(18): Error -27792: Failed to connect to server "127.0.0.1:1080": [10061] Connection refused  	[MsgId: MERR-27792]
UC3_LoginLogout.c(18): Error -26377: No match found for the requested parameter "userSession". Either the specified boundaries were not found in the response or the matched text is longer than current max html parameter size of 256 bytes. The total length of the response is 0 bytes. You can use "web_set_max_html_param_len" to increase the max parameter size.  	[MsgId: MERR-26377]
UC3_LoginLogout.c(18): Error -26366: "Text=Web Tours" not found for web_reg_find  	[MsgId: MERR-26366]
UC3_LoginLogout.c(18): Error -26374: The above "not found" error(s) may be explained by header and body byte counts being 0 and 0, respectively.  	[MsgId: MERR-26374]
End auto log messages stack.	[MsgId: MMSG-10544]


Start auto log messages stack - Iteration 5.	[MsgId: MMSG-10545]
Starting action UC3_LoginLogout.	[MsgId: MMSG-15919]
UC3_LoginLogout.c(3): Notify: Transaction "Login/Logout" started.	[MsgId: MMSG-16999]
UC3_LoginLogout.c(5): Notify: Transaction "StartPage" started.	[MsgId: MMSG-16999]
UC3_LoginLogout.c(7): web_reg_save_param started  	[MsgId: MMSG-26355]
UC3_LoginLogout.c(7): Registering web_reg_save_param was successful  	[MsgId: MMSG-26390]
UC3_LoginLogout.c(12): web_reg_find started  	[MsgId: MMSG-26355]
UC3_LoginLogout.c(12): Registering web_reg_find was successful  	[MsgId: MMSG-26390]
UC3_LoginLogout.c(14): web_set_sockets_option started  	[MsgId: MMSG-26355]
UC3_LoginLogout.c(14): web_set_sockets_option was successful  	[MsgId: MMSG-26392]
UC3_LoginLogout.c(18): web_url("welcome.pl") started  	[MsgId: MMSG-26355]
UC3_LoginLogout.c(18): Error -27792: Failed to connect to server "127.0.0.1:1080": [10061] Connection refused  	[MsgId: MERR-27792]
UC3_LoginLogout.c(18): Error -26377: No match found for the requested parameter "userSession". Either the specified boundaries were not found in the response or the matched text is longer than current max html parameter size of 256 bytes. The total length of the response is 0 bytes. You can use "web_set_max_html_param_len" to increase the max parameter size.  	[MsgId: MERR-26377]
UC3_LoginLogout.c(18): Error -26366: "Text=Web Tours" not found for web_reg_find  	[MsgId: MERR-26366]
UC3_LoginLogout.c(18): Error -26374: The above "not found" error(s) may be explained by header and body byte counts being 0 and 0, respectively.  	[MsgId: MERR-26374]
End auto log messages stack.	[MsgId: MMSG-10544]


Start auto log messages stack - Iteration 6.	[MsgId: MMSG-10545]
Starting action UC3_LoginLogout.	[MsgId: MMSG-15919]
UC3_LoginLogout.c(3): Notify: Transaction "Login/Logout" started.	[MsgId: MMSG-16999]
UC3_LoginLogout.c(5): Notify: Transaction "StartPage" started.	[MsgId: MMSG-16999]
UC3_LoginLogout.c(7): web_reg_save_param started  	[MsgId: MMSG-26355]
UC3_LoginLogout.c(7): Registering web_reg_save_param was successful  	[MsgId: MMSG-26390]
UC3_LoginLogout.c(12): web_reg_find started  	[MsgId: MMSG-26355]
UC3_LoginLogout.c(12): Registering web_reg_find was successful  	[MsgId: MMSG-26390]
UC3_LoginLogout.c(14): web_set_sockets_option started  	[MsgId: MMSG-26355]
UC3_LoginLogout.c(14): web_set_sockets_option was successful  	[MsgId: MMSG-26392]
UC3_LoginLogout.c(18): web_url("welcome.pl") started  	[MsgId: MMSG-26355]
UC3_LoginLogout.c(18): Error -27792: Failed to connect to server "127.0.0.1:1080": [10061] Connection refused  	[MsgId: MERR-27792]
UC3_LoginLogout.c(18): Error -26377: No match found for the requested parameter "userSession". Either the specified boundaries were not found in the response or the matched text is longer than current max html parameter size of 256 bytes. The total length of the response is 0 bytes. You can use "web_set_max_html_param_len" to increase the max parameter size.  	[MsgId: MERR-26377]
UC3_LoginLogout.c(18): Error -26366: "Text=Web Tours" not found for web_reg_find  	[MsgId: MERR-26366]
UC3_LoginLogout.c(18): Error -26374: The above "not found" error(s) may be explained by header and body byte counts being 0 and 0, respectively.  	[MsgId: MERR-26374]
End auto log messages stack.	[MsgId: MMSG-10544]


Start auto log messages stack - Iteration 7.	[MsgId: MMSG-10545]
Starting action UC3_LoginLogout.	[MsgId: MMSG-15919]
UC3_LoginLogout.c(3): Notify: Transaction "Login/Logout" started.	[MsgId: MMSG-16999]
UC3_LoginLogout.c(5): Notify: Transaction "StartPage" started.	[MsgId: MMSG-16999]
UC3_LoginLogout.c(7): web_reg_save_param started  	[MsgId: MMSG-26355]
UC3_LoginLogout.c(7): Registering web_reg_save_param was successful  	[MsgId: MMSG-26390]
UC3_LoginLogout.c(12): web_reg_find started  	[MsgId: MMSG-26355]
UC3_LoginLogout.c(12): Registering web_reg_find was successful  	[MsgId: MMSG-26390]
UC3_LoginLogout.c(14): web_set_sockets_option started  	[MsgId: MMSG-26355]
UC3_LoginLogout.c(14): web_set_sockets_option was successful  	[MsgId: MMSG-26392]
UC3_LoginLogout.c(18): web_url("welcome.pl") started  	[MsgId: MMSG-26355]
UC3_LoginLogout.c(18): Error -27792: Failed to connect to server "127.0.0.1:1080": [10061] Connection refused  	[MsgId: MERR-27792]
UC3_LoginLogout.c(18): Error -26377: No match found for the requested parameter "userSession". Either the specified boundaries were not found in the response or the matched text is longer than current max html parameter size of 256 bytes. The total length of the response is 0 bytes. You can use "web_set_max_html_param_len" to increase the max parameter size.  	[MsgId: MERR-26377]
UC3_LoginLogout.c(18): Error -26366: "Text=Web Tours" not found for web_reg_find  	[MsgId: MERR-26366]
UC3_LoginLogout.c(18): Error -26374: The above "not found" error(s) may be explained by header and body byte counts being 0 and 0, respectively.  	[MsgId: MERR-26374]
End auto log messages stack.	[MsgId: MMSG-10544]


Start auto log messages stack - Iteration 8.	[MsgId: MMSG-10545]
Starting action UC3_LoginLogout.	[MsgId: MMSG-15919]
UC3_LoginLogout.c(3): Notify: Transaction "Login/Logout" started.	[MsgId: MMSG-16999]
UC3_LoginLogout.c(5): Notify: Transaction "StartPage" started.	[MsgId: MMSG-16999]
UC3_LoginLogout.c(7): web_reg_save_param started  	[MsgId: MMSG-26355]
UC3_LoginLogout.c(7): Registering web_reg_save_param was successful  	[MsgId: MMSG-26390]
UC3_LoginLogout.c(12): web_reg_find started  	[MsgId: MMSG-26355]
UC3_LoginLogout.c(12): Registering web_reg_find was successful  	[MsgId: MMSG-26390]
UC3_LoginLogout.c(14): web_set_sockets_option started  	[MsgId: MMSG-26355]
UC3_LoginLogout.c(14): web_set_sockets_option was successful  	[MsgId: MMSG-26392]
UC3_LoginLogout.c(18): web_url("welcome.pl") started  	[MsgId: MMSG-26355]
UC3_LoginLogout.c(18): Error -27792: Failed to connect to server "127.0.0.1:1080": [10061] Connection refused  	[MsgId: MERR-27792]
UC3_LoginLogout.c(18): Error -26377: No match found for the requested parameter "userSession". Either the specified boundaries were not found in the response or the matched text is longer than current max html parameter size of 256 bytes. The total length of the response is 0 bytes. You can use "web_set_max_html_param_len" to increase the max parameter size.  	[MsgId: MERR-26377]
UC3_LoginLogout.c(18): Error -26366: "Text=Web Tours" not found for web_reg_find  	[MsgId: MERR-26366]
UC3_LoginLogout.c(18): Error -26374: The above "not found" error(s) may be explained by header and body byte counts being 0 and 0, respectively.  	[MsgId: MERR-26374]
End auto log messages stack.	[MsgId: MMSG-10544]


Start auto log messages stack - Iteration 9.	[MsgId: MMSG-10545]
Starting action UC3_LoginLogout.	[MsgId: MMSG-15919]
UC3_LoginLogout.c(3): Notify: Transaction "Login/Logout" started.	[MsgId: MMSG-16999]
UC3_LoginLogout.c(5): Notify: Transaction "StartPage" started.	[MsgId: MMSG-16999]
UC3_LoginLogout.c(7): web_reg_save_param started  	[MsgId: MMSG-26355]
UC3_LoginLogout.c(7): Registering web_reg_save_param was successful  	[MsgId: MMSG-26390]
UC3_LoginLogout.c(12): web_reg_find started  	[MsgId: MMSG-26355]
UC3_LoginLogout.c(12): Registering web_reg_find was successful  	[MsgId: MMSG-26390]
UC3_LoginLogout.c(14): web_set_sockets_option started  	[MsgId: MMSG-26355]
UC3_LoginLogout.c(14): web_set_sockets_option was successful  	[MsgId: MMSG-26392]
UC3_LoginLogout.c(18): web_url("welcome.pl") started  	[MsgId: MMSG-26355]
UC3_LoginLogout.c(18): Error -27792: Failed to connect to server "127.0.0.1:1080": [10061] Connection refused  	[MsgId: MERR-27792]
UC3_LoginLogout.c(18): Error -26377: No match found for the requested parameter "userSession". Either the specified boundaries were not found in the response or the matched text is longer than current max html parameter size of 256 bytes. The total length of the response is 0 bytes. You can use "web_set_max_html_param_len" to increase the max parameter size.  	[MsgId: MERR-26377]
UC3_LoginLogout.c(18): Error -26366: "Text=Web Tours" not found for web_reg_find  	[MsgId: MERR-26366]
UC3_LoginLogout.c(18): Error -26374: The above "not found" error(s) may be explained by header and body byte counts being 0 and 0, respectively.  	[MsgId: MERR-26374]
End auto log messages stack.	[MsgId: MMSG-10544]


Start auto log messages stack - Iteration 10.	[MsgId: MMSG-10545]
Starting action UC3_LoginLogout.	[MsgId: MMSG-15919]
UC3_LoginLogout.c(3): Notify: Transaction "Login/Logout" started.	[MsgId: MMSG-16999]
UC3_LoginLogout.c(5): Notify: Transaction "StartPage" started.	[MsgId: MMSG-16999]
UC3_LoginLogout.c(7): web_reg_save_param started  	[MsgId: MMSG-26355]
UC3_LoginLogout.c(7): Registering web_reg_save_param was successful  	[MsgId: MMSG-26390]
UC3_LoginLogout.c(12): web_reg_find started  	[MsgId: MMSG-26355]
UC3_LoginLogout.c(12): Registering web_reg_find was successful  	[MsgId: MMSG-26390]
UC3_LoginLogout.c(14): web_set_sockets_option started  	[MsgId: MMSG-26355]
UC3_LoginLogout.c(14): web_set_sockets_option was successful  	[MsgId: MMSG-26392]
UC3_LoginLogout.c(18): web_url("welcome.pl") started  	[MsgId: MMSG-26355]
UC3_LoginLogout.c(18): Error -27792: Failed to connect to server "127.0.0.1:1080": [10061] Connection refused  	[MsgId: MERR-27792]
UC3_LoginLogout.c(18): Error -26377: No match found for the requested parameter "userSession". Either the specified boundaries were not found in the response or the matched text is longer than current max html parameter size of 256 bytes. The total length of the response is 0 bytes. You can use "web_set_max_html_param_len" to increase the max parameter size.  	[MsgId: MERR-26377]
UC3_LoginLogout.c(18): Error -26366: "Text=Web Tours" not found for web_reg_find  	[MsgId: MERR-26366]
UC3_LoginLogout.c(18): Error -26374: The above "not found" error(s) may be explained by header and body byte counts being 0 and 0, respectively.  	[MsgId: MERR-26374]
End auto log messages stack.	[MsgId: MMSG-10544]


Start auto log messages stack - Iteration 11.	[MsgId: MMSG-10545]
Starting action UC3_LoginLogout.	[MsgId: MMSG-15919]
UC3_LoginLogout.c(3): Notify: Transaction "Login/Logout" started.	[MsgId: MMSG-16999]
UC3_LoginLogout.c(5): Notify: Transaction "StartPage" started.	[MsgId: MMSG-16999]
UC3_LoginLogout.c(7): web_reg_save_param started  	[MsgId: MMSG-26355]
UC3_LoginLogout.c(7): Registering web_reg_save_param was successful  	[MsgId: MMSG-26390]
UC3_LoginLogout.c(12): web_reg_find started  	[MsgId: MMSG-26355]
UC3_LoginLogout.c(12): Registering web_reg_find was successful  	[MsgId: MMSG-26390]
UC3_LoginLogout.c(14): web_set_sockets_option started  	[MsgId: MMSG-26355]
UC3_LoginLogout.c(14): web_set_sockets_option was successful  	[MsgId: MMSG-26392]
UC3_LoginLogout.c(18): web_url("welcome.pl") started  	[MsgId: MMSG-26355]
UC3_LoginLogout.c(18): Error -27792: Failed to connect to server "127.0.0.1:1080": [10061] Connection refused  	[MsgId: MERR-27792]
UC3_LoginLogout.c(18): Error -26377: No match found for the requested parameter "userSession". Either the specified boundaries were not found in the response or the matched text is longer than current max html parameter size of 256 bytes. The total length of the response is 0 bytes. You can use "web_set_max_html_param_len" to increase the max parameter size.  	[MsgId: MERR-26377]
UC3_LoginLogout.c(18): Error -26366: "Text=Web Tours" not found for web_reg_find  	[MsgId: MERR-26366]
UC3_LoginLogout.c(18): Error -26374: The above "not found" error(s) may be explained by header and body byte counts being 0 and 0, respectively.  	[MsgId: MERR-26374]
End auto log messages stack.	[MsgId: MMSG-10544]


Start auto log messages stack - Iteration 12.	[MsgId: MMSG-10545]
Starting action UC3_LoginLogout.	[MsgId: MMSG-15919]
UC3_LoginLogout.c(3): Notify: Transaction "Login/Logout" started.	[MsgId: MMSG-16999]
UC3_LoginLogout.c(5): Notify: Transaction "StartPage" started.	[MsgId: MMSG-16999]
UC3_LoginLogout.c(7): web_reg_save_param started  	[MsgId: MMSG-26355]
UC3_LoginLogout.c(7): Registering web_reg_save_param was successful  	[MsgId: MMSG-26390]
UC3_LoginLogout.c(12): web_reg_find started  	[MsgId: MMSG-26355]
UC3_LoginLogout.c(12): Registering web_reg_find was successful  	[MsgId: MMSG-26390]
UC3_LoginLogout.c(14): web_set_sockets_option started  	[MsgId: MMSG-26355]
UC3_LoginLogout.c(14): web_set_sockets_option was successful  	[MsgId: MMSG-26392]
UC3_LoginLogout.c(18): web_url("welcome.pl") started  	[MsgId: MMSG-26355]
UC3_LoginLogout.c(18): Error -27792: Failed to connect to server "127.0.0.1:1080": [10061] Connection refused  	[MsgId: MERR-27792]
UC3_LoginLogout.c(18): Error -26377: No match found for the requested parameter "userSession". Either the specified boundaries were not found in the response or the matched text is longer than current max html parameter size of 256 bytes. The total length of the response is 0 bytes. You can use "web_set_max_html_param_len" to increase the max parameter size.  	[MsgId: MERR-26377]
UC3_LoginLogout.c(18): Error -26366: "Text=Web Tours" not found for web_reg_find  	[MsgId: MERR-26366]
UC3_LoginLogout.c(18): Error -26374: The above "not found" error(s) may be explained by header and body byte counts being 0 and 0, respectively.  	[MsgId: MERR-26374]
End auto log messages stack.	[MsgId: MMSG-10544]


Start auto log messages stack - Iteration 13.	[MsgId: MMSG-10545]
Starting action UC3_LoginLogout.	[MsgId: MMSG-15919]
UC3_LoginLogout.c(3): Notify: Transaction "Login/Logout" started.	[MsgId: MMSG-16999]
UC3_LoginLogout.c(5): Notify: Transaction "StartPage" started.	[MsgId: MMSG-16999]
UC3_LoginLogout.c(7): web_reg_save_param started  	[MsgId: MMSG-26355]
UC3_LoginLogout.c(7): Registering web_reg_save_param was successful  	[MsgId: MMSG-26390]
UC3_LoginLogout.c(12): web_reg_find started  	[MsgId: MMSG-26355]
UC3_LoginLogout.c(12): Registering web_reg_find was successful  	[MsgId: MMSG-26390]
UC3_LoginLogout.c(14): web_set_sockets_option started  	[MsgId: MMSG-26355]
UC3_LoginLogout.c(14): web_set_sockets_option was successful  	[MsgId: MMSG-26392]
UC3_LoginLogout.c(18): web_url("welcome.pl") started  	[MsgId: MMSG-26355]
UC3_LoginLogout.c(18): Error -27792: Failed to connect to server "127.0.0.1:1080": [10061] Connection refused  	[MsgId: MERR-27792]
UC3_LoginLogout.c(18): Error -26377: No match found for the requested parameter "userSession". Either the specified boundaries were not found in the response or the matched text is longer than current max html parameter size of 256 bytes. The total length of the response is 0 bytes. You can use "web_set_max_html_param_len" to increase the max parameter size.  	[MsgId: MERR-26377]
UC3_LoginLogout.c(18): Error -26366: "Text=Web Tours" not found for web_reg_find  	[MsgId: MERR-26366]
UC3_LoginLogout.c(18): Error -26374: The above "not found" error(s) may be explained by header and body byte counts being 0 and 0, respectively.  	[MsgId: MERR-26374]
End auto log messages stack.	[MsgId: MMSG-10544]


Start auto log messages stack - Iteration 14.	[MsgId: MMSG-10545]
Starting action UC3_LoginLogout.	[MsgId: MMSG-15919]
UC3_LoginLogout.c(3): Notify: Transaction "Login/Logout" started.	[MsgId: MMSG-16999]
UC3_LoginLogout.c(5): Notify: Transaction "StartPage" started.	[MsgId: MMSG-16999]
UC3_LoginLogout.c(7): web_reg_save_param started  	[MsgId: MMSG-26355]
UC3_LoginLogout.c(7): Registering web_reg_save_param was successful  	[MsgId: MMSG-26390]
UC3_LoginLogout.c(12): web_reg_find started  	[MsgId: MMSG-26355]
UC3_LoginLogout.c(12): Registering web_reg_find was successful  	[MsgId: MMSG-26390]
UC3_LoginLogout.c(14): web_set_sockets_option started  	[MsgId: MMSG-26355]
UC3_LoginLogout.c(14): web_set_sockets_option was successful  	[MsgId: MMSG-26392]
UC3_LoginLogout.c(18): web_url("welcome.pl") started  	[MsgId: MMSG-26355]
UC3_LoginLogout.c(18): Error -27792: Failed to connect to server "127.0.0.1:1080": [10061] Connection refused  	[MsgId: MERR-27792]
UC3_LoginLogout.c(18): Error -26377: No match found for the requested parameter "userSession". Either the specified boundaries were not found in the response or the matched text is longer than current max html parameter size of 256 bytes. The total length of the response is 0 bytes. You can use "web_set_max_html_param_len" to increase the max parameter size.  	[MsgId: MERR-26377]
UC3_LoginLogout.c(18): Error -26366: "Text=Web Tours" not found for web_reg_find  	[MsgId: MERR-26366]
UC3_LoginLogout.c(18): Error -26374: The above "not found" error(s) may be explained by header and body byte counts being 0 and 0, respectively.  	[MsgId: MERR-26374]
End auto log messages stack.	[MsgId: MMSG-10544]


Start auto log messages stack - Iteration 15.	[MsgId: MMSG-10545]
Starting action UC3_LoginLogout.	[MsgId: MMSG-15919]
UC3_LoginLogout.c(3): Notify: Transaction "Login/Logout" started.	[MsgId: MMSG-16999]
UC3_LoginLogout.c(5): Notify: Transaction "StartPage" started.	[MsgId: MMSG-16999]
UC3_LoginLogout.c(7): web_reg_save_param started  	[MsgId: MMSG-26355]
UC3_LoginLogout.c(7): Registering web_reg_save_param was successful  	[MsgId: MMSG-26390]
UC3_LoginLogout.c(12): web_reg_find started  	[MsgId: MMSG-26355]
UC3_LoginLogout.c(12): Registering web_reg_find was successful  	[MsgId: MMSG-26390]
UC3_LoginLogout.c(14): web_set_sockets_option started  	[MsgId: MMSG-26355]
UC3_LoginLogout.c(14): web_set_sockets_option was successful  	[MsgId: MMSG-26392]
UC3_LoginLogout.c(18): web_url("welcome.pl") started  	[MsgId: MMSG-26355]
UC3_LoginLogout.c(18): Error -27792: Failed to connect to server "127.0.0.1:1080": [10061] Connection refused  	[MsgId: MERR-27792]
UC3_LoginLogout.c(18): Error -26377: No match found for the requested parameter "userSession". Either the specified boundaries were not found in the response or the matched text is longer than current max html parameter size of 256 bytes. The total length of the response is 0 bytes. You can use "web_set_max_html_param_len" to increase the max parameter size.  	[MsgId: MERR-26377]
UC3_LoginLogout.c(18): Error -26366: "Text=Web Tours" not found for web_reg_find  	[MsgId: MERR-26366]
UC3_LoginLogout.c(18): Error -26374: The above "not found" error(s) may be explained by header and body byte counts being 0 and 0, respectively.  	[MsgId: MERR-26374]
End auto log messages stack.	[MsgId: MMSG-10544]


Start auto log messages stack - Iteration 16.	[MsgId: MMSG-10545]
Starting action UC3_LoginLogout.	[MsgId: MMSG-15919]
UC3_LoginLogout.c(3): Notify: Transaction "Login/Logout" started.	[MsgId: MMSG-16999]
UC3_LoginLogout.c(5): Notify: Transaction "StartPage" started.	[MsgId: MMSG-16999]
UC3_LoginLogout.c(7): web_reg_save_param started  	[MsgId: MMSG-26355]
UC3_LoginLogout.c(7): Registering web_reg_save_param was successful  	[MsgId: MMSG-26390]
UC3_LoginLogout.c(12): web_reg_find started  	[MsgId: MMSG-26355]
UC3_LoginLogout.c(12): Registering web_reg_find was successful  	[MsgId: MMSG-26390]
UC3_LoginLogout.c(14): web_set_sockets_option started  	[MsgId: MMSG-26355]
UC3_LoginLogout.c(14): web_set_sockets_option was successful  	[MsgId: MMSG-26392]
UC3_LoginLogout.c(18): web_url("welcome.pl") started  	[MsgId: MMSG-26355]
UC3_LoginLogout.c(18): Error -27792: Failed to connect to server "127.0.0.1:1080": [10061] Connection refused  	[MsgId: MERR-27792]
UC3_LoginLogout.c(18): Error -26377: No match found for the requested parameter "userSession". Either the specified boundaries were not found in the response or the matched text is longer than current max html parameter size of 256 bytes. The total length of the response is 0 bytes. You can use "web_set_max_html_param_len" to increase the max parameter size.  	[MsgId: MERR-26377]
UC3_LoginLogout.c(18): Error -26366: "Text=Web Tours" not found for web_reg_find  	[MsgId: MERR-26366]
UC3_LoginLogout.c(18): Error -26374: The above "not found" error(s) may be explained by header and body byte counts being 0 and 0, respectively.  	[MsgId: MERR-26374]
End auto log messages stack.	[MsgId: MMSG-10544]


Start auto log messages stack - Iteration 17.	[MsgId: MMSG-10545]
Starting action UC3_LoginLogout.	[MsgId: MMSG-15919]
UC3_LoginLogout.c(3): Notify: Transaction "Login/Logout" started.	[MsgId: MMSG-16999]
UC3_LoginLogout.c(5): Notify: Transaction "StartPage" started.	[MsgId: MMSG-16999]
UC3_LoginLogout.c(7): web_reg_save_param started  	[MsgId: MMSG-26355]
UC3_LoginLogout.c(7): Registering web_reg_save_param was successful  	[MsgId: MMSG-26390]
UC3_LoginLogout.c(12): web_reg_find started  	[MsgId: MMSG-26355]
UC3_LoginLogout.c(12): Registering web_reg_find was successful  	[MsgId: MMSG-26390]
UC3_LoginLogout.c(14): web_set_sockets_option started  	[MsgId: MMSG-26355]
UC3_LoginLogout.c(14): web_set_sockets_option was successful  	[MsgId: MMSG-26392]
UC3_LoginLogout.c(18): web_url("welcome.pl") started  	[MsgId: MMSG-26355]
UC3_LoginLogout.c(18): Error -27792: Failed to connect to server "127.0.0.1:1080": [10061] Connection refused  	[MsgId: MERR-27792]
UC3_LoginLogout.c(18): Error -26377: No match found for the requested parameter "userSession". Either the specified boundaries were not found in the response or the matched text is longer than current max html parameter size of 256 bytes. The total length of the response is 0 bytes. You can use "web_set_max_html_param_len" to increase the max parameter size.  	[MsgId: MERR-26377]
UC3_LoginLogout.c(18): Error -26366: "Text=Web Tours" not found for web_reg_find  	[MsgId: MERR-26366]
UC3_LoginLogout.c(18): Error -26374: The above "not found" error(s) may be explained by header and body byte counts being 0 and 0, respectively.  	[MsgId: MERR-26374]
End auto log messages stack.	[MsgId: MMSG-10544]


Start auto log messages stack - Iteration 18.	[MsgId: MMSG-10545]
Starting action UC3_LoginLogout.	[MsgId: MMSG-15919]
UC3_LoginLogout.c(3): Notify: Transaction "Login/Logout" started.	[MsgId: MMSG-16999]
UC3_LoginLogout.c(5): Notify: Transaction "StartPage" started.	[MsgId: MMSG-16999]
UC3_LoginLogout.c(7): web_reg_save_param started  	[MsgId: MMSG-26355]
UC3_LoginLogout.c(7): Registering web_reg_save_param was successful  	[MsgId: MMSG-26390]
UC3_LoginLogout.c(12): web_reg_find started  	[MsgId: MMSG-26355]
UC3_LoginLogout.c(12): Registering web_reg_find was successful  	[MsgId: MMSG-26390]
UC3_LoginLogout.c(14): web_set_sockets_option started  	[MsgId: MMSG-26355]
UC3_LoginLogout.c(14): web_set_sockets_option was successful  	[MsgId: MMSG-26392]
UC3_LoginLogout.c(18): web_url("welcome.pl") started  	[MsgId: MMSG-26355]
UC3_LoginLogout.c(18): Error -27792: Failed to connect to server "127.0.0.1:1080": [10061] Connection refused  	[MsgId: MERR-27792]
UC3_LoginLogout.c(18): Error -26377: No match found for the requested parameter "userSession". Either the specified boundaries were not found in the response or the matched text is longer than current max html parameter size of 256 bytes. The total length of the response is 0 bytes. You can use "web_set_max_html_param_len" to increase the max parameter size.  	[MsgId: MERR-26377]
UC3_LoginLogout.c(18): Error -26366: "Text=Web Tours" not found for web_reg_find  	[MsgId: MERR-26366]
UC3_LoginLogout.c(18): Error -26374: The above "not found" error(s) may be explained by header and body byte counts being 0 and 0, respectively.  	[MsgId: MERR-26374]
End auto log messages stack.	[MsgId: MMSG-10544]


Start auto log messages stack - Iteration 19.	[MsgId: MMSG-10545]
Starting action UC3_LoginLogout.	[MsgId: MMSG-15919]
UC3_LoginLogout.c(3): Notify: Transaction "Login/Logout" started.	[MsgId: MMSG-16999]
UC3_LoginLogout.c(5): Notify: Transaction "StartPage" started.	[MsgId: MMSG-16999]
UC3_LoginLogout.c(7): web_reg_save_param started  	[MsgId: MMSG-26355]
UC3_LoginLogout.c(7): Registering web_reg_save_param was successful  	[MsgId: MMSG-26390]
UC3_LoginLogout.c(12): web_reg_find started  	[MsgId: MMSG-26355]
UC3_LoginLogout.c(12): Registering web_reg_find was successful  	[MsgId: MMSG-26390]
UC3_LoginLogout.c(14): web_set_sockets_option started  	[MsgId: MMSG-26355]
UC3_LoginLogout.c(14): web_set_sockets_option was successful  	[MsgId: MMSG-26392]
UC3_LoginLogout.c(18): web_url("welcome.pl") started  	[MsgId: MMSG-26355]
UC3_LoginLogout.c(18): Error -27792: Failed to connect to server "127.0.0.1:1080": [10061] Connection refused  	[MsgId: MERR-27792]
UC3_LoginLogout.c(18): Error -26377: No match found for the requested parameter "userSession". Either the specified boundaries were not found in the response or the matched text is longer than current max html parameter size of 256 bytes. The total length of the response is 0 bytes. You can use "web_set_max_html_param_len" to increase the max parameter size.  	[MsgId: MERR-26377]
UC3_LoginLogout.c(18): Error -26366: "Text=Web Tours" not found for web_reg_find  	[MsgId: MERR-26366]
UC3_LoginLogout.c(18): Error -26374: The above "not found" error(s) may be explained by header and body byte counts being 0 and 0, respectively.  	[MsgId: MERR-26374]
End auto log messages stack.	[MsgId: MMSG-10544]


Start auto log messages stack - Iteration 20.	[MsgId: MMSG-10545]
Starting action UC3_LoginLogout.	[MsgId: MMSG-15919]
UC3_LoginLogout.c(3): Notify: Transaction "Login/Logout" started.	[MsgId: MMSG-16999]
UC3_LoginLogout.c(5): Notify: Transaction "StartPage" started.	[MsgId: MMSG-16999]
UC3_LoginLogout.c(7): web_reg_save_param started  	[MsgId: MMSG-26355]
UC3_LoginLogout.c(7): Registering web_reg_save_param was successful  	[MsgId: MMSG-26390]
UC3_LoginLogout.c(12): web_reg_find started  	[MsgId: MMSG-26355]
UC3_LoginLogout.c(12): Registering web_reg_find was successful  	[MsgId: MMSG-26390]
UC3_LoginLogout.c(14): web_set_sockets_option started  	[MsgId: MMSG-26355]
UC3_LoginLogout.c(14): web_set_sockets_option was successful  	[MsgId: MMSG-26392]
UC3_LoginLogout.c(18): web_url("welcome.pl") started  	[MsgId: MMSG-26355]
UC3_LoginLogout.c(18): Error -27792: Failed to connect to server "127.0.0.1:1080": [10061] Connection refused  	[MsgId: MERR-27792]
UC3_LoginLogout.c(18): Error -26377: No match found for the requested parameter "userSession". Either the specified boundaries were not found in the response or the matched text is longer than current max html parameter size of 256 bytes. The total length of the response is 0 bytes. You can use "web_set_max_html_param_len" to increase the max parameter size.  	[MsgId: MERR-26377]
UC3_LoginLogout.c(18): Error -26366: "Text=Web Tours" not found for web_reg_find  	[MsgId: MERR-26366]
UC3_LoginLogout.c(18): Error -26374: The above "not found" error(s) may be explained by header and body byte counts being 0 and 0, respectively.  	[MsgId: MERR-26374]
End auto log messages stack.	[MsgId: MMSG-10544]


Start auto log messages stack - Iteration 21.	[MsgId: MMSG-10545]
Starting action UC3_LoginLogout.	[MsgId: MMSG-15919]
UC3_LoginLogout.c(3): Notify: Transaction "Login/Logout" started.	[MsgId: MMSG-16999]
UC3_LoginLogout.c(5): Notify: Transaction "StartPage" started.	[MsgId: MMSG-16999]
UC3_LoginLogout.c(7): web_reg_save_param started  	[MsgId: MMSG-26355]
UC3_LoginLogout.c(7): Registering web_reg_save_param was successful  	[MsgId: MMSG-26390]
UC3_LoginLogout.c(12): web_reg_find started  	[MsgId: MMSG-26355]
UC3_LoginLogout.c(12): Registering web_reg_find was successful  	[MsgId: MMSG-26390]
UC3_LoginLogout.c(14): web_set_sockets_option started  	[MsgId: MMSG-26355]
UC3_LoginLogout.c(14): web_set_sockets_option was successful  	[MsgId: MMSG-26392]
UC3_LoginLogout.c(18): web_url("welcome.pl") started  	[MsgId: MMSG-26355]
UC3_LoginLogout.c(18): Error -27792: Failed to connect to server "127.0.0.1:1080": [10061] Connection refused  	[MsgId: MERR-27792]
UC3_LoginLogout.c(18): Error -26377: No match found for the requested parameter "userSession". Either the specified boundaries were not found in the response or the matched text is longer than current max html parameter size of 256 bytes. The total length of the response is 0 bytes. You can use "web_set_max_html_param_len" to increase the max parameter size.  	[MsgId: MERR-26377]
UC3_LoginLogout.c(18): Error -26366: "Text=Web Tours" not found for web_reg_find  	[MsgId: MERR-26366]
UC3_LoginLogout.c(18): Error -26374: The above "not found" error(s) may be explained by header and body byte counts being 0 and 0, respectively.  	[MsgId: MERR-26374]
End auto log messages stack.	[MsgId: MMSG-10544]


Start auto log messages stack - Iteration 22.	[MsgId: MMSG-10545]
Starting action UC3_LoginLogout.	[MsgId: MMSG-15919]
UC3_LoginLogout.c(3): Notify: Transaction "Login/Logout" started.	[MsgId: MMSG-16999]
UC3_LoginLogout.c(5): Notify: Transaction "StartPage" started.	[MsgId: MMSG-16999]
UC3_LoginLogout.c(7): web_reg_save_param started  	[MsgId: MMSG-26355]
UC3_LoginLogout.c(7): Registering web_reg_save_param was successful  	[MsgId: MMSG-26390]
UC3_LoginLogout.c(12): web_reg_find started  	[MsgId: MMSG-26355]
UC3_LoginLogout.c(12): Registering web_reg_find was successful  	[MsgId: MMSG-26390]
UC3_LoginLogout.c(14): web_set_sockets_option started  	[MsgId: MMSG-26355]
UC3_LoginLogout.c(14): web_set_sockets_option was successful  	[MsgId: MMSG-26392]
UC3_LoginLogout.c(18): web_url("welcome.pl") started  	[MsgId: MMSG-26355]
UC3_LoginLogout.c(18): Error -27792: Failed to connect to server "127.0.0.1:1080": [10061] Connection refused  	[MsgId: MERR-27792]
UC3_LoginLogout.c(18): Error -26377: No match found for the requested parameter "userSession". Either the specified boundaries were not found in the response or the matched text is longer than current max html parameter size of 256 bytes. The total length of the response is 0 bytes. You can use "web_set_max_html_param_len" to increase the max parameter size.  	[MsgId: MERR-26377]
UC3_LoginLogout.c(18): Error -26366: "Text=Web Tours" not found for web_reg_find  	[MsgId: MERR-26366]
UC3_LoginLogout.c(18): Error -26374: The above "not found" error(s) may be explained by header and body byte counts being 0 and 0, respectively.  	[MsgId: MERR-26374]
End auto log messages stack.	[MsgId: MMSG-10544]


Start auto log messages stack - Iteration 23.	[MsgId: MMSG-10545]
Starting action UC3_LoginLogout.	[MsgId: MMSG-15919]
UC3_LoginLogout.c(3): Notify: Transaction "Login/Logout" started.	[MsgId: MMSG-16999]
UC3_LoginLogout.c(5): Notify: Transaction "StartPage" started.	[MsgId: MMSG-16999]
UC3_LoginLogout.c(7): web_reg_save_param started  	[MsgId: MMSG-26355]
UC3_LoginLogout.c(7): Registering web_reg_save_param was successful  	[MsgId: MMSG-26390]
UC3_LoginLogout.c(12): web_reg_find started  	[MsgId: MMSG-26355]
UC3_LoginLogout.c(12): Registering web_reg_find was successful  	[MsgId: MMSG-26390]
UC3_LoginLogout.c(14): web_set_sockets_option started  	[MsgId: MMSG-26355]
UC3_LoginLogout.c(14): web_set_sockets_option was successful  	[MsgId: MMSG-26392]
UC3_LoginLogout.c(18): web_url("welcome.pl") started  	[MsgId: MMSG-26355]
UC3_LoginLogout.c(18): Error -27792: Failed to connect to server "127.0.0.1:1080": [10061] Connection refused  	[MsgId: MERR-27792]
UC3_LoginLogout.c(18): Error -26377: No match found for the requested parameter "userSession". Either the specified boundaries were not found in the response or the matched text is longer than current max html parameter size of 256 bytes. The total length of the response is 0 bytes. You can use "web_set_max_html_param_len" to increase the max parameter size.  	[MsgId: MERR-26377]
UC3_LoginLogout.c(18): Error -26366: "Text=Web Tours" not found for web_reg_find  	[MsgId: MERR-26366]
UC3_LoginLogout.c(18): Error -26374: The above "not found" error(s) may be explained by header and body byte counts being 0 and 0, respectively.  	[MsgId: MERR-26374]
End auto log messages stack.	[MsgId: MMSG-10544]


Start auto log messages stack - Iteration 24.	[MsgId: MMSG-10545]
Starting action UC3_LoginLogout.	[MsgId: MMSG-15919]
UC3_LoginLogout.c(3): Notify: Transaction "Login/Logout" started.	[MsgId: MMSG-16999]
UC3_LoginLogout.c(5): Notify: Transaction "StartPage" started.	[MsgId: MMSG-16999]
UC3_LoginLogout.c(7): web_reg_save_param started  	[MsgId: MMSG-26355]
UC3_LoginLogout.c(7): Registering web_reg_save_param was successful  	[MsgId: MMSG-26390]
UC3_LoginLogout.c(12): web_reg_find started  	[MsgId: MMSG-26355]
UC3_LoginLogout.c(12): Registering web_reg_find was successful  	[MsgId: MMSG-26390]
UC3_LoginLogout.c(14): web_set_sockets_option started  	[MsgId: MMSG-26355]
UC3_LoginLogout.c(14): web_set_sockets_option was successful  	[MsgId: MMSG-26392]
UC3_LoginLogout.c(18): web_url("welcome.pl") started  	[MsgId: MMSG-26355]
UC3_LoginLogout.c(18): Error -27792: Failed to connect to server "127.0.0.1:1080": [10061] Connection refused  	[MsgId: MERR-27792]
UC3_LoginLogout.c(18): Error -26377: No match found for the requested parameter "userSession". Either the specified boundaries were not found in the response or the matched text is longer than current max html parameter size of 256 bytes. The total length of the response is 0 bytes. You can use "web_set_max_html_param_len" to increase the max parameter size.  	[MsgId: MERR-26377]
UC3_LoginLogout.c(18): Error -26366: "Text=Web Tours" not found for web_reg_find  	[MsgId: MERR-26366]
UC3_LoginLogout.c(18): Error -26374: The above "not found" error(s) may be explained by header and body byte counts being 0 and 0, respectively.  	[MsgId: MERR-26374]
End auto log messages stack.	[MsgId: MMSG-10544]


Start auto log messages stack - Iteration 25.	[MsgId: MMSG-10545]
Starting action UC3_LoginLogout.	[MsgId: MMSG-15919]
UC3_LoginLogout.c(3): Notify: Transaction "Login/Logout" started.	[MsgId: MMSG-16999]
UC3_LoginLogout.c(5): Notify: Transaction "StartPage" started.	[MsgId: MMSG-16999]
UC3_LoginLogout.c(7): web_reg_save_param started  	[MsgId: MMSG-26355]
UC3_LoginLogout.c(7): Registering web_reg_save_param was successful  	[MsgId: MMSG-26390]
UC3_LoginLogout.c(12): web_reg_find started  	[MsgId: MMSG-26355]
UC3_LoginLogout.c(12): Registering web_reg_find was successful  	[MsgId: MMSG-26390]
UC3_LoginLogout.c(14): web_set_sockets_option started  	[MsgId: MMSG-26355]
UC3_LoginLogout.c(14): web_set_sockets_option was successful  	[MsgId: MMSG-26392]
UC3_LoginLogout.c(18): web_url("welcome.pl") started  	[MsgId: MMSG-26355]
UC3_LoginLogout.c(18): Error -27792: Failed to connect to server "127.0.0.1:1080": [10061] Connection refused  	[MsgId: MERR-27792]
UC3_LoginLogout.c(18): Error -26377: No match found for the requested parameter "userSession". Either the specified boundaries were not found in the response or the matched text is longer than current max html parameter size of 256 bytes. The total length of the response is 0 bytes. You can use "web_set_max_html_param_len" to increase the max parameter size.  	[MsgId: MERR-26377]
UC3_LoginLogout.c(18): Error -26366: "Text=Web Tours" not found for web_reg_find  	[MsgId: MERR-26366]
UC3_LoginLogout.c(18): Error -26374: The above "not found" error(s) may be explained by header and body byte counts being 0 and 0, respectively.  	[MsgId: MERR-26374]
End auto log messages stack.	[MsgId: MMSG-10544]


Start auto log messages stack - Iteration 26.	[MsgId: MMSG-10545]
Starting action UC3_LoginLogout.	[MsgId: MMSG-15919]
UC3_LoginLogout.c(3): Notify: Transaction "Login/Logout" started.	[MsgId: MMSG-16999]
UC3_LoginLogout.c(5): Notify: Transaction "StartPage" started.	[MsgId: MMSG-16999]
UC3_LoginLogout.c(7): web_reg_save_param started  	[MsgId: MMSG-26355]
UC3_LoginLogout.c(7): Registering web_reg_save_param was successful  	[MsgId: MMSG-26390]
UC3_LoginLogout.c(12): web_reg_find started  	[MsgId: MMSG-26355]
UC3_LoginLogout.c(12): Registering web_reg_find was successful  	[MsgId: MMSG-26390]
UC3_LoginLogout.c(14): web_set_sockets_option started  	[MsgId: MMSG-26355]
UC3_LoginLogout.c(14): web_set_sockets_option was successful  	[MsgId: MMSG-26392]
UC3_LoginLogout.c(18): web_url("welcome.pl") started  	[MsgId: MMSG-26355]
UC3_LoginLogout.c(18): Error -27792: Failed to connect to server "127.0.0.1:1080": [10061] Connection refused  	[MsgId: MERR-27792]
UC3_LoginLogout.c(18): Error -26377: No match found for the requested parameter "userSession". Either the specified boundaries were not found in the response or the matched text is longer than current max html parameter size of 256 bytes. The total length of the response is 0 bytes. You can use "web_set_max_html_param_len" to increase the max parameter size.  	[MsgId: MERR-26377]
UC3_LoginLogout.c(18): Error -26366: "Text=Web Tours" not found for web_reg_find  	[MsgId: MERR-26366]
UC3_LoginLogout.c(18): Error -26374: The above "not found" error(s) may be explained by header and body byte counts being 0 and 0, respectively.  	[MsgId: MERR-26374]
End auto log messages stack.	[MsgId: MMSG-10544]


Start auto log messages stack - Iteration 27.	[MsgId: MMSG-10545]
Starting action UC3_LoginLogout.	[MsgId: MMSG-15919]
UC3_LoginLogout.c(3): Notify: Transaction "Login/Logout" started.	[MsgId: MMSG-16999]
UC3_LoginLogout.c(5): Notify: Transaction "StartPage" started.	[MsgId: MMSG-16999]
UC3_LoginLogout.c(7): web_reg_save_param started  	[MsgId: MMSG-26355]
UC3_LoginLogout.c(7): Registering web_reg_save_param was successful  	[MsgId: MMSG-26390]
UC3_LoginLogout.c(12): web_reg_find started  	[MsgId: MMSG-26355]
UC3_LoginLogout.c(12): Registering web_reg_find was successful  	[MsgId: MMSG-26390]
UC3_LoginLogout.c(14): web_set_sockets_option started  	[MsgId: MMSG-26355]
UC3_LoginLogout.c(14): web_set_sockets_option was successful  	[MsgId: MMSG-26392]
UC3_LoginLogout.c(18): web_url("welcome.pl") started  	[MsgId: MMSG-26355]
UC3_LoginLogout.c(18): Error -27792: Failed to connect to server "127.0.0.1:1080": [10061] Connection refused  	[MsgId: MERR-27792]
UC3_LoginLogout.c(18): Error -26377: No match found for the requested parameter "userSession". Either the specified boundaries were not found in the response or the matched text is longer than current max html parameter size of 256 bytes. The total length of the response is 0 bytes. You can use "web_set_max_html_param_len" to increase the max parameter size.  	[MsgId: MERR-26377]
UC3_LoginLogout.c(18): Error -26366: "Text=Web Tours" not found for web_reg_find  	[MsgId: MERR-26366]
UC3_LoginLogout.c(18): Error -26374: The above "not found" error(s) may be explained by header and body byte counts being 0 and 0, respectively.  	[MsgId: MERR-26374]
End auto log messages stack.	[MsgId: MMSG-10544]


Start auto log messages stack - Iteration 28.	[MsgId: MMSG-10545]
Starting action UC3_LoginLogout.	[MsgId: MMSG-15919]
UC3_LoginLogout.c(3): Notify: Transaction "Login/Logout" started.	[MsgId: MMSG-16999]
UC3_LoginLogout.c(5): Notify: Transaction "StartPage" started.	[MsgId: MMSG-16999]
UC3_LoginLogout.c(7): web_reg_save_param started  	[MsgId: MMSG-26355]
UC3_LoginLogout.c(7): Registering web_reg_save_param was successful  	[MsgId: MMSG-26390]
UC3_LoginLogout.c(12): web_reg_find started  	[MsgId: MMSG-26355]
UC3_LoginLogout.c(12): Registering web_reg_find was successful  	[MsgId: MMSG-26390]
UC3_LoginLogout.c(14): web_set_sockets_option started  	[MsgId: MMSG-26355]
UC3_LoginLogout.c(14): web_set_sockets_option was successful  	[MsgId: MMSG-26392]
UC3_LoginLogout.c(18): web_url("welcome.pl") started  	[MsgId: MMSG-26355]
UC3_LoginLogout.c(18): Error -27792: Failed to connect to server "127.0.0.1:1080": [10061] Connection refused  	[MsgId: MERR-27792]
UC3_LoginLogout.c(18): Error -26377: No match found for the requested parameter "userSession". Either the specified boundaries were not found in the response or the matched text is longer than current max html parameter size of 256 bytes. The total length of the response is 0 bytes. You can use "web_set_max_html_param_len" to increase the max parameter size.  	[MsgId: MERR-26377]
UC3_LoginLogout.c(18): Error -26366: "Text=Web Tours" not found for web_reg_find  	[MsgId: MERR-26366]
UC3_LoginLogout.c(18): Error -26374: The above "not found" error(s) may be explained by header and body byte counts being 0 and 0, respectively.  	[MsgId: MERR-26374]
End auto log messages stack.	[MsgId: MMSG-10544]


Start auto log messages stack - Iteration 29.	[MsgId: MMSG-10545]
Starting action UC3_LoginLogout.	[MsgId: MMSG-15919]
UC3_LoginLogout.c(3): Notify: Transaction "Login/Logout" started.	[MsgId: MMSG-16999]
UC3_LoginLogout.c(5): Notify: Transaction "StartPage" started.	[MsgId: MMSG-16999]
UC3_LoginLogout.c(7): web_reg_save_param started  	[MsgId: MMSG-26355]
UC3_LoginLogout.c(7): Registering web_reg_save_param was successful  	[MsgId: MMSG-26390]
UC3_LoginLogout.c(12): web_reg_find started  	[MsgId: MMSG-26355]
UC3_LoginLogout.c(12): Registering web_reg_find was successful  	[MsgId: MMSG-26390]
UC3_LoginLogout.c(14): web_set_sockets_option started  	[MsgId: MMSG-26355]
UC3_LoginLogout.c(14): web_set_sockets_option was successful  	[MsgId: MMSG-26392]
UC3_LoginLogout.c(18): web_url("welcome.pl") started  	[MsgId: MMSG-26355]
UC3_LoginLogout.c(18): Error -27792: Failed to connect to server "127.0.0.1:1080": [10061] Connection refused  	[MsgId: MERR-27792]
UC3_LoginLogout.c(18): Error -26377: No match found for the requested parameter "userSession". Either the specified boundaries were not found in the response or the matched text is longer than current max html parameter size of 256 bytes. The total length of the response is 0 bytes. You can use "web_set_max_html_param_len" to increase the max parameter size.  	[MsgId: MERR-26377]
UC3_LoginLogout.c(18): Error -26366: "Text=Web Tours" not found for web_reg_find  	[MsgId: MERR-26366]
UC3_LoginLogout.c(18): Error -26374: The above "not found" error(s) may be explained by header and body byte counts being 0 and 0, respectively.  	[MsgId: MERR-26374]
End auto log messages stack.	[MsgId: MMSG-10544]


Start auto log messages stack - Iteration 30.	[MsgId: MMSG-10545]
Starting action UC3_LoginLogout.	[MsgId: MMSG-15919]
UC3_LoginLogout.c(3): Notify: Transaction "Login/Logout" started.	[MsgId: MMSG-16999]
UC3_LoginLogout.c(5): Notify: Transaction "StartPage" started.	[MsgId: MMSG-16999]
UC3_LoginLogout.c(7): web_reg_save_param started  	[MsgId: MMSG-26355]
UC3_LoginLogout.c(7): Registering web_reg_save_param was successful  	[MsgId: MMSG-26390]
UC3_LoginLogout.c(12): web_reg_find started  	[MsgId: MMSG-26355]
UC3_LoginLogout.c(12): Registering web_reg_find was successful  	[MsgId: MMSG-26390]
UC3_LoginLogout.c(14): web_set_sockets_option started  	[MsgId: MMSG-26355]
UC3_LoginLogout.c(14): web_set_sockets_option was successful  	[MsgId: MMSG-26392]
UC3_LoginLogout.c(18): web_url("welcome.pl") started  	[MsgId: MMSG-26355]
UC3_LoginLogout.c(18): Error -27792: Failed to connect to server "127.0.0.1:1080": [10061] Connection refused  	[MsgId: MERR-27792]
UC3_LoginLogout.c(18): Error -26377: No match found for the requested parameter "userSession". Either the specified boundaries were not found in the response or the matched text is longer than current max html parameter size of 256 bytes. The total length of the response is 0 bytes. You can use "web_set_max_html_param_len" to increase the max parameter size.  	[MsgId: MERR-26377]
UC3_LoginLogout.c(18): Error -26366: "Text=Web Tours" not found for web_reg_find  	[MsgId: MERR-26366]
UC3_LoginLogout.c(18): Error -26374: The above "not found" error(s) may be explained by header and body byte counts being 0 and 0, respectively.  	[MsgId: MERR-26374]
End auto log messages stack.	[MsgId: MMSG-10544]


Start auto log messages stack - Iteration 31.	[MsgId: MMSG-10545]
Starting action UC3_LoginLogout.	[MsgId: MMSG-15919]
UC3_LoginLogout.c(3): Notify: Transaction "Login/Logout" started.	[MsgId: MMSG-16999]
UC3_LoginLogout.c(5): Notify: Transaction "StartPage" started.	[MsgId: MMSG-16999]
UC3_LoginLogout.c(7): web_reg_save_param started  	[MsgId: MMSG-26355]
UC3_LoginLogout.c(7): Registering web_reg_save_param was successful  	[MsgId: MMSG-26390]
UC3_LoginLogout.c(12): web_reg_find started  	[MsgId: MMSG-26355]
UC3_LoginLogout.c(12): Registering web_reg_find was successful  	[MsgId: MMSG-26390]
UC3_LoginLogout.c(14): web_set_sockets_option started  	[MsgId: MMSG-26355]
UC3_LoginLogout.c(14): web_set_sockets_option was successful  	[MsgId: MMSG-26392]
UC3_LoginLogout.c(18): web_url("welcome.pl") started  	[MsgId: MMSG-26355]
UC3_LoginLogout.c(18): Error -27792: Failed to connect to server "127.0.0.1:1080": [10061] Connection refused  	[MsgId: MERR-27792]
UC3_LoginLogout.c(18): Error -26377: No match found for the requested parameter "userSession". Either the specified boundaries were not found in the response or the matched text is longer than current max html parameter size of 256 bytes. The total length of the response is 0 bytes. You can use "web_set_max_html_param_len" to increase the max parameter size.  	[MsgId: MERR-26377]
UC3_LoginLogout.c(18): Error -26366: "Text=Web Tours" not found for web_reg_find  	[MsgId: MERR-26366]
UC3_LoginLogout.c(18): Error -26374: The above "not found" error(s) may be explained by header and body byte counts being 0 and 0, respectively.  	[MsgId: MERR-26374]
End auto log messages stack.	[MsgId: MMSG-10544]


Start auto log messages stack - Iteration 32.	[MsgId: MMSG-10545]
Starting action UC3_LoginLogout.	[MsgId: MMSG-15919]
UC3_LoginLogout.c(3): Notify: Transaction "Login/Logout" started.	[MsgId: MMSG-16999]
UC3_LoginLogout.c(5): Notify: Transaction "StartPage" started.	[MsgId: MMSG-16999]
UC3_LoginLogout.c(7): web_reg_save_param started  	[MsgId: MMSG-26355]
UC3_LoginLogout.c(7): Registering web_reg_save_param was successful  	[MsgId: MMSG-26390]
UC3_LoginLogout.c(12): web_reg_find started  	[MsgId: MMSG-26355]
UC3_LoginLogout.c(12): Registering web_reg_find was successful  	[MsgId: MMSG-26390]
UC3_LoginLogout.c(14): web_set_sockets_option started  	[MsgId: MMSG-26355]
UC3_LoginLogout.c(14): web_set_sockets_option was successful  	[MsgId: MMSG-26392]
UC3_LoginLogout.c(18): web_url("welcome.pl") started  	[MsgId: MMSG-26355]
UC3_LoginLogout.c(18): Error -27792: Failed to connect to server "127.0.0.1:1080": [10061] Connection refused  	[MsgId: MERR-27792]
UC3_LoginLogout.c(18): Error -26377: No match found for the requested parameter "userSession". Either the specified boundaries were not found in the response or the matched text is longer than current max html parameter size of 256 bytes. The total length of the response is 0 bytes. You can use "web_set_max_html_param_len" to increase the max parameter size.  	[MsgId: MERR-26377]
UC3_LoginLogout.c(18): Error -26366: "Text=Web Tours" not found for web_reg_find  	[MsgId: MERR-26366]
UC3_LoginLogout.c(18): Error -26374: The above "not found" error(s) may be explained by header and body byte counts being 0 and 0, respectively.  	[MsgId: MERR-26374]
End auto log messages stack.	[MsgId: MMSG-10544]


Start auto log messages stack - Iteration 33.	[MsgId: MMSG-10545]
Starting action UC3_LoginLogout.	[MsgId: MMSG-15919]
UC3_LoginLogout.c(3): Notify: Transaction "Login/Logout" started.	[MsgId: MMSG-16999]
UC3_LoginLogout.c(5): Notify: Transaction "StartPage" started.	[MsgId: MMSG-16999]
UC3_LoginLogout.c(7): web_reg_save_param started  	[MsgId: MMSG-26355]
UC3_LoginLogout.c(7): Registering web_reg_save_param was successful  	[MsgId: MMSG-26390]
UC3_LoginLogout.c(12): web_reg_find started  	[MsgId: MMSG-26355]
UC3_LoginLogout.c(12): Registering web_reg_find was successful  	[MsgId: MMSG-26390]
UC3_LoginLogout.c(14): web_set_sockets_option started  	[MsgId: MMSG-26355]
UC3_LoginLogout.c(14): web_set_sockets_option was successful  	[MsgId: MMSG-26392]
UC3_LoginLogout.c(18): web_url("welcome.pl") started  	[MsgId: MMSG-26355]
UC3_LoginLogout.c(18): Error -27792: Failed to connect to server "127.0.0.1:1080": [10061] Connection refused  	[MsgId: MERR-27792]
UC3_LoginLogout.c(18): Error -26377: No match found for the requested parameter "userSession". Either the specified boundaries were not found in the response or the matched text is longer than current max html parameter size of 256 bytes. The total length of the response is 0 bytes. You can use "web_set_max_html_param_len" to increase the max parameter size.  	[MsgId: MERR-26377]
UC3_LoginLogout.c(18): Error -26366: "Text=Web Tours" not found for web_reg_find  	[MsgId: MERR-26366]
UC3_LoginLogout.c(18): Error -26374: The above "not found" error(s) may be explained by header and body byte counts being 0 and 0, respectively.  	[MsgId: MERR-26374]
End auto log messages stack.	[MsgId: MMSG-10544]


Start auto log messages stack - Iteration 34.	[MsgId: MMSG-10545]
Starting action UC3_LoginLogout.	[MsgId: MMSG-15919]
UC3_LoginLogout.c(3): Notify: Transaction "Login/Logout" started.	[MsgId: MMSG-16999]
UC3_LoginLogout.c(5): Notify: Transaction "StartPage" started.	[MsgId: MMSG-16999]
UC3_LoginLogout.c(7): web_reg_save_param started  	[MsgId: MMSG-26355]
UC3_LoginLogout.c(7): Registering web_reg_save_param was successful  	[MsgId: MMSG-26390]
UC3_LoginLogout.c(12): web_reg_find started  	[MsgId: MMSG-26355]
UC3_LoginLogout.c(12): Registering web_reg_find was successful  	[MsgId: MMSG-26390]
UC3_LoginLogout.c(14): web_set_sockets_option started  	[MsgId: MMSG-26355]
UC3_LoginLogout.c(14): web_set_sockets_option was successful  	[MsgId: MMSG-26392]
UC3_LoginLogout.c(18): web_url("welcome.pl") started  	[MsgId: MMSG-26355]
UC3_LoginLogout.c(18): Error -27792: Failed to connect to server "127.0.0.1:1080": [10061] Connection refused  	[MsgId: MERR-27792]
UC3_LoginLogout.c(18): Error -26377: No match found for the requested parameter "userSession". Either the specified boundaries were not found in the response or the matched text is longer than current max html parameter size of 256 bytes. The total length of the response is 0 bytes. You can use "web_set_max_html_param_len" to increase the max parameter size.  	[MsgId: MERR-26377]
UC3_LoginLogout.c(18): Error -26366: "Text=Web Tours" not found for web_reg_find  	[MsgId: MERR-26366]
UC3_LoginLogout.c(18): Error -26374: The above "not found" error(s) may be explained by header and body byte counts being 0 and 0, respectively.  	[MsgId: MERR-26374]
End auto log messages stack.	[MsgId: MMSG-10544]


Start auto log messages stack - Iteration 35.	[MsgId: MMSG-10545]
Starting action UC3_LoginLogout.	[MsgId: MMSG-15919]
UC3_LoginLogout.c(3): Notify: Transaction "Login/Logout" started.	[MsgId: MMSG-16999]
UC3_LoginLogout.c(5): Notify: Transaction "StartPage" started.	[MsgId: MMSG-16999]
UC3_LoginLogout.c(7): web_reg_save_param started  	[MsgId: MMSG-26355]
UC3_LoginLogout.c(7): Registering web_reg_save_param was successful  	[MsgId: MMSG-26390]
UC3_LoginLogout.c(12): web_reg_find started  	[MsgId: MMSG-26355]
UC3_LoginLogout.c(12): Registering web_reg_find was successful  	[MsgId: MMSG-26390]
UC3_LoginLogout.c(14): web_set_sockets_option started  	[MsgId: MMSG-26355]
UC3_LoginLogout.c(14): web_set_sockets_option was successful  	[MsgId: MMSG-26392]
UC3_LoginLogout.c(18): web_url("welcome.pl") started  	[MsgId: MMSG-26355]
UC3_LoginLogout.c(18): Error -27792: Failed to connect to server "127.0.0.1:1080": [10061] Connection refused  	[MsgId: MERR-27792]
UC3_LoginLogout.c(18): Error -26377: No match found for the requested parameter "userSession". Either the specified boundaries were not found in the response or the matched text is longer than current max html parameter size of 256 bytes. The total length of the response is 0 bytes. You can use "web_set_max_html_param_len" to increase the max parameter size.  	[MsgId: MERR-26377]
UC3_LoginLogout.c(18): Error -26366: "Text=Web Tours" not found for web_reg_find  	[MsgId: MERR-26366]
UC3_LoginLogout.c(18): Error -26374: The above "not found" error(s) may be explained by header and body byte counts being 0 and 0, respectively.  	[MsgId: MERR-26374]
End auto log messages stack.	[MsgId: MMSG-10544]


Start auto log messages stack - Iteration 36.	[MsgId: MMSG-10545]
Starting action UC3_LoginLogout.	[MsgId: MMSG-15919]
UC3_LoginLogout.c(3): Notify: Transaction "Login/Logout" started.	[MsgId: MMSG-16999]
UC3_LoginLogout.c(5): Notify: Transaction "StartPage" started.	[MsgId: MMSG-16999]
UC3_LoginLogout.c(7): web_reg_save_param started  	[MsgId: MMSG-26355]
UC3_LoginLogout.c(7): Registering web_reg_save_param was successful  	[MsgId: MMSG-26390]
UC3_LoginLogout.c(12): web_reg_find started  	[MsgId: MMSG-26355]
UC3_LoginLogout.c(12): Registering web_reg_find was successful  	[MsgId: MMSG-26390]
UC3_LoginLogout.c(14): web_set_sockets_option started  	[MsgId: MMSG-26355]
UC3_LoginLogout.c(14): web_set_sockets_option was successful  	[MsgId: MMSG-26392]
UC3_LoginLogout.c(18): web_url("welcome.pl") started  	[MsgId: MMSG-26355]
UC3_LoginLogout.c(18): Error -27792: Failed to connect to server "127.0.0.1:1080": [10061] Connection refused  	[MsgId: MERR-27792]
UC3_LoginLogout.c(18): Error -26377: No match found for the requested parameter "userSession". Either the specified boundaries were not found in the response or the matched text is longer than current max html parameter size of 256 bytes. The total length of the response is 0 bytes. You can use "web_set_max_html_param_len" to increase the max parameter size.  	[MsgId: MERR-26377]
UC3_LoginLogout.c(18): Error -26366: "Text=Web Tours" not found for web_reg_find  	[MsgId: MERR-26366]
UC3_LoginLogout.c(18): Error -26374: The above "not found" error(s) may be explained by header and body byte counts being 0 and 0, respectively.  	[MsgId: MERR-26374]
End auto log messages stack.	[MsgId: MMSG-10544]


Start auto log messages stack - Iteration 37.	[MsgId: MMSG-10545]
Starting action UC3_LoginLogout.	[MsgId: MMSG-15919]
UC3_LoginLogout.c(3): Notify: Transaction "Login/Logout" started.	[MsgId: MMSG-16999]
UC3_LoginLogout.c(5): Notify: Transaction "StartPage" started.	[MsgId: MMSG-16999]
UC3_LoginLogout.c(7): web_reg_save_param started  	[MsgId: MMSG-26355]
UC3_LoginLogout.c(7): Registering web_reg_save_param was successful  	[MsgId: MMSG-26390]
UC3_LoginLogout.c(12): web_reg_find started  	[MsgId: MMSG-26355]
UC3_LoginLogout.c(12): Registering web_reg_find was successful  	[MsgId: MMSG-26390]
UC3_LoginLogout.c(14): web_set_sockets_option started  	[MsgId: MMSG-26355]
UC3_LoginLogout.c(14): web_set_sockets_option was successful  	[MsgId: MMSG-26392]
UC3_LoginLogout.c(18): web_url("welcome.pl") started  	[MsgId: MMSG-26355]
UC3_LoginLogout.c(18): Error -27792: Failed to connect to server "127.0.0.1:1080": [10061] Connection refused  	[MsgId: MERR-27792]
UC3_LoginLogout.c(18): Error -26377: No match found for the requested parameter "userSession". Either the specified boundaries were not found in the response or the matched text is longer than current max html parameter size of 256 bytes. The total length of the response is 0 bytes. You can use "web_set_max_html_param_len" to increase the max parameter size.  	[MsgId: MERR-26377]
UC3_LoginLogout.c(18): Error -26366: "Text=Web Tours" not found for web_reg_find  	[MsgId: MERR-26366]
UC3_LoginLogout.c(18): Error -26374: The above "not found" error(s) may be explained by header and body byte counts being 0 and 0, respectively.  	[MsgId: MERR-26374]
End auto log messages stack.	[MsgId: MMSG-10544]


Start auto log messages stack - Iteration 38.	[MsgId: MMSG-10545]
Starting action UC3_LoginLogout.	[MsgId: MMSG-15919]
UC3_LoginLogout.c(3): Notify: Transaction "Login/Logout" started.	[MsgId: MMSG-16999]
UC3_LoginLogout.c(5): Notify: Transaction "StartPage" started.	[MsgId: MMSG-16999]
UC3_LoginLogout.c(7): web_reg_save_param started  	[MsgId: MMSG-26355]
UC3_LoginLogout.c(7): Registering web_reg_save_param was successful  	[MsgId: MMSG-26390]
UC3_LoginLogout.c(12): web_reg_find started  	[MsgId: MMSG-26355]
UC3_LoginLogout.c(12): Registering web_reg_find was successful  	[MsgId: MMSG-26390]
UC3_LoginLogout.c(14): web_set_sockets_option started  	[MsgId: MMSG-26355]
UC3_LoginLogout.c(14): web_set_sockets_option was successful  	[MsgId: MMSG-26392]
UC3_LoginLogout.c(18): web_url("welcome.pl") started  	[MsgId: MMSG-26355]
UC3_LoginLogout.c(18): Error -27792: Failed to connect to server "127.0.0.1:1080": [10061] Connection refused  	[MsgId: MERR-27792]
UC3_LoginLogout.c(18): Error -26377: No match found for the requested parameter "userSession". Either the specified boundaries were not found in the response or the matched text is longer than current max html parameter size of 256 bytes. The total length of the response is 0 bytes. You can use "web_set_max_html_param_len" to increase the max parameter size.  	[MsgId: MERR-26377]
UC3_LoginLogout.c(18): Error -26366: "Text=Web Tours" not found for web_reg_find  	[MsgId: MERR-26366]
UC3_LoginLogout.c(18): Error -26374: The above "not found" error(s) may be explained by header and body byte counts being 0 and 0, respectively.  	[MsgId: MERR-26374]
End auto log messages stack.	[MsgId: MMSG-10544]


Start auto log messages stack - Iteration 39.	[MsgId: MMSG-10545]
Starting action UC3_LoginLogout.	[MsgId: MMSG-15919]
UC3_LoginLogout.c(3): Notify: Transaction "Login/Logout" started.	[MsgId: MMSG-16999]
UC3_LoginLogout.c(5): Notify: Transaction "StartPage" started.	[MsgId: MMSG-16999]
UC3_LoginLogout.c(7): web_reg_save_param started  	[MsgId: MMSG-26355]
UC3_LoginLogout.c(7): Registering web_reg_save_param was successful  	[MsgId: MMSG-26390]
UC3_LoginLogout.c(12): web_reg_find started  	[MsgId: MMSG-26355]
UC3_LoginLogout.c(12): Registering web_reg_find was successful  	[MsgId: MMSG-26390]
UC3_LoginLogout.c(14): web_set_sockets_option started  	[MsgId: MMSG-26355]
UC3_LoginLogout.c(14): web_set_sockets_option was successful  	[MsgId: MMSG-26392]
UC3_LoginLogout.c(18): web_url("welcome.pl") started  	[MsgId: MMSG-26355]
UC3_LoginLogout.c(18): Error -27792: Failed to connect to server "127.0.0.1:1080": [10061] Connection refused  	[MsgId: MERR-27792]
UC3_LoginLogout.c(18): Error -26377: No match found for the requested parameter "userSession". Either the specified boundaries were not found in the response or the matched text is longer than current max html parameter size of 256 bytes. The total length of the response is 0 bytes. You can use "web_set_max_html_param_len" to increase the max parameter size.  	[MsgId: MERR-26377]
UC3_LoginLogout.c(18): Error -26366: "Text=Web Tours" not found for web_reg_find  	[MsgId: MERR-26366]
UC3_LoginLogout.c(18): Error -26374: The above "not found" error(s) may be explained by header and body byte counts being 0 and 0, respectively.  	[MsgId: MERR-26374]
End auto log messages stack.	[MsgId: MMSG-10544]


Start auto log messages stack - Iteration 40.	[MsgId: MMSG-10545]
Starting action UC3_LoginLogout.	[MsgId: MMSG-15919]
UC3_LoginLogout.c(3): Notify: Transaction "Login/Logout" started.	[MsgId: MMSG-16999]
UC3_LoginLogout.c(5): Notify: Transaction "StartPage" started.	[MsgId: MMSG-16999]
UC3_LoginLogout.c(7): web_reg_save_param started  	[MsgId: MMSG-26355]
UC3_LoginLogout.c(7): Registering web_reg_save_param was successful  	[MsgId: MMSG-26390]
UC3_LoginLogout.c(12): web_reg_find started  	[MsgId: MMSG-26355]
UC3_LoginLogout.c(12): Registering web_reg_find was successful  	[MsgId: MMSG-26390]
UC3_LoginLogout.c(14): web_set_sockets_option started  	[MsgId: MMSG-26355]
UC3_LoginLogout.c(14): web_set_sockets_option was successful  	[MsgId: MMSG-26392]
UC3_LoginLogout.c(18): web_url("welcome.pl") started  	[MsgId: MMSG-26355]
UC3_LoginLogout.c(18): Error -27792: Failed to connect to server "127.0.0.1:1080": [10061] Connection refused  	[MsgId: MERR-27792]
UC3_LoginLogout.c(18): Error -26377: No match found for the requested parameter "userSession". Either the specified boundaries were not found in the response or the matched text is longer than current max html parameter size of 256 bytes. The total length of the response is 0 bytes. You can use "web_set_max_html_param_len" to increase the max parameter size.  	[MsgId: MERR-26377]
UC3_LoginLogout.c(18): Error -26366: "Text=Web Tours" not found for web_reg_find  	[MsgId: MERR-26366]
UC3_LoginLogout.c(18): Error -26374: The above "not found" error(s) may be explained by header and body byte counts being 0 and 0, respectively.  	[MsgId: MERR-26374]
End auto log messages stack.	[MsgId: MMSG-10544]


Start auto log messages stack - Iteration 41.	[MsgId: MMSG-10545]
Starting action UC3_LoginLogout.	[MsgId: MMSG-15919]
UC3_LoginLogout.c(3): Notify: Transaction "Login/Logout" started.	[MsgId: MMSG-16999]
UC3_LoginLogout.c(5): Notify: Transaction "StartPage" started.	[MsgId: MMSG-16999]
UC3_LoginLogout.c(7): web_reg_save_param started  	[MsgId: MMSG-26355]
UC3_LoginLogout.c(7): Registering web_reg_save_param was successful  	[MsgId: MMSG-26390]
UC3_LoginLogout.c(12): web_reg_find started  	[MsgId: MMSG-26355]
UC3_LoginLogout.c(12): Registering web_reg_find was successful  	[MsgId: MMSG-26390]
UC3_LoginLogout.c(14): web_set_sockets_option started  	[MsgId: MMSG-26355]
UC3_LoginLogout.c(14): web_set_sockets_option was successful  	[MsgId: MMSG-26392]
UC3_LoginLogout.c(18): web_url("welcome.pl") started  	[MsgId: MMSG-26355]
UC3_LoginLogout.c(18): Error -27792: Failed to connect to server "127.0.0.1:1080": [10061] Connection refused  	[MsgId: MERR-27792]
UC3_LoginLogout.c(18): Error -26377: No match found for the requested parameter "userSession". Either the specified boundaries were not found in the response or the matched text is longer than current max html parameter size of 256 bytes. The total length of the response is 0 bytes. You can use "web_set_max_html_param_len" to increase the max parameter size.  	[MsgId: MERR-26377]
UC3_LoginLogout.c(18): Error -26366: "Text=Web Tours" not found for web_reg_find  	[MsgId: MERR-26366]
UC3_LoginLogout.c(18): Error -26374: The above "not found" error(s) may be explained by header and body byte counts being 0 and 0, respectively.  	[MsgId: MERR-26374]
End auto log messages stack.	[MsgId: MMSG-10544]


Start auto log messages stack - Iteration 42.	[MsgId: MMSG-10545]
Starting action UC3_LoginLogout.	[MsgId: MMSG-15919]
UC3_LoginLogout.c(3): Notify: Transaction "Login/Logout" started.	[MsgId: MMSG-16999]
UC3_LoginLogout.c(5): Notify: Transaction "StartPage" started.	[MsgId: MMSG-16999]
UC3_LoginLogout.c(7): web_reg_save_param started  	[MsgId: MMSG-26355]
UC3_LoginLogout.c(7): Registering web_reg_save_param was successful  	[MsgId: MMSG-26390]
UC3_LoginLogout.c(12): web_reg_find started  	[MsgId: MMSG-26355]
UC3_LoginLogout.c(12): Registering web_reg_find was successful  	[MsgId: MMSG-26390]
UC3_LoginLogout.c(14): web_set_sockets_option started  	[MsgId: MMSG-26355]
UC3_LoginLogout.c(14): web_set_sockets_option was successful  	[MsgId: MMSG-26392]
UC3_LoginLogout.c(18): web_url("welcome.pl") started  	[MsgId: MMSG-26355]
UC3_LoginLogout.c(18): Error -27792: Failed to connect to server "127.0.0.1:1080": [10061] Connection refused  	[MsgId: MERR-27792]
UC3_LoginLogout.c(18): Error -26377: No match found for the requested parameter "userSession". Either the specified boundaries were not found in the response or the matched text is longer than current max html parameter size of 256 bytes. The total length of the response is 0 bytes. You can use "web_set_max_html_param_len" to increase the max parameter size.  	[MsgId: MERR-26377]
UC3_LoginLogout.c(18): Error -26366: "Text=Web Tours" not found for web_reg_find  	[MsgId: MERR-26366]
UC3_LoginLogout.c(18): Error -26374: The above "not found" error(s) may be explained by header and body byte counts being 0 and 0, respectively.  	[MsgId: MERR-26374]
End auto log messages stack.	[MsgId: MMSG-10544]


Start auto log messages stack - Iteration 43.	[MsgId: MMSG-10545]
Starting action UC3_LoginLogout.	[MsgId: MMSG-15919]
UC3_LoginLogout.c(3): Notify: Transaction "Login/Logout" started.	[MsgId: MMSG-16999]
UC3_LoginLogout.c(5): Notify: Transaction "StartPage" started.	[MsgId: MMSG-16999]
UC3_LoginLogout.c(7): web_reg_save_param started  	[MsgId: MMSG-26355]
UC3_LoginLogout.c(7): Registering web_reg_save_param was successful  	[MsgId: MMSG-26390]
UC3_LoginLogout.c(12): web_reg_find started  	[MsgId: MMSG-26355]
UC3_LoginLogout.c(12): Registering web_reg_find was successful  	[MsgId: MMSG-26390]
UC3_LoginLogout.c(14): web_set_sockets_option started  	[MsgId: MMSG-26355]
UC3_LoginLogout.c(14): web_set_sockets_option was successful  	[MsgId: MMSG-26392]
UC3_LoginLogout.c(18): web_url("welcome.pl") started  	[MsgId: MMSG-26355]
UC3_LoginLogout.c(18): Error -27792: Failed to connect to server "127.0.0.1:1080": [10061] Connection refused  	[MsgId: MERR-27792]
UC3_LoginLogout.c(18): Error -26377: No match found for the requested parameter "userSession". Either the specified boundaries were not found in the response or the matched text is longer than current max html parameter size of 256 bytes. The total length of the response is 0 bytes. You can use "web_set_max_html_param_len" to increase the max parameter size.  	[MsgId: MERR-26377]
UC3_LoginLogout.c(18): Error -26366: "Text=Web Tours" not found for web_reg_find  	[MsgId: MERR-26366]
UC3_LoginLogout.c(18): Error -26374: The above "not found" error(s) may be explained by header and body byte counts being 0 and 0, respectively.  	[MsgId: MERR-26374]
End auto log messages stack.	[MsgId: MMSG-10544]


Start auto log messages stack - Iteration 44.	[MsgId: MMSG-10545]
Starting action UC3_LoginLogout.	[MsgId: MMSG-15919]
UC3_LoginLogout.c(3): Notify: Transaction "Login/Logout" started.	[MsgId: MMSG-16999]
UC3_LoginLogout.c(5): Notify: Transaction "StartPage" started.	[MsgId: MMSG-16999]
UC3_LoginLogout.c(7): web_reg_save_param started  	[MsgId: MMSG-26355]
UC3_LoginLogout.c(7): Registering web_reg_save_param was successful  	[MsgId: MMSG-26390]
UC3_LoginLogout.c(12): web_reg_find started  	[MsgId: MMSG-26355]
UC3_LoginLogout.c(12): Registering web_reg_find was successful  	[MsgId: MMSG-26390]
UC3_LoginLogout.c(14): web_set_sockets_option started  	[MsgId: MMSG-26355]
UC3_LoginLogout.c(14): web_set_sockets_option was successful  	[MsgId: MMSG-26392]
UC3_LoginLogout.c(18): web_url("welcome.pl") started  	[MsgId: MMSG-26355]
UC3_LoginLogout.c(18): Error -27792: Failed to connect to server "127.0.0.1:1080": [10061] Connection refused  	[MsgId: MERR-27792]
UC3_LoginLogout.c(18): Error -26377: No match found for the requested parameter "userSession". Either the specified boundaries were not found in the response or the matched text is longer than current max html parameter size of 256 bytes. The total length of the response is 0 bytes. You can use "web_set_max_html_param_len" to increase the max parameter size.  	[MsgId: MERR-26377]
UC3_LoginLogout.c(18): Error -26366: "Text=Web Tours" not found for web_reg_find  	[MsgId: MERR-26366]
UC3_LoginLogout.c(18): Error -26374: The above "not found" error(s) may be explained by header and body byte counts being 0 and 0, respectively.  	[MsgId: MERR-26374]
End auto log messages stack.	[MsgId: MMSG-10544]


Start auto log messages stack - Iteration 45.	[MsgId: MMSG-10545]
Starting action UC3_LoginLogout.	[MsgId: MMSG-15919]
UC3_LoginLogout.c(3): Notify: Transaction "Login/Logout" started.	[MsgId: MMSG-16999]
UC3_LoginLogout.c(5): Notify: Transaction "StartPage" started.	[MsgId: MMSG-16999]
UC3_LoginLogout.c(7): web_reg_save_param started  	[MsgId: MMSG-26355]
UC3_LoginLogout.c(7): Registering web_reg_save_param was successful  	[MsgId: MMSG-26390]
UC3_LoginLogout.c(12): web_reg_find started  	[MsgId: MMSG-26355]
UC3_LoginLogout.c(12): Registering web_reg_find was successful  	[MsgId: MMSG-26390]
UC3_LoginLogout.c(14): web_set_sockets_option started  	[MsgId: MMSG-26355]
UC3_LoginLogout.c(14): web_set_sockets_option was successful  	[MsgId: MMSG-26392]
UC3_LoginLogout.c(18): web_url("welcome.pl") started  	[MsgId: MMSG-26355]
UC3_LoginLogout.c(18): Error -27792: Failed to connect to server "127.0.0.1:1080": [10061] Connection refused  	[MsgId: MERR-27792]
UC3_LoginLogout.c(18): Error -26377: No match found for the requested parameter "userSession". Either the specified boundaries were not found in the response or the matched text is longer than current max html parameter size of 256 bytes. The total length of the response is 0 bytes. You can use "web_set_max_html_param_len" to increase the max parameter size.  	[MsgId: MERR-26377]
UC3_LoginLogout.c(18): Error -26366: "Text=Web Tours" not found for web_reg_find  	[MsgId: MERR-26366]
UC3_LoginLogout.c(18): Error -26374: The above "not found" error(s) may be explained by header and body byte counts being 0 and 0, respectively.  	[MsgId: MERR-26374]
End auto log messages stack.	[MsgId: MMSG-10544]


Start auto log messages stack - Iteration 46.	[MsgId: MMSG-10545]
Starting action UC3_LoginLogout.	[MsgId: MMSG-15919]
UC3_LoginLogout.c(3): Notify: Transaction "Login/Logout" started.	[MsgId: MMSG-16999]
UC3_LoginLogout.c(5): Notify: Transaction "StartPage" started.	[MsgId: MMSG-16999]
UC3_LoginLogout.c(7): web_reg_save_param started  	[MsgId: MMSG-26355]
UC3_LoginLogout.c(7): Registering web_reg_save_param was successful  	[MsgId: MMSG-26390]
UC3_LoginLogout.c(12): web_reg_find started  	[MsgId: MMSG-26355]
UC3_LoginLogout.c(12): Registering web_reg_find was successful  	[MsgId: MMSG-26390]
UC3_LoginLogout.c(14): web_set_sockets_option started  	[MsgId: MMSG-26355]
UC3_LoginLogout.c(14): web_set_sockets_option was successful  	[MsgId: MMSG-26392]
UC3_LoginLogout.c(18): web_url("welcome.pl") started  	[MsgId: MMSG-26355]
UC3_LoginLogout.c(18): Error -27792: Failed to connect to server "127.0.0.1:1080": [10061] Connection refused  	[MsgId: MERR-27792]
UC3_LoginLogout.c(18): Error -26377: No match found for the requested parameter "userSession". Either the specified boundaries were not found in the response or the matched text is longer than current max html parameter size of 256 bytes. The total length of the response is 0 bytes. You can use "web_set_max_html_param_len" to increase the max parameter size.  	[MsgId: MERR-26377]
UC3_LoginLogout.c(18): Error -26366: "Text=Web Tours" not found for web_reg_find  	[MsgId: MERR-26366]
UC3_LoginLogout.c(18): Error -26374: The above "not found" error(s) may be explained by header and body byte counts being 0 and 0, respectively.  	[MsgId: MERR-26374]
End auto log messages stack.	[MsgId: MMSG-10544]


Start auto log messages stack - Iteration 47.	[MsgId: MMSG-10545]
Starting action UC3_LoginLogout.	[MsgId: MMSG-15919]
UC3_LoginLogout.c(3): Notify: Transaction "Login/Logout" started.	[MsgId: MMSG-16999]
UC3_LoginLogout.c(5): Notify: Transaction "StartPage" started.	[MsgId: MMSG-16999]
UC3_LoginLogout.c(7): web_reg_save_param started  	[MsgId: MMSG-26355]
UC3_LoginLogout.c(7): Registering web_reg_save_param was successful  	[MsgId: MMSG-26390]
UC3_LoginLogout.c(12): web_reg_find started  	[MsgId: MMSG-26355]
UC3_LoginLogout.c(12): Registering web_reg_find was successful  	[MsgId: MMSG-26390]
UC3_LoginLogout.c(14): web_set_sockets_option started  	[MsgId: MMSG-26355]
UC3_LoginLogout.c(14): web_set_sockets_option was successful  	[MsgId: MMSG-26392]
UC3_LoginLogout.c(18): web_url("welcome.pl") started  	[MsgId: MMSG-26355]
UC3_LoginLogout.c(18): Error -27792: Failed to connect to server "127.0.0.1:1080": [10061] Connection refused  	[MsgId: MERR-27792]
UC3_LoginLogout.c(18): Error -26377: No match found for the requested parameter "userSession". Either the specified boundaries were not found in the response or the matched text is longer than current max html parameter size of 256 bytes. The total length of the response is 0 bytes. You can use "web_set_max_html_param_len" to increase the max parameter size.  	[MsgId: MERR-26377]
UC3_LoginLogout.c(18): Error -26366: "Text=Web Tours" not found for web_reg_find  	[MsgId: MERR-26366]
UC3_LoginLogout.c(18): Error -26374: The above "not found" error(s) may be explained by header and body byte counts being 0 and 0, respectively.  	[MsgId: MERR-26374]
End auto log messages stack.	[MsgId: MMSG-10544]


Start auto log messages stack - Iteration 48.	[MsgId: MMSG-10545]
Starting action UC3_LoginLogout.	[MsgId: MMSG-15919]
UC3_LoginLogout.c(3): Notify: Transaction "Login/Logout" started.	[MsgId: MMSG-16999]
UC3_LoginLogout.c(5): Notify: Transaction "StartPage" started.	[MsgId: MMSG-16999]
UC3_LoginLogout.c(7): web_reg_save_param started  	[MsgId: MMSG-26355]
UC3_LoginLogout.c(7): Registering web_reg_save_param was successful  	[MsgId: MMSG-26390]
UC3_LoginLogout.c(12): web_reg_find started  	[MsgId: MMSG-26355]
UC3_LoginLogout.c(12): Registering web_reg_find was successful  	[MsgId: MMSG-26390]
UC3_LoginLogout.c(14): web_set_sockets_option started  	[MsgId: MMSG-26355]
UC3_LoginLogout.c(14): web_set_sockets_option was successful  	[MsgId: MMSG-26392]
UC3_LoginLogout.c(18): web_url("welcome.pl") started  	[MsgId: MMSG-26355]
UC3_LoginLogout.c(18): Error -27792: Failed to connect to server "127.0.0.1:1080": [10061] Connection refused  	[MsgId: MERR-27792]
UC3_LoginLogout.c(18): Error -26377: No match found for the requested parameter "userSession". Either the specified boundaries were not found in the response or the matched text is longer than current max html parameter size of 256 bytes. The total length of the response is 0 bytes. You can use "web_set_max_html_param_len" to increase the max parameter size.  	[MsgId: MERR-26377]
UC3_LoginLogout.c(18): Error -26366: "Text=Web Tours" not found for web_reg_find  	[MsgId: MERR-26366]
UC3_LoginLogout.c(18): Error -26374: The above "not found" error(s) may be explained by header and body byte counts being 0 and 0, respectively.  	[MsgId: MERR-26374]
End auto log messages stack.	[MsgId: MMSG-10544]


Start auto log messages stack - Iteration 49.	[MsgId: MMSG-10545]
Starting action UC3_LoginLogout.	[MsgId: MMSG-15919]
UC3_LoginLogout.c(3): Notify: Transaction "Login/Logout" started.	[MsgId: MMSG-16999]
UC3_LoginLogout.c(5): Notify: Transaction "StartPage" started.	[MsgId: MMSG-16999]
UC3_LoginLogout.c(7): web_reg_save_param started  	[MsgId: MMSG-26355]
UC3_LoginLogout.c(7): Registering web_reg_save_param was successful  	[MsgId: MMSG-26390]
UC3_LoginLogout.c(12): web_reg_find started  	[MsgId: MMSG-26355]
UC3_LoginLogout.c(12): Registering web_reg_find was successful  	[MsgId: MMSG-26390]
UC3_LoginLogout.c(14): web_set_sockets_option started  	[MsgId: MMSG-26355]
UC3_LoginLogout.c(14): web_set_sockets_option was successful  	[MsgId: MMSG-26392]
UC3_LoginLogout.c(18): web_url("welcome.pl") started  	[MsgId: MMSG-26355]
UC3_LoginLogout.c(18): Error -27792: Failed to connect to server "127.0.0.1:1080": [10061] Connection refused  	[MsgId: MERR-27792]
UC3_LoginLogout.c(18): Error -26377: No match found for the requested parameter "userSession". Either the specified boundaries were not found in the response or the matched text is longer than current max html parameter size of 256 bytes. The total length of the response is 0 bytes. You can use "web_set_max_html_param_len" to increase the max parameter size.  	[MsgId: MERR-26377]
UC3_LoginLogout.c(18): Error -26366: "Text=Web Tours" not found for web_reg_find  	[MsgId: MERR-26366]
UC3_LoginLogout.c(18): Error -26374: The above "not found" error(s) may be explained by header and body byte counts being 0 and 0, respectively.  	[MsgId: MERR-26374]
End auto log messages stack.	[MsgId: MMSG-10544]


Start auto log messages stack - Iteration 50.	[MsgId: MMSG-10545]
Starting action UC3_LoginLogout.	[MsgId: MMSG-15919]
UC3_LoginLogout.c(3): Notify: Transaction "Login/Logout" started.	[MsgId: MMSG-16999]
UC3_LoginLogout.c(5): Notify: Transaction "StartPage" started.	[MsgId: MMSG-16999]
UC3_LoginLogout.c(7): web_reg_save_param started  	[MsgId: MMSG-26355]
UC3_LoginLogout.c(7): Registering web_reg_save_param was successful  	[MsgId: MMSG-26390]
UC3_LoginLogout.c(12): web_reg_find started  	[MsgId: MMSG-26355]
UC3_LoginLogout.c(12): Registering web_reg_find was successful  	[MsgId: MMSG-26390]
UC3_LoginLogout.c(14): web_set_sockets_option started  	[MsgId: MMSG-26355]
UC3_LoginLogout.c(14): web_set_sockets_option was successful  	[MsgId: MMSG-26392]
UC3_LoginLogout.c(18): web_url("welcome.pl") started  	[MsgId: MMSG-26355]
UC3_LoginLogout.c(18): Error -27792: Failed to connect to server "127.0.0.1:1080": [10061] Connection refused  	[MsgId: MERR-27792]
UC3_LoginLogout.c(18): Error -26377: No match found for the requested parameter "userSession". Either the specified boundaries were not found in the response or the matched text is longer than current max html parameter size of 256 bytes. The total length of the response is 0 bytes. You can use "web_set_max_html_param_len" to increase the max parameter size.  	[MsgId: MERR-26377]
UC3_LoginLogout.c(18): Error -26366: "Text=Web Tours" not found for web_reg_find  	[MsgId: MERR-26366]
UC3_LoginLogout.c(18): Error -26374: The above "not found" error(s) may be explained by header and body byte counts being 0 and 0, respectively.  	[MsgId: MERR-26374]
End auto log messages stack.	[MsgId: MMSG-10544]


Start auto log messages stack - Iteration 51.	[MsgId: MMSG-10545]
Starting action UC3_LoginLogout.	[MsgId: MMSG-15919]
UC3_LoginLogout.c(3): Notify: Transaction "Login/Logout" started.	[MsgId: MMSG-16999]
UC3_LoginLogout.c(5): Notify: Transaction "StartPage" started.	[MsgId: MMSG-16999]
UC3_LoginLogout.c(7): web_reg_save_param started  	[MsgId: MMSG-26355]
UC3_LoginLogout.c(7): Registering web_reg_save_param was successful  	[MsgId: MMSG-26390]
UC3_LoginLogout.c(12): web_reg_find started  	[MsgId: MMSG-26355]
UC3_LoginLogout.c(12): Registering web_reg_find was successful  	[MsgId: MMSG-26390]
UC3_LoginLogout.c(14): web_set_sockets_option started  	[MsgId: MMSG-26355]
UC3_LoginLogout.c(14): web_set_sockets_option was successful  	[MsgId: MMSG-26392]
UC3_LoginLogout.c(18): web_url("welcome.pl") started  	[MsgId: MMSG-26355]
UC3_LoginLogout.c(18): Error -27792: Failed to connect to server "127.0.0.1:1080": [10061] Connection refused  	[MsgId: MERR-27792]
UC3_LoginLogout.c(18): Error -26377: No match found for the requested parameter "userSession". Either the specified boundaries were not found in the response or the matched text is longer than current max html parameter size of 256 bytes. The total length of the response is 0 bytes. You can use "web_set_max_html_param_len" to increase the max parameter size.  	[MsgId: MERR-26377]
UC3_LoginLogout.c(18): Error -26366: "Text=Web Tours" not found for web_reg_find  	[MsgId: MERR-26366]
UC3_LoginLogout.c(18): Error -26374: The above "not found" error(s) may be explained by header and body byte counts being 0 and 0, respectively.  	[MsgId: MERR-26374]
End auto log messages stack.	[MsgId: MMSG-10544]


Start auto log messages stack - Iteration 52.	[MsgId: MMSG-10545]
Starting action UC3_LoginLogout.	[MsgId: MMSG-15919]
UC3_LoginLogout.c(3): Notify: Transaction "Login/Logout" started.	[MsgId: MMSG-16999]
UC3_LoginLogout.c(5): Notify: Transaction "StartPage" started.	[MsgId: MMSG-16999]
UC3_LoginLogout.c(7): web_reg_save_param started  	[MsgId: MMSG-26355]
UC3_LoginLogout.c(7): Registering web_reg_save_param was successful  	[MsgId: MMSG-26390]
UC3_LoginLogout.c(12): web_reg_find started  	[MsgId: MMSG-26355]
UC3_LoginLogout.c(12): Registering web_reg_find was successful  	[MsgId: MMSG-26390]
UC3_LoginLogout.c(14): web_set_sockets_option started  	[MsgId: MMSG-26355]
UC3_LoginLogout.c(14): web_set_sockets_option was successful  	[MsgId: MMSG-26392]
UC3_LoginLogout.c(18): web_url("welcome.pl") started  	[MsgId: MMSG-26355]
UC3_LoginLogout.c(18): Error -27792: Failed to connect to server "127.0.0.1:1080": [10061] Connection refused  	[MsgId: MERR-27792]
UC3_LoginLogout.c(18): Error -26377: No match found for the requested parameter "userSession". Either the specified boundaries were not found in the response or the matched text is longer than current max html parameter size of 256 bytes. The total length of the response is 0 bytes. You can use "web_set_max_html_param_len" to increase the max parameter size.  	[MsgId: MERR-26377]
UC3_LoginLogout.c(18): Error -26366: "Text=Web Tours" not found for web_reg_find  	[MsgId: MERR-26366]
UC3_LoginLogout.c(18): Error -26374: The above "not found" error(s) may be explained by header and body byte counts being 0 and 0, respectively.  	[MsgId: MERR-26374]
End auto log messages stack.	[MsgId: MMSG-10544]


Start auto log messages stack - Iteration 53.	[MsgId: MMSG-10545]
Starting action UC3_LoginLogout.	[MsgId: MMSG-15919]
UC3_LoginLogout.c(3): Notify: Transaction "Login/Logout" started.	[MsgId: MMSG-16999]
UC3_LoginLogout.c(5): Notify: Transaction "StartPage" started.	[MsgId: MMSG-16999]
UC3_LoginLogout.c(7): web_reg_save_param started  	[MsgId: MMSG-26355]
UC3_LoginLogout.c(7): Registering web_reg_save_param was successful  	[MsgId: MMSG-26390]
UC3_LoginLogout.c(12): web_reg_find started  	[MsgId: MMSG-26355]
UC3_LoginLogout.c(12): Registering web_reg_find was successful  	[MsgId: MMSG-26390]
UC3_LoginLogout.c(14): web_set_sockets_option started  	[MsgId: MMSG-26355]
UC3_LoginLogout.c(14): web_set_sockets_option was successful  	[MsgId: MMSG-26392]
UC3_LoginLogout.c(18): web_url("welcome.pl") started  	[MsgId: MMSG-26355]
UC3_LoginLogout.c(18): Error -27792: Failed to connect to server "127.0.0.1:1080": [10061] Connection refused  	[MsgId: MERR-27792]
UC3_LoginLogout.c(18): Error -26377: No match found for the requested parameter "userSession". Either the specified boundaries were not found in the response or the matched text is longer than current max html parameter size of 256 bytes. The total length of the response is 0 bytes. You can use "web_set_max_html_param_len" to increase the max parameter size.  	[MsgId: MERR-26377]
UC3_LoginLogout.c(18): Error -26366: "Text=Web Tours" not found for web_reg_find  	[MsgId: MERR-26366]
UC3_LoginLogout.c(18): Error -26374: The above "not found" error(s) may be explained by header and body byte counts being 0 and 0, respectively.  	[MsgId: MERR-26374]
End auto log messages stack.	[MsgId: MMSG-10544]


Start auto log messages stack - Iteration 54.	[MsgId: MMSG-10545]
Starting action UC3_LoginLogout.	[MsgId: MMSG-15919]
UC3_LoginLogout.c(3): Notify: Transaction "Login/Logout" started.	[MsgId: MMSG-16999]
UC3_LoginLogout.c(5): Notify: Transaction "StartPage" started.	[MsgId: MMSG-16999]
UC3_LoginLogout.c(7): web_reg_save_param started  	[MsgId: MMSG-26355]
UC3_LoginLogout.c(7): Registering web_reg_save_param was successful  	[MsgId: MMSG-26390]
UC3_LoginLogout.c(12): web_reg_find started  	[MsgId: MMSG-26355]
UC3_LoginLogout.c(12): Registering web_reg_find was successful  	[MsgId: MMSG-26390]
UC3_LoginLogout.c(14): web_set_sockets_option started  	[MsgId: MMSG-26355]
UC3_LoginLogout.c(14): web_set_sockets_option was successful  	[MsgId: MMSG-26392]
UC3_LoginLogout.c(18): web_url("welcome.pl") started  	[MsgId: MMSG-26355]
UC3_LoginLogout.c(18): Error -27792: Failed to connect to server "127.0.0.1:1080": [10061] Connection refused  	[MsgId: MERR-27792]
UC3_LoginLogout.c(18): Error -26377: No match found for the requested parameter "userSession". Either the specified boundaries were not found in the response or the matched text is longer than current max html parameter size of 256 bytes. The total length of the response is 0 bytes. You can use "web_set_max_html_param_len" to increase the max parameter size.  	[MsgId: MERR-26377]
UC3_LoginLogout.c(18): Error -26366: "Text=Web Tours" not found for web_reg_find  	[MsgId: MERR-26366]
UC3_LoginLogout.c(18): Error -26374: The above "not found" error(s) may be explained by header and body byte counts being 0 and 0, respectively.  	[MsgId: MERR-26374]
End auto log messages stack.	[MsgId: MMSG-10544]


Start auto log messages stack - Iteration 55.	[MsgId: MMSG-10545]
Starting action UC3_LoginLogout.	[MsgId: MMSG-15919]
UC3_LoginLogout.c(3): Notify: Transaction "Login/Logout" started.	[MsgId: MMSG-16999]
UC3_LoginLogout.c(5): Notify: Transaction "StartPage" started.	[MsgId: MMSG-16999]
UC3_LoginLogout.c(7): web_reg_save_param started  	[MsgId: MMSG-26355]
UC3_LoginLogout.c(7): Registering web_reg_save_param was successful  	[MsgId: MMSG-26390]
UC3_LoginLogout.c(12): web_reg_find started  	[MsgId: MMSG-26355]
UC3_LoginLogout.c(12): Registering web_reg_find was successful  	[MsgId: MMSG-26390]
UC3_LoginLogout.c(14): web_set_sockets_option started  	[MsgId: MMSG-26355]
UC3_LoginLogout.c(14): web_set_sockets_option was successful  	[MsgId: MMSG-26392]
UC3_LoginLogout.c(18): web_url("welcome.pl") started  	[MsgId: MMSG-26355]
UC3_LoginLogout.c(18): Error -27792: Failed to connect to server "127.0.0.1:1080": [10061] Connection refused  	[MsgId: MERR-27792]
UC3_LoginLogout.c(18): Error -26377: No match found for the requested parameter "userSession". Either the specified boundaries were not found in the response or the matched text is longer than current max html parameter size of 256 bytes. The total length of the response is 0 bytes. You can use "web_set_max_html_param_len" to increase the max parameter size.  	[MsgId: MERR-26377]
UC3_LoginLogout.c(18): Error -26366: "Text=Web Tours" not found for web_reg_find  	[MsgId: MERR-26366]
UC3_LoginLogout.c(18): Error -26374: The above "not found" error(s) may be explained by header and body byte counts being 0 and 0, respectively.  	[MsgId: MERR-26374]
End auto log messages stack.	[MsgId: MMSG-10544]


Start auto log messages stack - Iteration 56.	[MsgId: MMSG-10545]
Starting action UC3_LoginLogout.	[MsgId: MMSG-15919]
UC3_LoginLogout.c(3): Notify: Transaction "Login/Logout" started.	[MsgId: MMSG-16999]
UC3_LoginLogout.c(5): Notify: Transaction "StartPage" started.	[MsgId: MMSG-16999]
UC3_LoginLogout.c(7): web_reg_save_param started  	[MsgId: MMSG-26355]
UC3_LoginLogout.c(7): Registering web_reg_save_param was successful  	[MsgId: MMSG-26390]
UC3_LoginLogout.c(12): web_reg_find started  	[MsgId: MMSG-26355]
UC3_LoginLogout.c(12): Registering web_reg_find was successful  	[MsgId: MMSG-26390]
UC3_LoginLogout.c(14): web_set_sockets_option started  	[MsgId: MMSG-26355]
UC3_LoginLogout.c(14): web_set_sockets_option was successful  	[MsgId: MMSG-26392]
UC3_LoginLogout.c(18): web_url("welcome.pl") started  	[MsgId: MMSG-26355]
UC3_LoginLogout.c(18): Error -27792: Failed to connect to server "127.0.0.1:1080": [10061] Connection refused  	[MsgId: MERR-27792]
UC3_LoginLogout.c(18): Error -26377: No match found for the requested parameter "userSession". Either the specified boundaries were not found in the response or the matched text is longer than current max html parameter size of 256 bytes. The total length of the response is 0 bytes. You can use "web_set_max_html_param_len" to increase the max parameter size.  	[MsgId: MERR-26377]
UC3_LoginLogout.c(18): Error -26366: "Text=Web Tours" not found for web_reg_find  	[MsgId: MERR-26366]
UC3_LoginLogout.c(18): Error -26374: The above "not found" error(s) may be explained by header and body byte counts being 0 and 0, respectively.  	[MsgId: MERR-26374]
End auto log messages stack.	[MsgId: MMSG-10544]


Start auto log messages stack - Iteration 57.	[MsgId: MMSG-10545]
Starting action UC3_LoginLogout.	[MsgId: MMSG-15919]
UC3_LoginLogout.c(3): Notify: Transaction "Login/Logout" started.	[MsgId: MMSG-16999]
UC3_LoginLogout.c(5): Notify: Transaction "StartPage" started.	[MsgId: MMSG-16999]
UC3_LoginLogout.c(7): web_reg_save_param started  	[MsgId: MMSG-26355]
UC3_LoginLogout.c(7): Registering web_reg_save_param was successful  	[MsgId: MMSG-26390]
UC3_LoginLogout.c(12): web_reg_find started  	[MsgId: MMSG-26355]
UC3_LoginLogout.c(12): Registering web_reg_find was successful  	[MsgId: MMSG-26390]
UC3_LoginLogout.c(14): web_set_sockets_option started  	[MsgId: MMSG-26355]
UC3_LoginLogout.c(14): web_set_sockets_option was successful  	[MsgId: MMSG-26392]
UC3_LoginLogout.c(18): web_url("welcome.pl") started  	[MsgId: MMSG-26355]
UC3_LoginLogout.c(18): Error -27792: Failed to connect to server "127.0.0.1:1080": [10061] Connection refused  	[MsgId: MERR-27792]
UC3_LoginLogout.c(18): Error -26377: No match found for the requested parameter "userSession". Either the specified boundaries were not found in the response or the matched text is longer than current max html parameter size of 256 bytes. The total length of the response is 0 bytes. You can use "web_set_max_html_param_len" to increase the max parameter size.  	[MsgId: MERR-26377]
UC3_LoginLogout.c(18): Error -26366: "Text=Web Tours" not found for web_reg_find  	[MsgId: MERR-26366]
UC3_LoginLogout.c(18): Error -26374: The above "not found" error(s) may be explained by header and body byte counts being 0 and 0, respectively.  	[MsgId: MERR-26374]
End auto log messages stack.	[MsgId: MMSG-10544]


Start auto log messages stack - Iteration 58.	[MsgId: MMSG-10545]
Starting action UC3_LoginLogout.	[MsgId: MMSG-15919]
UC3_LoginLogout.c(3): Notify: Transaction "Login/Logout" started.	[MsgId: MMSG-16999]
UC3_LoginLogout.c(5): Notify: Transaction "StartPage" started.	[MsgId: MMSG-16999]
UC3_LoginLogout.c(7): web_reg_save_param started  	[MsgId: MMSG-26355]
UC3_LoginLogout.c(7): Registering web_reg_save_param was successful  	[MsgId: MMSG-26390]
UC3_LoginLogout.c(12): web_reg_find started  	[MsgId: MMSG-26355]
UC3_LoginLogout.c(12): Registering web_reg_find was successful  	[MsgId: MMSG-26390]
UC3_LoginLogout.c(14): web_set_sockets_option started  	[MsgId: MMSG-26355]
UC3_LoginLogout.c(14): web_set_sockets_option was successful  	[MsgId: MMSG-26392]
UC3_LoginLogout.c(18): web_url("welcome.pl") started  	[MsgId: MMSG-26355]
UC3_LoginLogout.c(18): Error -27792: Failed to connect to server "127.0.0.1:1080": [10061] Connection refused  	[MsgId: MERR-27792]
UC3_LoginLogout.c(18): Error -26377: No match found for the requested parameter "userSession". Either the specified boundaries were not found in the response or the matched text is longer than current max html parameter size of 256 bytes. The total length of the response is 0 bytes. You can use "web_set_max_html_param_len" to increase the max parameter size.  	[MsgId: MERR-26377]
UC3_LoginLogout.c(18): Error -26366: "Text=Web Tours" not found for web_reg_find  	[MsgId: MERR-26366]
UC3_LoginLogout.c(18): Error -26374: The above "not found" error(s) may be explained by header and body byte counts being 0 and 0, respectively.  	[MsgId: MERR-26374]
End auto log messages stack.	[MsgId: MMSG-10544]


Start auto log messages stack - Iteration 59.	[MsgId: MMSG-10545]
Starting action UC3_LoginLogout.	[MsgId: MMSG-15919]
UC3_LoginLogout.c(3): Notify: Transaction "Login/Logout" started.	[MsgId: MMSG-16999]
UC3_LoginLogout.c(5): Notify: Transaction "StartPage" started.	[MsgId: MMSG-16999]
UC3_LoginLogout.c(7): web_reg_save_param started  	[MsgId: MMSG-26355]
UC3_LoginLogout.c(7): Registering web_reg_save_param was successful  	[MsgId: MMSG-26390]
UC3_LoginLogout.c(12): web_reg_find started  	[MsgId: MMSG-26355]
UC3_LoginLogout.c(12): Registering web_reg_find was successful  	[MsgId: MMSG-26390]
UC3_LoginLogout.c(14): web_set_sockets_option started  	[MsgId: MMSG-26355]
UC3_LoginLogout.c(14): web_set_sockets_option was successful  	[MsgId: MMSG-26392]
UC3_LoginLogout.c(18): web_url("welcome.pl") started  	[MsgId: MMSG-26355]
UC3_LoginLogout.c(18): Error -27792: Failed to connect to server "127.0.0.1:1080": [10061] Connection refused  	[MsgId: MERR-27792]
UC3_LoginLogout.c(18): Error -26377: No match found for the requested parameter "userSession". Either the specified boundaries were not found in the response or the matched text is longer than current max html parameter size of 256 bytes. The total length of the response is 0 bytes. You can use "web_set_max_html_param_len" to increase the max parameter size.  	[MsgId: MERR-26377]
UC3_LoginLogout.c(18): Error -26366: "Text=Web Tours" not found for web_reg_find  	[MsgId: MERR-26366]
UC3_LoginLogout.c(18): Error -26374: The above "not found" error(s) may be explained by header and body byte counts being 0 and 0, respectively.  	[MsgId: MERR-26374]
End auto log messages stack.	[MsgId: MMSG-10544]


