Start auto log messages stack - Iteration 1.	[MsgId: MMSG-10545]
UC5_UserRegistration.c(36): web_reg_find started  	[MsgId: MMSG-26355]
UC5_UserRegistration.c(36): Registering web_reg_find was successful  	[MsgId: MMSG-26390]
UC5_UserRegistration.c(38): web_set_sockets_option started  	[MsgId: MMSG-26355]
UC5_UserRegistration.c(38): web_set_sockets_option was successful  	[MsgId: MMSG-26392]
UC5_UserRegistration.c(40): web_add_cookie started  	[MsgId: MMSG-26355]
UC5_UserRegistration.c(40): web_add_cookie was successful  	[MsgId: MMSG-26392]
UC5_UserRegistration.c(42): web_url("welcome.pl") started  	[MsgId: MMSG-26355]
UC5_UserRegistration.c(42): Error -27792: Failed to connect to server "127.0.0.1:1080": [10061] Connection refused  	[MsgId: MERR-27792]
UC5_UserRegistration.c(42): Error -26377: No match found for the requested parameter "userSession". Either the specified boundaries were not found in the response or the matched text is longer than current max html parameter size of 256 bytes. The total length of the response is 0 bytes. You can use "web_set_max_html_param_len" to increase the max parameter size.  	[MsgId: MERR-26377]
UC5_UserRegistration.c(42): Error -26366: "Text=Web Tours" not found for web_reg_find  	[MsgId: MERR-26366]
UC5_UserRegistration.c(42): Error -26374: The above "not found" error(s) may be explained by header and body byte counts being 0 and 0, respectively.  	[MsgId: MERR-26374]
End auto log messages stack.	[MsgId: MMSG-10544]


Start auto log messages stack - Iteration 2.	[MsgId: MMSG-10545]
UC5_UserRegistration.c(36): web_reg_find started  	[MsgId: MMSG-26355]
UC5_UserRegistration.c(36): Registering web_reg_find was successful  	[MsgId: MMSG-26390]
UC5_UserRegistration.c(38): web_set_sockets_option started  	[MsgId: MMSG-26355]
UC5_UserRegistration.c(38): web_set_sockets_option was successful  	[MsgId: MMSG-26392]
UC5_UserRegistration.c(40): web_add_cookie started  	[MsgId: MMSG-26355]
UC5_UserRegistration.c(40): web_add_cookie was successful  	[MsgId: MMSG-26392]
UC5_UserRegistration.c(42): web_url("welcome.pl") started  	[MsgId: MMSG-26355]
UC5_UserRegistration.c(42): Error -27792: Failed to connect to server "127.0.0.1:1080": [10061] Connection refused  	[MsgId: MERR-27792]
UC5_UserRegistration.c(42): Error -26377: No match found for the requested parameter "userSession". Either the specified boundaries were not found in the response or the matched text is longer than current max html parameter size of 256 bytes. The total length of the response is 0 bytes. You can use "web_set_max_html_param_len" to increase the max parameter size.  	[MsgId: MERR-26377]
UC5_UserRegistration.c(42): Error -26366: "Text=Web Tours" not found for web_reg_find  	[MsgId: MERR-26366]
UC5_UserRegistration.c(42): Error -26374: The above "not found" error(s) may be explained by header and body byte counts being 0 and 0, respectively.  	[MsgId: MERR-26374]
End auto log messages stack.	[MsgId: MMSG-10544]


Start auto log messages stack - Iteration 3.	[MsgId: MMSG-10545]
UC5_UserRegistration.c(36): web_reg_find started  	[MsgId: MMSG-26355]
UC5_UserRegistration.c(36): Registering web_reg_find was successful  	[MsgId: MMSG-26390]
UC5_UserRegistration.c(38): web_set_sockets_option started  	[MsgId: MMSG-26355]
UC5_UserRegistration.c(38): web_set_sockets_option was successful  	[MsgId: MMSG-26392]
UC5_UserRegistration.c(40): web_add_cookie started  	[MsgId: MMSG-26355]
UC5_UserRegistration.c(40): web_add_cookie was successful  	[MsgId: MMSG-26392]
UC5_UserRegistration.c(42): web_url("welcome.pl") started  	[MsgId: MMSG-26355]
UC5_UserRegistration.c(42): Error -27792: Failed to connect to server "127.0.0.1:1080": [10061] Connection refused  	[MsgId: MERR-27792]
UC5_UserRegistration.c(42): Error -26377: No match found for the requested parameter "userSession". Either the specified boundaries were not found in the response or the matched text is longer than current max html parameter size of 256 bytes. The total length of the response is 0 bytes. You can use "web_set_max_html_param_len" to increase the max parameter size.  	[MsgId: MERR-26377]
UC5_UserRegistration.c(42): Error -26366: "Text=Web Tours" not found for web_reg_find  	[MsgId: MERR-26366]
UC5_UserRegistration.c(42): Error -26374: The above "not found" error(s) may be explained by header and body byte counts being 0 and 0, respectively.  	[MsgId: MERR-26374]
End auto log messages stack.	[MsgId: MMSG-10544]


Start auto log messages stack - Iteration 4.	[MsgId: MMSG-10545]
UC5_UserRegistration.c(36): web_reg_find started  	[MsgId: MMSG-26355]
UC5_UserRegistration.c(36): Registering web_reg_find was successful  	[MsgId: MMSG-26390]
UC5_UserRegistration.c(38): web_set_sockets_option started  	[MsgId: MMSG-26355]
UC5_UserRegistration.c(38): web_set_sockets_option was successful  	[MsgId: MMSG-26392]
UC5_UserRegistration.c(40): web_add_cookie started  	[MsgId: MMSG-26355]
UC5_UserRegistration.c(40): web_add_cookie was successful  	[MsgId: MMSG-26392]
UC5_UserRegistration.c(42): web_url("welcome.pl") started  	[MsgId: MMSG-26355]
UC5_UserRegistration.c(42): Error -27792: Failed to connect to server "127.0.0.1:1080": [10061] Connection refused  	[MsgId: MERR-27792]
UC5_UserRegistration.c(42): Error -26377: No match found for the requested parameter "userSession". Either the specified boundaries were not found in the response or the matched text is longer than current max html parameter size of 256 bytes. The total length of the response is 0 bytes. You can use "web_set_max_html_param_len" to increase the max parameter size.  	[MsgId: MERR-26377]
UC5_UserRegistration.c(42): Error -26366: "Text=Web Tours" not found for web_reg_find  	[MsgId: MERR-26366]
UC5_UserRegistration.c(42): Error -26374: The above "not found" error(s) may be explained by header and body byte counts being 0 and 0, respectively.  	[MsgId: MERR-26374]
End auto log messages stack.	[MsgId: MMSG-10544]


Start auto log messages stack - Iteration 5.	[MsgId: MMSG-10545]
UC5_UserRegistration.c(36): web_reg_find started  	[MsgId: MMSG-26355]
UC5_UserRegistration.c(36): Registering web_reg_find was successful  	[MsgId: MMSG-26390]
UC5_UserRegistration.c(38): web_set_sockets_option started  	[MsgId: MMSG-26355]
UC5_UserRegistration.c(38): web_set_sockets_option was successful  	[MsgId: MMSG-26392]
UC5_UserRegistration.c(40): web_add_cookie started  	[MsgId: MMSG-26355]
UC5_UserRegistration.c(40): web_add_cookie was successful  	[MsgId: MMSG-26392]
UC5_UserRegistration.c(42): web_url("welcome.pl") started  	[MsgId: MMSG-26355]
UC5_UserRegistration.c(42): Error -27792: Failed to connect to server "127.0.0.1:1080": [10061] Connection refused  	[MsgId: MERR-27792]
UC5_UserRegistration.c(42): Error -26377: No match found for the requested parameter "userSession". Either the specified boundaries were not found in the response or the matched text is longer than current max html parameter size of 256 bytes. The total length of the response is 0 bytes. You can use "web_set_max_html_param_len" to increase the max parameter size.  	[MsgId: MERR-26377]
UC5_UserRegistration.c(42): Error -26366: "Text=Web Tours" not found for web_reg_find  	[MsgId: MERR-26366]
UC5_UserRegistration.c(42): Error -26374: The above "not found" error(s) may be explained by header and body byte counts being 0 and 0, respectively.  	[MsgId: MERR-26374]
End auto log messages stack.	[MsgId: MMSG-10544]


Start auto log messages stack - Iteration 1.	[MsgId: MMSG-10545]
UC5_UserRegistration.c(36): web_reg_find started  	[MsgId: MMSG-26355]
UC5_UserRegistration.c(36): Registering web_reg_find was successful  	[MsgId: MMSG-26390]
UC5_UserRegistration.c(38): web_set_sockets_option started  	[MsgId: MMSG-26355]
UC5_UserRegistration.c(38): web_set_sockets_option was successful  	[MsgId: MMSG-26392]
UC5_UserRegistration.c(40): web_add_cookie started  	[MsgId: MMSG-26355]
UC5_UserRegistration.c(40): web_add_cookie was successful  	[MsgId: MMSG-26392]
UC5_UserRegistration.c(42): web_url("welcome.pl") started  	[MsgId: MMSG-26355]
UC5_UserRegistration.c(42): Error -27792: Failed to connect to server "127.0.0.1:1080": [10061] Connection refused  	[MsgId: MERR-27792]
UC5_UserRegistration.c(42): Error -26377: No match found for the requested parameter "userSession". Either the specified boundaries were not found in the response or the matched text is longer than current max html parameter size of 256 bytes. The total length of the response is 0 bytes. You can use "web_set_max_html_param_len" to increase the max parameter size.  	[MsgId: MERR-26377]
UC5_UserRegistration.c(42): Error -26366: "Text=Web Tours" not found for web_reg_find  	[MsgId: MERR-26366]
UC5_UserRegistration.c(42): Error -26374: The above "not found" error(s) may be explained by header and body byte counts being 0 and 0, respectively.  	[MsgId: MERR-26374]
End auto log messages stack.	[MsgId: MMSG-10544]


Start auto log messages stack - Iteration 6.	[MsgId: MMSG-10545]
UC5_UserRegistration.c(36): web_reg_find started  	[MsgId: MMSG-26355]
UC5_UserRegistration.c(36): Registering web_reg_find was successful  	[MsgId: MMSG-26390]
UC5_UserRegistration.c(38): web_set_sockets_option started  	[MsgId: MMSG-26355]
UC5_UserRegistration.c(38): web_set_sockets_option was successful  	[MsgId: MMSG-26392]
UC5_UserRegistration.c(40): web_add_cookie started  	[MsgId: MMSG-26355]
UC5_UserRegistration.c(40): web_add_cookie was successful  	[MsgId: MMSG-26392]
UC5_UserRegistration.c(42): web_url("welcome.pl") started  	[MsgId: MMSG-26355]
UC5_UserRegistration.c(42): Error -27792: Failed to connect to server "127.0.0.1:1080": [10061] Connection refused  	[MsgId: MERR-27792]
UC5_UserRegistration.c(42): Error -26377: No match found for the requested parameter "userSession". Either the specified boundaries were not found in the response or the matched text is longer than current max html parameter size of 256 bytes. The total length of the response is 0 bytes. You can use "web_set_max_html_param_len" to increase the max parameter size.  	[MsgId: MERR-26377]
UC5_UserRegistration.c(42): Error -26366: "Text=Web Tours" not found for web_reg_find  	[MsgId: MERR-26366]
UC5_UserRegistration.c(42): Error -26374: The above "not found" error(s) may be explained by header and body byte counts being 0 and 0, respectively.  	[MsgId: MERR-26374]
End auto log messages stack.	[MsgId: MMSG-10544]


Start auto log messages stack - Iteration 2.	[MsgId: MMSG-10545]
UC5_UserRegistration.c(36): web_reg_find started  	[MsgId: MMSG-26355]
UC5_UserRegistration.c(36): Registering web_reg_find was successful  	[MsgId: MMSG-26390]
UC5_UserRegistration.c(38): web_set_sockets_option started  	[MsgId: MMSG-26355]
UC5_UserRegistration.c(38): web_set_sockets_option was successful  	[MsgId: MMSG-26392]
UC5_UserRegistration.c(40): web_add_cookie started  	[MsgId: MMSG-26355]
UC5_UserRegistration.c(40): web_add_cookie was successful  	[MsgId: MMSG-26392]
UC5_UserRegistration.c(42): web_url("welcome.pl") started  	[MsgId: MMSG-26355]
UC5_UserRegistration.c(42): Error -27792: Failed to connect to server "127.0.0.1:1080": [10061] Connection refused  	[MsgId: MERR-27792]
UC5_UserRegistration.c(42): Error -26377: No match found for the requested parameter "userSession". Either the specified boundaries were not found in the response or the matched text is longer than current max html parameter size of 256 bytes. The total length of the response is 0 bytes. You can use "web_set_max_html_param_len" to increase the max parameter size.  	[MsgId: MERR-26377]
UC5_UserRegistration.c(42): Error -26366: "Text=Web Tours" not found for web_reg_find  	[MsgId: MERR-26366]
UC5_UserRegistration.c(42): Error -26374: The above "not found" error(s) may be explained by header and body byte counts being 0 and 0, respectively.  	[MsgId: MERR-26374]
End auto log messages stack.	[MsgId: MMSG-10544]


Start auto log messages stack - Iteration 7.	[MsgId: MMSG-10545]
UC5_UserRegistration.c(36): web_reg_find started  	[MsgId: MMSG-26355]
UC5_UserRegistration.c(36): Registering web_reg_find was successful  	[MsgId: MMSG-26390]
UC5_UserRegistration.c(38): web_set_sockets_option started  	[MsgId: MMSG-26355]
UC5_UserRegistration.c(38): web_set_sockets_option was successful  	[MsgId: MMSG-26392]
UC5_UserRegistration.c(40): web_add_cookie started  	[MsgId: MMSG-26355]
UC5_UserRegistration.c(40): web_add_cookie was successful  	[MsgId: MMSG-26392]
UC5_UserRegistration.c(42): web_url("welcome.pl") started  	[MsgId: MMSG-26355]
UC5_UserRegistration.c(42): Error -27792: Failed to connect to server "127.0.0.1:1080": [10061] Connection refused  	[MsgId: MERR-27792]
UC5_UserRegistration.c(42): Error -26377: No match found for the requested parameter "userSession". Either the specified boundaries were not found in the response or the matched text is longer than current max html parameter size of 256 bytes. The total length of the response is 0 bytes. You can use "web_set_max_html_param_len" to increase the max parameter size.  	[MsgId: MERR-26377]
UC5_UserRegistration.c(42): Error -26366: "Text=Web Tours" not found for web_reg_find  	[MsgId: MERR-26366]
UC5_UserRegistration.c(42): Error -26374: The above "not found" error(s) may be explained by header and body byte counts being 0 and 0, respectively.  	[MsgId: MERR-26374]
End auto log messages stack.	[MsgId: MMSG-10544]


Start auto log messages stack - Iteration 3.	[MsgId: MMSG-10545]
UC5_UserRegistration.c(36): web_reg_find started  	[MsgId: MMSG-26355]
UC5_UserRegistration.c(36): Registering web_reg_find was successful  	[MsgId: MMSG-26390]
UC5_UserRegistration.c(38): web_set_sockets_option started  	[MsgId: MMSG-26355]
UC5_UserRegistration.c(38): web_set_sockets_option was successful  	[MsgId: MMSG-26392]
UC5_UserRegistration.c(40): web_add_cookie started  	[MsgId: MMSG-26355]
UC5_UserRegistration.c(40): web_add_cookie was successful  	[MsgId: MMSG-26392]
UC5_UserRegistration.c(42): web_url("welcome.pl") started  	[MsgId: MMSG-26355]
UC5_UserRegistration.c(42): Error -27792: Failed to connect to server "127.0.0.1:1080": [10061] Connection refused  	[MsgId: MERR-27792]
UC5_UserRegistration.c(42): Error -26377: No match found for the requested parameter "userSession". Either the specified boundaries were not found in the response or the matched text is longer than current max html parameter size of 256 bytes. The total length of the response is 0 bytes. You can use "web_set_max_html_param_len" to increase the max parameter size.  	[MsgId: MERR-26377]
UC5_UserRegistration.c(42): Error -26366: "Text=Web Tours" not found for web_reg_find  	[MsgId: MERR-26366]
UC5_UserRegistration.c(42): Error -26374: The above "not found" error(s) may be explained by header and body byte counts being 0 and 0, respectively.  	[MsgId: MERR-26374]
End auto log messages stack.	[MsgId: MMSG-10544]


Start auto log messages stack - Iteration 8.	[MsgId: MMSG-10545]
UC5_UserRegistration.c(36): web_reg_find started  	[MsgId: MMSG-26355]
UC5_UserRegistration.c(36): Registering web_reg_find was successful  	[MsgId: MMSG-26390]
UC5_UserRegistration.c(38): web_set_sockets_option started  	[MsgId: MMSG-26355]
UC5_UserRegistration.c(38): web_set_sockets_option was successful  	[MsgId: MMSG-26392]
UC5_UserRegistration.c(40): web_add_cookie started  	[MsgId: MMSG-26355]
UC5_UserRegistration.c(40): web_add_cookie was successful  	[MsgId: MMSG-26392]
UC5_UserRegistration.c(42): web_url("welcome.pl") started  	[MsgId: MMSG-26355]
UC5_UserRegistration.c(42): Error -27792: Failed to connect to server "127.0.0.1:1080": [10061] Connection refused  	[MsgId: MERR-27792]
UC5_UserRegistration.c(42): Error -26377: No match found for the requested parameter "userSession". Either the specified boundaries were not found in the response or the matched text is longer than current max html parameter size of 256 bytes. The total length of the response is 0 bytes. You can use "web_set_max_html_param_len" to increase the max parameter size.  	[MsgId: MERR-26377]
UC5_UserRegistration.c(42): Error -26366: "Text=Web Tours" not found for web_reg_find  	[MsgId: MERR-26366]
UC5_UserRegistration.c(42): Error -26374: The above "not found" error(s) may be explained by header and body byte counts being 0 and 0, respectively.  	[MsgId: MERR-26374]
End auto log messages stack.	[MsgId: MMSG-10544]


Start auto log messages stack - Iteration 4.	[MsgId: MMSG-10545]
UC5_UserRegistration.c(36): web_reg_find started  	[MsgId: MMSG-26355]
UC5_UserRegistration.c(36): Registering web_reg_find was successful  	[MsgId: MMSG-26390]
UC5_UserRegistration.c(38): web_set_sockets_option started  	[MsgId: MMSG-26355]
UC5_UserRegistration.c(38): web_set_sockets_option was successful  	[MsgId: MMSG-26392]
UC5_UserRegistration.c(40): web_add_cookie started  	[MsgId: MMSG-26355]
UC5_UserRegistration.c(40): web_add_cookie was successful  	[MsgId: MMSG-26392]
UC5_UserRegistration.c(42): web_url("welcome.pl") started  	[MsgId: MMSG-26355]
UC5_UserRegistration.c(42): Error -27792: Failed to connect to server "127.0.0.1:1080": [10061] Connection refused  	[MsgId: MERR-27792]
UC5_UserRegistration.c(42): Error -26377: No match found for the requested parameter "userSession". Either the specified boundaries were not found in the response or the matched text is longer than current max html parameter size of 256 bytes. The total length of the response is 0 bytes. You can use "web_set_max_html_param_len" to increase the max parameter size.  	[MsgId: MERR-26377]
UC5_UserRegistration.c(42): Error -26366: "Text=Web Tours" not found for web_reg_find  	[MsgId: MERR-26366]
UC5_UserRegistration.c(42): Error -26374: The above "not found" error(s) may be explained by header and body byte counts being 0 and 0, respectively.  	[MsgId: MERR-26374]
End auto log messages stack.	[MsgId: MMSG-10544]


Start auto log messages stack - Iteration 9.	[MsgId: MMSG-10545]
UC5_UserRegistration.c(36): web_reg_find started  	[MsgId: MMSG-26355]
UC5_UserRegistration.c(36): Registering web_reg_find was successful  	[MsgId: MMSG-26390]
UC5_UserRegistration.c(38): web_set_sockets_option started  	[MsgId: MMSG-26355]
UC5_UserRegistration.c(38): web_set_sockets_option was successful  	[MsgId: MMSG-26392]
UC5_UserRegistration.c(40): web_add_cookie started  	[MsgId: MMSG-26355]
UC5_UserRegistration.c(40): web_add_cookie was successful  	[MsgId: MMSG-26392]
UC5_UserRegistration.c(42): web_url("welcome.pl") started  	[MsgId: MMSG-26355]
UC5_UserRegistration.c(42): Error -27792: Failed to connect to server "127.0.0.1:1080": [10061] Connection refused  	[MsgId: MERR-27792]
UC5_UserRegistration.c(42): Error -26377: No match found for the requested parameter "userSession". Either the specified boundaries were not found in the response or the matched text is longer than current max html parameter size of 256 bytes. The total length of the response is 0 bytes. You can use "web_set_max_html_param_len" to increase the max parameter size.  	[MsgId: MERR-26377]
UC5_UserRegistration.c(42): Error -26366: "Text=Web Tours" not found for web_reg_find  	[MsgId: MERR-26366]
UC5_UserRegistration.c(42): Error -26374: The above "not found" error(s) may be explained by header and body byte counts being 0 and 0, respectively.  	[MsgId: MERR-26374]
End auto log messages stack.	[MsgId: MMSG-10544]


Start auto log messages stack - Iteration 5.	[MsgId: MMSG-10545]
UC5_UserRegistration.c(36): web_reg_find started  	[MsgId: MMSG-26355]
UC5_UserRegistration.c(36): Registering web_reg_find was successful  	[MsgId: MMSG-26390]
UC5_UserRegistration.c(38): web_set_sockets_option started  	[MsgId: MMSG-26355]
UC5_UserRegistration.c(38): web_set_sockets_option was successful  	[MsgId: MMSG-26392]
UC5_UserRegistration.c(40): web_add_cookie started  	[MsgId: MMSG-26355]
UC5_UserRegistration.c(40): web_add_cookie was successful  	[MsgId: MMSG-26392]
UC5_UserRegistration.c(42): web_url("welcome.pl") started  	[MsgId: MMSG-26355]
UC5_UserRegistration.c(42): Error -27792: Failed to connect to server "127.0.0.1:1080": [10061] Connection refused  	[MsgId: MERR-27792]
UC5_UserRegistration.c(42): Error -26377: No match found for the requested parameter "userSession". Either the specified boundaries were not found in the response or the matched text is longer than current max html parameter size of 256 bytes. The total length of the response is 0 bytes. You can use "web_set_max_html_param_len" to increase the max parameter size.  	[MsgId: MERR-26377]
UC5_UserRegistration.c(42): Error -26366: "Text=Web Tours" not found for web_reg_find  	[MsgId: MERR-26366]
UC5_UserRegistration.c(42): Error -26374: The above "not found" error(s) may be explained by header and body byte counts being 0 and 0, respectively.  	[MsgId: MERR-26374]
End auto log messages stack.	[MsgId: MMSG-10544]


Start auto log messages stack - Iteration 10.	[MsgId: MMSG-10545]
UC5_UserRegistration.c(36): web_reg_find started  	[MsgId: MMSG-26355]
UC5_UserRegistration.c(36): Registering web_reg_find was successful  	[MsgId: MMSG-26390]
UC5_UserRegistration.c(38): web_set_sockets_option started  	[MsgId: MMSG-26355]
UC5_UserRegistration.c(38): web_set_sockets_option was successful  	[MsgId: MMSG-26392]
UC5_UserRegistration.c(40): web_add_cookie started  	[MsgId: MMSG-26355]
UC5_UserRegistration.c(40): web_add_cookie was successful  	[MsgId: MMSG-26392]
UC5_UserRegistration.c(42): web_url("welcome.pl") started  	[MsgId: MMSG-26355]
UC5_UserRegistration.c(42): Error -27792: Failed to connect to server "127.0.0.1:1080": [10061] Connection refused  	[MsgId: MERR-27792]
UC5_UserRegistration.c(42): Error -26377: No match found for the requested parameter "userSession". Either the specified boundaries were not found in the response or the matched text is longer than current max html parameter size of 256 bytes. The total length of the response is 0 bytes. You can use "web_set_max_html_param_len" to increase the max parameter size.  	[MsgId: MERR-26377]
UC5_UserRegistration.c(42): Error -26366: "Text=Web Tours" not found for web_reg_find  	[MsgId: MERR-26366]
UC5_UserRegistration.c(42): Error -26374: The above "not found" error(s) may be explained by header and body byte counts being 0 and 0, respectively.  	[MsgId: MERR-26374]
End auto log messages stack.	[MsgId: MMSG-10544]


Start auto log messages stack - Iteration 6.	[MsgId: MMSG-10545]
UC5_UserRegistration.c(36): web_reg_find started  	[MsgId: MMSG-26355]
UC5_UserRegistration.c(36): Registering web_reg_find was successful  	[MsgId: MMSG-26390]
UC5_UserRegistration.c(38): web_set_sockets_option started  	[MsgId: MMSG-26355]
UC5_UserRegistration.c(38): web_set_sockets_option was successful  	[MsgId: MMSG-26392]
UC5_UserRegistration.c(40): web_add_cookie started  	[MsgId: MMSG-26355]
UC5_UserRegistration.c(40): web_add_cookie was successful  	[MsgId: MMSG-26392]
UC5_UserRegistration.c(42): web_url("welcome.pl") started  	[MsgId: MMSG-26355]
UC5_UserRegistration.c(42): Error -27792: Failed to connect to server "127.0.0.1:1080": [10061] Connection refused  	[MsgId: MERR-27792]
UC5_UserRegistration.c(42): Error -26377: No match found for the requested parameter "userSession". Either the specified boundaries were not found in the response or the matched text is longer than current max html parameter size of 256 bytes. The total length of the response is 0 bytes. You can use "web_set_max_html_param_len" to increase the max parameter size.  	[MsgId: MERR-26377]
UC5_UserRegistration.c(42): Error -26366: "Text=Web Tours" not found for web_reg_find  	[MsgId: MERR-26366]
UC5_UserRegistration.c(42): Error -26374: The above "not found" error(s) may be explained by header and body byte counts being 0 and 0, respectively.  	[MsgId: MERR-26374]
End auto log messages stack.	[MsgId: MMSG-10544]


Start auto log messages stack - Iteration 11.	[MsgId: MMSG-10545]
UC5_UserRegistration.c(36): web_reg_find started  	[MsgId: MMSG-26355]
UC5_UserRegistration.c(36): Registering web_reg_find was successful  	[MsgId: MMSG-26390]
UC5_UserRegistration.c(38): web_set_sockets_option started  	[MsgId: MMSG-26355]
UC5_UserRegistration.c(38): web_set_sockets_option was successful  	[MsgId: MMSG-26392]
UC5_UserRegistration.c(40): web_add_cookie started  	[MsgId: MMSG-26355]
UC5_UserRegistration.c(40): web_add_cookie was successful  	[MsgId: MMSG-26392]
UC5_UserRegistration.c(42): web_url("welcome.pl") started  	[MsgId: MMSG-26355]
UC5_UserRegistration.c(42): Error -27792: Failed to connect to server "127.0.0.1:1080": [10061] Connection refused  	[MsgId: MERR-27792]
UC5_UserRegistration.c(42): Error -26377: No match found for the requested parameter "userSession". Either the specified boundaries were not found in the response or the matched text is longer than current max html parameter size of 256 bytes. The total length of the response is 0 bytes. You can use "web_set_max_html_param_len" to increase the max parameter size.  	[MsgId: MERR-26377]
UC5_UserRegistration.c(42): Error -26366: "Text=Web Tours" not found for web_reg_find  	[MsgId: MERR-26366]
UC5_UserRegistration.c(42): Error -26374: The above "not found" error(s) may be explained by header and body byte counts being 0 and 0, respectively.  	[MsgId: MERR-26374]
End auto log messages stack.	[MsgId: MMSG-10544]


Start auto log messages stack - Iteration 7.	[MsgId: MMSG-10545]
UC5_UserRegistration.c(36): web_reg_find started  	[MsgId: MMSG-26355]
UC5_UserRegistration.c(36): Registering web_reg_find was successful  	[MsgId: MMSG-26390]
UC5_UserRegistration.c(38): web_set_sockets_option started  	[MsgId: MMSG-26355]
UC5_UserRegistration.c(38): web_set_sockets_option was successful  	[MsgId: MMSG-26392]
UC5_UserRegistration.c(40): web_add_cookie started  	[MsgId: MMSG-26355]
UC5_UserRegistration.c(40): web_add_cookie was successful  	[MsgId: MMSG-26392]
UC5_UserRegistration.c(42): web_url("welcome.pl") started  	[MsgId: MMSG-26355]
UC5_UserRegistration.c(42): Error -27792: Failed to connect to server "127.0.0.1:1080": [10061] Connection refused  	[MsgId: MERR-27792]
UC5_UserRegistration.c(42): Error -26377: No match found for the requested parameter "userSession". Either the specified boundaries were not found in the response or the matched text is longer than current max html parameter size of 256 bytes. The total length of the response is 0 bytes. You can use "web_set_max_html_param_len" to increase the max parameter size.  	[MsgId: MERR-26377]
UC5_UserRegistration.c(42): Error -26366: "Text=Web Tours" not found for web_reg_find  	[MsgId: MERR-26366]
UC5_UserRegistration.c(42): Error -26374: The above "not found" error(s) may be explained by header and body byte counts being 0 and 0, respectively.  	[MsgId: MERR-26374]
End auto log messages stack.	[MsgId: MMSG-10544]


Start auto log messages stack - Iteration 12.	[MsgId: MMSG-10545]
UC5_UserRegistration.c(36): web_reg_find started  	[MsgId: MMSG-26355]
UC5_UserRegistration.c(36): Registering web_reg_find was successful  	[MsgId: MMSG-26390]
UC5_UserRegistration.c(38): web_set_sockets_option started  	[MsgId: MMSG-26355]
UC5_UserRegistration.c(38): web_set_sockets_option was successful  	[MsgId: MMSG-26392]
UC5_UserRegistration.c(40): web_add_cookie started  	[MsgId: MMSG-26355]
UC5_UserRegistration.c(40): web_add_cookie was successful  	[MsgId: MMSG-26392]
UC5_UserRegistration.c(42): web_url("welcome.pl") started  	[MsgId: MMSG-26355]
UC5_UserRegistration.c(42): Error -27792: Failed to connect to server "127.0.0.1:1080": [10061] Connection refused  	[MsgId: MERR-27792]
UC5_UserRegistration.c(42): Error -26377: No match found for the requested parameter "userSession". Either the specified boundaries were not found in the response or the matched text is longer than current max html parameter size of 256 bytes. The total length of the response is 0 bytes. You can use "web_set_max_html_param_len" to increase the max parameter size.  	[MsgId: MERR-26377]
UC5_UserRegistration.c(42): Error -26366: "Text=Web Tours" not found for web_reg_find  	[MsgId: MERR-26366]
UC5_UserRegistration.c(42): Error -26374: The above "not found" error(s) may be explained by header and body byte counts being 0 and 0, respectively.  	[MsgId: MERR-26374]
End auto log messages stack.	[MsgId: MMSG-10544]


Start auto log messages stack - Iteration 8.	[MsgId: MMSG-10545]
UC5_UserRegistration.c(36): web_reg_find started  	[MsgId: MMSG-26355]
UC5_UserRegistration.c(36): Registering web_reg_find was successful  	[MsgId: MMSG-26390]
UC5_UserRegistration.c(38): web_set_sockets_option started  	[MsgId: MMSG-26355]
UC5_UserRegistration.c(38): web_set_sockets_option was successful  	[MsgId: MMSG-26392]
UC5_UserRegistration.c(40): web_add_cookie started  	[MsgId: MMSG-26355]
UC5_UserRegistration.c(40): web_add_cookie was successful  	[MsgId: MMSG-26392]
UC5_UserRegistration.c(42): web_url("welcome.pl") started  	[MsgId: MMSG-26355]
UC5_UserRegistration.c(42): Error -27792: Failed to connect to server "127.0.0.1:1080": [10061] Connection refused  	[MsgId: MERR-27792]
UC5_UserRegistration.c(42): Error -26377: No match found for the requested parameter "userSession". Either the specified boundaries were not found in the response or the matched text is longer than current max html parameter size of 256 bytes. The total length of the response is 0 bytes. You can use "web_set_max_html_param_len" to increase the max parameter size.  	[MsgId: MERR-26377]
UC5_UserRegistration.c(42): Error -26366: "Text=Web Tours" not found for web_reg_find  	[MsgId: MERR-26366]
UC5_UserRegistration.c(42): Error -26374: The above "not found" error(s) may be explained by header and body byte counts being 0 and 0, respectively.  	[MsgId: MERR-26374]
End auto log messages stack.	[MsgId: MMSG-10544]


Start auto log messages stack - Iteration 13.	[MsgId: MMSG-10545]
UC5_UserRegistration.c(36): web_reg_find started  	[MsgId: MMSG-26355]
UC5_UserRegistration.c(36): Registering web_reg_find was successful  	[MsgId: MMSG-26390]
UC5_UserRegistration.c(38): web_set_sockets_option started  	[MsgId: MMSG-26355]
UC5_UserRegistration.c(38): web_set_sockets_option was successful  	[MsgId: MMSG-26392]
UC5_UserRegistration.c(40): web_add_cookie started  	[MsgId: MMSG-26355]
UC5_UserRegistration.c(40): web_add_cookie was successful  	[MsgId: MMSG-26392]
UC5_UserRegistration.c(42): web_url("welcome.pl") started  	[MsgId: MMSG-26355]
UC5_UserRegistration.c(42): Error -27792: Failed to connect to server "127.0.0.1:1080": [10061] Connection refused  	[MsgId: MERR-27792]
UC5_UserRegistration.c(42): Error -26377: No match found for the requested parameter "userSession". Either the specified boundaries were not found in the response or the matched text is longer than current max html parameter size of 256 bytes. The total length of the response is 0 bytes. You can use "web_set_max_html_param_len" to increase the max parameter size.  	[MsgId: MERR-26377]
UC5_UserRegistration.c(42): Error -26366: "Text=Web Tours" not found for web_reg_find  	[MsgId: MERR-26366]
UC5_UserRegistration.c(42): Error -26374: The above "not found" error(s) may be explained by header and body byte counts being 0 and 0, respectively.  	[MsgId: MERR-26374]
End auto log messages stack.	[MsgId: MMSG-10544]


Start auto log messages stack - Iteration 9.	[MsgId: MMSG-10545]
UC5_UserRegistration.c(36): web_reg_find started  	[MsgId: MMSG-26355]
UC5_UserRegistration.c(36): Registering web_reg_find was successful  	[MsgId: MMSG-26390]
UC5_UserRegistration.c(38): web_set_sockets_option started  	[MsgId: MMSG-26355]
UC5_UserRegistration.c(38): web_set_sockets_option was successful  	[MsgId: MMSG-26392]
UC5_UserRegistration.c(40): web_add_cookie started  	[MsgId: MMSG-26355]
UC5_UserRegistration.c(40): web_add_cookie was successful  	[MsgId: MMSG-26392]
UC5_UserRegistration.c(42): web_url("welcome.pl") started  	[MsgId: MMSG-26355]
UC5_UserRegistration.c(42): Error -27792: Failed to connect to server "127.0.0.1:1080": [10061] Connection refused  	[MsgId: MERR-27792]
UC5_UserRegistration.c(42): Error -26377: No match found for the requested parameter "userSession". Either the specified boundaries were not found in the response or the matched text is longer than current max html parameter size of 256 bytes. The total length of the response is 0 bytes. You can use "web_set_max_html_param_len" to increase the max parameter size.  	[MsgId: MERR-26377]
UC5_UserRegistration.c(42): Error -26366: "Text=Web Tours" not found for web_reg_find  	[MsgId: MERR-26366]
UC5_UserRegistration.c(42): Error -26374: The above "not found" error(s) may be explained by header and body byte counts being 0 and 0, respectively.  	[MsgId: MERR-26374]
End auto log messages stack.	[MsgId: MMSG-10544]


Start auto log messages stack - Iteration 14.	[MsgId: MMSG-10545]
UC5_UserRegistration.c(36): web_reg_find started  	[MsgId: MMSG-26355]
UC5_UserRegistration.c(36): Registering web_reg_find was successful  	[MsgId: MMSG-26390]
UC5_UserRegistration.c(38): web_set_sockets_option started  	[MsgId: MMSG-26355]
UC5_UserRegistration.c(38): web_set_sockets_option was successful  	[MsgId: MMSG-26392]
UC5_UserRegistration.c(40): web_add_cookie started  	[MsgId: MMSG-26355]
UC5_UserRegistration.c(40): web_add_cookie was successful  	[MsgId: MMSG-26392]
UC5_UserRegistration.c(42): web_url("welcome.pl") started  	[MsgId: MMSG-26355]
UC5_UserRegistration.c(42): Error -27792: Failed to connect to server "127.0.0.1:1080": [10061] Connection refused  	[MsgId: MERR-27792]
UC5_UserRegistration.c(42): Error -26377: No match found for the requested parameter "userSession". Either the specified boundaries were not found in the response or the matched text is longer than current max html parameter size of 256 bytes. The total length of the response is 0 bytes. You can use "web_set_max_html_param_len" to increase the max parameter size.  	[MsgId: MERR-26377]
UC5_UserRegistration.c(42): Error -26366: "Text=Web Tours" not found for web_reg_find  	[MsgId: MERR-26366]
UC5_UserRegistration.c(42): Error -26374: The above "not found" error(s) may be explained by header and body byte counts being 0 and 0, respectively.  	[MsgId: MERR-26374]
End auto log messages stack.	[MsgId: MMSG-10544]


Start auto log messages stack - Iteration 10.	[MsgId: MMSG-10545]
UC5_UserRegistration.c(36): web_reg_find started  	[MsgId: MMSG-26355]
UC5_UserRegistration.c(36): Registering web_reg_find was successful  	[MsgId: MMSG-26390]
UC5_UserRegistration.c(38): web_set_sockets_option started  	[MsgId: MMSG-26355]
UC5_UserRegistration.c(38): web_set_sockets_option was successful  	[MsgId: MMSG-26392]
UC5_UserRegistration.c(40): web_add_cookie started  	[MsgId: MMSG-26355]
UC5_UserRegistration.c(40): web_add_cookie was successful  	[MsgId: MMSG-26392]
UC5_UserRegistration.c(42): web_url("welcome.pl") started  	[MsgId: MMSG-26355]
UC5_UserRegistration.c(42): Error -27792: Failed to connect to server "127.0.0.1:1080": [10061] Connection refused  	[MsgId: MERR-27792]
UC5_UserRegistration.c(42): Error -26377: No match found for the requested parameter "userSession". Either the specified boundaries were not found in the response or the matched text is longer than current max html parameter size of 256 bytes. The total length of the response is 0 bytes. You can use "web_set_max_html_param_len" to increase the max parameter size.  	[MsgId: MERR-26377]
UC5_UserRegistration.c(42): Error -26366: "Text=Web Tours" not found for web_reg_find  	[MsgId: MERR-26366]
UC5_UserRegistration.c(42): Error -26374: The above "not found" error(s) may be explained by header and body byte counts being 0 and 0, respectively.  	[MsgId: MERR-26374]
End auto log messages stack.	[MsgId: MMSG-10544]


Start auto log messages stack - Iteration 15.	[MsgId: MMSG-10545]
UC5_UserRegistration.c(36): web_reg_find started  	[MsgId: MMSG-26355]
UC5_UserRegistration.c(36): Registering web_reg_find was successful  	[MsgId: MMSG-26390]
UC5_UserRegistration.c(38): web_set_sockets_option started  	[MsgId: MMSG-26355]
UC5_UserRegistration.c(38): web_set_sockets_option was successful  	[MsgId: MMSG-26392]
UC5_UserRegistration.c(40): web_add_cookie started  	[MsgId: MMSG-26355]
UC5_UserRegistration.c(40): web_add_cookie was successful  	[MsgId: MMSG-26392]
UC5_UserRegistration.c(42): web_url("welcome.pl") started  	[MsgId: MMSG-26355]
UC5_UserRegistration.c(42): Error -27792: Failed to connect to server "127.0.0.1:1080": [10061] Connection refused  	[MsgId: MERR-27792]
UC5_UserRegistration.c(42): Error -26377: No match found for the requested parameter "userSession". Either the specified boundaries were not found in the response or the matched text is longer than current max html parameter size of 256 bytes. The total length of the response is 0 bytes. You can use "web_set_max_html_param_len" to increase the max parameter size.  	[MsgId: MERR-26377]
UC5_UserRegistration.c(42): Error -26366: "Text=Web Tours" not found for web_reg_find  	[MsgId: MERR-26366]
UC5_UserRegistration.c(42): Error -26374: The above "not found" error(s) may be explained by header and body byte counts being 0 and 0, respectively.  	[MsgId: MERR-26374]
End auto log messages stack.	[MsgId: MMSG-10544]


Start auto log messages stack - Iteration 11.	[MsgId: MMSG-10545]
UC5_UserRegistration.c(36): web_reg_find started  	[MsgId: MMSG-26355]
UC5_UserRegistration.c(36): Registering web_reg_find was successful  	[MsgId: MMSG-26390]
UC5_UserRegistration.c(38): web_set_sockets_option started  	[MsgId: MMSG-26355]
UC5_UserRegistration.c(38): web_set_sockets_option was successful  	[MsgId: MMSG-26392]
UC5_UserRegistration.c(40): web_add_cookie started  	[MsgId: MMSG-26355]
UC5_UserRegistration.c(40): web_add_cookie was successful  	[MsgId: MMSG-26392]
UC5_UserRegistration.c(42): web_url("welcome.pl") started  	[MsgId: MMSG-26355]
UC5_UserRegistration.c(42): Error -27792: Failed to connect to server "127.0.0.1:1080": [10061] Connection refused  	[MsgId: MERR-27792]
UC5_UserRegistration.c(42): Error -26377: No match found for the requested parameter "userSession". Either the specified boundaries were not found in the response or the matched text is longer than current max html parameter size of 256 bytes. The total length of the response is 0 bytes. You can use "web_set_max_html_param_len" to increase the max parameter size.  	[MsgId: MERR-26377]
UC5_UserRegistration.c(42): Error -26366: "Text=Web Tours" not found for web_reg_find  	[MsgId: MERR-26366]
UC5_UserRegistration.c(42): Error -26374: The above "not found" error(s) may be explained by header and body byte counts being 0 and 0, respectively.  	[MsgId: MERR-26374]
End auto log messages stack.	[MsgId: MMSG-10544]


Start auto log messages stack - Iteration 16.	[MsgId: MMSG-10545]
UC5_UserRegistration.c(36): web_reg_find started  	[MsgId: MMSG-26355]
UC5_UserRegistration.c(36): Registering web_reg_find was successful  	[MsgId: MMSG-26390]
UC5_UserRegistration.c(38): web_set_sockets_option started  	[MsgId: MMSG-26355]
UC5_UserRegistration.c(38): web_set_sockets_option was successful  	[MsgId: MMSG-26392]
UC5_UserRegistration.c(40): web_add_cookie started  	[MsgId: MMSG-26355]
UC5_UserRegistration.c(40): web_add_cookie was successful  	[MsgId: MMSG-26392]
UC5_UserRegistration.c(42): web_url("welcome.pl") started  	[MsgId: MMSG-26355]
UC5_UserRegistration.c(42): Error -27792: Failed to connect to server "127.0.0.1:1080": [10061] Connection refused  	[MsgId: MERR-27792]
UC5_UserRegistration.c(42): Error -26377: No match found for the requested parameter "userSession". Either the specified boundaries were not found in the response or the matched text is longer than current max html parameter size of 256 bytes. The total length of the response is 0 bytes. You can use "web_set_max_html_param_len" to increase the max parameter size.  	[MsgId: MERR-26377]
UC5_UserRegistration.c(42): Error -26366: "Text=Web Tours" not found for web_reg_find  	[MsgId: MERR-26366]
UC5_UserRegistration.c(42): Error -26374: The above "not found" error(s) may be explained by header and body byte counts being 0 and 0, respectively.  	[MsgId: MERR-26374]
End auto log messages stack.	[MsgId: MMSG-10544]


Start auto log messages stack - Iteration 12.	[MsgId: MMSG-10545]
UC5_UserRegistration.c(36): web_reg_find started  	[MsgId: MMSG-26355]
UC5_UserRegistration.c(36): Registering web_reg_find was successful  	[MsgId: MMSG-26390]
UC5_UserRegistration.c(38): web_set_sockets_option started  	[MsgId: MMSG-26355]
UC5_UserRegistration.c(38): web_set_sockets_option was successful  	[MsgId: MMSG-26392]
UC5_UserRegistration.c(40): web_add_cookie started  	[MsgId: MMSG-26355]
UC5_UserRegistration.c(40): web_add_cookie was successful  	[MsgId: MMSG-26392]
UC5_UserRegistration.c(42): web_url("welcome.pl") started  	[MsgId: MMSG-26355]
UC5_UserRegistration.c(42): Error -27792: Failed to connect to server "127.0.0.1:1080": [10061] Connection refused  	[MsgId: MERR-27792]
UC5_UserRegistration.c(42): Error -26377: No match found for the requested parameter "userSession". Either the specified boundaries were not found in the response or the matched text is longer than current max html parameter size of 256 bytes. The total length of the response is 0 bytes. You can use "web_set_max_html_param_len" to increase the max parameter size.  	[MsgId: MERR-26377]
UC5_UserRegistration.c(42): Error -26366: "Text=Web Tours" not found for web_reg_find  	[MsgId: MERR-26366]
UC5_UserRegistration.c(42): Error -26374: The above "not found" error(s) may be explained by header and body byte counts being 0 and 0, respectively.  	[MsgId: MERR-26374]
End auto log messages stack.	[MsgId: MMSG-10544]


Start auto log messages stack - Iteration 17.	[MsgId: MMSG-10545]
UC5_UserRegistration.c(36): web_reg_find started  	[MsgId: MMSG-26355]
UC5_UserRegistration.c(36): Registering web_reg_find was successful  	[MsgId: MMSG-26390]
UC5_UserRegistration.c(38): web_set_sockets_option started  	[MsgId: MMSG-26355]
UC5_UserRegistration.c(38): web_set_sockets_option was successful  	[MsgId: MMSG-26392]
UC5_UserRegistration.c(40): web_add_cookie started  	[MsgId: MMSG-26355]
UC5_UserRegistration.c(40): web_add_cookie was successful  	[MsgId: MMSG-26392]
UC5_UserRegistration.c(42): web_url("welcome.pl") started  	[MsgId: MMSG-26355]
UC5_UserRegistration.c(42): Error -27792: Failed to connect to server "127.0.0.1:1080": [10061] Connection refused  	[MsgId: MERR-27792]
UC5_UserRegistration.c(42): Error -26377: No match found for the requested parameter "userSession". Either the specified boundaries were not found in the response or the matched text is longer than current max html parameter size of 256 bytes. The total length of the response is 0 bytes. You can use "web_set_max_html_param_len" to increase the max parameter size.  	[MsgId: MERR-26377]
UC5_UserRegistration.c(42): Error -26366: "Text=Web Tours" not found for web_reg_find  	[MsgId: MERR-26366]
UC5_UserRegistration.c(42): Error -26374: The above "not found" error(s) may be explained by header and body byte counts being 0 and 0, respectively.  	[MsgId: MERR-26374]
End auto log messages stack.	[MsgId: MMSG-10544]


Start auto log messages stack - Iteration 13.	[MsgId: MMSG-10545]
UC5_UserRegistration.c(36): web_reg_find started  	[MsgId: MMSG-26355]
UC5_UserRegistration.c(36): Registering web_reg_find was successful  	[MsgId: MMSG-26390]
UC5_UserRegistration.c(38): web_set_sockets_option started  	[MsgId: MMSG-26355]
UC5_UserRegistration.c(38): web_set_sockets_option was successful  	[MsgId: MMSG-26392]
UC5_UserRegistration.c(40): web_add_cookie started  	[MsgId: MMSG-26355]
UC5_UserRegistration.c(40): web_add_cookie was successful  	[MsgId: MMSG-26392]
UC5_UserRegistration.c(42): web_url("welcome.pl") started  	[MsgId: MMSG-26355]
UC5_UserRegistration.c(42): Error -27792: Failed to connect to server "127.0.0.1:1080": [10061] Connection refused  	[MsgId: MERR-27792]
UC5_UserRegistration.c(42): Error -26377: No match found for the requested parameter "userSession". Either the specified boundaries were not found in the response or the matched text is longer than current max html parameter size of 256 bytes. The total length of the response is 0 bytes. You can use "web_set_max_html_param_len" to increase the max parameter size.  	[MsgId: MERR-26377]
UC5_UserRegistration.c(42): Error -26366: "Text=Web Tours" not found for web_reg_find  	[MsgId: MERR-26366]
UC5_UserRegistration.c(42): Error -26374: The above "not found" error(s) may be explained by header and body byte counts being 0 and 0, respectively.  	[MsgId: MERR-26374]
End auto log messages stack.	[MsgId: MMSG-10544]


Start auto log messages stack - Iteration 18.	[MsgId: MMSG-10545]
UC5_UserRegistration.c(36): web_reg_find started  	[MsgId: MMSG-26355]
UC5_UserRegistration.c(36): Registering web_reg_find was successful  	[MsgId: MMSG-26390]
UC5_UserRegistration.c(38): web_set_sockets_option started  	[MsgId: MMSG-26355]
UC5_UserRegistration.c(38): web_set_sockets_option was successful  	[MsgId: MMSG-26392]
UC5_UserRegistration.c(40): web_add_cookie started  	[MsgId: MMSG-26355]
UC5_UserRegistration.c(40): web_add_cookie was successful  	[MsgId: MMSG-26392]
UC5_UserRegistration.c(42): web_url("welcome.pl") started  	[MsgId: MMSG-26355]
UC5_UserRegistration.c(42): Error -27792: Failed to connect to server "127.0.0.1:1080": [10061] Connection refused  	[MsgId: MERR-27792]
UC5_UserRegistration.c(42): Error -26377: No match found for the requested parameter "userSession". Either the specified boundaries were not found in the response or the matched text is longer than current max html parameter size of 256 bytes. The total length of the response is 0 bytes. You can use "web_set_max_html_param_len" to increase the max parameter size.  	[MsgId: MERR-26377]
UC5_UserRegistration.c(42): Error -26366: "Text=Web Tours" not found for web_reg_find  	[MsgId: MERR-26366]
UC5_UserRegistration.c(42): Error -26374: The above "not found" error(s) may be explained by header and body byte counts being 0 and 0, respectively.  	[MsgId: MERR-26374]
End auto log messages stack.	[MsgId: MMSG-10544]


Start auto log messages stack - Iteration 14.	[MsgId: MMSG-10545]
UC5_UserRegistration.c(36): web_reg_find started  	[MsgId: MMSG-26355]
UC5_UserRegistration.c(36): Registering web_reg_find was successful  	[MsgId: MMSG-26390]
UC5_UserRegistration.c(38): web_set_sockets_option started  	[MsgId: MMSG-26355]
UC5_UserRegistration.c(38): web_set_sockets_option was successful  	[MsgId: MMSG-26392]
UC5_UserRegistration.c(40): web_add_cookie started  	[MsgId: MMSG-26355]
UC5_UserRegistration.c(40): web_add_cookie was successful  	[MsgId: MMSG-26392]
UC5_UserRegistration.c(42): web_url("welcome.pl") started  	[MsgId: MMSG-26355]
UC5_UserRegistration.c(42): Error -27792: Failed to connect to server "127.0.0.1:1080": [10061] Connection refused  	[MsgId: MERR-27792]
UC5_UserRegistration.c(42): Error -26377: No match found for the requested parameter "userSession". Either the specified boundaries were not found in the response or the matched text is longer than current max html parameter size of 256 bytes. The total length of the response is 0 bytes. You can use "web_set_max_html_param_len" to increase the max parameter size.  	[MsgId: MERR-26377]
UC5_UserRegistration.c(42): Error -26366: "Text=Web Tours" not found for web_reg_find  	[MsgId: MERR-26366]
UC5_UserRegistration.c(42): Error -26374: The above "not found" error(s) may be explained by header and body byte counts being 0 and 0, respectively.  	[MsgId: MERR-26374]
End auto log messages stack.	[MsgId: MMSG-10544]


Start auto log messages stack - Iteration 19.	[MsgId: MMSG-10545]
UC5_UserRegistration.c(36): web_reg_find started  	[MsgId: MMSG-26355]
UC5_UserRegistration.c(36): Registering web_reg_find was successful  	[MsgId: MMSG-26390]
UC5_UserRegistration.c(38): web_set_sockets_option started  	[MsgId: MMSG-26355]
UC5_UserRegistration.c(38): web_set_sockets_option was successful  	[MsgId: MMSG-26392]
UC5_UserRegistration.c(40): web_add_cookie started  	[MsgId: MMSG-26355]
UC5_UserRegistration.c(40): web_add_cookie was successful  	[MsgId: MMSG-26392]
UC5_UserRegistration.c(42): web_url("welcome.pl") started  	[MsgId: MMSG-26355]
UC5_UserRegistration.c(42): Error -27792: Failed to connect to server "127.0.0.1:1080": [10061] Connection refused  	[MsgId: MERR-27792]
UC5_UserRegistration.c(42): Error -26377: No match found for the requested parameter "userSession". Either the specified boundaries were not found in the response or the matched text is longer than current max html parameter size of 256 bytes. The total length of the response is 0 bytes. You can use "web_set_max_html_param_len" to increase the max parameter size.  	[MsgId: MERR-26377]
UC5_UserRegistration.c(42): Error -26366: "Text=Web Tours" not found for web_reg_find  	[MsgId: MERR-26366]
UC5_UserRegistration.c(42): Error -26374: The above "not found" error(s) may be explained by header and body byte counts being 0 and 0, respectively.  	[MsgId: MERR-26374]
End auto log messages stack.	[MsgId: MMSG-10544]


Start auto log messages stack - Iteration 15.	[MsgId: MMSG-10545]
UC5_UserRegistration.c(36): web_reg_find started  	[MsgId: MMSG-26355]
UC5_UserRegistration.c(36): Registering web_reg_find was successful  	[MsgId: MMSG-26390]
UC5_UserRegistration.c(38): web_set_sockets_option started  	[MsgId: MMSG-26355]
UC5_UserRegistration.c(38): web_set_sockets_option was successful  	[MsgId: MMSG-26392]
UC5_UserRegistration.c(40): web_add_cookie started  	[MsgId: MMSG-26355]
UC5_UserRegistration.c(40): web_add_cookie was successful  	[MsgId: MMSG-26392]
UC5_UserRegistration.c(42): web_url("welcome.pl") started  	[MsgId: MMSG-26355]
UC5_UserRegistration.c(42): Error -27792: Failed to connect to server "127.0.0.1:1080": [10061] Connection refused  	[MsgId: MERR-27792]
UC5_UserRegistration.c(42): Error -26377: No match found for the requested parameter "userSession". Either the specified boundaries were not found in the response or the matched text is longer than current max html parameter size of 256 bytes. The total length of the response is 0 bytes. You can use "web_set_max_html_param_len" to increase the max parameter size.  	[MsgId: MERR-26377]
UC5_UserRegistration.c(42): Error -26366: "Text=Web Tours" not found for web_reg_find  	[MsgId: MERR-26366]
UC5_UserRegistration.c(42): Error -26374: The above "not found" error(s) may be explained by header and body byte counts being 0 and 0, respectively.  	[MsgId: MERR-26374]
End auto log messages stack.	[MsgId: MMSG-10544]


Start auto log messages stack - Iteration 20.	[MsgId: MMSG-10545]
UC5_UserRegistration.c(36): web_reg_find started  	[MsgId: MMSG-26355]
UC5_UserRegistration.c(36): Registering web_reg_find was successful  	[MsgId: MMSG-26390]
UC5_UserRegistration.c(38): web_set_sockets_option started  	[MsgId: MMSG-26355]
UC5_UserRegistration.c(38): web_set_sockets_option was successful  	[MsgId: MMSG-26392]
UC5_UserRegistration.c(40): web_add_cookie started  	[MsgId: MMSG-26355]
UC5_UserRegistration.c(40): web_add_cookie was successful  	[MsgId: MMSG-26392]
UC5_UserRegistration.c(42): web_url("welcome.pl") started  	[MsgId: MMSG-26355]
UC5_UserRegistration.c(42): Error -27792: Failed to connect to server "127.0.0.1:1080": [10061] Connection refused  	[MsgId: MERR-27792]
UC5_UserRegistration.c(42): Error -26377: No match found for the requested parameter "userSession". Either the specified boundaries were not found in the response or the matched text is longer than current max html parameter size of 256 bytes. The total length of the response is 0 bytes. You can use "web_set_max_html_param_len" to increase the max parameter size.  	[MsgId: MERR-26377]
UC5_UserRegistration.c(42): Error -26366: "Text=Web Tours" not found for web_reg_find  	[MsgId: MERR-26366]
UC5_UserRegistration.c(42): Error -26374: The above "not found" error(s) may be explained by header and body byte counts being 0 and 0, respectively.  	[MsgId: MERR-26374]
End auto log messages stack.	[MsgId: MMSG-10544]


Start auto log messages stack - Iteration 16.	[MsgId: MMSG-10545]
UC5_UserRegistration.c(36): web_reg_find started  	[MsgId: MMSG-26355]
UC5_UserRegistration.c(36): Registering web_reg_find was successful  	[MsgId: MMSG-26390]
UC5_UserRegistration.c(38): web_set_sockets_option started  	[MsgId: MMSG-26355]
UC5_UserRegistration.c(38): web_set_sockets_option was successful  	[MsgId: MMSG-26392]
UC5_UserRegistration.c(40): web_add_cookie started  	[MsgId: MMSG-26355]
UC5_UserRegistration.c(40): web_add_cookie was successful  	[MsgId: MMSG-26392]
UC5_UserRegistration.c(42): web_url("welcome.pl") started  	[MsgId: MMSG-26355]
UC5_UserRegistration.c(42): Error -27792: Failed to connect to server "127.0.0.1:1080": [10061] Connection refused  	[MsgId: MERR-27792]
UC5_UserRegistration.c(42): Error -26377: No match found for the requested parameter "userSession". Either the specified boundaries were not found in the response or the matched text is longer than current max html parameter size of 256 bytes. The total length of the response is 0 bytes. You can use "web_set_max_html_param_len" to increase the max parameter size.  	[MsgId: MERR-26377]
UC5_UserRegistration.c(42): Error -26366: "Text=Web Tours" not found for web_reg_find  	[MsgId: MERR-26366]
UC5_UserRegistration.c(42): Error -26374: The above "not found" error(s) may be explained by header and body byte counts being 0 and 0, respectively.  	[MsgId: MERR-26374]
End auto log messages stack.	[MsgId: MMSG-10544]


Start auto log messages stack - Iteration 21.	[MsgId: MMSG-10545]
UC5_UserRegistration.c(36): web_reg_find started  	[MsgId: MMSG-26355]
UC5_UserRegistration.c(36): Registering web_reg_find was successful  	[MsgId: MMSG-26390]
UC5_UserRegistration.c(38): web_set_sockets_option started  	[MsgId: MMSG-26355]
UC5_UserRegistration.c(38): web_set_sockets_option was successful  	[MsgId: MMSG-26392]
UC5_UserRegistration.c(40): web_add_cookie started  	[MsgId: MMSG-26355]
UC5_UserRegistration.c(40): web_add_cookie was successful  	[MsgId: MMSG-26392]
UC5_UserRegistration.c(42): web_url("welcome.pl") started  	[MsgId: MMSG-26355]
UC5_UserRegistration.c(42): Error -27792: Failed to connect to server "127.0.0.1:1080": [10061] Connection refused  	[MsgId: MERR-27792]
UC5_UserRegistration.c(42): Error -26377: No match found for the requested parameter "userSession". Either the specified boundaries were not found in the response or the matched text is longer than current max html parameter size of 256 bytes. The total length of the response is 0 bytes. You can use "web_set_max_html_param_len" to increase the max parameter size.  	[MsgId: MERR-26377]
UC5_UserRegistration.c(42): Error -26366: "Text=Web Tours" not found for web_reg_find  	[MsgId: MERR-26366]
UC5_UserRegistration.c(42): Error -26374: The above "not found" error(s) may be explained by header and body byte counts being 0 and 0, respectively.  	[MsgId: MERR-26374]
End auto log messages stack.	[MsgId: MMSG-10544]


